# JRE version: OpenJDK Runtime Environment (17.0.7) (build 17.0.7+0-b2043.56-10550314)
# Java VM: OpenJDK 64-Bit Server VM (17.0.7+0-b2043.56-10550314, mixed mode, tiered, compressed oops, compressed class ptrs, g1 gc, windows-amd64)
GC Precious Log:
 CPUs: 20 total, 20 available
 Memory: 16110M
 Large Page Support: Disabled
 NUMA Support: Disabled
 Compressed Oops: Enabled (32-bit)
 Heap Region Size: 1M
 Heap Min Capacity: 8M
 Heap Initial Capacity: 252M
 Heap Max Capacity: 512M
 Pre-touch: Disabled
 Parallel Workers: 15
 Concurrent Workers: 4
 Concurrent Refinement Workers: 15
 Periodic GC: Disabled
Heap:
 garbage-first heap   total 260096K, used 146874K [0x00000000e0000000, 0x0000000100000000)
  region size 1024K, 19 young (19456K), 1 survivors (1024K)
 Metaspace       used 108961K, committed 109824K, reserved 1179648K
  class space    used 14370K, committed 14784K, reserved 1048576K
GC Heap History (20 events):
Event: 24.728 GC heap before
{Heap before GC invocations=62 (full 0):
 garbage-first heap   total 165888K, used 142437K [0x00000000e0000000, 0x0000000100000000)
  region size 1024K, 23 young (23552K), 3 survivors (3072K)
 Metaspace       used 105749K, committed 106496K, reserved 1179648K
  class space    used 13996K, committed 14336K, reserved 1048576K
}
Event: 24.733 GC heap after
{Heap after GC invocations=63 (full 0):
 garbage-first heap   total 165888K, used 124534K [0x00000000e0000000, 0x0000000100000000)
  region size 1024K, 3 young (3072K), 3 survivors (3072K)
 Metaspace       used 105749K, committed 106496K, reserved 1179648K
  class space    used 13996K, committed 14336K, reserved 1048576K
}
Event: 24.972 GC heap before
{Heap before GC invocations=63 (full 0):
 garbage-first heap   total 165888K, used 130678K [0x00000000e0000000, 0x0000000100000000)
  region size 1024K, 9 young (9216K), 3 survivors (3072K)
 Metaspace       used 106977K, committed 107776K, reserved 1179648K
  class space    used 14164K, committed 14528K, reserved 1048576K
}
Event: 24.976 GC heap after
{Heap after GC invocations=64 (full 0):
 garbage-first heap   total 165888K, used 128030K [0x00000000e0000000, 0x0000000100000000)
  region size 1024K, 2 young (2048K), 2 survivors (2048K)
 Metaspace       used 106977K, committed 107776K, reserved 1179648K
  class space    used 14164K, committed 14528K, reserved 1048576K
}
Event: 25.074 GC heap before
{Heap before GC invocations=64 (full 0):
 garbage-first heap   total 165888K, used 139294K [0x00000000e0000000, 0x0000000100000000)
  region size 1024K, 5 young (5120K), 2 survivors (2048K)
 Metaspace       used 107279K, committed 108032K, reserved 1179648K
  class space    used 14199K, committed 14528K, reserved 1048576K
}
Event: 25.077 GC heap after
{Heap after GC invocations=65 (full 0):
 garbage-first heap   total 165888K, used 125631K [0x00000000e0000000, 0x0000000100000000)
  region size 1024K, 1 young (1024K), 1 survivors (1024K)
 Metaspace       used 107279K, committed 108032K, reserved 1179648K
  class space    used 14199K, committed 14528K, reserved 1048576K
}
Event: 25.077 GC heap before
{Heap before GC invocations=65 (full 0):
 garbage-first heap   total 165888K, used 127679K [0x00000000e0000000, 0x0000000100000000)
  region size 1024K, 2 young (2048K), 1 survivors (1024K)
 Metaspace       used 107279K, committed 108032K, reserved 1179648K
  class space    used 14199K, committed 14528K, reserved 1048576K
}
Event: 25.079 GC heap after
{Heap after GC invocations=66 (full 0):
 garbage-first heap   total 165888K, used 127639K [0x00000000e0000000, 0x0000000100000000)
  region size 1024K, 1 young (1024K), 1 survivors (1024K)
 Metaspace       used 107279K, committed 108032K, reserved 1179648K
  class space    used 14199K, committed 14528K, reserved 1048576K
}
Event: 25.079 GC heap before
{Heap before GC invocations=66 (full 0):
 garbage-first heap   total 165888K, used 129687K [0x00000000e0000000, 0x0000000100000000)
  region size 1024K, 2 young (2048K), 1 survivors (1024K)
 Metaspace       used 107279K, committed 108032K, reserved 1179648K
  class space    used 14199K, committed 14528K, reserved 1048576K
}
Event: 25.081 GC heap after
{Heap after GC invocations=67 (full 0):
 garbage-first heap   total 165888K, used 129682K [0x00000000e0000000, 0x0000000100000000)
  region size 1024K, 1 young (1024K), 1 survivors (1024K)
 Metaspace       used 107279K, committed 108032K, reserved 1179648K
  class space    used 14199K, committed 14528K, reserved 1048576K
}
Event: 46.087 GC heap before
{Heap before GC invocations=68 (full 0):
 garbage-first heap   total 260096K, used 166546K [0x00000000e0000000, 0x0000000100000000)
  region size 1024K, 15 young (15360K), 1 survivors (1024K)
 Metaspace       used 107857K, committed 108672K, reserved 1179648K
  class space    used 14284K, committed 14656K, reserved 1048576K
}
Event: 46.091 GC heap after
{Heap after GC invocations=69 (full 0):
 garbage-first heap   total 260096K, used 126913K [0x00000000e0000000, 0x0000000100000000)
  region size 1024K, 2 young (2048K), 2 survivors (2048K)
 Metaspace       used 107857K, committed 108672K, reserved 1179648K
  class space    used 14284K, committed 14656K, reserved 1048576K
}
Event: 46.234 GC heap before
{Heap before GC invocations=69 (full 0):
 garbage-first heap   total 260096K, used 136129K [0x00000000e0000000, 0x0000000100000000)
  region size 1024K, 12 young (12288K), 2 survivors (2048K)
 Metaspace       used 107859K, committed 108672K, reserved 1179648K
  class space    used 14284K, committed 14656K, reserved 1048576K
}
Event: 46.241 GC heap after
{Heap after GC invocations=70 (full 0):
 garbage-first heap   total 260096K, used 124473K [0x00000000e0000000, 0x0000000100000000)
  region size 1024K, 1 young (1024K), 1 survivors (1024K)
 Metaspace       used 107859K, committed 108672K, reserved 1179648K
  class space    used 14284K, committed 14656K, reserved 1048576K
}
Event: 133.697 GC heap before
{Heap before GC invocations=70 (full 0):
 garbage-first heap   total 260096K, used 218681K [0x00000000e0000000, 0x0000000100000000)
  region size 1024K, 94 young (96256K), 1 survivors (1024K)
 Metaspace       used 108449K, committed 109248K, reserved 1179648K
  class space    used 14315K, committed 14720K, reserved 1048576K
}
Event: 133.704 GC heap after
{Heap after GC invocations=71 (full 0):
 garbage-first heap   total 260096K, used 132787K [0x00000000e0000000, 0x0000000100000000)
  region size 1024K, 9 young (9216K), 9 survivors (9216K)
 Metaspace       used 108449K, committed 109248K, reserved 1179648K
  class space    used 14315K, committed 14720K, reserved 1048576K
}
Event: 134.430 GC heap before
{Heap before GC invocations=72 (full 0):
 garbage-first heap   total 260096K, used 207539K [0x00000000e0000000, 0x0000000100000000)
  region size 1024K, 83 young (84992K), 9 survivors (9216K)
 Metaspace       used 108810K, committed 109632K, reserved 1179648K
  class space    used 14348K, committed 14720K, reserved 1048576K
}
Event: 134.437 GC heap after
{Heap after GC invocations=73 (full 0):
 garbage-first heap   total 260096K, used 141240K [0x00000000e0000000, 0x0000000100000000)
  region size 1024K, 9 young (9216K), 9 survivors (9216K)
 Metaspace       used 108810K, committed 109632K, reserved 1179648K
  class space    used 14348K, committed 14720K, reserved 1048576K
}
Event: 134.465 GC heap before
{Heap before GC invocations=73 (full 0):
 garbage-first heap   total 260096K, used 144312K [0x00000000e0000000, 0x0000000100000000)
  region size 1024K, 12 young (12288K), 9 survivors (9216K)
 Metaspace       used 108822K, committed 109632K, reserved 1179648K
  class space    used 14349K, committed 14720K, reserved 1048576K
}
Event: 134.470 GC heap after
{Heap after GC invocations=74 (full 0):
 garbage-first heap   total 260096K, used 130490K [0x00000000e0000000, 0x0000000100000000)
  region size 1024K, 1 young (1024K), 1 survivors (1024K)
 Metaspace       used 108822K, committed 109632K, reserved 1179648K
  class space    used 14349K, committed 14720K, reserved 1048576K
}

