# JRE version: OpenJDK Runtime Environment (17.0.7) (build 17.0.7+0-b2043.56-10550314)
# Java VM: OpenJDK 64-Bit Server VM (17.0.7+0-b2043.56-10550314, mixed mode, tiered, compressed oops, compressed class ptrs, g1 gc, windows-amd64)
GC Precious Log:
 CPUs: 20 total, 20 available
 Memory: 16110M
 Large Page Support: Disabled
 NUMA Support: Disabled
 Compressed Oops: Enabled (Zero based)
 Heap Region Size: 2M
 Heap Min Capacity: 8M
 Heap Initial Capacity: 252M
 Heap Max Capacity: 4G
 Pre-touch: Disabled
 Parallel Workers: 15
 Concurrent Workers: 4
 Concurrent Refinement Workers: 15
 Periodic GC: Disabled
Heap:
 garbage-first heap   total 436224K, used 255912K [0x0000000700000000, 0x0000000800000000)
  region size 2048K, 5 young (10240K), 5 survivors (10240K)
 Metaspace       used 111745K, committed 112448K, reserved 1179648K
  class space    used 15423K, committed 15744K, reserved 1048576K
GC Heap History (20 events):
Event: 8.371 GC heap after
{Heap after GC invocations=41 (full 0):
 garbage-first heap   total 188416K, used 96456K [0x0000000700000000, 0x0000000800000000)
  region size 2048K, 1 young (2048K), 1 survivors (2048K)
 Metaspace       used 91834K, committed 92480K, reserved 1179648K
  class space    used 12494K, committed 12800K, reserved 1048576K
}
Event: 8.639 GC heap before
{Heap before GC invocations=41 (full 0):
 garbage-first heap   total 188416K, used 145608K [0x0000000700000000, 0x0000000800000000)
  region size 2048K, 26 young (53248K), 1 survivors (2048K)
 Metaspace       used 92217K, committed 92800K, reserved 1179648K
  class space    used 12530K, committed 12800K, reserved 1048576K
}
Event: 8.642 GC heap after
{Heap after GC invocations=42 (full 0):
 garbage-first heap   total 188416K, used 99275K [0x0000000700000000, 0x0000000800000000)
  region size 2048K, 3 young (6144K), 3 survivors (6144K)
 Metaspace       used 92217K, committed 92800K, reserved 1179648K
  class space    used 12530K, committed 12800K, reserved 1048576K
}
Event: 8.786 GC heap before
{Heap before GC invocations=43 (full 0):
 garbage-first heap   total 198656K, used 146379K [0x0000000700000000, 0x0000000800000000)
  region size 2048K, 27 young (55296K), 3 survivors (6144K)
 Metaspace       used 92371K, committed 92992K, reserved 1179648K
  class space    used 12521K, committed 12800K, reserved 1048576K
}
Event: 8.789 GC heap after
{Heap after GC invocations=44 (full 0):
 garbage-first heap   total 198656K, used 102400K [0x0000000700000000, 0x0000000800000000)
  region size 2048K, 4 young (8192K), 4 survivors (8192K)
 Metaspace       used 92371K, committed 92992K, reserved 1179648K
  class space    used 12521K, committed 12800K, reserved 1048576K
}
Event: 8.792 GC heap before
{Heap before GC invocations=44 (full 0):
 garbage-first heap   total 198656K, used 102400K [0x0000000700000000, 0x0000000800000000)
  region size 2048K, 5 young (10240K), 4 survivors (8192K)
 Metaspace       used 92375K, committed 92992K, reserved 1179648K
  class space    used 12521K, committed 12800K, reserved 1048576K
}
Event: 8.794 GC heap after
{Heap after GC invocations=45 (full 0):
 garbage-first heap   total 198656K, used 102549K [0x0000000700000000, 0x0000000800000000)
  region size 2048K, 1 young (2048K), 1 survivors (2048K)
 Metaspace       used 92375K, committed 92992K, reserved 1179648K
  class space    used 12521K, committed 12800K, reserved 1048576K
}
Event: 9.419 GC heap before
{Heap before GC invocations=45 (full 0):
 garbage-first heap   total 198656K, used 157845K [0x0000000700000000, 0x0000000800000000)
  region size 2048K, 29 young (59392K), 1 survivors (2048K)
 Metaspace       used 98638K, committed 99328K, reserved 1179648K
  class space    used 13367K, committed 13696K, reserved 1048576K
}
Event: 9.422 GC heap after
{Heap after GC invocations=46 (full 0):
 garbage-first heap   total 198656K, used 103325K [0x0000000700000000, 0x0000000800000000)
  region size 2048K, 1 young (2048K), 1 survivors (2048K)
 Metaspace       used 98638K, committed 99328K, reserved 1179648K
  class space    used 13367K, committed 13696K, reserved 1048576K
}
Event: 9.722 GC heap before
{Heap before GC invocations=47 (full 0):
 garbage-first heap   total 198656K, used 160669K [0x0000000700000000, 0x0000000800000000)
  region size 2048K, 30 young (61440K), 1 survivors (2048K)
 Metaspace       used 99585K, committed 100224K, reserved 1179648K
  class space    used 13465K, committed 13760K, reserved 1048576K
}
Event: 9.727 GC heap after
{Heap after GC invocations=48 (full 0):
 garbage-first heap   total 436224K, used 107891K [0x0000000700000000, 0x0000000800000000)
  region size 2048K, 4 young (8192K), 4 survivors (8192K)
 Metaspace       used 99585K, committed 100224K, reserved 1179648K
  class space    used 13465K, committed 13760K, reserved 1048576K
}
Event: 9.750 GC heap before
{Heap before GC invocations=48 (full 0):
 garbage-first heap   total 436224K, used 120179K [0x0000000700000000, 0x0000000800000000)
  region size 2048K, 10 young (20480K), 4 survivors (8192K)
 Metaspace       used 99616K, committed 100288K, reserved 1179648K
  class space    used 13467K, committed 13760K, reserved 1048576K
}
Event: 9.754 GC heap after
{Heap after GC invocations=49 (full 0):
 garbage-first heap   total 436224K, used 108269K [0x0000000700000000, 0x0000000800000000)
  region size 2048K, 1 young (2048K), 1 survivors (2048K)
 Metaspace       used 99616K, committed 100288K, reserved 1179648K
  class space    used 13467K, committed 13760K, reserved 1048576K
}
Event: 10.697 GC heap before
{Heap before GC invocations=49 (full 0):
 garbage-first heap   total 436224K, used 300781K [0x0000000700000000, 0x0000000800000000)
  region size 2048K, 80 young (163840K), 1 survivors (2048K)
 Metaspace       used 103986K, committed 104640K, reserved 1179648K
  class space    used 14084K, committed 14400K, reserved 1048576K
}
Event: 10.708 GC heap after
{Heap after GC invocations=50 (full 0):
 garbage-first heap   total 436224K, used 168603K [0x0000000700000000, 0x0000000800000000)
  region size 2048K, 10 young (20480K), 10 survivors (20480K)
 Metaspace       used 103986K, committed 104640K, reserved 1179648K
  class space    used 14084K, committed 14400K, reserved 1048576K
}
Event: 11.046 GC heap before
{Heap before GC invocations=50 (full 0):
 garbage-first heap   total 436224K, used 299675K [0x0000000700000000, 0x0000000800000000)
  region size 2048K, 75 young (153600K), 10 survivors (20480K)
 Metaspace       used 106748K, committed 107392K, reserved 1179648K
  class space    used 14686K, committed 14976K, reserved 1048576K
}
Event: 11.078 GC heap after
{Heap after GC invocations=51 (full 0):
 garbage-first heap   total 436224K, used 228779K [0x0000000700000000, 0x0000000800000000)
  region size 2048K, 10 young (20480K), 10 survivors (20480K)
 Metaspace       used 106748K, committed 107392K, reserved 1179648K
  class space    used 14686K, committed 14976K, reserved 1048576K
}
Event: 11.954 GC heap before
{Heap before GC invocations=51 (full 0):
 garbage-first heap   total 436224K, used 310699K [0x0000000700000000, 0x0000000800000000)
  region size 2048K, 51 young (104448K), 10 survivors (20480K)
 Metaspace       used 110909K, committed 111616K, reserved 1179648K
  class space    used 15312K, committed 15616K, reserved 1048576K
}
Event: 11.970 GC heap after
{Heap after GC invocations=52 (full 0):
 garbage-first heap   total 436224K, used 245248K [0x0000000700000000, 0x0000000800000000)
  region size 2048K, 6 young (12288K), 6 survivors (12288K)
 Metaspace       used 110909K, committed 111616K, reserved 1179648K
  class space    used 15312K, committed 15616K, reserved 1048576K
}
Event: 12.263 GC heap before
{Heap before GC invocations=52 (full 0):
 garbage-first heap   total 436224K, used 325120K [0x0000000700000000, 0x0000000800000000)
  region size 2048K, 46 young (94208K), 6 survivors (12288K)
 Metaspace       used 111745K, committed 112448K, reserved 1179648K
  class space    used 15423K, committed 15744K, reserved 1048576K
}

