# JRE version: OpenJDK Runtime Environment (17.0.7) (build 17.0.7+0-b2043.56-10550314)
# Java VM: OpenJDK 64-Bit Server VM (17.0.7+0-b2043.56-10550314, mixed mode, tiered, compressed oops, compressed class ptrs, g1 gc, windows-amd64)
GC Precious Log:
 CPUs: 20 total, 20 available
 Memory: 16110M
 Large Page Support: Disabled
 NUMA Support: Disabled
 Compressed Oops: Enabled (Zero based)
 Heap Region Size: 2M
 Heap Min Capacity: 8M
 Heap Initial Capacity: 252M
 Heap Max Capacity: 4G
 Pre-touch: Disabled
 Parallel Workers: 15
 Concurrent Workers: 4
 Concurrent Refinement Workers: 15
 Periodic GC: Disabled
Heap:
 garbage-first heap   total 98304K, used 42017K [0x0000000700000000, 0x0000000800000000)
  region size 2048K, 7 young (14336K), 3 survivors (6144K)
 Metaspace       used 50955K, committed 51392K, reserved 1114112K
  class space    used 6716K, committed 6912K, reserved 1048576K
GC Heap History (20 events):
Event: 0.979 GC heap before
{Heap before GC invocations=1 (full 0):
 garbage-first heap   total 258048K, used 34710K [0x0000000700000000, 0x0000000800000000)
  region size 2048K, 14 young (28672K), 2 survivors (4096K)
 Metaspace       used 11204K, committed 11392K, reserved 1114112K
  class space    used 1164K, committed 1280K, reserved 1048576K
}
Event: 0.982 GC heap after
{Heap after GC invocations=2 (full 0):
 garbage-first heap   total 258048K, used 10785K [0x0000000700000000, 0x0000000800000000)
  region size 2048K, 1 young (2048K), 1 survivors (2048K)
 Metaspace       used 11204K, committed 11392K, reserved 1114112K
  class space    used 1164K, committed 1280K, reserved 1048576K
}
Event: 2.167 GC heap before
{Heap before GC invocations=2 (full 0):
 garbage-first heap   total 258048K, used 57889K [0x0000000700000000, 0x0000000800000000)
  region size 2048K, 26 young (53248K), 1 survivors (2048K)
 Metaspace       used 21300K, committed 21504K, reserved 1114112K
  class space    used 2574K, committed 2624K, reserved 1048576K
}
Event: 2.175 GC heap after
{Heap after GC invocations=3 (full 0):
 garbage-first heap   total 258048K, used 18123K [0x0000000700000000, 0x0000000800000000)
  region size 2048K, 4 young (8192K), 4 survivors (8192K)
 Metaspace       used 21300K, committed 21504K, reserved 1114112K
  class space    used 2574K, committed 2624K, reserved 1048576K
}
Event: 2.755 GC heap before
{Heap before GC invocations=4 (full 0):
 garbage-first heap   total 69632K, used 50891K [0x0000000700000000, 0x0000000800000000)
  region size 2048K, 20 young (40960K), 4 survivors (8192K)
 Metaspace       used 26440K, committed 26688K, reserved 1114112K
  class space    used 3482K, committed 3584K, reserved 1048576K
}
Event: 2.760 GC heap after
{Heap after GC invocations=5 (full 0):
 garbage-first heap   total 69632K, used 20402K [0x0000000700000000, 0x0000000800000000)
  region size 2048K, 2 young (4096K), 2 survivors (4096K)
 Metaspace       used 26440K, committed 26688K, reserved 1114112K
  class space    used 3482K, committed 3584K, reserved 1048576K
}
Event: 2.805 GC heap before
{Heap before GC invocations=5 (full 0):
 garbage-first heap   total 69632K, used 22450K [0x0000000700000000, 0x0000000800000000)
  region size 2048K, 3 young (6144K), 2 survivors (4096K)
 Metaspace       used 26839K, committed 27136K, reserved 1114112K
  class space    used 3535K, committed 3648K, reserved 1048576K
}
Event: 2.809 GC heap after
{Heap after GC invocations=6 (full 0):
 garbage-first heap   total 69632K, used 20756K [0x0000000700000000, 0x0000000800000000)
  region size 2048K, 1 young (2048K), 1 survivors (2048K)
 Metaspace       used 26839K, committed 27136K, reserved 1114112K
  class space    used 3535K, committed 3648K, reserved 1048576K
}
Event: 3.323 GC heap before
{Heap before GC invocations=6 (full 0):
 garbage-first heap   total 69632K, used 47380K [0x0000000700000000, 0x0000000800000000)
  region size 2048K, 14 young (28672K), 1 survivors (2048K)
 Metaspace       used 30923K, committed 31232K, reserved 1114112K
  class space    used 4197K, committed 4288K, reserved 1048576K
}
Event: 3.325 GC heap after
{Heap after GC invocations=7 (full 0):
 garbage-first heap   total 69632K, used 21815K [0x0000000700000000, 0x0000000800000000)
  region size 2048K, 1 young (2048K), 1 survivors (2048K)
 Metaspace       used 30923K, committed 31232K, reserved 1114112K
  class space    used 4197K, committed 4288K, reserved 1048576K
}
Event: 3.850 GC heap before
{Heap before GC invocations=7 (full 0):
 garbage-first heap   total 69632K, used 46391K [0x0000000700000000, 0x0000000800000000)
  region size 2048K, 14 young (28672K), 1 survivors (2048K)
 Metaspace       used 35673K, committed 35968K, reserved 1114112K
  class space    used 4852K, committed 4992K, reserved 1048576K
}
Event: 3.852 GC heap after
{Heap after GC invocations=8 (full 0):
 garbage-first heap   total 69632K, used 23895K [0x0000000700000000, 0x0000000800000000)
  region size 2048K, 2 young (4096K), 2 survivors (4096K)
 Metaspace       used 35673K, committed 35968K, reserved 1114112K
  class space    used 4852K, committed 4992K, reserved 1048576K
}
Event: 4.183 GC heap before
{Heap before GC invocations=9 (full 0):
 garbage-first heap   total 69632K, used 48471K [0x0000000700000000, 0x0000000800000000)
  region size 2048K, 15 young (30720K), 2 survivors (4096K)
 Metaspace       used 39962K, committed 40256K, reserved 1114112K
  class space    used 5280K, committed 5376K, reserved 1048576K
}
Event: 4.187 GC heap after
{Heap after GC invocations=10 (full 0):
 garbage-first heap   total 69632K, used 27501K [0x0000000700000000, 0x0000000800000000)
  region size 2048K, 2 young (4096K), 2 survivors (4096K)
 Metaspace       used 39962K, committed 40256K, reserved 1114112K
  class space    used 5280K, committed 5376K, reserved 1048576K
}
Event: 4.493 GC heap before
{Heap before GC invocations=10 (full 0):
 garbage-first heap   total 69632K, used 50029K [0x0000000700000000, 0x0000000800000000)
  region size 2048K, 13 young (26624K), 2 survivors (4096K)
 Metaspace       used 42060K, committed 42368K, reserved 1114112K
  class space    used 5470K, committed 5568K, reserved 1048576K
}
Event: 4.498 GC heap after
{Heap after GC invocations=11 (full 0):
 garbage-first heap   total 98304K, used 30547K [0x0000000700000000, 0x0000000800000000)
  region size 2048K, 2 young (4096K), 2 survivors (4096K)
 Metaspace       used 42060K, committed 42368K, reserved 1114112K
  class space    used 5470K, committed 5568K, reserved 1048576K
}
Event: 5.187 GC heap before
{Heap before GC invocations=11 (full 0):
 garbage-first heap   total 98304K, used 67411K [0x0000000700000000, 0x0000000800000000)
  region size 2048K, 21 young (43008K), 2 survivors (4096K)
 Metaspace       used 46995K, committed 47360K, reserved 1114112K
  class space    used 6159K, committed 6336K, reserved 1048576K
}
Event: 5.192 GC heap after
{Heap after GC invocations=12 (full 0):
 garbage-first heap   total 98304K, used 33006K [0x0000000700000000, 0x0000000800000000)
  region size 2048K, 3 young (6144K), 3 survivors (6144K)
 Metaspace       used 46995K, committed 47360K, reserved 1114112K
  class space    used 6159K, committed 6336K, reserved 1048576K
}
Event: 5.886 GC heap before
{Heap before GC invocations=12 (full 0):
 garbage-first heap   total 98304K, used 71918K [0x0000000700000000, 0x0000000800000000)
  region size 2048K, 22 young (45056K), 3 survivors (6144K)
 Metaspace       used 50691K, committed 51072K, reserved 1114112K
  class space    used 6680K, committed 6848K, reserved 1048576K
}
Event: 5.890 GC heap after
{Heap after GC invocations=13 (full 0):
 garbage-first heap   total 98304K, used 35873K [0x0000000700000000, 0x0000000800000000)
  region size 2048K, 3 young (6144K), 3 survivors (6144K)
 Metaspace       used 50691K, committed 51072K, reserved 1114112K
  class space    used 6680K, committed 6848K, reserved 1048576K
}

