# JRE version: OpenJDK Runtime Environment (17.0.7) (build 17.0.7+0-b2043.56-10550314)
# Java VM: OpenJDK 64-Bit Server VM (17.0.7+0-b2043.56-10550314, mixed mode, tiered, compressed oops, compressed class ptrs, g1 gc, windows-amd64)
GC Precious Log:
 CPUs: 20 total, 20 available
 Memory: 16110M
 Large Page Support: Disabled
 NUMA Support: Disabled
 Compressed Oops: Enabled (Zero based)
 Heap Region Size: 2M
 Heap Min Capacity: 8M
 Heap Initial Capacity: 252M
 Heap Max Capacity: 4G
 Pre-touch: Disabled
 Parallel Workers: 15
 Concurrent Workers: 4
 Concurrent Refinement Workers: 15
 Periodic GC: Disabled
Heap:
 garbage-first heap   total 352256K, used 199145K [0x0000000700000000, 0x0000000800000000)
  region size 2048K, 3 young (6144K), 3 survivors (6144K)
 Metaspace       used 107063K, committed 107776K, reserved 1179648K
  class space    used 14774K, committed 15104K, reserved 1048576K
GC Heap History (20 events):
Event: 8.759 GC heap after
{Heap after GC invocations=29 (full 0):
 garbage-first heap   total 182272K, used 102532K [0x0000000700000000, 0x0000000800000000)
  region size 2048K, 3 young (6144K), 3 survivors (6144K)
 Metaspace       used 92612K, committed 93312K, reserved 1179648K
  class space    used 12554K, committed 12864K, reserved 1048576K
}
Event: 8.981 GC heap before
{Heap before GC invocations=29 (full 0):
 garbage-first heap   total 182272K, used 145540K [0x0000000700000000, 0x0000000800000000)
  region size 2048K, 25 young (51200K), 3 survivors (6144K)
 Metaspace       used 93164K, committed 93824K, reserved 1179648K
  class space    used 12619K, committed 12928K, reserved 1048576K
}
Event: 8.984 GC heap after
{Heap after GC invocations=30 (full 0):
 garbage-first heap   total 182272K, used 105090K [0x0000000700000000, 0x0000000800000000)
  region size 2048K, 3 young (6144K), 3 survivors (6144K)
 Metaspace       used 93164K, committed 93824K, reserved 1179648K
  class space    used 12619K, committed 12928K, reserved 1048576K
}
Event: 9.509 GC heap before
{Heap before GC invocations=30 (full 0):
 garbage-first heap   total 182272K, used 148098K [0x0000000700000000, 0x0000000800000000)
  region size 2048K, 25 young (51200K), 3 survivors (6144K)
 Metaspace       used 98977K, committed 99648K, reserved 1179648K
  class space    used 13368K, committed 13696K, reserved 1048576K
}
Event: 9.511 GC heap after
{Heap after GC invocations=31 (full 0):
 garbage-first heap   total 182272K, used 108563K [0x0000000700000000, 0x0000000800000000)
  region size 2048K, 4 young (8192K), 4 survivors (8192K)
 Metaspace       used 98977K, committed 99648K, reserved 1179648K
  class space    used 13368K, committed 13696K, reserved 1048576K
}
Event: 9.801 GC heap before
{Heap before GC invocations=31 (full 0):
 garbage-first heap   total 182272K, used 149523K [0x0000000700000000, 0x0000000800000000)
  region size 2048K, 25 young (51200K), 4 survivors (8192K)
 Metaspace       used 99995K, committed 100672K, reserved 1179648K
  class space    used 13509K, committed 13824K, reserved 1048576K
}
Event: 9.805 GC heap after
{Heap after GC invocations=32 (full 0):
 garbage-first heap   total 182272K, used 110877K [0x0000000700000000, 0x0000000800000000)
  region size 2048K, 3 young (6144K), 3 survivors (6144K)
 Metaspace       used 99995K, committed 100672K, reserved 1179648K
  class space    used 13509K, committed 13824K, reserved 1048576K
}
Event: 9.831 GC heap before
{Heap before GC invocations=32 (full 0):
 garbage-first heap   total 182272K, used 119069K [0x0000000700000000, 0x0000000800000000)
  region size 2048K, 9 young (18432K), 3 survivors (6144K)
 Metaspace       used 100098K, committed 100800K, reserved 1179648K
  class space    used 13522K, committed 13888K, reserved 1048576K
}
Event: 9.834 GC heap after
{Heap after GC invocations=33 (full 0):
 garbage-first heap   total 219136K, used 111801K [0x0000000700000000, 0x0000000800000000)
  region size 2048K, 2 young (4096K), 2 survivors (4096K)
 Metaspace       used 100098K, committed 100800K, reserved 1179648K
  class space    used 13522K, committed 13888K, reserved 1048576K
}
Event: 10.172 GC heap before
{Heap before GC invocations=34 (full 0):
 garbage-first heap   total 233472K, used 191673K [0x0000000700000000, 0x0000000800000000)
  region size 2048K, 35 young (71680K), 2 survivors (4096K)
 Metaspace       used 103688K, committed 104384K, reserved 1179648K
  class space    used 14074K, committed 14400K, reserved 1048576K
}
Event: 10.182 GC heap after
{Heap after GC invocations=35 (full 0):
 garbage-first heap   total 233472K, used 135079K [0x0000000700000000, 0x0000000800000000)
  region size 2048K, 5 young (10240K), 5 survivors (10240K)
 Metaspace       used 103688K, committed 104384K, reserved 1179648K
  class space    used 14074K, committed 14400K, reserved 1048576K
}
Event: 10.187 GC heap before
{Heap before GC invocations=35 (full 0):
 garbage-first heap   total 233472K, used 159655K [0x0000000700000000, 0x0000000800000000)
  region size 2048K, 14 young (28672K), 5 survivors (10240K)
 Metaspace       used 103694K, committed 104384K, reserved 1179648K
  class space    used 14074K, committed 14400K, reserved 1048576K
}
Event: 10.189 GC heap after
{Heap after GC invocations=36 (full 0):
 garbage-first heap   total 233472K, used 149438K [0x0000000700000000, 0x0000000800000000)
  region size 2048K, 4 young (8192K), 4 survivors (8192K)
 Metaspace       used 103694K, committed 104384K, reserved 1179648K
  class space    used 14074K, committed 14400K, reserved 1048576K
}
Event: 10.361 GC heap before
{Heap before GC invocations=37 (full 0):
 garbage-first heap   total 276480K, used 190398K [0x0000000700000000, 0x0000000800000000)
  region size 2048K, 21 young (43008K), 4 survivors (8192K)
 Metaspace       used 103981K, committed 104704K, reserved 1179648K
  class space    used 14120K, committed 14464K, reserved 1048576K
}
Event: 10.366 GC heap after
{Heap after GC invocations=38 (full 0):
 garbage-first heap   total 276480K, used 163840K [0x0000000700000000, 0x0000000800000000)
  region size 2048K, 3 young (6144K), 3 survivors (6144K)
 Metaspace       used 103981K, committed 104704K, reserved 1179648K
  class space    used 14120K, committed 14464K, reserved 1048576K
}
Event: 10.392 GC heap before
{Heap before GC invocations=38 (full 0):
 garbage-first heap   total 276480K, used 169984K [0x0000000700000000, 0x0000000800000000)
  region size 2048K, 6 young (12288K), 3 survivors (6144K)
 Metaspace       used 103981K, committed 104704K, reserved 1179648K
  class space    used 14120K, committed 14464K, reserved 1048576K
}
Event: 10.396 GC heap after
{Heap after GC invocations=39 (full 0):
 garbage-first heap   total 276480K, used 166380K [0x0000000700000000, 0x0000000800000000)
  region size 2048K, 1 young (2048K), 1 survivors (2048K)
 Metaspace       used 103981K, committed 104704K, reserved 1179648K
  class space    used 14120K, committed 14464K, reserved 1048576K
}
Event: 10.587 GC heap before
{Heap before GC invocations=39 (full 0):
 garbage-first heap   total 276480K, used 209388K [0x0000000700000000, 0x0000000800000000)
  region size 2048K, 22 young (45056K), 1 survivors (2048K)
 Metaspace       used 106621K, committed 107264K, reserved 1179648K
  class space    used 14731K, committed 15040K, reserved 1048576K
}
Event: 10.594 GC heap after
{Heap after GC invocations=40 (full 0):
 garbage-first heap   total 276480K, used 182211K [0x0000000700000000, 0x0000000800000000)
  region size 2048K, 3 young (6144K), 3 survivors (6144K)
 Metaspace       used 106621K, committed 107264K, reserved 1179648K
  class space    used 14731K, committed 15040K, reserved 1048576K
}
Event: 10.674 GC heap before
{Heap before GC invocations=40 (full 0):
 garbage-first heap   total 352256K, used 217027K [0x0000000700000000, 0x0000000800000000)
  region size 2048K, 20 young (40960K), 3 survivors (6144K)
 Metaspace       used 107063K, committed 107776K, reserved 1179648K
  class space    used 14774K, committed 15104K, reserved 1048576K
}

