# JRE version: OpenJDK Runtime Environment (17.0.7) (build 17.0.7+0-b2043.56-10550314)
# Java VM: OpenJDK 64-Bit Server VM (17.0.7+0-b2043.56-10550314, mixed mode, tiered, compressed oops, compressed class ptrs, g1 gc, windows-amd64)
GC Precious Log:
 CPUs: 20 total, 20 available
 Memory: 16110M
 Large Page Support: Disabled
 NUMA Support: Disabled
 Compressed Oops: Enabled (Zero based)
 Heap Region Size: 2M
 Heap Min Capacity: 8M
 Heap Initial Capacity: 252M
 Heap Max Capacity: 4G
 Pre-touch: Disabled
 Parallel Workers: 15
 Concurrent Workers: 4
 Concurrent Refinement Workers: 15
 Periodic GC: Disabled
Heap:
 garbage-first heap   total 296960K, used 216434K [0x0000000700000000, 0x0000000800000000)
  region size 2048K, 4 young (8192K), 4 survivors (8192K)
 Metaspace       used 120820K, committed 121600K, reserved 1179648K
  class space    used 15823K, committed 16192K, reserved 1048576K
GC Heap History (20 events):
Event: 14.233 GC heap after
{Heap after GC invocations=46 (full 0):
 garbage-first heap   total 186368K, used 124633K [0x0000000700000000, 0x0000000800000000)
  region size 2048K, 3 young (6144K), 3 survivors (6144K)
 Metaspace       used 100096K, committed 100864K, reserved 1179648K
  class space    used 13352K, committed 13696K, reserved 1048576K
}
Event: 14.517 GC heap before
{Heap before GC invocations=46 (full 0):
 garbage-first heap   total 186368K, used 145113K [0x0000000700000000, 0x0000000800000000)
  region size 2048K, 14 young (28672K), 3 survivors (6144K)
 Metaspace       used 100569K, committed 101312K, reserved 1179648K
  class space    used 13400K, committed 13760K, reserved 1048576K
}
Event: 14.521 GC heap after
{Heap after GC invocations=47 (full 0):
 garbage-first heap   total 186368K, used 131037K [0x0000000700000000, 0x0000000800000000)
  region size 2048K, 2 young (4096K), 2 survivors (4096K)
 Metaspace       used 100569K, committed 101312K, reserved 1179648K
  class space    used 13400K, committed 13760K, reserved 1048576K
}
Event: 14.737 GC heap before
{Heap before GC invocations=47 (full 0):
 garbage-first heap   total 186368K, used 153565K [0x0000000700000000, 0x0000000800000000)
  region size 2048K, 11 young (22528K), 2 survivors (4096K)
 Metaspace       used 100747K, committed 101504K, reserved 1179648K
  class space    used 13411K, committed 13760K, reserved 1048576K
}
Event: 14.741 GC heap after
{Heap after GC invocations=48 (full 0):
 garbage-first heap   total 296960K, used 134540K [0x0000000700000000, 0x0000000800000000)
  region size 2048K, 2 young (4096K), 2 survivors (4096K)
 Metaspace       used 100747K, committed 101504K, reserved 1179648K
  class space    used 13411K, committed 13760K, reserved 1048576K
}
Event: 15.545 GC heap before
{Heap before GC invocations=48 (full 0):
 garbage-first heap   total 296960K, used 230796K [0x0000000700000000, 0x0000000800000000)
  region size 2048K, 41 young (83968K), 2 survivors (4096K)
 Metaspace       used 104386K, committed 105088K, reserved 1179648K
  class space    used 13841K, committed 14144K, reserved 1048576K
}
Event: 15.553 GC heap after
{Heap after GC invocations=49 (full 0):
 garbage-first heap   total 296960K, used 144425K [0x0000000700000000, 0x0000000800000000)
  region size 2048K, 6 young (12288K), 6 survivors (12288K)
 Metaspace       used 104386K, committed 105088K, reserved 1179648K
  class space    used 13841K, committed 14144K, reserved 1048576K
}
Event: 16.008 GC heap before
{Heap before GC invocations=49 (full 0):
 garbage-first heap   total 296960K, used 222249K [0x0000000700000000, 0x0000000800000000)
  region size 2048K, 45 young (92160K), 6 survivors (12288K)
 Metaspace       used 107020K, committed 107712K, reserved 1179648K
  class space    used 14056K, committed 14400K, reserved 1048576K
}
Event: 16.014 GC heap after
{Heap after GC invocations=50 (full 0):
 garbage-first heap   total 296960K, used 152035K [0x0000000700000000, 0x0000000800000000)
  region size 2048K, 5 young (10240K), 5 survivors (10240K)
 Metaspace       used 107020K, committed 107712K, reserved 1179648K
  class space    used 14056K, committed 14400K, reserved 1048576K
}
Event: 16.322 GC heap before
{Heap before GC invocations=50 (full 0):
 garbage-first heap   total 296960K, used 225763K [0x0000000700000000, 0x0000000800000000)
  region size 2048K, 42 young (86016K), 5 survivors (10240K)
 Metaspace       used 108695K, committed 109376K, reserved 1179648K
  class space    used 14193K, committed 14528K, reserved 1048576K
}
Event: 16.325 GC heap after
{Heap after GC invocations=51 (full 0):
 garbage-first heap   total 296960K, used 152083K [0x0000000700000000, 0x0000000800000000)
  region size 2048K, 2 young (4096K), 2 survivors (4096K)
 Metaspace       used 108695K, committed 109376K, reserved 1179648K
  class space    used 14193K, committed 14528K, reserved 1048576K
}
Event: 17.149 GC heap before
{Heap before GC invocations=51 (full 0):
 garbage-first heap   total 296960K, used 234003K [0x0000000700000000, 0x0000000800000000)
  region size 2048K, 43 young (88064K), 2 survivors (4096K)
 Metaspace       used 111171K, committed 111936K, reserved 1179648K
  class space    used 14477K, committed 14848K, reserved 1048576K
}
Event: 17.153 GC heap after
{Heap after GC invocations=52 (full 0):
 garbage-first heap   total 296960K, used 156860K [0x0000000700000000, 0x0000000800000000)
  region size 2048K, 4 young (8192K), 4 survivors (8192K)
 Metaspace       used 111171K, committed 111936K, reserved 1179648K
  class space    used 14477K, committed 14848K, reserved 1048576K
}
Event: 17.785 GC heap before
{Heap before GC invocations=52 (full 0):
 garbage-first heap   total 296960K, used 236732K [0x0000000700000000, 0x0000000800000000)
  region size 2048K, 44 young (90112K), 4 survivors (8192K)
 Metaspace       used 115575K, committed 116352K, reserved 1179648K
  class space    used 15064K, committed 15488K, reserved 1048576K
}
Event: 17.790 GC heap after
{Heap after GC invocations=53 (full 0):
 garbage-first heap   total 296960K, used 161593K [0x0000000700000000, 0x0000000800000000)
  region size 2048K, 6 young (12288K), 6 survivors (12288K)
 Metaspace       used 115575K, committed 116352K, reserved 1179648K
  class space    used 15064K, committed 15488K, reserved 1048576K
}
Event: 18.104 GC heap before
{Heap before GC invocations=53 (full 0):
 garbage-first heap   total 296960K, used 249657K [0x0000000700000000, 0x0000000800000000)
  region size 2048K, 45 young (92160K), 6 survivors (12288K)
 Metaspace       used 116734K, committed 117568K, reserved 1179648K
  class space    used 15208K, committed 15616K, reserved 1048576K
}
Event: 18.109 GC heap after
{Heap after GC invocations=54 (full 0):
 garbage-first heap   total 296960K, used 182870K [0x0000000700000000, 0x0000000800000000)
  region size 2048K, 6 young (12288K), 6 survivors (12288K)
 Metaspace       used 116734K, committed 117568K, reserved 1179648K
  class space    used 15208K, committed 15616K, reserved 1048576K
}
Event: 18.442 GC heap before
{Heap before GC invocations=54 (full 0):
 garbage-first heap   total 296960K, used 238166K [0x0000000700000000, 0x0000000800000000)
  region size 2048K, 34 young (69632K), 6 survivors (12288K)
 Metaspace       used 119275K, committed 120128K, reserved 1179648K
  class space    used 15572K, committed 16000K, reserved 1048576K
}
Event: 18.447 GC heap after
{Heap after GC invocations=55 (full 0):
 garbage-first heap   total 296960K, used 187542K [0x0000000700000000, 0x0000000800000000)
  region size 2048K, 3 young (6144K), 3 survivors (6144K)
 Metaspace       used 119275K, committed 120128K, reserved 1179648K
  class space    used 15572K, committed 16000K, reserved 1048576K
}
Event: 18.670 GC heap before
{Heap before GC invocations=55 (full 0):
 garbage-first heap   total 296960K, used 263318K [0x0000000700000000, 0x0000000800000000)
  region size 2048K, 30 young (61440K), 3 survivors (6144K)
 Metaspace       used 120820K, committed 121600K, reserved 1179648K
  class space    used 15823K, committed 16192K, reserved 1048576K
}

