# JRE version: OpenJDK Runtime Environment (17.0.7) (build 17.0.7+0-b2043.56-10550314)
# Java VM: OpenJDK 64-Bit Server VM (17.0.7+0-b2043.56-10550314, mixed mode, tiered, compressed oops, compressed class ptrs, g1 gc, windows-amd64)
GC Precious Log:
 CPUs: 20 total, 20 available
 Memory: 16110M
 Large Page Support: Disabled
 NUMA Support: Disabled
 Compressed Oops: Enabled (Zero based)
 Heap Region Size: 2M
 Heap Min Capacity: 8M
 Heap Initial Capacity: 252M
 Heap Max Capacity: 4G
 Pre-touch: Disabled
 Parallel Workers: 15
 Concurrent Workers: 4
 Concurrent Refinement Workers: 15
 Periodic GC: Disabled
Heap:
 garbage-first heap   total 305152K, used 164446K [0x0000000700000000, 0x0000000800000000)
  region size 2048K, 1 young (2048K), 1 survivors (2048K)
 Metaspace       used 119929K, committed 120768K, reserved 1179648K
  class space    used 15574K, committed 16000K, reserved 1048576K
GC Heap History (20 events):
Event: 16.468 GC heap before
{Heap before GC invocations=48 (full 0):
 garbage-first heap   total 264192K, used 214521K [0x0000000700000000, 0x0000000800000000)
  region size 2048K, 50 young (102400K), 3 survivors (6144K)
 Metaspace       used 110744K, committed 111488K, reserved 1179648K
  class space    used 14695K, committed 15040K, reserved 1048576K
}
Event: 16.473 GC heap after
{Heap after GC invocations=49 (full 0):
 garbage-first heap   total 264192K, used 128007K [0x0000000700000000, 0x0000000800000000)
  region size 2048K, 7 young (14336K), 7 survivors (14336K)
 Metaspace       used 110744K, committed 111488K, reserved 1179648K
  class space    used 14695K, committed 15040K, reserved 1048576K
}
Event: 19.120 GC heap before
{Heap before GC invocations=49 (full 0):
 garbage-first heap   total 264192K, used 211975K [0x0000000700000000, 0x0000000800000000)
  region size 2048K, 49 young (100352K), 7 survivors (14336K)
 Metaspace       used 111214K, committed 112000K, reserved 1179648K
  class space    used 14720K, committed 15104K, reserved 1048576K
}
Event: 19.124 GC heap after
{Heap after GC invocations=50 (full 0):
 garbage-first heap   total 264192K, used 125477K [0x0000000700000000, 0x0000000800000000)
  region size 2048K, 3 young (6144K), 3 survivors (6144K)
 Metaspace       used 111214K, committed 112000K, reserved 1179648K
  class space    used 14720K, committed 15104K, reserved 1048576K
}
Event: 21.710 GC heap before
{Heap before GC invocations=50 (full 0):
 garbage-first heap   total 264192K, used 215589K [0x0000000700000000, 0x0000000800000000)
  region size 2048K, 47 young (96256K), 3 survivors (6144K)
 Metaspace       used 112196K, committed 113024K, reserved 1179648K
  class space    used 14804K, committed 15168K, reserved 1048576K
}
Event: 21.714 GC heap after
{Heap after GC invocations=51 (full 0):
 garbage-first heap   total 264192K, used 131245K [0x0000000700000000, 0x0000000800000000)
  region size 2048K, 5 young (10240K), 5 survivors (10240K)
 Metaspace       used 112196K, committed 113024K, reserved 1179648K
  class space    used 14804K, committed 15168K, reserved 1048576K
}
Event: 22.513 GC heap before
{Heap before GC invocations=52 (full 0):
 garbage-first heap   total 264192K, used 219309K [0x0000000700000000, 0x0000000800000000)
  region size 2048K, 46 young (94208K), 5 survivors (10240K)
 Metaspace       used 113323K, committed 114176K, reserved 1179648K
  class space    used 14905K, committed 15296K, reserved 1048576K
}
Event: 22.521 GC heap after
{Heap after GC invocations=53 (full 0):
 garbage-first heap   total 264192K, used 156748K [0x0000000700000000, 0x0000000800000000)
  region size 2048K, 6 young (12288K), 6 survivors (12288K)
 Metaspace       used 113323K, committed 114176K, reserved 1179648K
  class space    used 14905K, committed 15296K, reserved 1048576K
}
Event: 22.539 GC heap before
{Heap before GC invocations=53 (full 0):
 garbage-first heap   total 264192K, used 158796K [0x0000000700000000, 0x0000000800000000)
  region size 2048K, 7 young (14336K), 6 survivors (12288K)
 Metaspace       used 113325K, committed 114176K, reserved 1179648K
  class space    used 14905K, committed 15296K, reserved 1048576K
}
Event: 22.543 GC heap after
{Heap after GC invocations=54 (full 0):
 garbage-first heap   total 264192K, used 154502K [0x0000000700000000, 0x0000000800000000)
  region size 2048K, 1 young (2048K), 1 survivors (2048K)
 Metaspace       used 113325K, committed 114176K, reserved 1179648K
  class space    used 14905K, committed 15296K, reserved 1048576K
}
Event: 22.726 GC heap before
{Heap before GC invocations=54 (full 0):
 garbage-first heap   total 264192K, used 166790K [0x0000000700000000, 0x0000000800000000)
  region size 2048K, 9 young (18432K), 1 survivors (2048K)
 Metaspace       used 113668K, committed 114432K, reserved 1179648K
  class space    used 14937K, committed 15296K, reserved 1048576K
}
Event: 22.729 GC heap after
{Heap after GC invocations=55 (full 0):
 garbage-first heap   total 264192K, used 156008K [0x0000000700000000, 0x0000000800000000)
  region size 2048K, 2 young (4096K), 2 survivors (4096K)
 Metaspace       used 113668K, committed 114432K, reserved 1179648K
  class space    used 14937K, committed 15296K, reserved 1048576K
}
Event: 23.293 GC heap before
{Heap before GC invocations=56 (full 0):
 garbage-first heap   total 280576K, used 211304K [0x0000000700000000, 0x0000000800000000)
  region size 2048K, 26 young (53248K), 2 survivors (4096K)
 Metaspace       used 116086K, committed 116992K, reserved 1179648K
  class space    used 15252K, committed 15680K, reserved 1048576K
}
Event: 23.298 GC heap after
{Heap after GC invocations=57 (full 0):
 garbage-first heap   total 280576K, used 163515K [0x0000000700000000, 0x0000000800000000)
  region size 2048K, 4 young (8192K), 4 survivors (8192K)
 Metaspace       used 116086K, committed 116992K, reserved 1179648K
  class space    used 15252K, committed 15680K, reserved 1048576K
}
Event: 23.327 GC heap before
{Heap before GC invocations=57 (full 0):
 garbage-first heap   total 280576K, used 171707K [0x0000000700000000, 0x0000000800000000)
  region size 2048K, 6 young (12288K), 4 survivors (8192K)
 Metaspace       used 116086K, committed 116992K, reserved 1179648K
  class space    used 15252K, committed 15680K, reserved 1048576K
}
Event: 23.333 GC heap after
{Heap after GC invocations=58 (full 0):
 garbage-first heap   total 280576K, used 167747K [0x0000000700000000, 0x0000000800000000)
  region size 2048K, 1 young (2048K), 1 survivors (2048K)
 Metaspace       used 116086K, committed 116992K, reserved 1179648K
  class space    used 15252K, committed 15680K, reserved 1048576K
}
Event: 23.507 GC heap before
{Heap before GC invocations=58 (full 0):
 garbage-first heap   total 280576K, used 229187K [0x0000000700000000, 0x0000000800000000)
  region size 2048K, 27 young (55296K), 1 survivors (2048K)
 Metaspace       used 117581K, committed 118464K, reserved 1179648K
  class space    used 15376K, committed 15808K, reserved 1048576K
}
Event: 23.510 GC heap after
{Heap after GC invocations=59 (full 0):
 garbage-first heap   total 280576K, used 172877K [0x0000000700000000, 0x0000000800000000)
  region size 2048K, 4 young (8192K), 4 survivors (8192K)
 Metaspace       used 117581K, committed 118464K, reserved 1179648K
  class space    used 15376K, committed 15808K, reserved 1048576K
}
Event: 23.770 GC heap before
{Heap before GC invocations=60 (full 0):
 garbage-first heap   total 305152K, used 219981K [0x0000000700000000, 0x0000000800000000)
  region size 2048K, 28 young (57344K), 4 survivors (8192K)
 Metaspace       used 119902K, committed 120768K, reserved 1179648K
  class space    used 15574K, committed 16000K, reserved 1048576K
}
Event: 23.773 GC heap after
{Heap after GC invocations=61 (full 0):
 garbage-first heap   total 305152K, used 179740K [0x0000000700000000, 0x0000000800000000)
  region size 2048K, 4 young (8192K), 4 survivors (8192K)
 Metaspace       used 119902K, committed 120768K, reserved 1179648K
  class space    used 15574K, committed 16000K, reserved 1048576K
}

