# JRE version: OpenJDK Runtime Environment (17.0.7) (build 17.0.7+0-b2043.56-10550314)
# Java VM: OpenJDK 64-Bit Server VM (17.0.7+0-b2043.56-10550314, mixed mode, tiered, compressed oops, compressed class ptrs, g1 gc, windows-amd64)
GC Precious Log:
 CPUs: 20 total, 20 available
 Memory: 16110M
 Large Page Support: Disabled
 NUMA Support: Disabled
 Compressed Oops: Enabled (Zero based)
 Heap Region Size: 2M
 Heap Min Capacity: 8M
 Heap Initial Capacity: 252M
 Heap Max Capacity: 4G
 Pre-touch: Disabled
 Parallel Workers: 15
 Concurrent Workers: 4
 Concurrent Refinement Workers: 15
 Periodic GC: Disabled
Heap:
 garbage-first heap   total 364544K, used 253110K [0x0000000700000000, 0x0000000800000000)
  region size 2048K, 3 young (6144K), 3 survivors (6144K)
 Metaspace       used 108103K, committed 108800K, reserved 1179648K
  class space    used 14991K, committed 15296K, reserved 1048576K
GC Heap History (20 events):
Event: 8.292 GC heap after
{Heap after GC invocations=30 (full 0):
 garbage-first heap   total 174080K, used 95304K [0x0000000700000000, 0x0000000800000000)
  region size 2048K, 3 young (6144K), 3 survivors (6144K)
 Metaspace       used 91917K, committed 92544K, reserved 1179648K
  class space    used 12498K, committed 12800K, reserved 1048576K
}
Event: 8.426 GC heap before
{Heap before GC invocations=31 (full 0):
 garbage-first heap   total 178176K, used 136264K [0x0000000700000000, 0x0000000800000000)
  region size 2048K, 24 young (49152K), 3 survivors (6144K)
 Metaspace       used 92190K, committed 92864K, reserved 1179648K
  class space    used 12507K, committed 12800K, reserved 1048576K
}
Event: 8.429 GC heap after
{Heap after GC invocations=32 (full 0):
 garbage-first heap   total 178176K, used 98306K [0x0000000700000000, 0x0000000800000000)
  region size 2048K, 2 young (4096K), 2 survivors (4096K)
 Metaspace       used 92190K, committed 92864K, reserved 1179648K
  class space    used 12507K, committed 12800K, reserved 1048576K
}
Event: 8.436 GC heap before
{Heap before GC invocations=32 (full 0):
 garbage-first heap   total 178176K, used 100354K [0x0000000700000000, 0x0000000800000000)
  region size 2048K, 4 young (8192K), 2 survivors (4096K)
 Metaspace       used 92208K, committed 92864K, reserved 1179648K
  class space    used 12507K, committed 12800K, reserved 1048576K
}
Event: 8.440 GC heap after
{Heap after GC invocations=33 (full 0):
 garbage-first heap   total 178176K, used 97602K [0x0000000700000000, 0x0000000800000000)
  region size 2048K, 1 young (2048K), 1 survivors (2048K)
 Metaspace       used 92208K, committed 92864K, reserved 1179648K
  class space    used 12507K, committed 12800K, reserved 1048576K
}
Event: 8.661 GC heap before
{Heap before GC invocations=33 (full 0):
 garbage-first heap   total 178176K, used 140610K [0x0000000700000000, 0x0000000800000000)
  region size 2048K, 23 young (47104K), 1 survivors (2048K)
 Metaspace       used 92492K, committed 93120K, reserved 1179648K
  class space    used 12543K, committed 12800K, reserved 1048576K
}
Event: 8.668 GC heap after
{Heap after GC invocations=34 (full 0):
 garbage-first heap   total 356352K, used 100254K [0x0000000700000000, 0x0000000800000000)
  region size 2048K, 2 young (4096K), 2 survivors (4096K)
 Metaspace       used 92492K, committed 93120K, reserved 1179648K
  class space    used 12543K, committed 12800K, reserved 1048576K
}
Event: 9.395 GC heap before
{Heap before GC invocations=35 (full 0):
 garbage-first heap   total 356352K, used 278430K [0x0000000700000000, 0x0000000800000000)
  region size 2048K, 89 young (182272K), 2 survivors (4096K)
 Metaspace       used 94098K, committed 94656K, reserved 1179648K
  class space    used 12732K, committed 12992K, reserved 1048576K
}
Event: 9.400 GC heap after
{Heap after GC invocations=36 (full 0):
 garbage-first heap   total 356352K, used 111747K [0x0000000700000000, 0x0000000800000000)
  region size 2048K, 7 young (14336K), 7 survivors (14336K)
 Metaspace       used 94098K, committed 94656K, reserved 1179648K
  class space    used 12732K, committed 12992K, reserved 1048576K
}
Event: 9.411 GC heap before
{Heap before GC invocations=36 (full 0):
 garbage-first heap   total 356352K, used 111747K [0x0000000700000000, 0x0000000800000000)
  region size 2048K, 8 young (16384K), 7 survivors (14336K)
 Metaspace       used 94100K, committed 94656K, reserved 1179648K
  class space    used 12733K, committed 12992K, reserved 1048576K
}
Event: 9.415 GC heap after
{Heap after GC invocations=37 (full 0):
 garbage-first heap   total 356352K, used 113780K [0x0000000700000000, 0x0000000800000000)
  region size 2048K, 1 young (2048K), 1 survivors (2048K)
 Metaspace       used 94100K, committed 94656K, reserved 1179648K
  class space    used 12733K, committed 12992K, reserved 1048576K
}
Event: 10.246 GC heap before
{Heap before GC invocations=37 (full 0):
 garbage-first heap   total 356352K, used 304244K [0x0000000700000000, 0x0000000800000000)
  region size 2048K, 80 young (163840K), 1 survivors (2048K)
 Metaspace       used 102462K, committed 103168K, reserved 1179648K
  class space    used 14171K, committed 14528K, reserved 1048576K
}
Event: 10.261 GC heap after
{Heap after GC invocations=38 (full 0):
 garbage-first heap   total 364544K, used 188268K [0x0000000700000000, 0x0000000800000000)
  region size 2048K, 10 young (20480K), 10 survivors (20480K)
 Metaspace       used 102462K, committed 103168K, reserved 1179648K
  class space    used 14171K, committed 14528K, reserved 1048576K
}
Event: 10.459 GC heap before
{Heap before GC invocations=38 (full 0):
 garbage-first heap   total 364544K, used 274284K [0x0000000700000000, 0x0000000800000000)
  region size 2048K, 53 young (108544K), 10 survivors (20480K)
 Metaspace       used 103263K, committed 103936K, reserved 1179648K
  class space    used 14256K, committed 14592K, reserved 1048576K
}
Event: 10.480 GC heap after
{Heap after GC invocations=39 (full 0):
 garbage-first heap   total 364544K, used 232473K [0x0000000700000000, 0x0000000800000000)
  region size 2048K, 7 young (14336K), 7 survivors (14336K)
 Metaspace       used 103263K, committed 103936K, reserved 1179648K
  class space    used 14256K, committed 14592K, reserved 1048576K
}
Event: 11.184 GC heap before
{Heap before GC invocations=39 (full 0):
 garbage-first heap   total 364544K, used 283673K [0x0000000700000000, 0x0000000800000000)
  region size 2048K, 32 young (65536K), 7 survivors (14336K)
 Metaspace       used 107254K, committed 107968K, reserved 1179648K
  class space    used 14871K, committed 15232K, reserved 1048576K
}
Event: 11.191 GC heap after
{Heap after GC invocations=40 (full 0):
 garbage-first heap   total 364544K, used 241664K [0x0000000700000000, 0x0000000800000000)
  region size 2048K, 3 young (6144K), 3 survivors (6144K)
 Metaspace       used 107254K, committed 107968K, reserved 1179648K
  class space    used 14871K, committed 15232K, reserved 1048576K
}
Event: 11.473 GC heap before
{Heap before GC invocations=40 (full 0):
 garbage-first heap   total 364544K, used 290816K [0x0000000700000000, 0x0000000800000000)
  region size 2048K, 27 young (55296K), 3 survivors (6144K)
 Metaspace       used 107815K, committed 108544K, reserved 1179648K
  class space    used 14961K, committed 15296K, reserved 1048576K
}
Event: 11.478 GC heap after
{Heap after GC invocations=41 (full 0):
 garbage-first heap   total 364544K, used 248627K [0x0000000700000000, 0x0000000800000000)
  region size 2048K, 4 young (8192K), 4 survivors (8192K)
 Metaspace       used 107815K, committed 108544K, reserved 1179648K
  class space    used 14961K, committed 15296K, reserved 1048576K
}
Event: 11.754 GC heap before
{Heap before GC invocations=41 (full 0):
 garbage-first heap   total 364544K, used 293683K [0x0000000700000000, 0x0000000800000000)
  region size 2048K, 27 young (55296K), 4 survivors (8192K)
 Metaspace       used 108103K, committed 108800K, reserved 1179648K
  class space    used 14991K, committed 15296K, reserved 1048576K
}

