# JRE version: OpenJDK Runtime Environment (17.0.7) (build 17.0.7+0-b2043.56-10550314)
# Java VM: OpenJDK 64-Bit Server VM (17.0.7+0-b2043.56-10550314, mixed mode, tiered, compressed oops, compressed class ptrs, g1 gc, windows-amd64)
GC Precious Log:
 CPUs: 20 total, 20 available
 Memory: 16110M
 Large Page Support: Disabled
 NUMA Support: Disabled
 Compressed Oops: Enabled (Zero based)
 Heap Region Size: 2M
 Heap Min Capacity: 8M
 Heap Initial Capacity: 252M
 Heap Max Capacity: 4G
 Pre-touch: Disabled
 Parallel Workers: 15
 Concurrent Workers: 4
 Concurrent Refinement Workers: 15
 Periodic GC: Disabled
Heap:
 garbage-first heap   total 274432K, used 158923K [0x0000000700000000, 0x0000000800000000)
  region size 2048K, 1 young (2048K), 1 survivors (2048K)
 Metaspace       used 104864K, committed 105600K, reserved 1179648K
  class space    used 14244K, committed 14592K, reserved 1048576K
GC Heap History (20 events):
Event: 7.917 GC heap after
{Heap after GC invocations=36 (full 0):
 garbage-first heap   total 163840K, used 97846K [0x0000000700000000, 0x0000000800000000)
  region size 2048K, 3 young (6144K), 3 survivors (6144K)
 Metaspace       used 91898K, committed 92608K, reserved 1179648K
  class space    used 12509K, committed 12864K, reserved 1048576K
}
Event: 8.084 GC heap before
{Heap before GC invocations=37 (full 0):
 garbage-first heap   total 174080K, used 130614K [0x0000000700000000, 0x0000000800000000)
  region size 2048K, 20 young (40960K), 3 survivors (6144K)
 Metaspace       used 92196K, committed 92864K, reserved 1179648K
  class space    used 12544K, committed 12864K, reserved 1048576K
}
Event: 8.086 GC heap after
{Heap after GC invocations=38 (full 0):
 garbage-first heap   total 174080K, used 99939K [0x0000000700000000, 0x0000000800000000)
  region size 2048K, 3 young (6144K), 3 survivors (6144K)
 Metaspace       used 92196K, committed 92864K, reserved 1179648K
  class space    used 12544K, committed 12864K, reserved 1048576K
}
Event: 8.088 GC heap before
{Heap before GC invocations=38 (full 0):
 garbage-first heap   total 174080K, used 101987K [0x0000000700000000, 0x0000000800000000)
  region size 2048K, 4 young (8192K), 3 survivors (6144K)
 Metaspace       used 92200K, committed 92928K, reserved 1179648K
  class space    used 12544K, committed 12864K, reserved 1048576K
}
Event: 8.090 GC heap after
{Heap after GC invocations=39 (full 0):
 garbage-first heap   total 208896K, used 100011K [0x0000000700000000, 0x0000000800000000)
  region size 2048K, 1 young (2048K), 1 survivors (2048K)
 Metaspace       used 92200K, committed 92928K, reserved 1179648K
  class space    used 12544K, committed 12864K, reserved 1048576K
}
Event: 8.229 GC heap before
{Heap before GC invocations=39 (full 0):
 garbage-first heap   total 208896K, used 163499K [0x0000000700000000, 0x0000000800000000)
  region size 2048K, 33 young (67584K), 1 survivors (2048K)
 Metaspace       used 92567K, committed 93248K, reserved 1179648K
  class space    used 12561K, committed 12864K, reserved 1048576K
}
Event: 8.232 GC heap after
{Heap after GC invocations=40 (full 0):
 garbage-first heap   total 208896K, used 103520K [0x0000000700000000, 0x0000000800000000)
  region size 2048K, 3 young (6144K), 3 survivors (6144K)
 Metaspace       used 92567K, committed 93248K, reserved 1179648K
  class space    used 12561K, committed 12864K, reserved 1048576K
}
Event: 8.756 GC heap before
{Heap before GC invocations=41 (full 0):
 garbage-first heap   total 208896K, used 164960K [0x0000000700000000, 0x0000000800000000)
  region size 2048K, 34 young (69632K), 3 survivors (6144K)
 Metaspace       used 97773K, committed 98432K, reserved 1179648K
  class space    used 13245K, committed 13568K, reserved 1048576K
}
Event: 8.759 GC heap after
{Heap after GC invocations=42 (full 0):
 garbage-first heap   total 208896K, used 107236K [0x0000000700000000, 0x0000000800000000)
  region size 2048K, 4 young (8192K), 4 survivors (8192K)
 Metaspace       used 97773K, committed 98432K, reserved 1179648K
  class space    used 13245K, committed 13568K, reserved 1048576K
}
Event: 8.787 GC heap before
{Heap before GC invocations=42 (full 0):
 garbage-first heap   total 208896K, used 109284K [0x0000000700000000, 0x0000000800000000)
  region size 2048K, 5 young (10240K), 4 survivors (8192K)
 Metaspace       used 98011K, committed 98624K, reserved 1179648K
  class space    used 13267K, committed 13568K, reserved 1048576K
}
Event: 8.789 GC heap after
{Heap after GC invocations=43 (full 0):
 garbage-first heap   total 208896K, used 107948K [0x0000000700000000, 0x0000000800000000)
  region size 2048K, 1 young (2048K), 1 survivors (2048K)
 Metaspace       used 98011K, committed 98624K, reserved 1179648K
  class space    used 13267K, committed 13568K, reserved 1048576K
}
Event: 9.158 GC heap before
{Heap before GC invocations=43 (full 0):
 garbage-first heap   total 208896K, used 169388K [0x0000000700000000, 0x0000000800000000)
  region size 2048K, 31 young (63488K), 1 survivors (2048K)
 Metaspace       used 99964K, committed 100608K, reserved 1179648K
  class space    used 13516K, committed 13824K, reserved 1048576K
}
Event: 9.160 GC heap after
{Heap after GC invocations=44 (full 0):
 garbage-first heap   total 208896K, used 110541K [0x0000000700000000, 0x0000000800000000)
  region size 2048K, 2 young (4096K), 2 survivors (4096K)
 Metaspace       used 99964K, committed 100608K, reserved 1179648K
  class space    used 13516K, committed 13824K, reserved 1048576K
}
Event: 9.358 GC heap before
{Heap before GC invocations=45 (full 0):
 garbage-first heap   total 208896K, used 178125K [0x0000000700000000, 0x0000000800000000)
  region size 2048K, 31 young (63488K), 2 survivors (4096K)
 Metaspace       used 101766K, committed 102464K, reserved 1179648K
  class space    used 13777K, committed 14080K, reserved 1048576K
}
Event: 9.361 GC heap after
{Heap after GC invocations=46 (full 0):
 garbage-first heap   total 208896K, used 130642K [0x0000000700000000, 0x0000000800000000)
  region size 2048K, 4 young (8192K), 4 survivors (8192K)
 Metaspace       used 101766K, committed 102464K, reserved 1179648K
  class space    used 13777K, committed 14080K, reserved 1048576K
}
Event: 9.513 GC heap before
{Heap before GC invocations=46 (full 0):
 garbage-first heap   total 208896K, used 177746K [0x0000000700000000, 0x0000000800000000)
  region size 2048K, 20 young (40960K), 4 survivors (8192K)
 Metaspace       used 104577K, committed 105344K, reserved 1179648K
  class space    used 14198K, committed 14592K, reserved 1048576K
}
Event: 9.516 GC heap after
{Heap after GC invocations=47 (full 0):
 garbage-first heap   total 208896K, used 151991K [0x0000000700000000, 0x0000000800000000)
  region size 2048K, 3 young (6144K), 3 survivors (6144K)
 Metaspace       used 104577K, committed 105344K, reserved 1179648K
  class space    used 14198K, committed 14592K, reserved 1048576K
}
Event: 9.606 GC heap before
{Heap before GC invocations=48 (full 0):
 garbage-first heap   total 274432K, used 170423K [0x0000000700000000, 0x0000000800000000)
  region size 2048K, 11 young (22528K), 3 survivors (6144K)
 Metaspace       used 104863K, committed 105600K, reserved 1179648K
  class space    used 14244K, committed 14592K, reserved 1048576K
}
Event: 9.609 GC heap after
{Heap after GC invocations=49 (full 0):
 garbage-first heap   total 274432K, used 155925K [0x0000000700000000, 0x0000000800000000)
  region size 2048K, 2 young (4096K), 2 survivors (4096K)
 Metaspace       used 104863K, committed 105600K, reserved 1179648K
  class space    used 14244K, committed 14592K, reserved 1048576K
}
Event: 9.643 GC heap before
{Heap before GC invocations=49 (full 0):
 garbage-first heap   total 274432K, used 162069K [0x0000000700000000, 0x0000000800000000)
  region size 2048K, 6 young (12288K), 2 survivors (4096K)
 Metaspace       used 104864K, committed 105600K, reserved 1179648K
  class space    used 14244K, committed 14592K, reserved 1048576K
}

