# JRE version: OpenJDK Runtime Environment (17.0.7) (build 17.0.7+0-b2043.56-10550314)
# Java VM: OpenJDK 64-Bit Server VM (17.0.7+0-b2043.56-10550314, mixed mode, tiered, compressed oops, compressed class ptrs, g1 gc, windows-amd64)
GC Precious Log:
 CPUs: 20 total, 20 available
 Memory: 16110M
 Large Page Support: Disabled
 NUMA Support: Disabled
 Compressed Oops: Enabled (Zero based)
 Heap Region Size: 2M
 Heap Min Capacity: 8M
 Heap Initial Capacity: 252M
 Heap Max Capacity: 4G
 Pre-touch: Disabled
 Parallel Workers: 15
 Concurrent Workers: 4
 Concurrent Refinement Workers: 15
 Periodic GC: Disabled
Heap:
 garbage-first heap   total 399360K, used 242151K [0x0000000700000000, 0x0000000800000000)
  region size 2048K, 5 young (10240K), 5 survivors (10240K)
 Metaspace       used 111597K, committed 112256K, reserved 1179648K
  class space    used 15380K, committed 15680K, reserved 1048576K
GC Heap History (20 events):
Event: 14.332 GC heap after
{Heap after GC invocations=41 (full 0):
 garbage-first heap   total 202752K, used 109771K [0x0000000700000000, 0x0000000800000000)
  region size 2048K, 3 young (6144K), 3 survivors (6144K)
 Metaspace       used 100243K, committed 100928K, reserved 1179648K
  class space    used 13490K, committed 13824K, reserved 1048576K
}
Event: 14.342 GC heap before
{Heap before GC invocations=41 (full 0):
 garbage-first heap   total 202752K, used 109771K [0x0000000700000000, 0x0000000800000000)
  region size 2048K, 4 young (8192K), 3 survivors (6144K)
 Metaspace       used 100281K, committed 100928K, reserved 1179648K
  class space    used 13497K, committed 13824K, reserved 1048576K
}
Event: 14.345 GC heap after
{Heap after GC invocations=42 (full 0):
 garbage-first heap   total 202752K, used 110110K [0x0000000700000000, 0x0000000800000000)
  region size 2048K, 2 young (4096K), 2 survivors (4096K)
 Metaspace       used 100281K, committed 100928K, reserved 1179648K
  class space    used 13497K, committed 13824K, reserved 1048576K
}
Event: 14.935 GC heap before
{Heap before GC invocations=43 (full 0):
 garbage-first heap   total 243712K, used 165406K [0x0000000700000000, 0x0000000800000000)
  region size 2048K, 26 young (53248K), 2 survivors (4096K)
 Metaspace       used 103860K, committed 104512K, reserved 1179648K
  class space    used 14013K, committed 14336K, reserved 1048576K
}
Event: 14.941 GC heap after
{Heap after GC invocations=44 (full 0):
 garbage-first heap   total 243712K, used 130682K [0x0000000700000000, 0x0000000800000000)
  region size 2048K, 4 young (8192K), 4 survivors (8192K)
 Metaspace       used 103860K, committed 104512K, reserved 1179648K
  class space    used 14013K, committed 14336K, reserved 1048576K
}
Event: 15.251 GC heap before
{Heap before GC invocations=45 (full 0):
 garbage-first heap   total 294912K, used 210554K [0x0000000700000000, 0x0000000800000000)
  region size 2048K, 33 young (67584K), 4 survivors (8192K)
 Metaspace       used 104136K, committed 104704K, reserved 1179648K
  class space    used 14060K, committed 14336K, reserved 1048576K
}
Event: 15.260 GC heap after
{Heap after GC invocations=46 (full 0):
 garbage-first heap   total 294912K, used 162913K [0x0000000700000000, 0x0000000800000000)
  region size 2048K, 5 young (10240K), 5 survivors (10240K)
 Metaspace       used 104136K, committed 104704K, reserved 1179648K
  class space    used 14060K, committed 14336K, reserved 1048576K
}
Event: 15.594 GC heap before
{Heap before GC invocations=46 (full 0):
 garbage-first heap   total 294912K, used 216161K [0x0000000700000000, 0x0000000800000000)
  region size 2048K, 32 young (65536K), 5 survivors (10240K)
 Metaspace       used 106732K, committed 107392K, reserved 1179648K
  class space    used 14662K, committed 14976K, reserved 1048576K
}
Event: 15.609 GC heap after
{Heap after GC invocations=47 (full 0):
 garbage-first heap   total 354304K, used 185873K [0x0000000700000000, 0x0000000800000000)
  region size 2048K, 4 young (8192K), 4 survivors (8192K)
 Metaspace       used 106732K, committed 107392K, reserved 1179648K
  class space    used 14662K, committed 14976K, reserved 1048576K
}
Event: 15.794 GC heap before
{Heap before GC invocations=48 (full 0):
 garbage-first heap   total 354304K, used 253457K [0x0000000700000000, 0x0000000800000000)
  region size 2048K, 37 young (75776K), 4 survivors (8192K)
 Metaspace       used 106869K, committed 107520K, reserved 1179648K
  class space    used 14662K, committed 14976K, reserved 1048576K
}
Event: 15.813 GC heap after
{Heap after GC invocations=49 (full 0):
 garbage-first heap   total 354304K, used 219853K [0x0000000700000000, 0x0000000800000000)
  region size 2048K, 5 young (10240K), 5 survivors (10240K)
 Metaspace       used 106869K, committed 107520K, reserved 1179648K
  class space    used 14662K, committed 14976K, reserved 1048576K
}
Event: 15.827 GC heap before
{Heap before GC invocations=49 (full 0):
 garbage-first heap   total 354304K, used 225997K [0x0000000700000000, 0x0000000800000000)
  region size 2048K, 8 young (16384K), 5 survivors (10240K)
 Metaspace       used 106869K, committed 107520K, reserved 1179648K
  class space    used 14662K, committed 14976K, reserved 1048576K
}
Event: 15.834 GC heap after
{Heap after GC invocations=50 (full 0):
 garbage-first heap   total 354304K, used 224953K [0x0000000700000000, 0x0000000800000000)
  region size 2048K, 1 young (2048K), 1 survivors (2048K)
 Metaspace       used 106869K, committed 107520K, reserved 1179648K
  class space    used 14662K, committed 14976K, reserved 1048576K
}
Event: 16.364 GC heap before
{Heap before GC invocations=50 (full 0):
 garbage-first heap   total 354304K, used 270009K [0x0000000700000000, 0x0000000800000000)
  region size 2048K, 24 young (49152K), 1 survivors (2048K)
 Metaspace       used 109314K, committed 109952K, reserved 1179648K
  class space    used 15044K, committed 15360K, reserved 1048576K
}
Event: 16.372 GC heap after
{Heap after GC invocations=51 (full 0):
 garbage-first heap   total 354304K, used 241415K [0x0000000700000000, 0x0000000800000000)
  region size 2048K, 3 young (6144K), 3 survivors (6144K)
 Metaspace       used 109314K, committed 109952K, reserved 1179648K
  class space    used 15044K, committed 15360K, reserved 1048576K
}
Event: 16.922 GC heap before
{Heap before GC invocations=52 (full 0):
 garbage-first heap   total 399360K, used 268039K [0x0000000700000000, 0x0000000800000000)
  region size 2048K, 22 young (45056K), 3 survivors (6144K)
 Metaspace       used 110592K, committed 111232K, reserved 1179648K
  class space    used 15240K, committed 15552K, reserved 1048576K
}
Event: 16.929 GC heap after
{Heap after GC invocations=53 (full 0):
 garbage-first heap   total 399360K, used 236452K [0x0000000700000000, 0x0000000800000000)
  region size 2048K, 3 young (6144K), 3 survivors (6144K)
 Metaspace       used 110592K, committed 111232K, reserved 1179648K
  class space    used 15240K, committed 15552K, reserved 1048576K
}
Event: 17.004 GC heap before
{Heap before GC invocations=53 (full 0):
 garbage-first heap   total 399360K, used 246692K [0x0000000700000000, 0x0000000800000000)
  region size 2048K, 9 young (18432K), 3 survivors (6144K)
 Metaspace       used 110802K, committed 111488K, reserved 1179648K
  class space    used 15268K, committed 15616K, reserved 1048576K
}
Event: 17.010 GC heap after
{Heap after GC invocations=54 (full 0):
 garbage-first heap   total 399360K, used 235167K [0x0000000700000000, 0x0000000800000000)
  region size 2048K, 2 young (4096K), 2 survivors (4096K)
 Metaspace       used 110802K, committed 111488K, reserved 1179648K
  class space    used 15268K, committed 15616K, reserved 1048576K
}
Event: 17.297 GC heap before
{Heap before GC invocations=54 (full 0):
 garbage-first heap   total 399360K, used 298655K [0x0000000700000000, 0x0000000800000000)
  region size 2048K, 33 young (67584K), 2 survivors (4096K)
 Metaspace       used 111597K, committed 112256K, reserved 1179648K
  class space    used 15380K, committed 15680K, reserved 1048576K
}

