# JRE version: OpenJDK Runtime Environment (17.0.7) (build 17.0.7+0-b2043.56-10550314)
# Java VM: OpenJDK 64-Bit Server VM (17.0.7+0-b2043.56-10550314, mixed mode, tiered, compressed oops, compressed class ptrs, g1 gc, windows-amd64)
GC Precious Log:
 CPUs: 20 total, 20 available
 Memory: 16110M
 Large Page Support: Disabled
 NUMA Support: Disabled
 Compressed Oops: Enabled (32-bit)
 Heap Region Size: 1M
 Heap Min Capacity: 8M
 Heap Initial Capacity: 252M
 Heap Max Capacity: 512M
 Pre-touch: Disabled
 Parallel Workers: 15
 Concurrent Workers: 4
 Concurrent Refinement Workers: 15
 Periodic GC: Disabled
Heap:
 garbage-first heap   total 245760K, used 186524K [0x00000000e0000000, 0x0000000100000000)
  region size 1024K, 56 young (57344K), 5 survivors (5120K)
 Metaspace       used 107417K, committed 108096K, reserved 1179648K
  class space    used 14213K, committed 14528K, reserved 1048576K
GC Heap History (20 events):
Event: 632.732 GC heap before
{Heap before GC invocations=38 (full 0):
 garbage-first heap   total 164864K, used 133799K [0x00000000e0000000, 0x0000000100000000)
  region size 1024K, 46 young (47104K), 5 survivors (5120K)
 Metaspace       used 94857K, committed 95488K, reserved 1179648K
  class space    used 12401K, committed 12672K, reserved 1048576K
}
Event: 632.737 GC heap after
{Heap after GC invocations=39 (full 0):
 garbage-first heap   total 164864K, used 99141K [0x00000000e0000000, 0x0000000100000000)
  region size 1024K, 6 young (6144K), 6 survivors (6144K)
 Metaspace       used 94857K, committed 95488K, reserved 1179648K
  class space    used 12401K, committed 12672K, reserved 1048576K
}
Event: 633.468 GC heap before
{Heap before GC invocations=39 (full 0):
 garbage-first heap   total 164864K, used 132933K [0x00000000e0000000, 0x0000000100000000)
  region size 1024K, 40 young (40960K), 6 survivors (6144K)
 Metaspace       used 96942K, committed 97600K, reserved 1179648K
  class space    used 12783K, committed 13056K, reserved 1048576K
}
Event: 633.473 GC heap after
{Heap after GC invocations=40 (full 0):
 garbage-first heap   total 164864K, used 104006K [0x00000000e0000000, 0x0000000100000000)
  region size 1024K, 5 young (5120K), 5 survivors (5120K)
 Metaspace       used 96942K, committed 97600K, reserved 1179648K
  class space    used 12783K, committed 13056K, reserved 1048576K
}
Event: 633.699 GC heap before
{Heap before GC invocations=41 (full 0):
 garbage-first heap   total 181248K, used 133702K [0x00000000e0000000, 0x0000000100000000)
  region size 1024K, 35 young (35840K), 5 survivors (5120K)
 Metaspace       used 97661K, committed 98432K, reserved 1179648K
  class space    used 13030K, committed 13376K, reserved 1048576K
}
Event: 633.703 GC heap after
{Heap after GC invocations=42 (full 0):
 garbage-first heap   total 181248K, used 106426K [0x00000000e0000000, 0x0000000100000000)
  region size 1024K, 3 young (3072K), 3 survivors (3072K)
 Metaspace       used 97661K, committed 98432K, reserved 1179648K
  class space    used 13030K, committed 13376K, reserved 1048576K
}
Event: 633.721 GC heap before
{Heap before GC invocations=42 (full 0):
 garbage-first heap   total 181248K, used 111546K [0x00000000e0000000, 0x0000000100000000)
  region size 1024K, 8 young (8192K), 3 survivors (3072K)
 Metaspace       used 97682K, committed 98432K, reserved 1179648K
  class space    used 13030K, committed 13376K, reserved 1048576K
}
Event: 633.727 GC heap after
{Heap after GC invocations=43 (full 0):
 garbage-first heap   total 181248K, used 102759K [0x00000000e0000000, 0x0000000100000000)
  region size 1024K, 1 young (1024K), 1 survivors (1024K)
 Metaspace       used 97682K, committed 98432K, reserved 1179648K
  class space    used 13030K, committed 13376K, reserved 1048576K
}
Event: 634.028 GC heap before
{Heap before GC invocations=43 (full 0):
 garbage-first heap   total 181248K, used 146791K [0x00000000e0000000, 0x0000000100000000)
  region size 1024K, 45 young (46080K), 1 survivors (1024K)
 Metaspace       used 98241K, committed 98944K, reserved 1179648K
  class space    used 13111K, committed 13440K, reserved 1048576K
}
Event: 634.032 GC heap after
{Heap after GC invocations=44 (full 0):
 garbage-first heap   total 181248K, used 104922K [0x00000000e0000000, 0x0000000100000000)
  region size 1024K, 3 young (3072K), 3 survivors (3072K)
 Metaspace       used 98241K, committed 98944K, reserved 1179648K
  class space    used 13111K, committed 13440K, reserved 1048576K
}
Event: 635.016 GC heap before
{Heap before GC invocations=44 (full 0):
 garbage-first heap   total 181248K, used 151002K [0x00000000e0000000, 0x0000000100000000)
  region size 1024K, 47 young (48128K), 3 survivors (3072K)
 Metaspace       used 102034K, committed 102656K, reserved 1179648K
  class space    used 13606K, committed 13888K, reserved 1048576K
}
Event: 635.022 GC heap after
{Heap after GC invocations=45 (full 0):
 garbage-first heap   total 181248K, used 122107K [0x00000000e0000000, 0x0000000100000000)
  region size 1024K, 6 young (6144K), 6 survivors (6144K)
 Metaspace       used 102034K, committed 102656K, reserved 1179648K
  class space    used 13606K, committed 13888K, reserved 1048576K
}
Event: 635.360 GC heap before
{Heap before GC invocations=45 (full 0):
 garbage-first heap   total 181248K, used 145659K [0x00000000e0000000, 0x0000000100000000)
  region size 1024K, 23 young (23552K), 6 survivors (6144K)
 Metaspace       used 103235K, committed 104000K, reserved 1179648K
  class space    used 13749K, committed 14144K, reserved 1048576K
}
Event: 635.367 GC heap after
{Heap after GC invocations=46 (full 0):
 garbage-first heap   total 181248K, used 135291K [0x00000000e0000000, 0x0000000100000000)
  region size 1024K, 4 young (4096K), 4 survivors (4096K)
 Metaspace       used 103235K, committed 104000K, reserved 1179648K
  class space    used 13749K, committed 14144K, reserved 1048576K
}
Event: 635.768 GC heap before
{Heap before GC invocations=47 (full 0):
 garbage-first heap   total 245760K, used 158843K [0x00000000e0000000, 0x0000000100000000)
  region size 1024K, 18 young (18432K), 4 survivors (4096K)
 Metaspace       used 104807K, committed 105536K, reserved 1179648K
  class space    used 13915K, committed 14272K, reserved 1048576K
}
Event: 635.773 GC heap after
{Heap after GC invocations=48 (full 0):
 garbage-first heap   total 245760K, used 133703K [0x00000000e0000000, 0x0000000100000000)
  region size 1024K, 2 young (2048K), 2 survivors (2048K)
 Metaspace       used 104807K, committed 105536K, reserved 1179648K
  class space    used 13915K, committed 14272K, reserved 1048576K
}
Event: 635.830 GC heap before
{Heap before GC invocations=48 (full 0):
 garbage-first heap   total 245760K, used 142919K [0x00000000e0000000, 0x0000000100000000)
  region size 1024K, 12 young (12288K), 2 survivors (2048K)
 Metaspace       used 104984K, committed 105664K, reserved 1179648K
  class space    used 13932K, committed 14272K, reserved 1048576K
}
Event: 635.833 GC heap after
{Heap after GC invocations=49 (full 0):
 garbage-first heap   total 245760K, used 132924K [0x00000000e0000000, 0x0000000100000000)
  region size 1024K, 1 young (1024K), 1 survivors (1024K)
 Metaspace       used 104984K, committed 105664K, reserved 1179648K
  class space    used 13932K, committed 14272K, reserved 1048576K
}
Event: 636.168 GC heap before
{Heap before GC invocations=49 (full 0):
 garbage-first heap   total 245760K, used 193340K [0x00000000e0000000, 0x0000000100000000)
  region size 1024K, 61 young (62464K), 1 survivors (1024K)
 Metaspace       used 105896K, committed 106560K, reserved 1179648K
  class space    used 14032K, committed 14336K, reserved 1048576K
}
Event: 636.172 GC heap after
{Heap after GC invocations=50 (full 0):
 garbage-first heap   total 245760K, used 136348K [0x00000000e0000000, 0x0000000100000000)
  region size 1024K, 5 young (5120K), 5 survivors (5120K)
 Metaspace       used 105896K, committed 106560K, reserved 1179648K
  class space    used 14032K, committed 14336K, reserved 1048576K
}

