# JRE version: OpenJDK Runtime Environment (17.0.7) (build 17.0.7+0-b2043.56-10550314)
# Java VM: OpenJDK 64-Bit Server VM (17.0.7+0-b2043.56-10550314, mixed mode, tiered, compressed oops, compressed class ptrs, g1 gc, windows-amd64)
GC Precious Log:
 CPUs: 20 total, 20 available
 Memory: 16110M
 Large Page Support: Disabled
 NUMA Support: Disabled
 Compressed Oops: Enabled (Zero based)
 Heap Region Size: 2M
 Heap Min Capacity: 8M
 Heap Initial Capacity: 252M
 Heap Max Capacity: 4G
 Pre-touch: Disabled
 Parallel Workers: 15
 Concurrent Workers: 4
 Concurrent Refinement Workers: 15
 Periodic GC: Disabled
Heap:
 garbage-first heap   total 466944K, used 396512K [0x0000000700000000, 0x0000000800000000)
  region size 2048K, 123 young (251904K), 6 survivors (12288K)
 Metaspace       used 119366K, committed 120192K, reserved 1179648K
  class space    used 15499K, committed 15872K, reserved 1048576K
GC Heap History (20 events):
Event: 10.782 GC heap before
{Heap before GC invocations=33 (full 0):
 garbage-first heap   total 178176K, used 143034K [0x0000000700000000, 0x0000000800000000)
  region size 2048K, 22 young (45056K), 3 survivors (6144K)
 Metaspace       used 97344K, committed 98048K, reserved 1179648K
  class space    used 13024K, committed 13312K, reserved 1048576K
}
Event: 10.786 GC heap after
{Heap after GC invocations=34 (full 0):
 garbage-first heap   total 178176K, used 108967K [0x0000000700000000, 0x0000000800000000)
  region size 2048K, 2 young (4096K), 2 survivors (4096K)
 Metaspace       used 97344K, committed 98048K, reserved 1179648K
  class space    used 13024K, committed 13312K, reserved 1048576K
}
Event: 10.981 GC heap before
{Heap before GC invocations=34 (full 0):
 garbage-first heap   total 178176K, used 143783K [0x0000000700000000, 0x0000000800000000)
  region size 2048K, 20 young (40960K), 2 survivors (4096K)
 Metaspace       used 97520K, committed 98176K, reserved 1179648K
  class space    used 13032K, committed 13312K, reserved 1048576K
}
Event: 10.983 GC heap after
{Heap after GC invocations=35 (full 0):
 garbage-first heap   total 178176K, used 111241K [0x0000000700000000, 0x0000000800000000)
  region size 2048K, 3 young (6144K), 3 survivors (6144K)
 Metaspace       used 97520K, committed 98176K, reserved 1179648K
  class space    used 13032K, committed 13312K, reserved 1048576K
}
Event: 11.153 GC heap before
{Heap before GC invocations=35 (full 0):
 garbage-first heap   total 178176K, used 144009K [0x0000000700000000, 0x0000000800000000)
  region size 2048K, 20 young (40960K), 3 survivors (6144K)
 Metaspace       used 97809K, committed 98432K, reserved 1179648K
  class space    used 13065K, committed 13376K, reserved 1048576K
}
Event: 11.157 GC heap after
{Heap after GC invocations=36 (full 0):
 garbage-first heap   total 215040K, used 113260K [0x0000000700000000, 0x0000000800000000)
  region size 2048K, 3 young (6144K), 3 survivors (6144K)
 Metaspace       used 97809K, committed 98432K, reserved 1179648K
  class space    used 13065K, committed 13376K, reserved 1048576K
}
Event: 11.401 GC heap before
{Heap before GC invocations=36 (full 0):
 garbage-first heap   total 215040K, used 172652K [0x0000000700000000, 0x0000000800000000)
  region size 2048K, 33 young (67584K), 3 survivors (6144K)
 Metaspace       used 98156K, committed 98816K, reserved 1179648K
  class space    used 13083K, committed 13440K, reserved 1048576K
}
Event: 11.404 GC heap after
{Heap after GC invocations=37 (full 0):
 garbage-first heap   total 215040K, used 117066K [0x0000000700000000, 0x0000000800000000)
  region size 2048K, 5 young (10240K), 5 survivors (10240K)
 Metaspace       used 98156K, committed 98816K, reserved 1179648K
  class space    used 13083K, committed 13440K, reserved 1048576K
}
Event: 12.113 GC heap before
{Heap before GC invocations=37 (full 0):
 garbage-first heap   total 215040K, used 174410K [0x0000000700000000, 0x0000000800000000)
  region size 2048K, 34 young (69632K), 5 survivors (10240K)
 Metaspace       used 102827K, committed 103552K, reserved 1179648K
  class space    used 13720K, committed 14080K, reserved 1048576K
}
Event: 12.116 GC heap after
{Heap after GC invocations=38 (full 0):
 garbage-first heap   total 215040K, used 120390K [0x0000000700000000, 0x0000000800000000)
  region size 2048K, 4 young (8192K), 4 survivors (8192K)
 Metaspace       used 102827K, committed 103552K, reserved 1179648K
  class space    used 13720K, committed 14080K, reserved 1048576K
}
Event: 12.373 GC heap before
{Heap before GC invocations=38 (full 0):
 garbage-first heap   total 215040K, used 134726K [0x0000000700000000, 0x0000000800000000)
  region size 2048K, 12 young (24576K), 4 survivors (8192K)
 Metaspace       used 104303K, committed 104960K, reserved 1179648K
  class space    used 13867K, committed 14208K, reserved 1048576K
}
Event: 12.377 GC heap after
{Heap after GC invocations=39 (full 0):
 garbage-first heap   total 215040K, used 122728K [0x0000000700000000, 0x0000000800000000)
  region size 2048K, 3 young (6144K), 3 survivors (6144K)
 Metaspace       used 104303K, committed 104960K, reserved 1179648K
  class space    used 13867K, committed 14208K, reserved 1048576K
}
Event: 12.692 GC heap before
{Heap before GC invocations=40 (full 0):
 garbage-first heap   total 233472K, used 171880K [0x0000000700000000, 0x0000000800000000)
  region size 2048K, 28 young (57344K), 3 survivors (6144K)
 Metaspace       used 104485K, committed 105216K, reserved 1179648K
  class space    used 13875K, committed 14208K, reserved 1048576K
}
Event: 12.696 GC heap after
{Heap after GC invocations=41 (full 0):
 garbage-first heap   total 233472K, used 125801K [0x0000000700000000, 0x0000000800000000)
  region size 2048K, 3 young (6144K), 3 survivors (6144K)
 Metaspace       used 104485K, committed 105216K, reserved 1179648K
  class space    used 13875K, committed 14208K, reserved 1048576K
}
Event: 12.701 GC heap before
{Heap before GC invocations=41 (full 0):
 garbage-first heap   total 233472K, used 129897K [0x0000000700000000, 0x0000000800000000)
  region size 2048K, 5 young (10240K), 3 survivors (6144K)
 Metaspace       used 104487K, committed 105216K, reserved 1179648K
  class space    used 13875K, committed 14208K, reserved 1048576K
}
Event: 12.703 GC heap after
{Heap after GC invocations=42 (full 0):
 garbage-first heap   total 233472K, used 125773K [0x0000000700000000, 0x0000000800000000)
  region size 2048K, 1 young (2048K), 1 survivors (2048K)
 Metaspace       used 104487K, committed 105216K, reserved 1179648K
  class space    used 13875K, committed 14208K, reserved 1048576K
}
Event: 12.828 GC heap before
{Heap before GC invocations=42 (full 0):
 garbage-first heap   total 233472K, used 189261K [0x0000000700000000, 0x0000000800000000)
  region size 2048K, 33 young (67584K), 1 survivors (2048K)
 Metaspace       used 104546K, committed 105216K, reserved 1179648K
  class space    used 13878K, committed 14208K, reserved 1048576K
}
Event: 12.831 GC heap after
{Heap after GC invocations=43 (full 0):
 garbage-first heap   total 466944K, used 127967K [0x0000000700000000, 0x0000000800000000)
  region size 2048K, 2 young (4096K), 2 survivors (4096K)
 Metaspace       used 104546K, committed 105216K, reserved 1179648K
  class space    used 13878K, committed 14208K, reserved 1048576K
}
Event: 1799.470 GC heap before
{Heap before GC invocations=43 (full 0):
 garbage-first heap   total 466944K, used 371679K [0x0000000700000000, 0x0000000800000000)
  region size 2048K, 122 young (249856K), 2 survivors (4096K)
 Metaspace       used 106743K, committed 107584K, reserved 1179648K
  class space    used 14068K, committed 14464K, reserved 1048576K
}
Event: 1799.499 GC heap after
{Heap after GC invocations=44 (full 0):
 garbage-first heap   total 466944K, used 136416K [0x0000000700000000, 0x0000000800000000)
  region size 2048K, 6 young (12288K), 6 survivors (12288K)
 Metaspace       used 106743K, committed 107584K, reserved 1179648K
  class space    used 14068K, committed 14464K, reserved 1048576K
}

