# JRE version: OpenJDK Runtime Environment (17.0.7) (build 17.0.7+0-b2043.56-10550314)
# Java VM: OpenJDK 64-Bit Server VM (17.0.7+0-b2043.56-10550314, mixed mode, tiered, compressed oops, compressed class ptrs, g1 gc, windows-amd64)
GC Precious Log:
 CPUs: 20 total, 20 available
 Memory: 16110M
 Large Page Support: Disabled
 NUMA Support: Disabled
 Compressed Oops: Enabled (Zero based)
 Heap Region Size: 2M
 Heap Min Capacity: 8M
 Heap Initial Capacity: 252M
 Heap Max Capacity: 4G
 Pre-touch: Disabled
 Parallel Workers: 15
 Concurrent Workers: 4
 Concurrent Refinement Workers: 15
 Periodic GC: Disabled
Heap:
 garbage-first heap   total 327680K, used 249211K [0x0000000700000000, 0x0000000800000000)
  region size 2048K, 57 young (116736K), 7 survivors (14336K)
 Metaspace       used 133886K, committed 134720K, reserved 1179648K
  class space    used 18413K, committed 18816K, reserved 1048576K
GC Heap History (20 events):
Event: 10.863 GC heap before
{Heap before GC invocations=41 (full 0):
 garbage-first heap   total 194560K, used 158198K [0x0000000700000000, 0x0000000800000000)
  region size 2048K, 30 young (61440K), 4 survivors (8192K)
 Metaspace       used 99770K, committed 100416K, reserved 1179648K
  class space    used 13475K, committed 13760K, reserved 1048576K
}
Event: 10.867 GC heap after
{Heap after GC invocations=42 (full 0):
 garbage-first heap   total 194560K, used 109822K [0x0000000700000000, 0x0000000800000000)
  region size 2048K, 4 young (8192K), 4 survivors (8192K)
 Metaspace       used 99770K, committed 100416K, reserved 1179648K
  class space    used 13475K, committed 13760K, reserved 1048576K
}
Event: 11.065 GC heap before
{Heap before GC invocations=43 (full 0):
 garbage-first heap   total 225280K, used 156926K [0x0000000700000000, 0x0000000800000000)
  region size 2048K, 28 young (57344K), 4 survivors (8192K)
 Metaspace       used 100057K, committed 100736K, reserved 1179648K
  class space    used 13490K, committed 13824K, reserved 1048576K
}
Event: 11.068 GC heap after
{Heap after GC invocations=44 (full 0):
 garbage-first heap   total 225280K, used 112527K [0x0000000700000000, 0x0000000800000000)
  region size 2048K, 3 young (6144K), 3 survivors (6144K)
 Metaspace       used 100057K, committed 100736K, reserved 1179648K
  class space    used 13490K, committed 13824K, reserved 1048576K
}
Event: 11.687 GC heap before
{Heap before GC invocations=44 (full 0):
 garbage-first heap   total 225280K, used 184207K [0x0000000700000000, 0x0000000800000000)
  region size 2048K, 39 young (79872K), 3 survivors (6144K)
 Metaspace       used 105167K, committed 105856K, reserved 1179648K
  class space    used 14198K, committed 14528K, reserved 1048576K
}
Event: 11.691 GC heap after
{Heap after GC invocations=45 (full 0):
 garbage-first heap   total 225280K, used 118907K [0x0000000700000000, 0x0000000800000000)
  region size 2048K, 5 young (10240K), 5 survivors (10240K)
 Metaspace       used 105167K, committed 105856K, reserved 1179648K
  class space    used 14198K, committed 14528K, reserved 1048576K
}
Event: 12.647 GC heap before
{Heap before GC invocations=46 (full 0):
 garbage-first heap   total 225280K, used 182395K [0x0000000700000000, 0x0000000800000000)
  region size 2048K, 37 young (75776K), 5 survivors (10240K)
 Metaspace       used 112227K, committed 113024K, reserved 1179648K
  class space    used 15448K, committed 15808K, reserved 1048576K
}
Event: 12.653 GC heap after
{Heap after GC invocations=47 (full 0):
 garbage-first heap   total 225280K, used 127927K [0x0000000700000000, 0x0000000800000000)
  region size 2048K, 5 young (10240K), 5 survivors (10240K)
 Metaspace       used 112227K, committed 113024K, reserved 1179648K
  class space    used 15448K, committed 15808K, reserved 1048576K
}
Event: 12.696 GC heap before
{Heap before GC invocations=47 (full 0):
 garbage-first heap   total 225280K, used 129975K [0x0000000700000000, 0x0000000800000000)
  region size 2048K, 6 young (12288K), 5 survivors (10240K)
 Metaspace       used 112358K, committed 113088K, reserved 1179648K
  class space    used 15462K, committed 15808K, reserved 1048576K
}
Event: 12.700 GC heap after
{Heap after GC invocations=48 (full 0):
 garbage-first heap   total 225280K, used 129270K [0x0000000700000000, 0x0000000800000000)
  region size 2048K, 1 young (2048K), 1 survivors (2048K)
 Metaspace       used 112358K, committed 113088K, reserved 1179648K
  class space    used 15462K, committed 15808K, reserved 1048576K
}
Event: 12.798 GC heap before
{Heap before GC invocations=48 (full 0):
 garbage-first heap   total 225280K, used 143606K [0x0000000700000000, 0x0000000800000000)
  region size 2048K, 9 young (18432K), 1 survivors (2048K)
 Metaspace       used 112563K, committed 113344K, reserved 1179648K
  class space    used 15489K, committed 15872K, reserved 1048576K
}
Event: 12.800 GC heap after
{Heap after GC invocations=49 (full 0):
 garbage-first heap   total 225280K, used 129815K [0x0000000700000000, 0x0000000800000000)
  region size 2048K, 2 young (4096K), 2 survivors (4096K)
 Metaspace       used 112563K, committed 113344K, reserved 1179648K
  class space    used 15489K, committed 15872K, reserved 1048576K
}
Event: 13.020 GC heap before
{Heap before GC invocations=50 (full 0):
 garbage-first heap   total 235520K, used 183063K [0x0000000700000000, 0x0000000800000000)
  region size 2048K, 28 young (57344K), 2 survivors (4096K)
 Metaspace       used 113067K, committed 113856K, reserved 1179648K
  class space    used 15546K, committed 15936K, reserved 1048576K
}
Event: 13.023 GC heap after
{Heap after GC invocations=51 (full 0):
 garbage-first heap   total 235520K, used 134478K [0x0000000700000000, 0x0000000800000000)
  region size 2048K, 4 young (8192K), 4 survivors (8192K)
 Metaspace       used 113067K, committed 113856K, reserved 1179648K
  class space    used 15546K, committed 15936K, reserved 1048576K
}
Event: 13.028 GC heap before
{Heap before GC invocations=51 (full 0):
 garbage-first heap   total 235520K, used 136526K [0x0000000700000000, 0x0000000800000000)
  region size 2048K, 5 young (10240K), 4 survivors (8192K)
 Metaspace       used 113070K, committed 113856K, reserved 1179648K
  class space    used 15546K, committed 15936K, reserved 1048576K
}
Event: 13.031 GC heap after
{Heap after GC invocations=52 (full 0):
 garbage-first heap   total 327680K, used 133428K [0x0000000700000000, 0x0000000800000000)
  region size 2048K, 1 young (2048K), 1 survivors (2048K)
 Metaspace       used 113070K, committed 113856K, reserved 1179648K
  class space    used 15546K, committed 15936K, reserved 1048576K
}
Event: 14.588 GC heap before
{Heap before GC invocations=52 (full 0):
 garbage-first heap   total 327680K, used 307508K [0x0000000700000000, 0x0000000800000000)
  region size 2048K, 67 young (137216K), 1 survivors (2048K)
 Metaspace       used 120362K, committed 121216K, reserved 1179648K
  class space    used 16482K, committed 16896K, reserved 1048576K
}
Event: 14.593 GC heap after
{Heap after GC invocations=53 (full 0):
 garbage-first heap   total 327680K, used 140927K [0x0000000700000000, 0x0000000800000000)
  region size 2048K, 4 young (8192K), 4 survivors (8192K)
 Metaspace       used 120362K, committed 121216K, reserved 1179648K
  class space    used 16482K, committed 16896K, reserved 1048576K
}
Event: 15.821 GC heap before
{Heap before GC invocations=53 (full 0):
 garbage-first heap   total 327680K, used 261759K [0x0000000700000000, 0x0000000800000000)
  region size 2048K, 62 young (126976K), 4 survivors (8192K)
 Metaspace       used 127984K, committed 128768K, reserved 1179648K
  class space    used 17417K, committed 17792K, reserved 1048576K
}
Event: 15.825 GC heap after
{Heap after GC invocations=54 (full 0):
 garbage-first heap   total 327680K, used 148859K [0x0000000700000000, 0x0000000800000000)
  region size 2048K, 7 young (14336K), 7 survivors (14336K)
 Metaspace       used 127984K, committed 128768K, reserved 1179648K
  class space    used 17417K, committed 17792K, reserved 1048576K
}

