# JRE version: OpenJDK Runtime Environment (17.0.7) (build 17.0.7+0-b2043.56-10550314)
# Java VM: OpenJDK 64-Bit Server VM (17.0.7+0-b2043.56-10550314, mixed mode, tiered, compressed oops, compressed class ptrs, g1 gc, windows-amd64)
GC Precious Log:
 CPUs: 20 total, 20 available
 Memory: 16110M
 Large Page Support: Disabled
 NUMA Support: Disabled
 Compressed Oops: Enabled (Zero based)
 Heap Region Size: 2M
 Heap Min Capacity: 8M
 Heap Initial Capacity: 252M
 Heap Max Capacity: 4G
 Pre-touch: Disabled
 Parallel Workers: 15
 Concurrent Workers: 4
 Concurrent Refinement Workers: 15
 Periodic GC: Disabled
Heap:
 garbage-first heap   total 206848K, used 122343K [0x0000000700000000, 0x0000000800000000)
  region size 2048K, 11 young (22528K), 4 survivors (8192K)
 Metaspace       used 100150K, committed 100800K, reserved 1179648K
  class space    used 13519K, committed 13824K, reserved 1048576K
GC Heap History (20 events):
Event: 8.580 GC heap before
{Heap before GC invocations=33 (full 0):
 garbage-first heap   total 145408K, used 116724K [0x0000000700000000, 0x0000000800000000)
  region size 2048K, 22 young (45056K), 3 survivors (6144K)
 Metaspace       used 87640K, committed 88256K, reserved 1179648K
  class space    used 11795K, committed 12096K, reserved 1048576K
}
Event: 8.588 GC heap after
{Heap after GC invocations=34 (full 0):
 garbage-first heap   total 145408K, used 83873K [0x0000000700000000, 0x0000000800000000)
  region size 2048K, 3 young (6144K), 3 survivors (6144K)
 Metaspace       used 87640K, committed 88256K, reserved 1179648K
  class space    used 11795K, committed 12096K, reserved 1048576K
}
Event: 8.879 GC heap before
{Heap before GC invocations=35 (full 0):
 garbage-first heap   total 145408K, used 116641K [0x0000000700000000, 0x0000000800000000)
  region size 2048K, 19 young (38912K), 3 survivors (6144K)
 Metaspace       used 87684K, committed 88320K, reserved 1179648K
  class space    used 11798K, committed 12096K, reserved 1048576K
}
Event: 8.885 GC heap after
{Heap after GC invocations=36 (full 0):
 garbage-first heap   total 145408K, used 89572K [0x0000000700000000, 0x0000000800000000)
  region size 2048K, 3 young (6144K), 3 survivors (6144K)
 Metaspace       used 87684K, committed 88320K, reserved 1179648K
  class space    used 11798K, committed 12096K, reserved 1048576K
}
Event: 9.371 GC heap before
{Heap before GC invocations=36 (full 0):
 garbage-first heap   total 145408K, used 114148K [0x0000000700000000, 0x0000000800000000)
  region size 2048K, 16 young (32768K), 3 survivors (6144K)
 Metaspace       used 90793K, committed 91456K, reserved 1179648K
  class space    used 12220K, committed 12544K, reserved 1048576K
}
Event: 9.377 GC heap after
{Heap after GC invocations=37 (full 0):
 garbage-first heap   total 145408K, used 93896K [0x0000000700000000, 0x0000000800000000)
  region size 2048K, 2 young (4096K), 2 survivors (4096K)
 Metaspace       used 90793K, committed 91456K, reserved 1179648K
  class space    used 12220K, committed 12544K, reserved 1048576K
}
Event: 9.711 GC heap before
{Heap before GC invocations=38 (full 0):
 garbage-first heap   total 161792K, used 116424K [0x0000000700000000, 0x0000000800000000)
  region size 2048K, 13 young (26624K), 2 survivors (4096K)
 Metaspace       used 91942K, committed 92672K, reserved 1179648K
  class space    used 12448K, committed 12800K, reserved 1048576K
}
Event: 9.716 GC heap after
{Heap after GC invocations=39 (full 0):
 garbage-first heap   total 161792K, used 96628K [0x0000000700000000, 0x0000000800000000)
  region size 2048K, 2 young (4096K), 2 survivors (4096K)
 Metaspace       used 91942K, committed 92672K, reserved 1179648K
  class space    used 12448K, committed 12800K, reserved 1048576K
}
Event: 9.869 GC heap before
{Heap before GC invocations=39 (full 0):
 garbage-first heap   total 161792K, used 127348K [0x0000000700000000, 0x0000000800000000)
  region size 2048K, 18 young (36864K), 2 survivors (4096K)
 Metaspace       used 92373K, committed 93120K, reserved 1179648K
  class space    used 12536K, committed 12864K, reserved 1048576K
}
Event: 9.874 GC heap after
{Heap after GC invocations=40 (full 0):
 garbage-first heap   total 194560K, used 98449K [0x0000000700000000, 0x0000000800000000)
  region size 2048K, 3 young (6144K), 3 survivors (6144K)
 Metaspace       used 92373K, committed 93120K, reserved 1179648K
  class space    used 12536K, committed 12864K, reserved 1048576K
}
Event: 10.287 GC heap before
{Heap before GC invocations=41 (full 0):
 garbage-first heap   total 194560K, used 151697K [0x0000000700000000, 0x0000000800000000)
  region size 2048K, 30 young (61440K), 3 survivors (6144K)
 Metaspace       used 92810K, committed 93504K, reserved 1179648K
  class space    used 12573K, committed 12928K, reserved 1048576K
}
Event: 10.293 GC heap after
{Heap after GC invocations=42 (full 0):
 garbage-first heap   total 194560K, used 101969K [0x0000000700000000, 0x0000000800000000)
  region size 2048K, 4 young (8192K), 4 survivors (8192K)
 Metaspace       used 92810K, committed 93504K, reserved 1179648K
  class space    used 12573K, committed 12928K, reserved 1048576K
}
Event: 10.299 GC heap before
{Heap before GC invocations=42 (full 0):
 garbage-first heap   total 194560K, used 101969K [0x0000000700000000, 0x0000000800000000)
  region size 2048K, 5 young (10240K), 4 survivors (8192K)
 Metaspace       used 92817K, committed 93504K, reserved 1179648K
  class space    used 12573K, committed 12928K, reserved 1048576K
}
Event: 10.303 GC heap after
{Heap after GC invocations=43 (full 0):
 garbage-first heap   total 194560K, used 101374K [0x0000000700000000, 0x0000000800000000)
  region size 2048K, 1 young (2048K), 1 survivors (2048K)
 Metaspace       used 92817K, committed 93504K, reserved 1179648K
  class space    used 12573K, committed 12928K, reserved 1048576K
}
Event: 10.593 GC heap before
{Heap before GC invocations=43 (full 0):
 garbage-first heap   total 194560K, used 154622K [0x0000000700000000, 0x0000000800000000)
  region size 2048K, 28 young (57344K), 1 survivors (2048K)
 Metaspace       used 93179K, committed 93888K, reserved 1179648K
  class space    used 12611K, committed 12928K, reserved 1048576K
}
Event: 10.597 GC heap after
{Heap after GC invocations=44 (full 0):
 garbage-first heap   total 194560K, used 103595K [0x0000000700000000, 0x0000000800000000)
  region size 2048K, 2 young (4096K), 2 survivors (4096K)
 Metaspace       used 93179K, committed 93888K, reserved 1179648K
  class space    used 12611K, committed 12928K, reserved 1048576K
}
Event: 11.706 GC heap before
{Heap before GC invocations=45 (full 0):
 garbage-first heap   total 194560K, used 156843K [0x0000000700000000, 0x0000000800000000)
  region size 2048K, 29 young (59392K), 2 survivors (4096K)
 Metaspace       used 99937K, committed 100544K, reserved 1179648K
  class space    used 13510K, committed 13824K, reserved 1048576K
}
Event: 11.711 GC heap after
{Heap after GC invocations=46 (full 0):
 garbage-first heap   total 194560K, used 106900K [0x0000000700000000, 0x0000000800000000)
  region size 2048K, 4 young (8192K), 4 survivors (8192K)
 Metaspace       used 99937K, committed 100544K, reserved 1179648K
  class space    used 13510K, committed 13824K, reserved 1048576K
}
Event: 11.927 GC heap before
{Heap before GC invocations=46 (full 0):
 garbage-first heap   total 194560K, used 156052K [0x0000000700000000, 0x0000000800000000)
  region size 2048K, 29 young (59392K), 4 survivors (8192K)
 Metaspace       used 100146K, committed 100800K, reserved 1179648K
  class space    used 13519K, committed 13824K, reserved 1048576K
}
Event: 11.934 GC heap after
{Heap after GC invocations=47 (full 0):
 garbage-first heap   total 194560K, used 110055K [0x0000000700000000, 0x0000000800000000)
  region size 2048K, 4 young (8192K), 4 survivors (8192K)
 Metaspace       used 100146K, committed 100800K, reserved 1179648K
  class space    used 13519K, committed 13824K, reserved 1048576K
}

