# JRE version: OpenJDK Runtime Environment (17.0.7) (build 17.0.7+0-b2043.56-10550314)
# Java VM: OpenJDK 64-Bit Server VM (17.0.7+0-b2043.56-10550314, mixed mode, tiered, compressed oops, compressed class ptrs, g1 gc, windows-amd64)
GC Precious Log:
 CPUs: 20 total, 20 available
 Memory: 16110M
 Large Page Support: Disabled
 NUMA Support: Disabled
 Compressed Oops: Enabled (Zero based)
 Heap Region Size: 2M
 Heap Min Capacity: 8M
 Heap Initial Capacity: 252M
 Heap Max Capacity: 4G
 Pre-touch: Disabled
 Parallel Workers: 15
 Concurrent Workers: 4
 Concurrent Refinement Workers: 15
 Periodic GC: Disabled
Heap:
 garbage-first heap   total 374784K, used 224570K [0x0000000700000000, 0x0000000800000000)
  region size 2048K, 57 young (116736K), 9 survivors (18432K)
 Metaspace       used 112173K, committed 113024K, reserved 1179648K
  class space    used 14877K, committed 15296K, reserved 1048576K
GC Heap History (20 events):
Event: 50.732 GC heap before
{Heap before GC invocations=41 (full 0):
 garbage-first heap   total 172032K, used 96437K [0x0000000700000000, 0x0000000800000000)
  region size 2048K, 4 young (8192K), 3 survivors (6144K)
 Metaspace       used 94182K, committed 94848K, reserved 1179648K
  class space    used 12391K, committed 12672K, reserved 1048576K
}
Event: 50.734 GC heap after
{Heap after GC invocations=42 (full 0):
 garbage-first heap   total 172032K, used 95008K [0x0000000700000000, 0x0000000800000000)
  region size 2048K, 1 young (2048K), 1 survivors (2048K)
 Metaspace       used 94182K, committed 94848K, reserved 1179648K
  class space    used 12391K, committed 12672K, reserved 1048576K
}
Event: 51.027 GC heap before
{Heap before GC invocations=42 (full 0):
 garbage-first heap   total 172032K, used 138016K [0x0000000700000000, 0x0000000800000000)
  region size 2048K, 22 young (45056K), 1 survivors (2048K)
 Metaspace       used 94356K, committed 94976K, reserved 1179648K
  class space    used 12414K, committed 12672K, reserved 1048576K
}
Event: 51.030 GC heap after
{Heap after GC invocations=43 (full 0):
 garbage-first heap   total 172032K, used 102043K [0x0000000700000000, 0x0000000800000000)
  region size 2048K, 3 young (6144K), 3 survivors (6144K)
 Metaspace       used 94356K, committed 94976K, reserved 1179648K
  class space    used 12414K, committed 12672K, reserved 1048576K
}
Event: 51.438 GC heap before
{Heap before GC invocations=44 (full 0):
 garbage-first heap   total 178176K, used 138907K [0x0000000700000000, 0x0000000800000000)
  region size 2048K, 21 young (43008K), 3 survivors (6144K)
 Metaspace       used 96901K, committed 97536K, reserved 1179648K
  class space    used 12972K, committed 13248K, reserved 1048576K
}
Event: 51.441 GC heap after
{Heap after GC invocations=45 (full 0):
 garbage-first heap   total 178176K, used 105892K [0x0000000700000000, 0x0000000800000000)
  region size 2048K, 2 young (4096K), 2 survivors (4096K)
 Metaspace       used 96901K, committed 97536K, reserved 1179648K
  class space    used 12972K, committed 13248K, reserved 1048576K
}
Event: 51.460 GC heap before
{Heap before GC invocations=45 (full 0):
 garbage-first heap   total 178176K, used 109988K [0x0000000700000000, 0x0000000800000000)
  region size 2048K, 4 young (8192K), 2 survivors (4096K)
 Metaspace       used 97079K, committed 97664K, reserved 1179648K
  class space    used 13036K, committed 13312K, reserved 1048576K
}
Event: 51.462 GC heap after
{Heap after GC invocations=46 (full 0):
 garbage-first heap   total 178176K, used 106335K [0x0000000700000000, 0x0000000800000000)
  region size 2048K, 1 young (2048K), 1 survivors (2048K)
 Metaspace       used 97079K, committed 97664K, reserved 1179648K
  class space    used 13036K, committed 13312K, reserved 1048576K
}
Event: 51.517 GC heap before
{Heap before GC invocations=46 (full 0):
 garbage-first heap   total 178176K, used 141151K [0x0000000700000000, 0x0000000800000000)
  region size 2048K, 19 young (38912K), 1 survivors (2048K)
 Metaspace       used 97186K, committed 97856K, reserved 1179648K
  class space    used 13042K, committed 13312K, reserved 1048576K
}
Event: 51.519 GC heap after
{Heap after GC invocations=47 (full 0):
 garbage-first heap   total 178176K, used 108164K [0x0000000700000000, 0x0000000800000000)
  region size 2048K, 2 young (4096K), 2 survivors (4096K)
 Metaspace       used 97186K, committed 97856K, reserved 1179648K
  class space    used 13042K, committed 13312K, reserved 1048576K
}
Event: 51.721 GC heap before
{Heap before GC invocations=48 (full 0):
 garbage-first heap   total 202752K, used 142980K [0x0000000700000000, 0x0000000800000000)
  region size 2048K, 20 young (40960K), 2 survivors (4096K)
 Metaspace       used 97501K, committed 98112K, reserved 1179648K
  class space    used 13068K, committed 13312K, reserved 1048576K
}
Event: 51.723 GC heap after
{Heap after GC invocations=49 (full 0):
 garbage-first heap   total 202752K, used 110454K [0x0000000700000000, 0x0000000800000000)
  region size 2048K, 3 young (6144K), 3 survivors (6144K)
 Metaspace       used 97501K, committed 98112K, reserved 1179648K
  class space    used 13068K, committed 13312K, reserved 1048576K
}
Event: 51.762 GC heap before
{Heap before GC invocations=49 (full 0):
 garbage-first heap   total 202752K, used 112502K [0x0000000700000000, 0x0000000800000000)
  region size 2048K, 4 young (8192K), 3 survivors (6144K)
 Metaspace       used 97544K, committed 98112K, reserved 1179648K
  class space    used 13071K, committed 13312K, reserved 1048576K
}
Event: 51.764 GC heap after
{Heap after GC invocations=50 (full 0):
 garbage-first heap   total 202752K, used 110414K [0x0000000700000000, 0x0000000800000000)
  region size 2048K, 1 young (2048K), 1 survivors (2048K)
 Metaspace       used 97544K, committed 98112K, reserved 1179648K
  class space    used 13071K, committed 13312K, reserved 1048576K
}
Event: 51.860 GC heap before
{Heap before GC invocations=50 (full 0):
 garbage-first heap   total 202752K, used 161614K [0x0000000700000000, 0x0000000800000000)
  region size 2048K, 27 young (55296K), 1 survivors (2048K)
 Metaspace       used 97732K, committed 98432K, reserved 1179648K
  class space    used 13074K, committed 13376K, reserved 1048576K
}
Event: 51.862 GC heap after
{Heap after GC invocations=51 (full 0):
 garbage-first heap   total 374784K, used 113199K [0x0000000700000000, 0x0000000800000000)
  region size 2048K, 2 young (4096K), 2 survivors (4096K)
 Metaspace       used 97732K, committed 98432K, reserved 1179648K
  class space    used 13074K, committed 13376K, reserved 1048576K
}
Event: 52.677 GC heap before
{Heap before GC invocations=51 (full 0):
 garbage-first heap   total 374784K, used 272943K [0x0000000700000000, 0x0000000800000000)
  region size 2048K, 81 young (165888K), 2 survivors (4096K)
 Metaspace       used 104794K, committed 105472K, reserved 1179648K
  class space    used 13990K, committed 14336K, reserved 1048576K
}
Event: 52.681 GC heap after
{Heap after GC invocations=52 (full 0):
 garbage-first heap   total 374784K, used 122286K [0x0000000700000000, 0x0000000800000000)
  region size 2048K, 7 young (14336K), 7 survivors (14336K)
 Metaspace       used 104794K, committed 105472K, reserved 1179648K
  class space    used 13990K, committed 14336K, reserved 1048576K
}
Event: 58.039 GC heap before
{Heap before GC invocations=52 (full 0):
 garbage-first heap   total 374784K, used 290222K [0x0000000700000000, 0x0000000800000000)
  region size 2048K, 90 young (184320K), 7 survivors (14336K)
 Metaspace       used 111515K, committed 112256K, reserved 1179648K
  class space    used 14854K, committed 15232K, reserved 1048576K
}
Event: 58.044 GC heap after
{Heap after GC invocations=53 (full 0):
 garbage-first heap   total 374784K, used 130362K [0x0000000700000000, 0x0000000800000000)
  region size 2048K, 9 young (18432K), 9 survivors (18432K)
 Metaspace       used 111515K, committed 112256K, reserved 1179648K
  class space    used 14854K, committed 15232K, reserved 1048576K
}

