# JRE version: OpenJDK Runtime Environment (17.0.7) (build 17.0.7+0-b2043.56-10550314)
# Java VM: OpenJDK 64-Bit Server VM (17.0.7+0-b2043.56-10550314, mixed mode, tiered, compressed oops, compressed class ptrs, g1 gc, windows-amd64)
GC Precious Log:
 CPUs: 20 total, 20 available
 Memory: 16110M
 Large Page Support: Disabled
 NUMA Support: Disabled
 Compressed Oops: Enabled (Zero based)
 Heap Region Size: 2M
 Heap Min Capacity: 8M
 Heap Initial Capacity: 252M
 Heap Max Capacity: 4G
 Pre-touch: Disabled
 Parallel Workers: 15
 Concurrent Workers: 4
 Concurrent Refinement Workers: 15
 Periodic GC: Disabled
Heap:
 garbage-first heap   total 258048K, used 164991K [0x0000000700000000, 0x0000000800000000)
  region size 2048K, 2 young (4096K), 1 survivors (2048K)
 Metaspace       used 128631K, committed 129472K, reserved 1179648K
  class space    used 16554K, committed 16960K, reserved 1048576K
GC Heap History (20 events):
Event: 16.926 GC heap before
{Heap before GC invocations=33 (full 0):
 garbage-first heap   total 251904K, used 182427K [0x0000000700000000, 0x0000000800000000)
  region size 2048K, 34 young (69632K), 3 survivors (6144K)
 Metaspace       used 101720K, committed 102400K, reserved 1179648K
  class space    used 13632K, committed 13952K, reserved 1048576K
}
Event: 16.940 GC heap after
{Heap after GC invocations=34 (full 0):
 garbage-first heap   total 251904K, used 125478K [0x0000000700000000, 0x0000000800000000)
  region size 2048K, 5 young (10240K), 5 survivors (10240K)
 Metaspace       used 101720K, committed 102400K, reserved 1179648K
  class space    used 13632K, committed 13952K, reserved 1048576K
}
Event: 17.133 GC heap before
{Heap before GC invocations=34 (full 0):
 garbage-first heap   total 251904K, used 188966K [0x0000000700000000, 0x0000000800000000)
  region size 2048K, 37 young (75776K), 5 survivors (10240K)
 Metaspace       used 102373K, committed 103040K, reserved 1179648K
  class space    used 13687K, committed 14016K, reserved 1048576K
}
Event: 17.137 GC heap after
{Heap after GC invocations=35 (full 0):
 garbage-first heap   total 251904K, used 129388K [0x0000000700000000, 0x0000000800000000)
  region size 2048K, 3 young (6144K), 3 survivors (6144K)
 Metaspace       used 102373K, committed 103040K, reserved 1179648K
  class space    used 13687K, committed 14016K, reserved 1048576K
}
Event: 17.631 GC heap before
{Heap before GC invocations=35 (full 0):
 garbage-first heap   total 251904K, used 192876K [0x0000000700000000, 0x0000000800000000)
  region size 2048K, 35 young (71680K), 3 survivors (6144K)
 Metaspace       used 104543K, committed 105280K, reserved 1179648K
  class space    used 13855K, committed 14208K, reserved 1048576K
}
Event: 17.636 GC heap after
{Heap after GC invocations=36 (full 0):
 garbage-first heap   total 251904K, used 131552K [0x0000000700000000, 0x0000000800000000)
  region size 2048K, 4 young (8192K), 4 survivors (8192K)
 Metaspace       used 104543K, committed 105280K, reserved 1179648K
  class space    used 13855K, committed 14208K, reserved 1048576K
}
Event: 18.501 GC heap before
{Heap before GC invocations=36 (full 0):
 garbage-first heap   total 251904K, used 197088K [0x0000000700000000, 0x0000000800000000)
  region size 2048K, 37 young (75776K), 4 survivors (8192K)
 Metaspace       used 107854K, committed 108544K, reserved 1179648K
  class space    used 14297K, committed 14592K, reserved 1048576K
}
Event: 18.509 GC heap after
{Heap after GC invocations=37 (full 0):
 garbage-first heap   total 251904K, used 137742K [0x0000000700000000, 0x0000000800000000)
  region size 2048K, 5 young (10240K), 5 survivors (10240K)
 Metaspace       used 107854K, committed 108544K, reserved 1179648K
  class space    used 14297K, committed 14592K, reserved 1048576K
}
Event: 21.502 GC heap before
{Heap before GC invocations=37 (full 0):
 garbage-first heap   total 251904K, used 199182K [0x0000000700000000, 0x0000000800000000)
  region size 2048K, 36 young (73728K), 5 survivors (10240K)
 Metaspace       used 110730K, committed 111488K, reserved 1179648K
  class space    used 14667K, committed 15040K, reserved 1048576K
}
Event: 21.510 GC heap after
{Heap after GC invocations=38 (full 0):
 garbage-first heap   total 251904K, used 140892K [0x0000000700000000, 0x0000000800000000)
  region size 2048K, 2 young (4096K), 2 survivors (4096K)
 Metaspace       used 110730K, committed 111488K, reserved 1179648K
  class space    used 14667K, committed 15040K, reserved 1048576K
}
Event: 24.528 GC heap before
{Heap before GC invocations=38 (full 0):
 garbage-first heap   total 251904K, used 202332K [0x0000000700000000, 0x0000000800000000)
  region size 2048K, 33 young (67584K), 2 survivors (4096K)
 Metaspace       used 115519K, committed 116352K, reserved 1179648K
  class space    used 15279K, committed 15680K, reserved 1048576K
}
Event: 24.533 GC heap after
{Heap after GC invocations=39 (full 0):
 garbage-first heap   total 251904K, used 144844K [0x0000000700000000, 0x0000000800000000)
  region size 2048K, 4 young (8192K), 4 survivors (8192K)
 Metaspace       used 115519K, committed 116352K, reserved 1179648K
  class space    used 15279K, committed 15680K, reserved 1048576K
}
Event: 34.900 GC heap before
{Heap before GC invocations=39 (full 0):
 garbage-first heap   total 251904K, used 208332K [0x0000000700000000, 0x0000000800000000)
  region size 2048K, 35 young (71680K), 4 survivors (8192K)
 Metaspace       used 116594K, committed 117504K, reserved 1179648K
  class space    used 15362K, committed 15808K, reserved 1048576K
}
Event: 34.907 GC heap after
{Heap after GC invocations=40 (full 0):
 garbage-first heap   total 251904K, used 152093K [0x0000000700000000, 0x0000000800000000)
  region size 2048K, 5 young (10240K), 5 survivors (10240K)
 Metaspace       used 116594K, committed 117504K, reserved 1179648K
  class space    used 15362K, committed 15808K, reserved 1048576K
}
Event: 36.039 GC heap before
{Heap before GC invocations=40 (full 0):
 garbage-first heap   total 251904K, used 211485K [0x0000000700000000, 0x0000000800000000)
  region size 2048K, 31 young (63488K), 5 survivors (10240K)
 Metaspace       used 124904K, committed 125760K, reserved 1179648K
  class space    used 16279K, committed 16704K, reserved 1048576K
}
Event: 36.048 GC heap after
{Heap after GC invocations=41 (full 0):
 garbage-first heap   total 251904K, used 160191K [0x0000000700000000, 0x0000000800000000)
  region size 2048K, 3 young (6144K), 3 survivors (6144K)
 Metaspace       used 124904K, committed 125760K, reserved 1179648K
  class space    used 16279K, committed 16704K, reserved 1048576K
}
Event: 37.324 GC heap before
{Heap before GC invocations=41 (full 0):
 garbage-first heap   total 251904K, used 211391K [0x0000000700000000, 0x0000000800000000)
  region size 2048K, 27 young (55296K), 3 survivors (6144K)
 Metaspace       used 126298K, committed 127168K, reserved 1179648K
  class space    used 16399K, committed 16832K, reserved 1048576K
}
Event: 37.329 GC heap after
{Heap after GC invocations=42 (full 0):
 garbage-first heap   total 251904K, used 173219K [0x0000000700000000, 0x0000000800000000)
  region size 2048K, 4 young (8192K), 4 survivors (8192K)
 Metaspace       used 126298K, committed 127168K, reserved 1179648K
  class space    used 16399K, committed 16832K, reserved 1048576K
}
Event: 37.590 GC heap before
{Heap before GC invocations=42 (full 0):
 garbage-first heap   total 251904K, used 181411K [0x0000000700000000, 0x0000000800000000)
  region size 2048K, 10 young (20480K), 4 survivors (8192K)
 Metaspace       used 128611K, committed 129408K, reserved 1179648K
  class space    used 16561K, committed 16960K, reserved 1048576K
}
Event: 37.594 GC heap after
{Heap after GC invocations=43 (full 0):
 garbage-first heap   total 251904K, used 175231K [0x0000000700000000, 0x0000000800000000)
  region size 2048K, 1 young (2048K), 1 survivors (2048K)
 Metaspace       used 128611K, committed 129408K, reserved 1179648K
  class space    used 16561K, committed 16960K, reserved 1048576K
}

