# JRE version: OpenJDK Runtime Environment (17.0.7) (build 17.0.7+0-b2043.56-10550314)
# Java VM: OpenJDK 64-Bit Server VM (17.0.7+0-b2043.56-10550314, mixed mode, tiered, compressed oops, compressed class ptrs, g1 gc, windows-amd64)
GC Precious Log:
 CPUs: 20 total, 20 available
 Memory: 16110M
 Large Page Support: Disabled
 NUMA Support: Disabled
 Compressed Oops: Enabled (Zero based)
 Heap Region Size: 2M
 Heap Min Capacity: 8M
 Heap Initial Capacity: 252M
 Heap Max Capacity: 4G
 Pre-touch: Disabled
 Parallel Workers: 15
 Concurrent Workers: 4
 Concurrent Refinement Workers: 15
 Periodic GC: Disabled
Heap:
 garbage-first heap   total 116736K, used 69154K [0x0000000700000000, 0x0000000800000000)
  region size 2048K, 6 young (12288K), 2 survivors (4096K)
 Metaspace       used 67092K, committed 67584K, reserved 1114112K
  class space    used 8744K, committed 8960K, reserved 1048576K
GC Heap History (20 events):
Event: 4.758 GC heap before
{Heap before GC invocations=12 (full 0):
 garbage-first heap   total 69632K, used 50650K [0x0000000700000000, 0x0000000800000000)
  region size 2048K, 11 young (22528K), 1 survivors (2048K)
 Metaspace       used 47246K, committed 47680K, reserved 1114112K
  class space    used 6205K, committed 6400K, reserved 1048576K
}
Event: 4.761 GC heap after
{Heap after GC invocations=13 (full 0):
 garbage-first heap   total 69632K, used 33200K [0x0000000700000000, 0x0000000800000000)
  region size 2048K, 2 young (4096K), 2 survivors (4096K)
 Metaspace       used 47246K, committed 47680K, reserved 1114112K
  class space    used 6205K, committed 6400K, reserved 1048576K
}
Event: 5.050 GC heap before
{Heap before GC invocations=13 (full 0):
 garbage-first heap   total 69632K, used 53680K [0x0000000700000000, 0x0000000800000000)
  region size 2048K, 12 young (24576K), 2 survivors (4096K)
 Metaspace       used 49941K, committed 50368K, reserved 1114112K
  class space    used 6610K, committed 6784K, reserved 1048576K
}
Event: 5.053 GC heap after
{Heap after GC invocations=14 (full 0):
 garbage-first heap   total 83968K, used 34127K [0x0000000700000000, 0x0000000800000000)
  region size 2048K, 1 young (2048K), 1 survivors (2048K)
 Metaspace       used 49941K, committed 50368K, reserved 1114112K
  class space    used 6610K, committed 6784K, reserved 1048576K
}
Event: 5.423 GC heap before
{Heap before GC invocations=14 (full 0):
 garbage-first heap   total 83968K, used 62799K [0x0000000700000000, 0x0000000800000000)
  region size 2048K, 16 young (32768K), 1 survivors (2048K)
 Metaspace       used 50898K, committed 51328K, reserved 1114112K
  class space    used 6705K, committed 6912K, reserved 1048576K
}
Event: 5.427 GC heap after
{Heap after GC invocations=15 (full 0):
 garbage-first heap   total 83968K, used 36679K [0x0000000700000000, 0x0000000800000000)
  region size 2048K, 2 young (4096K), 2 survivors (4096K)
 Metaspace       used 50898K, committed 51328K, reserved 1114112K
  class space    used 6705K, committed 6912K, reserved 1048576K
}
Event: 5.665 GC heap before
{Heap before GC invocations=15 (full 0):
 garbage-first heap   total 83968K, used 67399K [0x0000000700000000, 0x0000000800000000)
  region size 2048K, 16 young (32768K), 2 survivors (4096K)
 Metaspace       used 52820K, committed 53248K, reserved 1114112K
  class space    used 6948K, committed 7104K, reserved 1048576K
}
Event: 5.671 GC heap after
{Heap after GC invocations=16 (full 0):
 garbage-first heap   total 83968K, used 50508K [0x0000000700000000, 0x0000000800000000)
  region size 2048K, 2 young (4096K), 2 survivors (4096K)
 Metaspace       used 52820K, committed 53248K, reserved 1114112K
  class space    used 6948K, committed 7104K, reserved 1048576K
}
Event: 5.906 GC heap before
{Heap before GC invocations=16 (full 0):
 garbage-first heap   total 83968K, used 64844K [0x0000000700000000, 0x0000000800000000)
  region size 2048K, 9 young (18432K), 2 survivors (4096K)
 Metaspace       used 54847K, committed 55232K, reserved 1114112K
  class space    used 7228K, committed 7424K, reserved 1048576K
}
Event: 5.909 GC heap after
{Heap after GC invocations=17 (full 0):
 garbage-first heap   total 83968K, used 51656K [0x0000000700000000, 0x0000000800000000)
  region size 2048K, 1 young (2048K), 1 survivors (2048K)
 Metaspace       used 54847K, committed 55232K, reserved 1114112K
  class space    used 7228K, committed 7424K, reserved 1048576K
}
Event: 6.102 GC heap before
{Heap before GC invocations=18 (full 0):
 garbage-first heap   total 92160K, used 65992K [0x0000000700000000, 0x0000000800000000)
  region size 2048K, 8 young (16384K), 1 survivors (2048K)
 Metaspace       used 57505K, committed 57984K, reserved 1114112K
  class space    used 7523K, committed 7744K, reserved 1048576K
}
Event: 6.104 GC heap after
{Heap after GC invocations=19 (full 0):
 garbage-first heap   total 92160K, used 51874K [0x0000000700000000, 0x0000000800000000)
  region size 2048K, 1 young (2048K), 1 survivors (2048K)
 Metaspace       used 57505K, committed 57984K, reserved 1114112K
  class space    used 7523K, committed 7744K, reserved 1048576K
}
Event: 6.531 GC heap before
{Heap before GC invocations=19 (full 0):
 garbage-first heap   total 92160K, used 70306K [0x0000000700000000, 0x0000000800000000)
  region size 2048K, 10 young (20480K), 1 survivors (2048K)
 Metaspace       used 60941K, committed 61440K, reserved 1114112K
  class space    used 7990K, committed 8192K, reserved 1048576K
}
Event: 6.534 GC heap after
{Heap after GC invocations=20 (full 0):
 garbage-first heap   total 92160K, used 53145K [0x0000000700000000, 0x0000000800000000)
  region size 2048K, 2 young (4096K), 2 survivors (4096K)
 Metaspace       used 60941K, committed 61440K, reserved 1114112K
  class space    used 7990K, committed 8192K, reserved 1048576K
}
Event: 6.700 GC heap before
{Heap before GC invocations=21 (full 0):
 garbage-first heap   total 96256K, used 69529K [0x0000000700000000, 0x0000000800000000)
  region size 2048K, 11 young (22528K), 2 survivors (4096K)
 Metaspace       used 62754K, committed 63232K, reserved 1114112K
  class space    used 8204K, committed 8384K, reserved 1048576K
}
Event: 6.704 GC heap after
{Heap after GC invocations=22 (full 0):
 garbage-first heap   total 96256K, used 60058K [0x0000000700000000, 0x0000000800000000)
  region size 2048K, 2 young (4096K), 2 survivors (4096K)
 Metaspace       used 62754K, committed 63232K, reserved 1114112K
  class space    used 8204K, committed 8384K, reserved 1048576K
}
Event: 6.865 GC heap before
{Heap before GC invocations=22 (full 0):
 garbage-first heap   total 96256K, used 72346K [0x0000000700000000, 0x0000000800000000)
  region size 2048K, 9 young (18432K), 2 survivors (4096K)
 Metaspace       used 63950K, committed 64448K, reserved 1114112K
  class space    used 8369K, committed 8640K, reserved 1048576K
}
Event: 6.868 GC heap after
{Heap after GC invocations=23 (full 0):
 garbage-first heap   total 116736K, used 60371K [0x0000000700000000, 0x0000000800000000)
  region size 2048K, 1 young (2048K), 1 survivors (2048K)
 Metaspace       used 63950K, committed 64448K, reserved 1114112K
  class space    used 8369K, committed 8640K, reserved 1048576K
}
Event: 7.242 GC heap before
{Heap before GC invocations=24 (full 0):
 garbage-first heap   total 116736K, used 91091K [0x0000000700000000, 0x0000000800000000)
  region size 2048K, 16 young (32768K), 1 survivors (2048K)
 Metaspace       used 66475K, committed 66944K, reserved 1114112K
  class space    used 8660K, committed 8896K, reserved 1048576K
}
Event: 7.245 GC heap after
{Heap after GC invocations=25 (full 0):
 garbage-first heap   total 116736K, used 63010K [0x0000000700000000, 0x0000000800000000)
  region size 2048K, 2 young (4096K), 2 survivors (4096K)
 Metaspace       used 66475K, committed 66944K, reserved 1114112K
  class space    used 8660K, committed 8896K, reserved 1048576K
}

