# JRE version: OpenJDK Runtime Environment (17.0.7) (build 17.0.7+0-b2043.56-10550314)
# Java VM: OpenJDK 64-Bit Server VM (17.0.7+0-b2043.56-10550314, mixed mode, tiered, compressed oops, compressed class ptrs, g1 gc, windows-amd64)
GC Precious Log:
 CPUs: 20 total, 20 available
 Memory: 16110M
 Large Page Support: Disabled
 NUMA Support: Disabled
 Compressed Oops: Enabled (Zero based)
 Heap Region Size: 2M
 Heap Min Capacity: 8M
 Heap Initial Capacity: 252M
 Heap Max Capacity: 4G
 Pre-touch: Disabled
 Parallel Workers: 15
 Concurrent Workers: 4
 Concurrent Refinement Workers: 15
 Periodic GC: Disabled
Heap:
 garbage-first heap   total 315392K, used 192022K [0x0000000700000000, 0x0000000800000000)
  region size 2048K, 16 young (32768K), 2 survivors (4096K)
 Metaspace       used 138390K, committed 139584K, reserved 1179648K
  class space    used 18208K, committed 18752K, reserved 1048576K
GC Heap History (20 events):
Event: 10.178 GC heap before
{Heap before GC invocations=40 (full 0):
 garbage-first heap   total 315392K, used 237349K [0x0000000700000000, 0x0000000800000000)
  region size 2048K, 66 young (135168K), 1 survivors (2048K)
 Metaspace       used 99702K, committed 100352K, reserved 1179648K
  class space    used 13453K, committed 13760K, reserved 1048576K
}
Event: 10.182 GC heap after
{Heap after GC invocations=41 (full 0):
 garbage-first heap   total 315392K, used 109965K [0x0000000700000000, 0x0000000800000000)
  region size 2048K, 4 young (8192K), 4 survivors (8192K)
 Metaspace       used 99702K, committed 100352K, reserved 1179648K
  class space    used 13453K, committed 13760K, reserved 1048576K
}
Event: 11.396 GC heap before
{Heap before GC invocations=41 (full 0):
 garbage-first heap   total 315392K, used 251277K [0x0000000700000000, 0x0000000800000000)
  region size 2048K, 69 young (141312K), 4 survivors (8192K)
 Metaspace       used 108311K, committed 109056K, reserved 1179648K
  class space    used 14382K, committed 14784K, reserved 1048576K
}
Event: 11.403 GC heap after
{Heap after GC invocations=42 (full 0):
 garbage-first heap   total 315392K, used 127574K [0x0000000700000000, 0x0000000800000000)
  region size 2048K, 9 young (18432K), 9 survivors (18432K)
 Metaspace       used 108311K, committed 109056K, reserved 1179648K
  class space    used 14382K, committed 14784K, reserved 1048576K
}
Event: 23.574 GC heap before
{Heap before GC invocations=42 (full 0):
 garbage-first heap   total 315392K, used 246358K [0x0000000700000000, 0x0000000800000000)
  region size 2048K, 68 young (139264K), 9 survivors (18432K)
 Metaspace       used 118788K, committed 119616K, reserved 1179648K
  class space    used 15471K, committed 15872K, reserved 1048576K
}
Event: 23.580 GC heap after
{Heap after GC invocations=43 (full 0):
 garbage-first heap   total 315392K, used 133278K [0x0000000700000000, 0x0000000800000000)
  region size 2048K, 5 young (10240K), 5 survivors (10240K)
 Metaspace       used 118788K, committed 119616K, reserved 1179648K
  class space    used 15471K, committed 15872K, reserved 1048576K
}
Event: 24.857 GC heap before
{Heap before GC invocations=43 (full 0):
 garbage-first heap   total 315392K, used 247966K [0x0000000700000000, 0x0000000800000000)
  region size 2048K, 62 young (126976K), 5 survivors (10240K)
 Metaspace       used 122622K, committed 123456K, reserved 1179648K
  class space    used 15898K, committed 16256K, reserved 1048576K
}
Event: 24.864 GC heap after
{Heap after GC invocations=44 (full 0):
 garbage-first heap   total 315392K, used 145000K [0x0000000700000000, 0x0000000800000000)
  region size 2048K, 8 young (16384K), 8 survivors (16384K)
 Metaspace       used 122622K, committed 123456K, reserved 1179648K
  class space    used 15898K, committed 16256K, reserved 1048576K
}
Event: 26.498 GC heap before
{Heap before GC invocations=44 (full 0):
 garbage-first heap   total 315392K, used 249448K [0x0000000700000000, 0x0000000800000000)
  region size 2048K, 60 young (122880K), 8 survivors (16384K)
 Metaspace       used 134266K, committed 135168K, reserved 1179648K
  class space    used 17758K, committed 18176K, reserved 1048576K
}
Event: 26.506 GC heap after
{Heap after GC invocations=45 (full 0):
 garbage-first heap   total 315392K, used 159695K [0x0000000700000000, 0x0000000800000000)
  region size 2048K, 7 young (14336K), 7 survivors (14336K)
 Metaspace       used 134266K, committed 135168K, reserved 1179648K
  class space    used 17758K, committed 18176K, reserved 1048576K
}
Event: 27.605 GC heap before
{Heap before GC invocations=45 (full 0):
 garbage-first heap   total 315392K, used 251855K [0x0000000700000000, 0x0000000800000000)
  region size 2048K, 52 young (106496K), 7 survivors (14336K)
 Metaspace       used 136173K, committed 137024K, reserved 1179648K
  class space    used 18002K, committed 18432K, reserved 1048576K
}
Event: 27.610 GC heap after
{Heap after GC invocations=46 (full 0):
 garbage-first heap   total 315392K, used 158394K [0x0000000700000000, 0x0000000800000000)
  region size 2048K, 4 young (8192K), 4 survivors (8192K)
 Metaspace       used 136173K, committed 137024K, reserved 1179648K
  class space    used 18002K, committed 18432K, reserved 1048576K
}
Event: 31.143 GC heap before
{Heap before GC invocations=46 (full 0):
 garbage-first heap   total 315392K, used 252602K [0x0000000700000000, 0x0000000800000000)
  region size 2048K, 51 young (104448K), 4 survivors (8192K)
 Metaspace       used 136870K, committed 137856K, reserved 1179648K
  class space    used 18070K, committed 18560K, reserved 1048576K
}
Event: 31.148 GC heap after
{Heap after GC invocations=47 (full 0):
 garbage-first heap   total 315392K, used 160999K [0x0000000700000000, 0x0000000800000000)
  region size 2048K, 6 young (12288K), 6 survivors (12288K)
 Metaspace       used 136870K, committed 137856K, reserved 1179648K
  class space    used 18070K, committed 18560K, reserved 1048576K
}
Event: 32.389 GC heap before
{Heap before GC invocations=47 (full 0):
 garbage-first heap   total 315392K, used 251111K [0x0000000700000000, 0x0000000800000000)
  region size 2048K, 51 young (104448K), 6 survivors (12288K)
 Metaspace       used 137182K, committed 138176K, reserved 1179648K
  class space    used 18085K, committed 18560K, reserved 1048576K
}
Event: 32.394 GC heap after
{Heap after GC invocations=48 (full 0):
 garbage-first heap   total 315392K, used 169303K [0x0000000700000000, 0x0000000800000000)
  region size 2048K, 5 young (10240K), 5 survivors (10240K)
 Metaspace       used 137182K, committed 138176K, reserved 1179648K
  class space    used 18085K, committed 18560K, reserved 1048576K
}
Event: 35.461 GC heap before
{Heap before GC invocations=48 (full 0):
 garbage-first heap   total 315392K, used 253271K [0x0000000700000000, 0x0000000800000000)
  region size 2048K, 47 young (96256K), 5 survivors (10240K)
 Metaspace       used 137768K, committed 138816K, reserved 1179648K
  class space    used 18127K, committed 18624K, reserved 1048576K
}
Event: 35.465 GC heap after
{Heap after GC invocations=49 (full 0):
 garbage-first heap   total 315392K, used 171128K [0x0000000700000000, 0x0000000800000000)
  region size 2048K, 5 young (10240K), 5 survivors (10240K)
 Metaspace       used 137768K, committed 138816K, reserved 1179648K
  class space    used 18127K, committed 18624K, reserved 1048576K
}
Event: 45.848 GC heap before
{Heap before GC invocations=49 (full 0):
 garbage-first heap   total 315392K, used 253048K [0x0000000700000000, 0x0000000800000000)
  region size 2048K, 46 young (94208K), 5 survivors (10240K)
 Metaspace       used 138299K, committed 139456K, reserved 1179648K
  class space    used 18206K, committed 18752K, reserved 1048576K
}
Event: 45.850 GC heap after
{Heap after GC invocations=50 (full 0):
 garbage-first heap   total 315392K, used 167446K [0x0000000700000000, 0x0000000800000000)
  region size 2048K, 2 young (4096K), 2 survivors (4096K)
 Metaspace       used 138299K, committed 139456K, reserved 1179648K
  class space    used 18206K, committed 18752K, reserved 1048576K
}

