# JRE version: OpenJDK Runtime Environment (17.0.7) (build 17.0.7+0-b2043.56-10550314)
# Java VM: OpenJDK 64-Bit Server VM (17.0.7+0-b2043.56-10550314, mixed mode, tiered, compressed oops, compressed class ptrs, g1 gc, windows-amd64)
GC Precious Log:
 CPUs: 20 total, 20 available
 Memory: 16110M
 Large Page Support: Disabled
 NUMA Support: Disabled
 Compressed Oops: Enabled (Zero based)
 Heap Region Size: 2M
 Heap Min Capacity: 8M
 Heap Initial Capacity: 252M
 Heap Max Capacity: 4G
 Pre-touch: Disabled
 Parallel Workers: 15
 Concurrent Workers: 4
 Concurrent Refinement Workers: 15
 Periodic GC: Disabled
Heap:
 garbage-first heap   total 294912K, used 202289K [0x0000000700000000, 0x0000000800000000)
  region size 2048K, 4 young (8192K), 4 survivors (8192K)
 Metaspace       used 106435K, committed 107008K, reserved 1179648K
  class space    used 14650K, committed 14912K, reserved 1048576K
GC Heap History (20 events):
Event: 8.164 GC heap after
{Heap after GC invocations=32 (full 0):
 garbage-first heap   total 163840K, used 93833K [0x0000000700000000, 0x0000000800000000)
  region size 2048K, 2 young (4096K), 2 survivors (4096K)
 Metaspace       used 91689K, committed 92352K, reserved 1179648K
  class space    used 12466K, committed 12800K, reserved 1048576K
}
Event: 8.322 GC heap before
{Heap before GC invocations=32 (full 0):
 garbage-first heap   total 163840K, used 128649K [0x0000000700000000, 0x0000000800000000)
  region size 2048K, 20 young (40960K), 2 survivors (4096K)
 Metaspace       used 91865K, committed 92544K, reserved 1179648K
  class space    used 12470K, committed 12800K, reserved 1048576K
}
Event: 8.324 GC heap after
{Heap after GC invocations=33 (full 0):
 garbage-first heap   total 217088K, used 95708K [0x0000000700000000, 0x0000000800000000)
  region size 2048K, 3 young (6144K), 3 survivors (6144K)
 Metaspace       used 91865K, committed 92544K, reserved 1179648K
  class space    used 12470K, committed 12800K, reserved 1048576K
}
Event: 8.785 GC heap before
{Heap before GC invocations=34 (full 0):
 garbage-first heap   total 217088K, used 169436K [0x0000000700000000, 0x0000000800000000)
  region size 2048K, 40 young (81920K), 3 survivors (6144K)
 Metaspace       used 93957K, committed 94592K, reserved 1179648K
  class space    used 12721K, committed 13056K, reserved 1048576K
}
Event: 8.788 GC heap after
{Heap after GC invocations=35 (full 0):
 garbage-first heap   total 217088K, used 100117K [0x0000000700000000, 0x0000000800000000)
  region size 2048K, 5 young (10240K), 5 survivors (10240K)
 Metaspace       used 93957K, committed 94592K, reserved 1179648K
  class space    used 12721K, committed 13056K, reserved 1048576K
}
Event: 9.369 GC heap before
{Heap before GC invocations=35 (full 0):
 garbage-first heap   total 217088K, used 169749K [0x0000000700000000, 0x0000000800000000)
  region size 2048K, 40 young (81920K), 5 survivors (10240K)
 Metaspace       used 99257K, committed 99904K, reserved 1179648K
  class space    used 13438K, committed 13760K, reserved 1048576K
}
Event: 9.374 GC heap after
{Heap after GC invocations=36 (full 0):
 garbage-first heap   total 217088K, used 104998K [0x0000000700000000, 0x0000000800000000)
  region size 2048K, 5 young (10240K), 5 survivors (10240K)
 Metaspace       used 99257K, committed 99904K, reserved 1179648K
  class space    used 13438K, committed 13760K, reserved 1048576K
}
Event: 9.553 GC heap before
{Heap before GC invocations=36 (full 0):
 garbage-first heap   total 217088K, used 166438K [0x0000000700000000, 0x0000000800000000)
  region size 2048K, 37 young (75776K), 5 survivors (10240K)
 Metaspace       used 99876K, committed 100480K, reserved 1179648K
  class space    used 13495K, committed 13760K, reserved 1048576K
}
Event: 9.557 GC heap after
{Heap after GC invocations=37 (full 0):
 garbage-first heap   total 217088K, used 108458K [0x0000000700000000, 0x0000000800000000)
  region size 2048K, 5 young (10240K), 5 survivors (10240K)
 Metaspace       used 99876K, committed 100480K, reserved 1179648K
  class space    used 13495K, committed 13760K, reserved 1048576K
}
Event: 10.001 GC heap before
{Heap before GC invocations=38 (full 0):
 garbage-first heap   total 235520K, used 206762K [0x0000000700000000, 0x0000000800000000)
  region size 2048K, 38 young (77824K), 5 survivors (10240K)
 Metaspace       used 103478K, committed 104192K, reserved 1179648K
  class space    used 14012K, committed 14336K, reserved 1048576K
}
Event: 10.006 GC heap after
{Heap after GC invocations=39 (full 0):
 garbage-first heap   total 237568K, used 146050K [0x0000000700000000, 0x0000000800000000)
  region size 2048K, 5 young (10240K), 5 survivors (10240K)
 Metaspace       used 103478K, committed 104192K, reserved 1179648K
  class space    used 14012K, committed 14336K, reserved 1048576K
}
Event: 10.045 GC heap before
{Heap before GC invocations=39 (full 0):
 garbage-first heap   total 237568K, used 148098K [0x0000000700000000, 0x0000000800000000)
  region size 2048K, 6 young (12288K), 5 survivors (10240K)
 Metaspace       used 103738K, committed 104384K, reserved 1179648K
  class space    used 14058K, committed 14336K, reserved 1048576K
}
Event: 10.049 GC heap after
{Heap after GC invocations=40 (full 0):
 garbage-first heap   total 237568K, used 147219K [0x0000000700000000, 0x0000000800000000)
  region size 2048K, 1 young (2048K), 1 survivors (2048K)
 Metaspace       used 103738K, committed 104384K, reserved 1179648K
  class space    used 14058K, committed 14336K, reserved 1048576K
}
Event: 10.305 GC heap before
{Heap before GC invocations=40 (full 0):
 garbage-first heap   total 237568K, used 192275K [0x0000000700000000, 0x0000000800000000)
  region size 2048K, 24 young (49152K), 1 survivors (2048K)
 Metaspace       used 103795K, committed 104448K, reserved 1179648K
  class space    used 14059K, committed 14336K, reserved 1048576K
}
Event: 10.312 GC heap after
{Heap after GC invocations=41 (full 0):
 garbage-first heap   total 237568K, used 164245K [0x0000000700000000, 0x0000000800000000)
  region size 2048K, 3 young (6144K), 3 survivors (6144K)
 Metaspace       used 103795K, committed 104448K, reserved 1179648K
  class space    used 14059K, committed 14336K, reserved 1048576K
}
Event: 10.475 GC heap before
{Heap before GC invocations=42 (full 0):
 garbage-first heap   total 294912K, used 188821K [0x0000000700000000, 0x0000000800000000)
  region size 2048K, 16 young (32768K), 3 survivors (6144K)
 Metaspace       used 106250K, committed 106880K, reserved 1179648K
  class space    used 14647K, committed 14912K, reserved 1048576K
}
Event: 10.482 GC heap after
{Heap after GC invocations=43 (full 0):
 garbage-first heap   total 294912K, used 173305K [0x0000000700000000, 0x0000000800000000)
  region size 2048K, 2 young (4096K), 2 survivors (4096K)
 Metaspace       used 106250K, committed 106880K, reserved 1179648K
  class space    used 14647K, committed 14912K, reserved 1048576K
}
Event: 10.508 GC heap before
{Heap before GC invocations=43 (full 0):
 garbage-first heap   total 294912K, used 183544K [0x0000000700000000, 0x0000000800000000)
  region size 2048K, 7 young (14336K), 2 survivors (4096K)
 Metaspace       used 106298K, committed 106880K, reserved 1179648K
  class space    used 14650K, committed 14912K, reserved 1048576K
}
Event: 10.513 GC heap after
{Heap after GC invocations=44 (full 0):
 garbage-first heap   total 294912K, used 178036K [0x0000000700000000, 0x0000000800000000)
  region size 2048K, 1 young (2048K), 1 survivors (2048K)
 Metaspace       used 106298K, committed 106880K, reserved 1179648K
  class space    used 14650K, committed 14912K, reserved 1048576K
}
Event: 10.611 GC heap before
{Heap before GC invocations=44 (full 0):
 garbage-first heap   total 294912K, used 225140K [0x0000000700000000, 0x0000000800000000)
  region size 2048K, 25 young (51200K), 1 survivors (2048K)
 Metaspace       used 106435K, committed 107008K, reserved 1179648K
  class space    used 14650K, committed 14912K, reserved 1048576K
}

