# JRE version: OpenJDK Runtime Environment (17.0.7) (build 17.0.7+0-b2043.56-10550314)
# Java VM: OpenJDK 64-Bit Server VM (17.0.7+0-b2043.56-10550314, mixed mode, tiered, compressed oops, compressed class ptrs, g1 gc, windows-amd64)
GC Precious Log:
 CPUs: 20 total, 20 available
 Memory: 16110M
 Large Page Support: Disabled
 NUMA Support: Disabled
 Compressed Oops: Enabled (Zero based)
 Heap Region Size: 2M
 Heap Min Capacity: 8M
 Heap Initial Capacity: 252M
 Heap Max Capacity: 4G
 Pre-touch: Disabled
 Parallel Workers: 15
 Concurrent Workers: 4
 Concurrent Refinement Workers: 15
 Periodic GC: Disabled
Heap:
 garbage-first heap   total 258048K, used 115530K [0x0000000700000000, 0x0000000800000000)
  region size 2048K, 4 young (8192K), 4 survivors (8192K)
 Metaspace       used 103764K, committed 104384K, reserved 1179648K
  class space    used 13825K, committed 14144K, reserved 1048576K
GC Heap History (20 events):
Event: 7.853 GC heap after
{Heap after GC invocations=39 (full 0):
 garbage-first heap   total 147456K, used 93584K [0x0000000700000000, 0x0000000800000000)
  region size 2048K, 3 young (6144K), 3 survivors (6144K)
 Metaspace       used 90422K, committed 91136K, reserved 1179648K
  class space    used 12183K, committed 12544K, reserved 1048576K
}
Event: 8.121 GC heap before
{Heap before GC invocations=40 (full 0):
 garbage-first heap   total 161792K, used 116112K [0x0000000700000000, 0x0000000800000000)
  region size 2048K, 15 young (30720K), 3 survivors (6144K)
 Metaspace       used 91738K, committed 92416K, reserved 1179648K
  class space    used 12519K, committed 12864K, reserved 1048576K
}
Event: 8.124 GC heap after
{Heap after GC invocations=41 (full 0):
 garbage-first heap   total 161792K, used 95683K [0x0000000700000000, 0x0000000800000000)
  region size 2048K, 2 young (4096K), 2 survivors (4096K)
 Metaspace       used 91738K, committed 92416K, reserved 1179648K
  class space    used 12519K, committed 12864K, reserved 1048576K
}
Event: 8.173 GC heap before
{Heap before GC invocations=41 (full 0):
 garbage-first heap   total 161792K, used 126403K [0x0000000700000000, 0x0000000800000000)
  region size 2048K, 18 young (36864K), 2 survivors (4096K)
 Metaspace       used 91821K, committed 92480K, reserved 1179648K
  class space    used 12522K, committed 12864K, reserved 1048576K
}
Event: 8.176 GC heap after
{Heap after GC invocations=42 (full 0):
 garbage-first heap   total 194560K, used 97129K [0x0000000700000000, 0x0000000800000000)
  region size 2048K, 3 young (6144K), 3 survivors (6144K)
 Metaspace       used 91821K, committed 92480K, reserved 1179648K
  class space    used 12522K, committed 12864K, reserved 1048576K
}
Event: 8.464 GC heap before
{Heap before GC invocations=43 (full 0):
 garbage-first heap   total 194560K, used 150377K [0x0000000700000000, 0x0000000800000000)
  region size 2048K, 30 young (61440K), 3 survivors (6144K)
 Metaspace       used 92291K, committed 92928K, reserved 1179648K
  class space    used 12559K, committed 12864K, reserved 1048576K
}
Event: 8.467 GC heap after
{Heap after GC invocations=44 (full 0):
 garbage-first heap   total 194560K, used 100445K [0x0000000700000000, 0x0000000800000000)
  region size 2048K, 4 young (8192K), 4 survivors (8192K)
 Metaspace       used 92291K, committed 92928K, reserved 1179648K
  class space    used 12559K, committed 12864K, reserved 1048576K
}
Event: 8.470 GC heap before
{Heap before GC invocations=44 (full 0):
 garbage-first heap   total 194560K, used 102493K [0x0000000700000000, 0x0000000800000000)
  region size 2048K, 5 young (10240K), 4 survivors (8192K)
 Metaspace       used 92294K, committed 92928K, reserved 1179648K
  class space    used 12559K, committed 12864K, reserved 1048576K
}
Event: 8.472 GC heap after
{Heap after GC invocations=45 (full 0):
 garbage-first heap   total 194560K, used 100065K [0x0000000700000000, 0x0000000800000000)
  region size 2048K, 1 young (2048K), 1 survivors (2048K)
 Metaspace       used 92294K, committed 92928K, reserved 1179648K
  class space    used 12559K, committed 12864K, reserved 1048576K
}
Event: 8.604 GC heap before
{Heap before GC invocations=45 (full 0):
 garbage-first heap   total 194560K, used 153313K [0x0000000700000000, 0x0000000800000000)
  region size 2048K, 28 young (57344K), 1 survivors (2048K)
 Metaspace       used 92642K, committed 93376K, reserved 1179648K
  class space    used 12576K, committed 12928K, reserved 1048576K
}
Event: 8.607 GC heap after
{Heap after GC invocations=46 (full 0):
 garbage-first heap   total 194560K, used 102815K [0x0000000700000000, 0x0000000800000000)
  region size 2048K, 2 young (4096K), 2 survivors (4096K)
 Metaspace       used 92642K, committed 93376K, reserved 1179648K
  class space    used 12576K, committed 12928K, reserved 1048576K
}
Event: 9.071 GC heap before
{Heap before GC invocations=47 (full 0):
 garbage-first heap   total 204800K, used 156063K [0x0000000700000000, 0x0000000800000000)
  region size 2048K, 29 young (59392K), 2 survivors (4096K)
 Metaspace       used 94293K, committed 94912K, reserved 1179648K
  class space    used 12805K, committed 13120K, reserved 1048576K
}
Event: 9.074 GC heap after
{Heap after GC invocations=48 (full 0):
 garbage-first heap   total 204800K, used 105566K [0x0000000700000000, 0x0000000800000000)
  region size 2048K, 4 young (8192K), 4 survivors (8192K)
 Metaspace       used 94293K, committed 94912K, reserved 1179648K
  class space    used 12805K, committed 13120K, reserved 1048576K
}
Event: 9.100 GC heap before
{Heap before GC invocations=48 (full 0):
 garbage-first heap   total 204800K, used 107614K [0x0000000700000000, 0x0000000800000000)
  region size 2048K, 5 young (10240K), 4 survivors (8192K)
 Metaspace       used 94636K, committed 95296K, reserved 1179648K
  class space    used 12855K, committed 13184K, reserved 1048576K
}
Event: 9.102 GC heap after
{Heap after GC invocations=49 (full 0):
 garbage-first heap   total 204800K, used 105295K [0x0000000700000000, 0x0000000800000000)
  region size 2048K, 1 young (2048K), 1 survivors (2048K)
 Metaspace       used 94636K, committed 95296K, reserved 1179648K
  class space    used 12855K, committed 13184K, reserved 1048576K
}
Event: 9.670 GC heap before
{Heap before GC invocations=49 (full 0):
 garbage-first heap   total 204800K, used 168783K [0x0000000700000000, 0x0000000800000000)
  region size 2048K, 32 young (65536K), 1 survivors (2048K)
 Metaspace       used 99385K, committed 100096K, reserved 1179648K
  class space    used 13415K, committed 13760K, reserved 1048576K
}
Event: 9.672 GC heap after
{Heap after GC invocations=50 (full 0):
 garbage-first heap   total 204800K, used 109191K [0x0000000700000000, 0x0000000800000000)
  region size 2048K, 3 young (6144K), 3 survivors (6144K)
 Metaspace       used 99385K, committed 100096K, reserved 1179648K
  class space    used 13415K, committed 13760K, reserved 1048576K
}
Event: 9.772 GC heap before
{Heap before GC invocations=51 (full 0):
 garbage-first heap   total 208896K, used 166535K [0x0000000700000000, 0x0000000800000000)
  region size 2048K, 32 young (65536K), 3 survivors (6144K)
 Metaspace       used 99443K, committed 100096K, reserved 1179648K
  class space    used 13417K, committed 13760K, reserved 1048576K
}
Event: 9.776 GC heap after
{Heap after GC invocations=52 (full 0):
 garbage-first heap   total 208896K, used 112660K [0x0000000700000000, 0x0000000800000000)
  region size 2048K, 2 young (4096K), 2 survivors (4096K)
 Metaspace       used 99443K, committed 100096K, reserved 1179648K
  class space    used 13417K, committed 13760K, reserved 1048576K
}
Event: 18.444 GC heap before
{Heap before GC invocations=52 (full 0):
 garbage-first heap   total 208896K, used 170004K [0x0000000700000000, 0x0000000800000000)
  region size 2048K, 31 young (63488K), 2 survivors (4096K)
 Metaspace       used 103764K, committed 104384K, reserved 1179648K
  class space    used 13825K, committed 14144K, reserved 1048576K
}

