# JRE version: OpenJDK Runtime Environment (17.0.7) (build 17.0.7+0-b2043.56-10550314)
# Java VM: OpenJDK 64-Bit Server VM (17.0.7+0-b2043.56-10550314, mixed mode, tiered, compressed oops, compressed class ptrs, g1 gc, windows-amd64)
GC Precious Log:
 CPUs: 20 total, 20 available
 Memory: 16110M
 Large Page Support: Disabled
 NUMA Support: Disabled
 Compressed Oops: Enabled (32-bit)
 Heap Region Size: 1M
 Heap Min Capacity: 8M
 Heap Initial Capacity: 252M
 Heap Max Capacity: 2G
 Pre-touch: Disabled
 Parallel Workers: 15
 Concurrent Workers: 4
 Concurrent Refinement Workers: 15
 Periodic GC: Disabled
Heap:
 garbage-first heap   total 159744K, used 66689K [0x0000000080000000, 0x0000000100000000)
  region size 1024K, 11 young (11264K), 5 survivors (5120K)
 Metaspace       used 72822K, committed 73408K, reserved 1114112K
  class space    used 9519K, committed 9792K, reserved 1048576K
GC Heap History (20 events):
Event: 2.397 GC heap before
{Heap before GC invocations=5 (full 0):
 garbage-first heap   total 61440K, used 19821K [0x0000000080000000, 0x0000000100000000)
  region size 1024K, 3 young (3072K), 2 survivors (2048K)
 Metaspace       used 26170K, committed 26432K, reserved 1114112K
  class space    used 3399K, committed 3520K, reserved 1048576K
}
Event: 2.401 GC heap after
{Heap after GC invocations=6 (full 0):
 garbage-first heap   total 61440K, used 18822K [0x0000000080000000, 0x0000000100000000)
  region size 1024K, 1 young (1024K), 1 survivors (1024K)
 Metaspace       used 26170K, committed 26432K, reserved 1114112K
  class space    used 3399K, committed 3520K, reserved 1048576K
}
Event: 2.760 GC heap before
{Heap before GC invocations=6 (full 0):
 garbage-first heap   total 61440K, used 42374K [0x0000000080000000, 0x0000000100000000)
  region size 1024K, 24 young (24576K), 1 survivors (1024K)
 Metaspace       used 30578K, committed 30848K, reserved 1114112K
  class space    used 3965K, committed 4096K, reserved 1048576K
}
Event: 2.762 GC heap after
{Heap after GC invocations=7 (full 0):
 garbage-first heap   total 61440K, used 19914K [0x0000000080000000, 0x0000000100000000)
  region size 1024K, 2 young (2048K), 2 survivors (2048K)
 Metaspace       used 30578K, committed 30848K, reserved 1114112K
  class space    used 3965K, committed 4096K, reserved 1048576K
}
Event: 3.070 GC heap before
{Heap before GC invocations=7 (full 0):
 garbage-first heap   total 61440K, used 43466K [0x0000000080000000, 0x0000000100000000)
  region size 1024K, 25 young (25600K), 2 survivors (2048K)
 Metaspace       used 34643K, committed 34944K, reserved 1114112K
  class space    used 4590K, committed 4672K, reserved 1048576K
}
Event: 3.072 GC heap after
{Heap after GC invocations=8 (full 0):
 garbage-first heap   total 61440K, used 20841K [0x0000000080000000, 0x0000000100000000)
  region size 1024K, 3 young (3072K), 3 survivors (3072K)
 Metaspace       used 34643K, committed 34944K, reserved 1114112K
  class space    used 4590K, committed 4672K, reserved 1048576K
}
Event: 3.187 GC heap before
{Heap before GC invocations=8 (full 0):
 garbage-first heap   total 61440K, used 28009K [0x0000000080000000, 0x0000000100000000)
  region size 1024K, 11 young (11264K), 3 survivors (3072K)
 Metaspace       used 35676K, committed 35968K, reserved 1114112K
  class space    used 4763K, committed 4928K, reserved 1048576K
}
Event: 3.190 GC heap after
{Heap after GC invocations=9 (full 0):
 garbage-first heap   total 61440K, used 21221K [0x0000000080000000, 0x0000000100000000)
  region size 1024K, 2 young (2048K), 2 survivors (2048K)
 Metaspace       used 35676K, committed 35968K, reserved 1114112K
  class space    used 4763K, committed 4928K, reserved 1048576K
}
Event: 3.588 GC heap before
{Heap before GC invocations=10 (full 0):
 garbage-first heap   total 61440K, used 45797K [0x0000000080000000, 0x0000000100000000)
  region size 1024K, 26 young (26624K), 2 survivors (2048K)
 Metaspace       used 40006K, committed 40320K, reserved 1114112K
  class space    used 5352K, committed 5504K, reserved 1048576K
}
Event: 3.591 GC heap after
{Heap after GC invocations=11 (full 0):
 garbage-first heap   total 159744K, used 23223K [0x0000000080000000, 0x0000000100000000)
  region size 1024K, 4 young (4096K), 4 survivors (4096K)
 Metaspace       used 40006K, committed 40320K, reserved 1114112K
  class space    used 5352K, committed 5504K, reserved 1048576K
}
Event: 4.891 GC heap before
{Heap before GC invocations=11 (full 0):
 garbage-first heap   total 159744K, used 109239K [0x0000000080000000, 0x0000000100000000)
  region size 1024K, 86 young (88064K), 4 survivors (4096K)
 Metaspace       used 50235K, committed 50624K, reserved 1114112K
  class space    used 6609K, committed 6784K, reserved 1048576K
}
Event: 4.923 GC heap after
{Heap after GC invocations=12 (full 0):
 garbage-first heap   total 159744K, used 31621K [0x0000000080000000, 0x0000000100000000)
  region size 1024K, 11 young (11264K), 11 survivors (11264K)
 Metaspace       used 50235K, committed 50624K, reserved 1114112K
  class space    used 6609K, committed 6784K, reserved 1048576K
}
Event: 6.398 GC heap before
{Heap before GC invocations=12 (full 0):
 garbage-first heap   total 159744K, used 118661K [0x0000000080000000, 0x0000000100000000)
  region size 1024K, 90 young (92160K), 11 survivors (11264K)
 Metaspace       used 55305K, committed 55744K, reserved 1114112K
  class space    used 7288K, committed 7488K, reserved 1048576K
}
Event: 6.418 GC heap after
{Heap after GC invocations=13 (full 0):
 garbage-first heap   total 159744K, used 48494K [0x0000000080000000, 0x0000000100000000)
  region size 1024K, 11 young (11264K), 11 survivors (11264K)
 Metaspace       used 55305K, committed 55744K, reserved 1114112K
  class space    used 7288K, committed 7488K, reserved 1048576K
}
Event: 6.958 GC heap before
{Heap before GC invocations=13 (full 0):
 garbage-first heap   total 159744K, used 79214K [0x0000000080000000, 0x0000000100000000)
  region size 1024K, 42 young (43008K), 11 survivors (11264K)
 Metaspace       used 59724K, committed 60096K, reserved 1114112K
  class space    used 7844K, committed 8000K, reserved 1048576K
}
Event: 6.962 GC heap after
{Heap after GC invocations=14 (full 0):
 garbage-first heap   total 159744K, used 50690K [0x0000000080000000, 0x0000000100000000)
  region size 1024K, 2 young (2048K), 2 survivors (2048K)
 Metaspace       used 59724K, committed 60096K, reserved 1114112K
  class space    used 7844K, committed 8000K, reserved 1048576K
}
Event: 8.268 GC heap before
{Heap before GC invocations=15 (full 0):
 garbage-first heap   total 159744K, used 128514K [0x0000000080000000, 0x0000000100000000)
  region size 1024K, 72 young (73728K), 2 survivors (2048K)
 Metaspace       used 68564K, committed 69120K, reserved 1114112K
  class space    used 8967K, committed 9216K, reserved 1048576K
}
Event: 8.273 GC heap after
{Heap after GC invocations=16 (full 0):
 garbage-first heap   total 159744K, used 56721K [0x0000000080000000, 0x0000000100000000)
  region size 1024K, 8 young (8192K), 8 survivors (8192K)
 Metaspace       used 68564K, committed 69120K, reserved 1114112K
  class space    used 8967K, committed 9216K, reserved 1048576K
}
Event: 9.207 GC heap before
{Heap before GC invocations=16 (full 0):
 garbage-first heap   total 159744K, used 124305K [0x0000000080000000, 0x0000000100000000)
  region size 1024K, 73 young (74752K), 8 survivors (8192K)
 Metaspace       used 72818K, committed 73408K, reserved 1114112K
  class space    used 9518K, committed 9792K, reserved 1048576K
}
Event: 9.214 GC heap after
{Heap after GC invocations=17 (full 0):
 garbage-first heap   total 159744K, used 61569K [0x0000000080000000, 0x0000000100000000)
  region size 1024K, 5 young (5120K), 5 survivors (5120K)
 Metaspace       used 72818K, committed 73408K, reserved 1114112K
  class space    used 9518K, committed 9792K, reserved 1048576K
}

