# JRE version: OpenJDK Runtime Environment (17.0.7) (build 17.0.7+0-b2043.56-10550314)
# Java VM: OpenJDK 64-Bit Server VM (17.0.7+0-b2043.56-10550314, mixed mode, tiered, compressed oops, compressed class ptrs, g1 gc, windows-amd64)
GC Precious Log:
 CPUs: 20 total, 20 available
 Memory: 16110M
 Large Page Support: Disabled
 NUMA Support: Disabled
 Compressed Oops: Enabled (Zero based)
 Heap Region Size: 2M
 Heap Min Capacity: 8M
 Heap Initial Capacity: 252M
 Heap Max Capacity: 4G
 Pre-touch: Disabled
 Parallel Workers: 15
 Concurrent Workers: 4
 Concurrent Refinement Workers: 15
 Periodic GC: Disabled
Heap:
 garbage-first heap   total 258048K, used 101153K [0x0000000700000000, 0x0000000800000000)
  region size 2048K, 4 young (8192K), 4 survivors (8192K)
 Metaspace       used 92555K, committed 93184K, reserved 1179648K
  class space    used 12525K, committed 12800K, reserved 1048576K
GC Heap History (20 events):
Event: 5.035 GC heap after
{Heap after GC invocations=20 (full 0):
 garbage-first heap   total 133120K, used 63792K [0x0000000700000000, 0x0000000800000000)
  region size 2048K, 2 young (4096K), 2 survivors (4096K)
 Metaspace       used 65688K, committed 66240K, reserved 1114112K
  class space    used 8571K, committed 8832K, reserved 1048576K
}
Event: 5.054 GC heap before
{Heap before GC invocations=20 (full 0):
 garbage-first heap   total 133120K, used 65840K [0x0000000700000000, 0x0000000800000000)
  region size 2048K, 3 young (6144K), 2 survivors (4096K)
 Metaspace       used 65930K, committed 66432K, reserved 1114112K
  class space    used 8607K, committed 8832K, reserved 1048576K
}
Event: 5.056 GC heap after
{Heap after GC invocations=21 (full 0):
 garbage-first heap   total 133120K, used 62722K [0x0000000700000000, 0x0000000800000000)
  region size 2048K, 1 young (2048K), 1 survivors (2048K)
 Metaspace       used 65930K, committed 66432K, reserved 1114112K
  class space    used 8607K, committed 8832K, reserved 1048576K
}
Event: 5.472 GC heap before
{Heap before GC invocations=21 (full 0):
 garbage-first heap   total 133120K, used 99586K [0x0000000700000000, 0x0000000800000000)
  region size 2048K, 19 young (38912K), 1 survivors (2048K)
 Metaspace       used 69558K, committed 70144K, reserved 1114112K
  class space    used 9057K, committed 9344K, reserved 1048576K
}
Event: 5.475 GC heap after
{Heap after GC invocations=22 (full 0):
 garbage-first heap   total 133120K, used 64572K [0x0000000700000000, 0x0000000800000000)
  region size 2048K, 2 young (4096K), 2 survivors (4096K)
 Metaspace       used 69558K, committed 70144K, reserved 1114112K
  class space    used 9057K, committed 9344K, reserved 1048576K
}
Event: 5.661 GC heap before
{Heap before GC invocations=23 (full 0):
 garbage-first heap   total 133120K, used 101436K [0x0000000700000000, 0x0000000800000000)
  region size 2048K, 20 young (40960K), 2 survivors (4096K)
 Metaspace       used 69904K, committed 70400K, reserved 1114112K
  class space    used 9096K, committed 9344K, reserved 1048576K
}
Event: 5.664 GC heap after
{Heap after GC invocations=24 (full 0):
 garbage-first heap   total 133120K, used 67872K [0x0000000700000000, 0x0000000800000000)
  region size 2048K, 3 young (6144K), 3 survivors (6144K)
 Metaspace       used 69904K, committed 70400K, reserved 1114112K
  class space    used 9096K, committed 9344K, reserved 1048576K
}
Event: 5.665 GC heap before
{Heap before GC invocations=24 (full 0):
 garbage-first heap   total 133120K, used 69920K [0x0000000700000000, 0x0000000800000000)
  region size 2048K, 4 young (8192K), 3 survivors (6144K)
 Metaspace       used 69904K, committed 70400K, reserved 1114112K
  class space    used 9096K, committed 9344K, reserved 1048576K
}
Event: 5.668 GC heap after
{Heap after GC invocations=25 (full 0):
 garbage-first heap   total 186368K, used 66729K [0x0000000700000000, 0x0000000800000000)
  region size 2048K, 1 young (2048K), 1 survivors (2048K)
 Metaspace       used 69904K, committed 70400K, reserved 1114112K
  class space    used 9096K, committed 9344K, reserved 1048576K
}
Event: 6.419 GC heap before
{Heap before GC invocations=25 (full 0):
 garbage-first heap   total 186368K, used 134313K [0x0000000700000000, 0x0000000800000000)
  region size 2048K, 34 young (69632K), 1 survivors (2048K)
 Metaspace       used 77677K, committed 78208K, reserved 1179648K
  class space    used 10378K, committed 10624K, reserved 1048576K
}
Event: 6.422 GC heap after
{Heap after GC invocations=26 (full 0):
 garbage-first heap   total 186368K, used 70404K [0x0000000700000000, 0x0000000800000000)
  region size 2048K, 3 young (6144K), 3 survivors (6144K)
 Metaspace       used 77677K, committed 78208K, reserved 1179648K
  class space    used 10378K, committed 10624K, reserved 1048576K
}
Event: 7.111 GC heap before
{Heap before GC invocations=26 (full 0):
 garbage-first heap   total 186368K, used 140036K [0x0000000700000000, 0x0000000800000000)
  region size 2048K, 37 young (75776K), 3 survivors (6144K)
 Metaspace       used 85734K, committed 86400K, reserved 1179648K
  class space    used 11548K, committed 11840K, reserved 1048576K
}
Event: 7.115 GC heap after
{Heap after GC invocations=27 (full 0):
 garbage-first heap   total 186368K, used 75173K [0x0000000700000000, 0x0000000800000000)
  region size 2048K, 5 young (10240K), 5 survivors (10240K)
 Metaspace       used 85734K, committed 86400K, reserved 1179648K
  class space    used 11548K, committed 11840K, reserved 1048576K
}
Event: 7.515 GC heap before
{Heap before GC invocations=27 (full 0):
 garbage-first heap   total 186368K, used 142757K [0x0000000700000000, 0x0000000800000000)
  region size 2048K, 38 young (77824K), 5 survivors (10240K)
 Metaspace       used 87417K, committed 88064K, reserved 1179648K
  class space    used 11754K, committed 12032K, reserved 1048576K
}
Event: 7.521 GC heap after
{Heap after GC invocations=28 (full 0):
 garbage-first heap   total 186368K, used 84197K [0x0000000700000000, 0x0000000800000000)
  region size 2048K, 5 young (10240K), 5 survivors (10240K)
 Metaspace       used 87417K, committed 88064K, reserved 1179648K
  class space    used 11754K, committed 12032K, reserved 1048576K
}
Event: 8.057 GC heap before
{Heap before GC invocations=28 (full 0):
 garbage-first heap   total 186368K, used 143589K [0x0000000700000000, 0x0000000800000000)
  region size 2048K, 34 young (69632K), 5 survivors (10240K)
 Metaspace       used 91171K, committed 91776K, reserved 1179648K
  class space    used 12233K, committed 12480K, reserved 1048576K
}
Event: 8.063 GC heap after
{Heap after GC invocations=29 (full 0):
 garbage-first heap   total 186368K, used 94297K [0x0000000700000000, 0x0000000800000000)
  region size 2048K, 5 young (10240K), 5 survivors (10240K)
 Metaspace       used 91171K, committed 91776K, reserved 1179648K
  class space    used 12233K, committed 12480K, reserved 1048576K
}
Event: 8.222 GC heap before
{Heap before GC invocations=29 (full 0):
 garbage-first heap   total 186368K, used 143449K [0x0000000700000000, 0x0000000800000000)
  region size 2048K, 30 young (61440K), 5 survivors (10240K)
 Metaspace       used 92202K, committed 92800K, reserved 1179648K
  class space    used 12488K, committed 12736K, reserved 1048576K
}
Event: 8.227 GC heap after
{Heap after GC invocations=30 (full 0):
 garbage-first heap   total 186368K, used 98232K [0x0000000700000000, 0x0000000800000000)
  region size 2048K, 2 young (4096K), 2 survivors (4096K)
 Metaspace       used 92202K, committed 92800K, reserved 1179648K
  class space    used 12488K, committed 12736K, reserved 1048576K
}
Event: 8.430 GC heap before
{Heap before GC invocations=30 (full 0):
 garbage-first heap   total 186368K, used 147384K [0x0000000700000000, 0x0000000800000000)
  region size 2048K, 27 young (55296K), 2 survivors (4096K)
 Metaspace       used 92555K, committed 93184K, reserved 1179648K
  class space    used 12525K, committed 12800K, reserved 1048576K
}

