# JRE version: OpenJDK Runtime Environment (17.0.7) (build 17.0.7+0-b2043.56-10550314)
# Java VM: OpenJDK 64-Bit Server VM (17.0.7+0-b2043.56-10550314, mixed mode, tiered, compressed oops, compressed class ptrs, g1 gc, windows-amd64)
GC Precious Log:
 CPUs: 20 total, 20 available
 Memory: 16110M
 Large Page Support: Disabled
 NUMA Support: Disabled
 Compressed Oops: Enabled (Zero based)
 Heap Region Size: 2M
 Heap Min Capacity: 8M
 Heap Initial Capacity: 252M
 Heap Max Capacity: 4G
 Pre-touch: Disabled
 Parallel Workers: 15
 Concurrent Workers: 4
 Concurrent Refinement Workers: 15
 Periodic GC: Disabled
Heap:
 garbage-first heap   total 331776K, used 241947K [0x0000000700000000, 0x0000000800000000)
  region size 2048K, 3 young (6144K), 3 survivors (6144K)
 Metaspace       used 107788K, committed 108480K, reserved 1179648K
  class space    used 14776K, committed 15104K, reserved 1048576K
GC Heap History (20 events):
Event: 13.203 GC heap after
{Heap after GC invocations=24 (full 0):
 garbage-first heap   total 221184K, used 93937K [0x0000000700000000, 0x0000000800000000)
  region size 2048K, 6 young (12288K), 6 survivors (12288K)
 Metaspace       used 92327K, committed 92992K, reserved 1179648K
  class space    used 12512K, committed 12800K, reserved 1048576K
}
Event: 13.840 GC heap before
{Heap before GC invocations=24 (full 0):
 garbage-first heap   total 221184K, used 169713K [0x0000000700000000, 0x0000000800000000)
  region size 2048K, 44 young (90112K), 6 survivors (12288K)
 Metaspace       used 92805K, committed 93440K, reserved 1179648K
  class space    used 12549K, committed 12800K, reserved 1048576K
}
Event: 13.850 GC heap after
{Heap after GC invocations=25 (full 0):
 garbage-first heap   total 221184K, used 98981K [0x0000000700000000, 0x0000000800000000)
  region size 2048K, 3 young (6144K), 3 survivors (6144K)
 Metaspace       used 92805K, committed 93440K, reserved 1179648K
  class space    used 12549K, committed 12800K, reserved 1048576K
}
Event: 15.020 GC heap before
{Heap before GC invocations=25 (full 0):
 garbage-first heap   total 221184K, used 174757K [0x0000000700000000, 0x0000000800000000)
  region size 2048K, 41 young (83968K), 3 survivors (6144K)
 Metaspace       used 97487K, committed 98176K, reserved 1179648K
  class space    used 13160K, committed 13504K, reserved 1048576K
}
Event: 15.029 GC heap after
{Heap after GC invocations=26 (full 0):
 garbage-first heap   total 221184K, used 100997K [0x0000000700000000, 0x0000000800000000)
  region size 2048K, 4 young (8192K), 4 survivors (8192K)
 Metaspace       used 97487K, committed 98176K, reserved 1179648K
  class space    used 13160K, committed 13504K, reserved 1048576K
}
Event: 15.380 GC heap before
{Heap before GC invocations=26 (full 0):
 garbage-first heap   total 221184K, used 119429K [0x0000000700000000, 0x0000000800000000)
  region size 2048K, 14 young (28672K), 4 survivors (8192K)
 Metaspace       used 99600K, committed 100288K, reserved 1179648K
  class space    used 13439K, committed 13760K, reserved 1048576K
}
Event: 15.387 GC heap after
{Heap after GC invocations=27 (full 0):
 garbage-first heap   total 221184K, used 103388K [0x0000000700000000, 0x0000000800000000)
  region size 2048K, 3 young (6144K), 3 survivors (6144K)
 Metaspace       used 99600K, committed 100288K, reserved 1179648K
  class space    used 13439K, committed 13760K, reserved 1048576K
}
Event: 15.969 GC heap before
{Heap before GC invocations=28 (full 0):
 garbage-first heap   total 221184K, used 179164K [0x0000000700000000, 0x0000000800000000)
  region size 2048K, 41 young (83968K), 3 survivors (6144K)
 Metaspace       used 100207K, committed 100864K, reserved 1179648K
  class space    used 13511K, committed 13824K, reserved 1048576K
}
Event: 15.975 GC heap after
{Heap after GC invocations=29 (full 0):
 garbage-first heap   total 221184K, used 107456K [0x0000000700000000, 0x0000000800000000)
  region size 2048K, 5 young (10240K), 5 survivors (10240K)
 Metaspace       used 100207K, committed 100864K, reserved 1179648K
  class space    used 13511K, committed 13824K, reserved 1048576K
}
Event: 16.463 GC heap before
{Heap before GC invocations=29 (full 0):
 garbage-first heap   total 221184K, used 191424K [0x0000000700000000, 0x0000000800000000)
  region size 2048K, 42 young (86016K), 5 survivors (10240K)
 Metaspace       used 101606K, committed 102272K, reserved 1179648K
  class space    used 13681K, committed 14016K, reserved 1048576K
}
Event: 16.471 GC heap after
{Heap after GC invocations=30 (full 0):
 garbage-first heap   total 266240K, used 130223K [0x0000000700000000, 0x0000000800000000)
  region size 2048K, 6 young (12288K), 6 survivors (12288K)
 Metaspace       used 101606K, committed 102272K, reserved 1179648K
  class space    used 13681K, committed 14016K, reserved 1048576K
}
Event: 17.244 GC heap before
{Heap before GC invocations=30 (full 0):
 garbage-first heap   total 266240K, used 232623K [0x0000000700000000, 0x0000000800000000)
  region size 2048K, 46 young (94208K), 6 survivors (12288K)
 Metaspace       used 105017K, committed 105728K, reserved 1179648K
  class space    used 14208K, committed 14528K, reserved 1048576K
}
Event: 17.258 GC heap after
{Heap after GC invocations=31 (full 0):
 garbage-first heap   total 272384K, used 164811K [0x0000000700000000, 0x0000000800000000)
  region size 2048K, 6 young (12288K), 6 survivors (12288K)
 Metaspace       used 105017K, committed 105728K, reserved 1179648K
  class space    used 14208K, committed 14528K, reserved 1048576K
}
Event: 17.541 GC heap before
{Heap before GC invocations=31 (full 0):
 garbage-first heap   total 272384K, used 209867K [0x0000000700000000, 0x0000000800000000)
  region size 2048K, 29 young (59392K), 6 survivors (12288K)
 Metaspace       used 106949K, committed 107648K, reserved 1179648K
  class space    used 14660K, committed 14976K, reserved 1048576K
}
Event: 17.556 GC heap after
{Heap after GC invocations=32 (full 0):
 garbage-first heap   total 272384K, used 181126K [0x0000000700000000, 0x0000000800000000)
  region size 2048K, 4 young (8192K), 4 survivors (8192K)
 Metaspace       used 106949K, committed 107648K, reserved 1179648K
  class space    used 14660K, committed 14976K, reserved 1048576K
}
Event: 17.720 GC heap before
{Heap before GC invocations=33 (full 0):
 garbage-first heap   total 331776K, used 215942K [0x0000000700000000, 0x0000000800000000)
  region size 2048K, 21 young (43008K), 4 survivors (8192K)
 Metaspace       used 106999K, committed 107712K, reserved 1179648K
  class space    used 14662K, committed 14976K, reserved 1048576K
}
Event: 17.733 GC heap after
{Heap after GC invocations=34 (full 0):
 garbage-first heap   total 331776K, used 197005K [0x0000000700000000, 0x0000000800000000)
  region size 2048K, 3 young (6144K), 3 survivors (6144K)
 Metaspace       used 106999K, committed 107712K, reserved 1179648K
  class space    used 14662K, committed 14976K, reserved 1048576K
}
Event: 17.928 GC heap before
{Heap before GC invocations=34 (full 0):
 garbage-first heap   total 331776K, used 250253K [0x0000000700000000, 0x0000000800000000)
  region size 2048K, 29 young (59392K), 3 survivors (6144K)
 Metaspace       used 107375K, committed 108032K, reserved 1179648K
  class space    used 14697K, committed 14976K, reserved 1048576K
}
Event: 17.945 GC heap after
{Heap after GC invocations=35 (full 0):
 garbage-first heap   total 331776K, used 223646K [0x0000000700000000, 0x0000000800000000)
  region size 2048K, 4 young (8192K), 4 survivors (8192K)
 Metaspace       used 107375K, committed 108032K, reserved 1179648K
  class space    used 14697K, committed 14976K, reserved 1048576K
}
Event: 18.059 GC heap before
{Heap before GC invocations=35 (full 0):
 garbage-first heap   total 331776K, used 256414K [0x0000000700000000, 0x0000000800000000)
  region size 2048K, 21 young (43008K), 4 survivors (8192K)
 Metaspace       used 107788K, committed 108480K, reserved 1179648K
  class space    used 14776K, committed 15104K, reserved 1048576K
}

