# JRE version: OpenJDK Runtime Environment (17.0.7) (build 17.0.7+0-b2043.56-10550314)
# Java VM: OpenJDK 64-Bit Server VM (17.0.7+0-b2043.56-10550314, mixed mode, tiered, compressed oops, compressed class ptrs, g1 gc, windows-amd64)
GC Precious Log:
 CPUs: 20 total, 20 available
 Memory: 16110M
 Large Page Support: Disabled
 NUMA Support: Disabled
 Compressed Oops: Enabled (Zero based)
 Heap Region Size: 2M
 Heap Min Capacity: 8M
 Heap Initial Capacity: 252M
 Heap Max Capacity: 4G
 Pre-touch: Disabled
 Parallel Workers: 15
 Concurrent Workers: 4
 Concurrent Refinement Workers: 15
 Periodic GC: Disabled
Heap:
 garbage-first heap   total 354304K, used 246392K [0x0000000700000000, 0x0000000800000000)
  region size 2048K, 22 young (45056K), 3 survivors (6144K)
 Metaspace       used 108825K, committed 110336K, reserved 1179648K
  class space    used 14260K, committed 14976K, reserved 1048576K
GC Heap History (20 events):
Event: 109.794 GC heap before
{Heap before GC invocations=52 (full 0):
 garbage-first heap   total 294912K, used 238425K [0x0000000700000000, 0x0000000800000000)
  region size 2048K, 39 young (79872K), 5 survivors (10240K)
 Metaspace       used 106711K, committed 107648K, reserved 1179648K
  class space    used 13950K, committed 14400K, reserved 1048576K
}
Event: 109.798 GC heap after
{Heap after GC invocations=53 (full 0):
 garbage-first heap   total 294912K, used 178770K [0x0000000700000000, 0x0000000800000000)
  region size 2048K, 5 young (10240K), 5 survivors (10240K)
 Metaspace       used 106711K, committed 107648K, reserved 1179648K
  class space    used 13950K, committed 14400K, reserved 1048576K
}
Event: 111.280 GC heap before
{Heap before GC invocations=53 (full 0):
 garbage-first heap   total 294912K, used 238162K [0x0000000700000000, 0x0000000800000000)
  region size 2048K, 35 young (71680K), 5 survivors (10240K)
 Metaspace       used 106812K, committed 107712K, reserved 1179648K
  class space    used 13954K, committed 14400K, reserved 1048576K
}
Event: 111.282 GC heap after
{Heap after GC invocations=54 (full 0):
 garbage-first heap   total 294912K, used 175092K [0x0000000700000000, 0x0000000800000000)
  region size 2048K, 2 young (4096K), 2 survivors (4096K)
 Metaspace       used 106812K, committed 107712K, reserved 1179648K
  class space    used 13954K, committed 14400K, reserved 1048576K
}
Event: 111.652 GC heap before
{Heap before GC invocations=54 (full 0):
 garbage-first heap   total 294912K, used 242676K [0x0000000700000000, 0x0000000800000000)
  region size 2048K, 36 young (73728K), 2 survivors (4096K)
 Metaspace       used 107568K, committed 108800K, reserved 1179648K
  class space    used 14102K, committed 14656K, reserved 1048576K
}
Event: 111.656 GC heap after
{Heap after GC invocations=55 (full 0):
 garbage-first heap   total 294912K, used 181762K [0x0000000700000000, 0x0000000800000000)
  region size 2048K, 5 young (10240K), 5 survivors (10240K)
 Metaspace       used 107568K, committed 108800K, reserved 1179648K
  class space    used 14102K, committed 14656K, reserved 1048576K
}
Event: 113.243 GC heap before
{Heap before GC invocations=55 (full 0):
 garbage-first heap   total 294912K, used 243202K [0x0000000700000000, 0x0000000800000000)
  region size 2048K, 36 young (73728K), 5 survivors (10240K)
 Metaspace       used 108336K, committed 109824K, reserved 1179648K
  class space    used 14259K, committed 14976K, reserved 1048576K
}
Event: 113.246 GC heap after
{Heap after GC invocations=56 (full 0):
 garbage-first heap   total 294912K, used 180957K [0x0000000700000000, 0x0000000800000000)
  region size 2048K, 4 young (8192K), 4 survivors (8192K)
 Metaspace       used 108336K, committed 109824K, reserved 1179648K
  class space    used 14259K, committed 14976K, reserved 1048576K
}
Event: 113.510 GC heap before
{Heap before GC invocations=56 (full 0):
 garbage-first heap   total 294912K, used 242397K [0x0000000700000000, 0x0000000800000000)
  region size 2048K, 35 young (71680K), 4 survivors (8192K)
 Metaspace       used 108416K, committed 109888K, reserved 1179648K
  class space    used 14259K, committed 14976K, reserved 1048576K
}
Event: 113.513 GC heap after
{Heap after GC invocations=57 (full 0):
 garbage-first heap   total 294912K, used 184722K [0x0000000700000000, 0x0000000800000000)
  region size 2048K, 3 young (6144K), 3 survivors (6144K)
 Metaspace       used 108416K, committed 109888K, reserved 1179648K
  class space    used 14259K, committed 14976K, reserved 1048576K
}
Event: 129.928 GC heap before
{Heap before GC invocations=57 (full 0):
 garbage-first heap   total 294912K, used 244114K [0x0000000700000000, 0x0000000800000000)
  region size 2048K, 33 young (67584K), 3 survivors (6144K)
 Metaspace       used 108471K, committed 110016K, reserved 1179648K
  class space    used 14260K, committed 14976K, reserved 1048576K
}
Event: 129.932 GC heap after
{Heap after GC invocations=58 (full 0):
 garbage-first heap   total 294912K, used 191676K [0x0000000700000000, 0x0000000800000000)
  region size 2048K, 5 young (10240K), 5 survivors (10240K)
 Metaspace       used 108471K, committed 110016K, reserved 1179648K
  class space    used 14260K, committed 14976K, reserved 1048576K
}
Event: 165.320 GC heap before
{Heap before GC invocations=58 (full 0):
 garbage-first heap   total 294912K, used 244924K [0x0000000700000000, 0x0000000800000000)
  region size 2048K, 32 young (65536K), 5 survivors (10240K)
 Metaspace       used 108543K, committed 110080K, reserved 1179648K
  class space    used 14260K, committed 14976K, reserved 1048576K
}
Event: 165.323 GC heap after
{Heap after GC invocations=59 (full 0):
 garbage-first heap   total 294912K, used 195369K [0x0000000700000000, 0x0000000800000000)
  region size 2048K, 2 young (4096K), 2 survivors (4096K)
 Metaspace       used 108543K, committed 110080K, reserved 1179648K
  class space    used 14260K, committed 14976K, reserved 1048576K
}
Event: 165.516 GC heap before
{Heap before GC invocations=59 (full 0):
 garbage-first heap   total 294912K, used 248617K [0x0000000700000000, 0x0000000800000000)
  region size 2048K, 28 young (57344K), 2 survivors (4096K)
 Metaspace       used 108633K, committed 110144K, reserved 1179648K
  class space    used 14260K, committed 14976K, reserved 1048576K
}
Event: 165.520 GC heap after
{Heap after GC invocations=60 (full 0):
 garbage-first heap   total 294912K, used 202240K [0x0000000700000000, 0x0000000800000000)
  region size 2048K, 4 young (8192K), 4 survivors (8192K)
 Metaspace       used 108633K, committed 110144K, reserved 1179648K
  class space    used 14260K, committed 14976K, reserved 1048576K
}
Event: 165.675 GC heap before
{Heap before GC invocations=60 (full 0):
 garbage-first heap   total 294912K, used 247296K [0x0000000700000000, 0x0000000800000000)
  region size 2048K, 27 young (55296K), 4 survivors (8192K)
 Metaspace       used 108689K, committed 110144K, reserved 1179648K
  class space    used 14260K, committed 14976K, reserved 1048576K
}
Event: 165.678 GC heap after
{Heap after GC invocations=61 (full 0):
 garbage-first heap   total 294912K, used 206023K [0x0000000700000000, 0x0000000800000000)
  region size 2048K, 2 young (4096K), 2 survivors (4096K)
 Metaspace       used 108689K, committed 110144K, reserved 1179648K
  class space    used 14260K, committed 14976K, reserved 1048576K
}
Event: 170.494 GC heap before
{Heap before GC invocations=61 (full 0):
 garbage-first heap   total 294912K, used 249031K [0x0000000700000000, 0x0000000800000000)
  region size 2048K, 24 young (49152K), 2 survivors (4096K)
 Metaspace       used 108812K, committed 110336K, reserved 1179648K
  class space    used 14260K, committed 14976K, reserved 1048576K
}
Event: 170.497 GC heap after
{Heap after GC invocations=62 (full 0):
 garbage-first heap   total 354304K, used 211576K [0x0000000700000000, 0x0000000800000000)
  region size 2048K, 3 young (6144K), 3 survivors (6144K)
 Metaspace       used 108812K, committed 110336K, reserved 1179648K
  class space    used 14260K, committed 14976K, reserved 1048576K
}

