# JRE version: OpenJDK Runtime Environment (17.0.7) (build 17.0.7+0-b2043.56-10550314)
# Java VM: OpenJDK 64-Bit Server VM (17.0.7+0-b2043.56-10550314, mixed mode, tiered, compressed oops, compressed class ptrs, g1 gc, windows-amd64)
GC Precious Log:
 CPUs: 20 total, 20 available
 Memory: 16110M
 Large Page Support: Disabled
 NUMA Support: Disabled
 Compressed Oops: Enabled (Zero based)
 Heap Region Size: 2M
 Heap Min Capacity: 8M
 Heap Initial Capacity: 252M
 Heap Max Capacity: 4028M
 Pre-touch: Disabled
 Parallel Workers: 15
 Concurrent Workers: 4
 Concurrent Refinement Workers: 15
 Periodic GC: Disabled
Heap:
 garbage-first heap   total 151552K, used 77070K [0x0000000704400000, 0x0000000800000000)
  region size 2048K, 1 young (2048K), 1 survivors (2048K)
 Metaspace       used 85516K, committed 85760K, reserved 1179648K
  class space    used 9558K, committed 9664K, reserved 1048576K
GC Heap History (20 events):
Event: 2.057 GC heap after
{Heap after GC invocations=10 (full 0):
 garbage-first heap   total 96256K, used 28021K [0x0000000704400000, 0x0000000800000000)
  region size 2048K, 4 young (8192K), 4 survivors (8192K)
 Metaspace       used 46228K, committed 46528K, reserved 1114112K
  class space    used 5651K, committed 5760K, reserved 1048576K
}
Event: 2.119 GC heap before
{Heap before GC invocations=10 (full 0):
 garbage-first heap   total 96256K, used 30069K [0x0000000704400000, 0x0000000800000000)
  region size 2048K, 5 young (10240K), 4 survivors (8192K)
 Metaspace       used 46744K, committed 47040K, reserved 1114112K
  class space    used 5739K, committed 5888K, reserved 1048576K
}
Event: 2.125 GC heap after
{Heap after GC invocations=11 (full 0):
 garbage-first heap   total 96256K, used 28390K [0x0000000704400000, 0x0000000800000000)
  region size 2048K, 1 young (2048K), 1 survivors (2048K)
 Metaspace       used 46744K, committed 47040K, reserved 1114112K
  class space    used 5739K, committed 5888K, reserved 1048576K
}
Event: 2.540 GC heap before
{Heap before GC invocations=11 (full 0):
 garbage-first heap   total 96256K, used 67302K [0x0000000704400000, 0x0000000800000000)
  region size 2048K, 19 young (38912K), 1 survivors (2048K)
 Metaspace       used 50200K, committed 50496K, reserved 1114112K
  class space    used 6115K, committed 6272K, reserved 1048576K
}
Event: 2.546 GC heap after
{Heap after GC invocations=12 (full 0):
 garbage-first heap   total 151552K, used 33472K [0x0000000704400000, 0x0000000800000000)
  region size 2048K, 3 young (6144K), 3 survivors (6144K)
 Metaspace       used 50200K, committed 50496K, reserved 1114112K
  class space    used 6115K, committed 6272K, reserved 1048576K
}
Event: 3.647 GC heap before
{Heap before GC invocations=12 (full 0):
 garbage-first heap   total 151552K, used 92864K [0x0000000704400000, 0x0000000800000000)
  region size 2048K, 32 young (65536K), 3 survivors (6144K)
 Metaspace       used 55259K, committed 55552K, reserved 1114112K
  class space    used 6561K, committed 6720K, reserved 1048576K
}
Event: 3.656 GC heap after
{Heap after GC invocations=13 (full 0):
 garbage-first heap   total 151552K, used 42777K [0x0000000704400000, 0x0000000800000000)
  region size 2048K, 4 young (8192K), 4 survivors (8192K)
 Metaspace       used 55259K, committed 55552K, reserved 1114112K
  class space    used 6561K, committed 6720K, reserved 1048576K
}
Event: 4.150 GC heap before
{Heap before GC invocations=13 (full 0):
 garbage-first heap   total 151552K, used 108313K [0x0000000704400000, 0x0000000800000000)
  region size 2048K, 36 young (73728K), 4 survivors (8192K)
 Metaspace       used 56773K, committed 57024K, reserved 1114112K
  class space    used 6718K, committed 6848K, reserved 1048576K
}
Event: 4.163 GC heap after
{Heap after GC invocations=14 (full 0):
 garbage-first heap   total 151552K, used 49152K [0x0000000704400000, 0x0000000800000000)
  region size 2048K, 3 young (6144K), 3 survivors (6144K)
 Metaspace       used 56773K, committed 57024K, reserved 1114112K
  class space    used 6718K, committed 6848K, reserved 1048576K
}
Event: 5.117 GC heap before
{Heap before GC invocations=14 (full 0):
 garbage-first heap   total 151552K, used 73728K [0x0000000704400000, 0x0000000800000000)
  region size 2048K, 16 young (32768K), 3 survivors (6144K)
 Metaspace       used 59891K, committed 60160K, reserved 1114112K
  class space    used 7023K, committed 7168K, reserved 1048576K
}
Event: 5.126 GC heap after
{Heap after GC invocations=15 (full 0):
 garbage-first heap   total 151552K, used 53243K [0x0000000704400000, 0x0000000800000000)
  region size 2048K, 2 young (4096K), 2 survivors (4096K)
 Metaspace       used 59891K, committed 60160K, reserved 1114112K
  class space    used 7023K, committed 7168K, reserved 1048576K
}
Event: 6.570 GC heap before
{Heap before GC invocations=16 (full 0):
 garbage-first heap   total 151552K, used 110587K [0x0000000704400000, 0x0000000800000000)
  region size 2048K, 30 young (61440K), 2 survivors (4096K)
 Metaspace       used 65059K, committed 65408K, reserved 1114112K
  class space    used 7527K, committed 7680K, reserved 1048576K
}
Event: 6.581 GC heap after
{Heap after GC invocations=17 (full 0):
 garbage-first heap   total 151552K, used 59388K [0x0000000704400000, 0x0000000800000000)
  region size 2048K, 4 young (8192K), 4 survivors (8192K)
 Metaspace       used 65059K, committed 65408K, reserved 1114112K
  class space    used 7527K, committed 7680K, reserved 1048576K
}
Event: 7.550 GC heap before
{Heap before GC invocations=17 (full 0):
 garbage-first heap   total 151552K, used 112636K [0x0000000704400000, 0x0000000800000000)
  region size 2048K, 30 young (61440K), 4 survivors (8192K)
 Metaspace       used 72281K, committed 72640K, reserved 1114112K
  class space    used 8244K, committed 8384K, reserved 1048576K
}
Event: 7.562 GC heap after
{Heap after GC invocations=18 (full 0):
 garbage-first heap   total 151552K, used 64433K [0x0000000704400000, 0x0000000800000000)
  region size 2048K, 3 young (6144K), 3 survivors (6144K)
 Metaspace       used 72281K, committed 72640K, reserved 1114112K
  class space    used 8244K, committed 8384K, reserved 1048576K
}
Event: 8.474 GC heap before
{Heap before GC invocations=18 (full 0):
 garbage-first heap   total 151552K, used 111537K [0x0000000704400000, 0x0000000800000000)
  region size 2048K, 27 young (55296K), 3 survivors (6144K)
 Metaspace       used 80259K, committed 80576K, reserved 1179648K
  class space    used 9146K, committed 9280K, reserved 1048576K
}
Event: 8.483 GC heap after
{Heap after GC invocations=19 (full 0):
 garbage-first heap   total 151552K, used 70527K [0x0000000704400000, 0x0000000800000000)
  region size 2048K, 3 young (6144K), 3 survivors (6144K)
 Metaspace       used 80259K, committed 80576K, reserved 1179648K
  class space    used 9146K, committed 9280K, reserved 1048576K
}
Event: 8.715 GC heap before
{Heap before GC invocations=19 (full 0):
 garbage-first heap   total 151552K, used 115583K [0x0000000704400000, 0x0000000800000000)
  region size 2048K, 25 young (51200K), 3 survivors (6144K)
 Metaspace       used 80783K, committed 81088K, reserved 1179648K
  class space    used 9160K, committed 9280K, reserved 1048576K
}
Event: 8.726 GC heap after
{Heap after GC invocations=20 (full 0):
 garbage-first heap   total 151552K, used 75487K [0x0000000704400000, 0x0000000800000000)
  region size 2048K, 3 young (6144K), 3 survivors (6144K)
 Metaspace       used 80783K, committed 81088K, reserved 1179648K
  class space    used 9160K, committed 9280K, reserved 1048576K
}
Event: 9.295 GC heap before
{Heap before GC invocations=20 (full 0):
 garbage-first heap   total 151552K, used 116447K [0x0000000704400000, 0x0000000800000000)
  region size 2048K, 23 young (47104K), 3 survivors (6144K)
 Metaspace       used 85516K, committed 85760K, reserved 1179648K
  class space    used 9558K, committed 9664K, reserved 1048576K
}

