# JRE version: OpenJDK Runtime Environment (17.0.7) (build 17.0.7+0-b2043.56-10550314)
# Java VM: OpenJDK 64-Bit Server VM (17.0.7+0-b2043.56-10550314, mixed mode, tiered, compressed oops, compressed class ptrs, g1 gc, windows-amd64)
GC Precious Log:
 CPUs: 20 total, 20 available
 Memory: 16110M
 Large Page Support: Disabled
 NUMA Support: Disabled
 Compressed Oops: Enabled (32-bit)
 Heap Region Size: 1M
 Heap Min Capacity: 8M
 Heap Initial Capacity: 252M
 Heap Max Capacity: 2G
 Pre-touch: Disabled
 Parallel Workers: 15
 Concurrent Workers: 4
 Concurrent Refinement Workers: 15
 Periodic GC: Disabled
Heap:
 garbage-first heap   total 102400K, used 50070K [0x0000000080000000, 0x0000000100000000)
  region size 1024K, 3 young (3072K), 2 survivors (2048K)
 Metaspace       used 59706K, committed 60160K, reserved 1114112K
  class space    used 7789K, committed 8000K, reserved 1048576K
GC Heap History (20 events):
Event: 2.253 GC heap before
{Heap before GC invocations=2 (full 0):
 garbage-first heap   total 258048K, used 54361K [0x0000000080000000, 0x0000000100000000)
  region size 1024K, 45 young (46080K), 4 survivors (4096K)
 Metaspace       used 21326K, committed 21504K, reserved 1114112K
  class space    used 2574K, committed 2624K, reserved 1048576K
}
Event: 2.262 GC heap after
{Heap after GC invocations=3 (full 0):
 garbage-first heap   total 258048K, used 17576K [0x0000000080000000, 0x0000000100000000)
  region size 1024K, 9 young (9216K), 9 survivors (9216K)
 Metaspace       used 21326K, committed 21504K, reserved 1114112K
  class space    used 2574K, committed 2624K, reserved 1048576K
}
Event: 3.425 GC heap before
{Heap before GC invocations=4 (full 0):
 garbage-first heap   total 68608K, used 49320K [0x0000000080000000, 0x0000000100000000)
  region size 1024K, 40 young (40960K), 9 survivors (9216K)
 Metaspace       used 26430K, committed 26688K, reserved 1114112K
  class space    used 3479K, committed 3584K, reserved 1048576K
}
Event: 3.506 GC heap after
{Heap after GC invocations=5 (full 0):
 garbage-first heap   total 68608K, used 19379K [0x0000000080000000, 0x0000000100000000)
  region size 1024K, 3 young (3072K), 3 survivors (3072K)
 Metaspace       used 26430K, committed 26688K, reserved 1114112K
  class space    used 3479K, committed 3584K, reserved 1048576K
}
Event: 4.257 GC heap before
{Heap before GC invocations=5 (full 0):
 garbage-first heap   total 68608K, used 47027K [0x0000000080000000, 0x0000000100000000)
  region size 1024K, 30 young (30720K), 3 survivors (3072K)
 Metaspace       used 30633K, committed 30976K, reserved 1114112K
  class space    used 4151K, committed 4288K, reserved 1048576K
}
Event: 4.261 GC heap after
{Heap after GC invocations=6 (full 0):
 garbage-first heap   total 68608K, used 20667K [0x0000000080000000, 0x0000000100000000)
  region size 1024K, 4 young (4096K), 4 survivors (4096K)
 Metaspace       used 30633K, committed 30976K, reserved 1114112K
  class space    used 4151K, committed 4288K, reserved 1048576K
}
Event: 5.012 GC heap before
{Heap before GC invocations=6 (full 0):
 garbage-first heap   total 68608K, used 46267K [0x0000000080000000, 0x0000000100000000)
  region size 1024K, 31 young (31744K), 4 survivors (4096K)
 Metaspace       used 35686K, committed 35968K, reserved 1114112K
  class space    used 4851K, committed 4992K, reserved 1048576K
}
Event: 5.023 GC heap after
{Heap after GC invocations=7 (full 0):
 garbage-first heap   total 68608K, used 22922K [0x0000000080000000, 0x0000000100000000)
  region size 1024K, 4 young (4096K), 4 survivors (4096K)
 Metaspace       used 35686K, committed 35968K, reserved 1114112K
  class space    used 4851K, committed 4992K, reserved 1048576K
}
Event: 5.501 GC heap before
{Heap before GC invocations=8 (full 0):
 garbage-first heap   total 68608K, used 48522K [0x0000000080000000, 0x0000000100000000)
  region size 1024K, 30 young (30720K), 4 survivors (4096K)
 Metaspace       used 39999K, committed 40320K, reserved 1114112K
  class space    used 5280K, committed 5440K, reserved 1048576K
}
Event: 5.517 GC heap after
{Heap after GC invocations=9 (full 0):
 garbage-first heap   total 68608K, used 26853K [0x0000000080000000, 0x0000000100000000)
  region size 1024K, 4 young (4096K), 4 survivors (4096K)
 Metaspace       used 39999K, committed 40320K, reserved 1114112K
  class space    used 5280K, committed 5440K, reserved 1048576K
}
Event: 6.005 GC heap before
{Heap before GC invocations=9 (full 0):
 garbage-first heap   total 68608K, used 52453K [0x0000000080000000, 0x0000000100000000)
  region size 1024K, 27 young (27648K), 4 survivors (4096K)
 Metaspace       used 42115K, committed 42496K, reserved 1114112K
  class space    used 5472K, committed 5632K, reserved 1048576K
}
Event: 6.011 GC heap after
{Heap after GC invocations=10 (full 0):
 garbage-first heap   total 102400K, used 28625K [0x0000000080000000, 0x0000000100000000)
  region size 1024K, 3 young (3072K), 3 survivors (3072K)
 Metaspace       used 42115K, committed 42496K, reserved 1114112K
  class space    used 5472K, committed 5632K, reserved 1048576K
}
Event: 7.057 GC heap before
{Heap before GC invocations=10 (full 0):
 garbage-first heap   total 102400K, used 72657K [0x0000000080000000, 0x0000000100000000)
  region size 1024K, 46 young (47104K), 3 survivors (3072K)
 Metaspace       used 48043K, committed 48448K, reserved 1114112K
  class space    used 6323K, committed 6528K, reserved 1048576K
}
Event: 7.061 GC heap after
{Heap after GC invocations=11 (full 0):
 garbage-first heap   total 102400K, used 31311K [0x0000000080000000, 0x0000000100000000)
  region size 1024K, 6 young (6144K), 6 survivors (6144K)
 Metaspace       used 48043K, committed 48448K, reserved 1114112K
  class space    used 6323K, committed 6528K, reserved 1048576K
}
Event: 7.803 GC heap before
{Heap before GC invocations=11 (full 0):
 garbage-first heap   total 102400K, used 74319K [0x0000000080000000, 0x0000000100000000)
  region size 1024K, 48 young (49152K), 6 survivors (6144K)
 Metaspace       used 50871K, committed 51264K, reserved 1114112K
  class space    used 6683K, committed 6848K, reserved 1048576K
}
Event: 7.807 GC heap after
{Heap after GC invocations=12 (full 0):
 garbage-first heap   total 102400K, used 34443K [0x0000000080000000, 0x0000000100000000)
  region size 1024K, 6 young (6144K), 6 survivors (6144K)
 Metaspace       used 50871K, committed 51264K, reserved 1114112K
  class space    used 6683K, committed 6848K, reserved 1048576K
}
Event: 8.382 GC heap before
{Heap before GC invocations=12 (full 0):
 garbage-first heap   total 102400K, used 82571K [0x0000000080000000, 0x0000000100000000)
  region size 1024K, 47 young (48128K), 6 survivors (6144K)
 Metaspace       used 54696K, committed 55168K, reserved 1114112K
  class space    used 7188K, committed 7360K, reserved 1048576K
}
Event: 8.388 GC heap after
{Heap after GC invocations=13 (full 0):
 garbage-first heap   total 102400K, used 48215K [0x0000000080000000, 0x0000000100000000)
  region size 1024K, 6 young (6144K), 6 survivors (6144K)
 Metaspace       used 54696K, committed 55168K, reserved 1114112K
  class space    used 7188K, committed 7360K, reserved 1048576K
}
Event: 8.921 GC heap before
{Heap before GC invocations=13 (full 0):
 garbage-first heap   total 102400K, used 77911K [0x0000000080000000, 0x0000000100000000)
  region size 1024K, 35 young (35840K), 6 survivors (6144K)
 Metaspace       used 59459K, committed 59968K, reserved 1114112K
  class space    used 7752K, committed 8000K, reserved 1048576K
}
Event: 8.925 GC heap after
{Heap after GC invocations=14 (full 0):
 garbage-first heap   total 102400K, used 50220K [0x0000000080000000, 0x0000000100000000)
  region size 1024K, 2 young (2048K), 2 survivors (2048K)
 Metaspace       used 59459K, committed 59968K, reserved 1114112K
  class space    used 7752K, committed 8000K, reserved 1048576K
}

