# JRE version: OpenJDK Runtime Environment (17.0.7) (build 17.0.7+0-b2043.56-10550314)
# Java VM: OpenJDK 64-Bit Server VM (17.0.7+0-b2043.56-10550314, mixed mode, tiered, compressed oops, compressed class ptrs, g1 gc, windows-amd64)
GC Precious Log:
 CPUs: 20 total, 20 available
 Memory: 16110M
 Large Page Support: Disabled
 NUMA Support: Disabled
 Compressed Oops: Enabled (Zero based)
 Heap Region Size: 2M
 Heap Min Capacity: 8M
 Heap Initial Capacity: 252M
 Heap Max Capacity: 4G
 Pre-touch: Disabled
 Parallel Workers: 15
 Concurrent Workers: 4
 Concurrent Refinement Workers: 15
 Periodic GC: Disabled
Heap:
 garbage-first heap   total 178176K, used 115158K [0x0000000700000000, 0x0000000800000000)
  region size 2048K, 14 young (28672K), 4 survivors (8192K)
 Metaspace       used 96465K, committed 97088K, reserved 1179648K
  class space    used 12846K, committed 13120K, reserved 1048576K
GC Heap History (20 events):
Event: 8.573 GC heap before
{Heap before GC invocations=18 (full 0):
 garbage-first heap   total 141312K, used 108766K [0x0000000700000000, 0x0000000800000000)
  region size 2048K, 28 young (57344K), 4 survivors (8192K)
 Metaspace       used 69849K, committed 70400K, reserved 1114112K
  class space    used 9080K, committed 9344K, reserved 1048576K
}
Event: 8.577 GC heap after
{Heap after GC invocations=19 (full 0):
 garbage-first heap   total 141312K, used 64001K [0x0000000700000000, 0x0000000800000000)
  region size 2048K, 4 young (8192K), 4 survivors (8192K)
 Metaspace       used 69849K, committed 70400K, reserved 1114112K
  class space    used 9080K, committed 9344K, reserved 1048576K
}
Event: 9.256 GC heap before
{Heap before GC invocations=19 (full 0):
 garbage-first heap   total 141312K, used 109057K [0x0000000700000000, 0x0000000800000000)
  region size 2048K, 26 young (53248K), 4 survivors (8192K)
 Metaspace       used 75201K, committed 75712K, reserved 1179648K
  class space    used 10018K, committed 10240K, reserved 1048576K
}
Event: 9.263 GC heap after
{Heap after GC invocations=20 (full 0):
 garbage-first heap   total 141312K, used 66918K [0x0000000700000000, 0x0000000800000000)
  region size 2048K, 2 young (4096K), 2 survivors (4096K)
 Metaspace       used 75201K, committed 75712K, reserved 1179648K
  class space    used 10018K, committed 10240K, reserved 1048576K
}
Event: 9.981 GC heap before
{Heap before GC invocations=20 (full 0):
 garbage-first heap   total 141312K, used 109926K [0x0000000700000000, 0x0000000800000000)
  region size 2048K, 23 young (47104K), 2 survivors (4096K)
 Metaspace       used 79580K, committed 80064K, reserved 1179648K
  class space    used 10660K, committed 10880K, reserved 1048576K
}
Event: 9.986 GC heap after
{Heap after GC invocations=21 (full 0):
 garbage-first heap   total 141312K, used 69554K [0x0000000700000000, 0x0000000800000000)
  region size 2048K, 3 young (6144K), 3 survivors (6144K)
 Metaspace       used 79580K, committed 80064K, reserved 1179648K
  class space    used 10660K, committed 10880K, reserved 1048576K
}
Event: 11.030 GC heap before
{Heap before GC invocations=22 (full 0):
 garbage-first heap   total 141312K, used 110514K [0x0000000700000000, 0x0000000800000000)
  region size 2048K, 24 young (49152K), 3 survivors (6144K)
 Metaspace       used 84826K, committed 85376K, reserved 1179648K
  class space    used 11292K, committed 11520K, reserved 1048576K
}
Event: 11.038 GC heap after
{Heap after GC invocations=23 (full 0):
 garbage-first heap   total 141312K, used 73895K [0x0000000700000000, 0x0000000800000000)
  region size 2048K, 3 young (6144K), 3 survivors (6144K)
 Metaspace       used 84826K, committed 85376K, reserved 1179648K
  class space    used 11292K, committed 11520K, reserved 1048576K
}
Event: 14.647 GC heap before
{Heap before GC invocations=23 (full 0):
 garbage-first heap   total 141312K, used 110759K [0x0000000700000000, 0x0000000800000000)
  region size 2048K, 22 young (45056K), 3 survivors (6144K)
 Metaspace       used 86653K, committed 87232K, reserved 1179648K
  class space    used 11401K, committed 11648K, reserved 1048576K
}
Event: 14.651 GC heap after
{Heap after GC invocations=24 (full 0):
 garbage-first heap   total 141312K, used 77696K [0x0000000700000000, 0x0000000800000000)
  region size 2048K, 2 young (4096K), 2 survivors (4096K)
 Metaspace       used 86653K, committed 87232K, reserved 1179648K
  class space    used 11401K, committed 11648K, reserved 1048576K
}
Event: 15.256 GC heap before
{Heap before GC invocations=25 (full 0):
 garbage-first heap   total 141312K, used 112512K [0x0000000700000000, 0x0000000800000000)
  region size 2048K, 20 young (40960K), 2 survivors (4096K)
 Metaspace       used 89770K, committed 90368K, reserved 1179648K
  class space    used 11863K, committed 12160K, reserved 1048576K
}
Event: 15.262 GC heap after
{Heap after GC invocations=26 (full 0):
 garbage-first heap   total 141312K, used 80800K [0x0000000700000000, 0x0000000800000000)
  region size 2048K, 3 young (6144K), 3 survivors (6144K)
 Metaspace       used 89770K, committed 90368K, reserved 1179648K
  class space    used 11863K, committed 12160K, reserved 1048576K
}
Event: 16.198 GC heap before
{Heap before GC invocations=26 (full 0):
 garbage-first heap   total 141312K, used 115616K [0x0000000700000000, 0x0000000800000000)
  region size 2048K, 20 young (40960K), 3 survivors (6144K)
 Metaspace       used 93507K, committed 94144K, reserved 1179648K
  class space    used 12356K, committed 12672K, reserved 1048576K
}
Event: 16.207 GC heap after
{Heap after GC invocations=27 (full 0):
 garbage-first heap   total 141312K, used 84682K [0x0000000700000000, 0x0000000800000000)
  region size 2048K, 2 young (4096K), 2 survivors (4096K)
 Metaspace       used 93507K, committed 94144K, reserved 1179648K
  class space    used 12356K, committed 12672K, reserved 1048576K
}
Event: 16.701 GC heap before
{Heap before GC invocations=28 (full 0):
 garbage-first heap   total 147456K, used 115402K [0x0000000700000000, 0x0000000800000000)
  region size 2048K, 17 young (34816K), 2 survivors (4096K)
 Metaspace       used 94531K, committed 95168K, reserved 1179648K
  class space    used 12481K, committed 12736K, reserved 1048576K
}
Event: 16.707 GC heap after
{Heap after GC invocations=29 (full 0):
 garbage-first heap   total 147456K, used 87961K [0x0000000700000000, 0x0000000800000000)
  region size 2048K, 2 young (4096K), 2 survivors (4096K)
 Metaspace       used 94531K, committed 95168K, reserved 1179648K
  class space    used 12481K, committed 12736K, reserved 1048576K
}
Event: 16.722 GC heap before
{Heap before GC invocations=29 (full 0):
 garbage-first heap   total 147456K, used 90009K [0x0000000700000000, 0x0000000800000000)
  region size 2048K, 3 young (6144K), 2 survivors (4096K)
 Metaspace       used 94535K, committed 95168K, reserved 1179648K
  class space    used 12481K, committed 12736K, reserved 1048576K
}
Event: 16.727 GC heap after
{Heap after GC invocations=30 (full 0):
 garbage-first heap   total 178176K, used 87615K [0x0000000700000000, 0x0000000800000000)
  region size 2048K, 1 young (2048K), 1 survivors (2048K)
 Metaspace       used 94535K, committed 95168K, reserved 1179648K
  class space    used 12481K, committed 12736K, reserved 1048576K
}
Event: 17.357 GC heap before
{Heap before GC invocations=30 (full 0):
 garbage-first heap   total 178176K, used 140863K [0x0000000700000000, 0x0000000800000000)
  region size 2048K, 27 young (55296K), 1 survivors (2048K)
 Metaspace       used 95594K, committed 96256K, reserved 1179648K
  class space    used 12666K, committed 12928K, reserved 1048576K
}
Event: 17.365 GC heap after
{Heap after GC invocations=31 (full 0):
 garbage-first heap   total 178176K, used 96726K [0x0000000700000000, 0x0000000800000000)
  region size 2048K, 4 young (8192K), 4 survivors (8192K)
 Metaspace       used 95594K, committed 96256K, reserved 1179648K
  class space    used 12666K, committed 12928K, reserved 1048576K
}

