# JRE version: OpenJDK Runtime Environment (17.0.7) (build 17.0.7+0-b2043.56-10550314)
# Java VM: OpenJDK 64-Bit Server VM (17.0.7+0-b2043.56-10550314, mixed mode, tiered, compressed oops, compressed class ptrs, g1 gc, windows-amd64)
GC Precious Log:
 CPUs: 20 total, 20 available
 Memory: 16110M
 Large Page Support: Disabled
 NUMA Support: Disabled
 Compressed Oops: Enabled (Zero based)
 Heap Region Size: 2M
 Heap Min Capacity: 8M
 Heap Initial Capacity: 252M
 Heap Max Capacity: 4G
 Pre-touch: Disabled
 Parallel Workers: 15
 Concurrent Workers: 4
 Concurrent Refinement Workers: 15
 Periodic GC: Disabled
Heap:
 garbage-first heap   total 303104K, used 239678K [0x0000000700000000, 0x0000000800000000)
  region size 2048K, 42 young (86016K), 1 survivors (2048K)
 Metaspace       used 116294K, committed 117056K, reserved 1179648K
  class space    used 15337K, committed 15680K, reserved 1048576K
GC Heap History (20 events):
Event: 14.060 GC heap before
{Heap before GC invocations=44 (full 0):
 garbage-first heap   total 229376K, used 163363K [0x0000000700000000, 0x0000000800000000)
  region size 2048K, 17 young (34816K), 3 survivors (6144K)
 Metaspace       used 98116K, committed 98752K, reserved 1179648K
  class space    used 13222K, committed 13504K, reserved 1048576K
}
Event: 14.066 GC heap after
{Heap after GC invocations=45 (full 0):
 garbage-first heap   total 229376K, used 129886K [0x0000000700000000, 0x0000000800000000)
  region size 2048K, 3 young (6144K), 3 survivors (6144K)
 Metaspace       used 98116K, committed 98752K, reserved 1179648K
  class space    used 13222K, committed 13504K, reserved 1048576K
}
Event: 14.431 GC heap before
{Heap before GC invocations=45 (full 0):
 garbage-first heap   total 229376K, used 156510K [0x0000000700000000, 0x0000000800000000)
  region size 2048K, 17 young (34816K), 3 survivors (6144K)
 Metaspace       used 98942K, committed 99584K, reserved 1179648K
  class space    used 13280K, committed 13568K, reserved 1048576K
}
Event: 14.439 GC heap after
{Heap after GC invocations=46 (full 0):
 garbage-first heap   total 303104K, used 136892K [0x0000000700000000, 0x0000000800000000)
  region size 2048K, 4 young (8192K), 4 survivors (8192K)
 Metaspace       used 98942K, committed 99584K, reserved 1179648K
  class space    used 13280K, committed 13568K, reserved 1048576K
}
Event: 14.453 GC heap before
{Heap before GC invocations=46 (full 0):
 garbage-first heap   total 303104K, used 138940K [0x0000000700000000, 0x0000000800000000)
  region size 2048K, 5 young (10240K), 4 survivors (8192K)
 Metaspace       used 98942K, committed 99584K, reserved 1179648K
  class space    used 13280K, committed 13568K, reserved 1048576K
}
Event: 14.456 GC heap after
{Heap after GC invocations=47 (full 0):
 garbage-first heap   total 303104K, used 138028K [0x0000000700000000, 0x0000000800000000)
  region size 2048K, 1 young (2048K), 1 survivors (2048K)
 Metaspace       used 98942K, committed 99584K, reserved 1179648K
  class space    used 13280K, committed 13568K, reserved 1048576K
}
Event: 15.521 GC heap before
{Heap before GC invocations=48 (full 0):
 garbage-first heap   total 303104K, used 246572K [0x0000000700000000, 0x0000000800000000)
  region size 2048K, 47 young (96256K), 1 survivors (2048K)
 Metaspace       used 102940K, committed 103616K, reserved 1179648K
  class space    used 13628K, committed 13952K, reserved 1048576K
}
Event: 15.531 GC heap after
{Heap after GC invocations=49 (full 0):
 garbage-first heap   total 303104K, used 154964K [0x0000000700000000, 0x0000000800000000)
  region size 2048K, 6 young (12288K), 6 survivors (12288K)
 Metaspace       used 102940K, committed 103616K, reserved 1179648K
  class space    used 13628K, committed 13952K, reserved 1048576K
}
Event: 15.839 GC heap before
{Heap before GC invocations=49 (full 0):
 garbage-first heap   total 303104K, used 226644K [0x0000000700000000, 0x0000000800000000)
  region size 2048K, 42 young (86016K), 6 survivors (12288K)
 Metaspace       used 104004K, committed 104704K, reserved 1179648K
  class space    used 13711K, committed 14080K, reserved 1048576K
}
Event: 15.843 GC heap after
{Heap after GC invocations=50 (full 0):
 garbage-first heap   total 303104K, used 153286K [0x0000000700000000, 0x0000000800000000)
  region size 2048K, 3 young (6144K), 3 survivors (6144K)
 Metaspace       used 104004K, committed 104704K, reserved 1179648K
  class space    used 13711K, committed 14080K, reserved 1048576K
}
Event: 16.506 GC heap before
{Heap before GC invocations=51 (full 0):
 garbage-first heap   total 303104K, used 224966K [0x0000000700000000, 0x0000000800000000)
  region size 2048K, 42 young (86016K), 3 survivors (6144K)
 Metaspace       used 105549K, committed 106176K, reserved 1179648K
  class space    used 13896K, committed 14208K, reserved 1048576K
}
Event: 16.511 GC heap after
{Heap after GC invocations=52 (full 0):
 garbage-first heap   total 303104K, used 153850K [0x0000000700000000, 0x0000000800000000)
  region size 2048K, 6 young (12288K), 6 survivors (12288K)
 Metaspace       used 105549K, committed 106176K, reserved 1179648K
  class space    used 13896K, committed 14208K, reserved 1048576K
}
Event: 16.517 GC heap before
{Heap before GC invocations=52 (full 0):
 garbage-first heap   total 303104K, used 155898K [0x0000000700000000, 0x0000000800000000)
  region size 2048K, 7 young (14336K), 6 survivors (12288K)
 Metaspace       used 105551K, committed 106176K, reserved 1179648K
  class space    used 13896K, committed 14208K, reserved 1048576K
}
Event: 16.522 GC heap after
{Heap after GC invocations=53 (full 0):
 garbage-first heap   total 303104K, used 138415K [0x0000000700000000, 0x0000000800000000)
  region size 2048K, 1 young (2048K), 1 survivors (2048K)
 Metaspace       used 105551K, committed 106176K, reserved 1179648K
  class space    used 13896K, committed 14208K, reserved 1048576K
}
Event: 17.804 GC heap before
{Heap before GC invocations=53 (full 0):
 garbage-first heap   total 303104K, used 226479K [0x0000000700000000, 0x0000000800000000)
  region size 2048K, 45 young (92160K), 1 survivors (2048K)
 Metaspace       used 111310K, committed 112000K, reserved 1179648K
  class space    used 14635K, committed 14976K, reserved 1048576K
}
Event: 17.809 GC heap after
{Heap after GC invocations=54 (full 0):
 garbage-first heap   total 303104K, used 143029K [0x0000000700000000, 0x0000000800000000)
  region size 2048K, 3 young (6144K), 3 survivors (6144K)
 Metaspace       used 111310K, committed 112000K, reserved 1179648K
  class space    used 14635K, committed 14976K, reserved 1048576K
}
Event: 18.289 GC heap before
{Heap before GC invocations=55 (full 0):
 garbage-first heap   total 303104K, used 222901K [0x0000000700000000, 0x0000000800000000)
  region size 2048K, 49 young (100352K), 3 survivors (6144K)
 Metaspace       used 111947K, committed 112704K, reserved 1179648K
  class space    used 14702K, committed 15040K, reserved 1048576K
}
Event: 18.294 GC heap after
{Heap after GC invocations=56 (full 0):
 garbage-first heap   total 303104K, used 135152K [0x0000000700000000, 0x0000000800000000)
  region size 2048K, 6 young (12288K), 6 survivors (12288K)
 Metaspace       used 111947K, committed 112704K, reserved 1179648K
  class space    used 14702K, committed 15040K, reserved 1048576K
}
Event: 18.298 GC heap before
{Heap before GC invocations=56 (full 0):
 garbage-first heap   total 303104K, used 137200K [0x0000000700000000, 0x0000000800000000)
  region size 2048K, 7 young (14336K), 6 survivors (12288K)
 Metaspace       used 111947K, committed 112704K, reserved 1179648K
  class space    used 14702K, committed 15040K, reserved 1048576K
}
Event: 18.303 GC heap after
{Heap after GC invocations=57 (full 0):
 garbage-first heap   total 303104K, used 127038K [0x0000000700000000, 0x0000000800000000)
  region size 2048K, 1 young (2048K), 1 survivors (2048K)
 Metaspace       used 111947K, committed 112704K, reserved 1179648K
  class space    used 14702K, committed 15040K, reserved 1048576K
}

