# JRE version: OpenJDK Runtime Environment (17.0.7) (build 17.0.7+0-b2043.56-10550314)
# Java VM: OpenJDK 64-Bit Server VM (17.0.7+0-b2043.56-10550314, mixed mode, tiered, compressed oops, compressed class ptrs, g1 gc, windows-amd64)
GC Precious Log:
 CPUs: 20 total, 20 available
 Memory: 16110M
 Large Page Support: Disabled
 NUMA Support: Disabled
 Compressed Oops: Enabled (32-bit)
 Heap Region Size: 1M
 Heap Min Capacity: 8M
 Heap Initial Capacity: 252M
 Heap Max Capacity: 2G
 Pre-touch: Disabled
 Parallel Workers: 15
 Concurrent Workers: 4
 Concurrent Refinement Workers: 15
 Periodic GC: Disabled
Heap:
 garbage-first heap   total 159744K, used 72256K [0x0000000080000000, 0x0000000100000000)
  region size 1024K, 17 young (17408K), 4 survivors (4096K)
 Metaspace       used 51229K, committed 51712K, reserved 1114112K
  class space    used 6793K, committed 7040K, reserved 1048576K
GC Heap History (20 events):
Event: 0.880 GC heap before
{Heap before GC invocations=0 (full 0):
 garbage-first heap   total 258048K, used 28672K [0x0000000080000000, 0x0000000100000000)
  region size 1024K, 23 young (23552K), 0 survivors (0K)
 Metaspace       used 10293K, committed 10496K, reserved 1114112K
  class space    used 1061K, committed 1152K, reserved 1048576K
}
Event: 0.902 GC heap after
{Heap after GC invocations=1 (full 0):
 garbage-first heap   total 258048K, used 9009K [0x0000000080000000, 0x0000000100000000)
  region size 1024K, 3 young (3072K), 3 survivors (3072K)
 Metaspace       used 10293K, committed 10496K, reserved 1114112K
  class space    used 1061K, committed 1152K, reserved 1048576K
}
Event: 1.268 GC heap before
{Heap before GC invocations=1 (full 0):
 garbage-first heap   total 258048K, used 36657K [0x0000000080000000, 0x0000000100000000)
  region size 1024K, 29 young (29696K), 3 survivors (3072K)
 Metaspace       used 11227K, committed 11392K, reserved 1114112K
  class space    used 1165K, committed 1280K, reserved 1048576K
}
Event: 1.277 GC heap after
{Heap after GC invocations=2 (full 0):
 garbage-first heap   total 258048K, used 11807K [0x0000000080000000, 0x0000000100000000)
  region size 1024K, 3 young (3072K), 3 survivors (3072K)
 Metaspace       used 11227K, committed 11392K, reserved 1114112K
  class space    used 1165K, committed 1280K, reserved 1048576K
}
Event: 2.411 GC heap before
{Heap before GC invocations=2 (full 0):
 garbage-first heap   total 258048K, used 51743K [0x0000000080000000, 0x0000000100000000)
  region size 1024K, 44 young (45056K), 3 survivors (3072K)
 Metaspace       used 21247K, committed 21504K, reserved 1114112K
  class space    used 2562K, committed 2688K, reserved 1048576K
}
Event: 2.434 GC heap after
{Heap after GC invocations=3 (full 0):
 garbage-first heap   total 258048K, used 17153K [0x0000000080000000, 0x0000000100000000)
  region size 1024K, 8 young (8192K), 8 survivors (8192K)
 Metaspace       used 21247K, committed 21504K, reserved 1114112K
  class space    used 2562K, committed 2688K, reserved 1048576K
}
Event: 2.994 GC heap before
{Heap before GC invocations=4 (full 0):
 garbage-first heap   total 61440K, used 44801K [0x0000000080000000, 0x0000000100000000)
  region size 1024K, 36 young (36864K), 8 survivors (8192K)
 Metaspace       used 25962K, committed 26240K, reserved 1114112K
  class space    used 3388K, committed 3520K, reserved 1048576K
}
Event: 3.017 GC heap after
{Heap after GC invocations=5 (full 0):
 garbage-first heap   total 61440K, used 19034K [0x0000000080000000, 0x0000000100000000)
  region size 1024K, 2 young (2048K), 2 survivors (2048K)
 Metaspace       used 25962K, committed 26240K, reserved 1114112K
  class space    used 3388K, committed 3520K, reserved 1048576K
}
Event: 3.043 GC heap before
{Heap before GC invocations=5 (full 0):
 garbage-first heap   total 61440K, used 20058K [0x0000000080000000, 0x0000000100000000)
  region size 1024K, 3 young (3072K), 2 survivors (2048K)
 Metaspace       used 26079K, committed 26432K, reserved 1114112K
  class space    used 3408K, committed 3584K, reserved 1048576K
}
Event: 3.046 GC heap after
{Heap after GC invocations=6 (full 0):
 garbage-first heap   total 159744K, used 19451K [0x0000000080000000, 0x0000000100000000)
  region size 1024K, 1 young (1024K), 1 survivors (1024K)
 Metaspace       used 26079K, committed 26432K, reserved 1114112K
  class space    used 3408K, committed 3584K, reserved 1048576K
}
Event: 4.415 GC heap before
{Heap before GC invocations=6 (full 0):
 garbage-first heap   total 159744K, used 110587K [0x0000000080000000, 0x0000000100000000)
  region size 1024K, 71 young (72704K), 1 survivors (1024K)
 Metaspace       used 35644K, committed 35968K, reserved 1114112K
  class space    used 4956K, committed 5120K, reserved 1048576K
}
Event: 4.422 GC heap after
{Heap after GC invocations=7 (full 0):
 garbage-first heap   total 159744K, used 48378K [0x0000000080000000, 0x0000000100000000)
  region size 1024K, 8 young (8192K), 8 survivors (8192K)
 Metaspace       used 35644K, committed 35968K, reserved 1114112K
  class space    used 4956K, committed 5120K, reserved 1048576K
}
Event: 5.306 GC heap before
{Heap before GC invocations=8 (full 0):
 garbage-first heap   total 159744K, used 110842K [0x0000000080000000, 0x0000000100000000)
  region size 1024K, 67 young (68608K), 8 survivors (8192K)
 Metaspace       used 45742K, committed 46144K, reserved 1114112K
  class space    used 6103K, committed 6272K, reserved 1048576K
}
Event: 5.312 GC heap after
{Heap after GC invocations=9 (full 0):
 garbage-first heap   total 159744K, used 54474K [0x0000000080000000, 0x0000000100000000)
  region size 1024K, 7 young (7168K), 7 survivors (7168K)
 Metaspace       used 45742K, committed 46144K, reserved 1114112K
  class space    used 6103K, committed 6272K, reserved 1048576K
}
Event: 5.321 GC heap before
{Heap before GC invocations=9 (full 0):
 garbage-first heap   total 159744K, used 55498K [0x0000000080000000, 0x0000000100000000)
  region size 1024K, 8 young (8192K), 7 survivors (7168K)
 Metaspace       used 45753K, committed 46144K, reserved 1114112K
  class space    used 6103K, committed 6272K, reserved 1048576K
}
Event: 5.325 GC heap after
{Heap after GC invocations=10 (full 0):
 garbage-first heap   total 159744K, used 54444K [0x0000000080000000, 0x0000000100000000)
  region size 1024K, 1 young (1024K), 1 survivors (1024K)
 Metaspace       used 45753K, committed 46144K, reserved 1114112K
  class space    used 6103K, committed 6272K, reserved 1048576K
}
Event: 6.052 GC heap before
{Heap before GC invocations=10 (full 0):
 garbage-first heap   total 159744K, used 115884K [0x0000000080000000, 0x0000000100000000)
  region size 1024K, 58 young (59392K), 1 survivors (1024K)
 Metaspace       used 51077K, committed 51584K, reserved 1114112K
  class space    used 6792K, committed 7040K, reserved 1048576K
}
Event: 6.055 GC heap after
{Heap after GC invocations=11 (full 0):
 garbage-first heap   total 159744K, used 59945K [0x0000000080000000, 0x0000000100000000)
  region size 1024K, 4 young (4096K), 4 survivors (4096K)
 Metaspace       used 51077K, committed 51584K, reserved 1114112K
  class space    used 6792K, committed 7040K, reserved 1048576K
}
Event: 6.271 GC heap before
{Heap before GC invocations=11 (full 0):
 garbage-first heap   total 159744K, used 120361K [0x0000000080000000, 0x0000000100000000)
  region size 1024K, 62 young (63488K), 4 survivors (4096K)
 Metaspace       used 51228K, committed 51712K, reserved 1114112K
  class space    used 6793K, committed 7040K, reserved 1048576K
}
Event: 6.274 GC heap after
{Heap after GC invocations=12 (full 0):
 garbage-first heap   total 159744K, used 59968K [0x0000000080000000, 0x0000000100000000)
  region size 1024K, 4 young (4096K), 4 survivors (4096K)
 Metaspace       used 51228K, committed 51712K, reserved 1114112K
  class space    used 6793K, committed 7040K, reserved 1048576K
}

