# JRE version: OpenJDK Runtime Environment (17.0.7) (build 17.0.7+0-b2043.56-10550314)
# Java VM: OpenJDK 64-Bit Server VM (17.0.7+0-b2043.56-10550314, mixed mode, tiered, compressed oops, compressed class ptrs, g1 gc, windows-amd64)
GC Precious Log:
 CPUs: 20 total, 20 available
 Memory: 16110M
 Large Page Support: Disabled
 NUMA Support: Disabled
 Compressed Oops: Enabled (Zero based)
 Heap Region Size: 2M
 Heap Min Capacity: 8M
 Heap Initial Capacity: 252M
 Heap Max Capacity: 4G
 Pre-touch: Disabled
 Parallel Workers: 15
 Concurrent Workers: 4
 Concurrent Refinement Workers: 15
 Periodic GC: Disabled
Heap:
 garbage-first heap   total 206848K, used 108452K [0x0000000700000000, 0x0000000800000000)
  region size 2048K, 4 young (8192K), 4 survivors (8192K)
 Metaspace       used 95085K, committed 95744K, reserved 1179648K
  class space    used 12867K, committed 13184K, reserved 1048576K
GC Heap History (20 events):
Event: 5.871 GC heap after
{Heap after GC invocations=24 (full 0):
 garbage-first heap   total 129024K, used 67372K [0x0000000700000000, 0x0000000800000000)
  region size 2048K, 3 young (6144K), 3 survivors (6144K)
 Metaspace       used 71411K, committed 71936K, reserved 1114112K
  class space    used 9300K, committed 9536K, reserved 1048576K
}
Event: 6.326 GC heap before
{Heap before GC invocations=25 (full 0):
 garbage-first heap   total 129024K, used 100140K [0x0000000700000000, 0x0000000800000000)
  region size 2048K, 19 young (38912K), 3 survivors (6144K)
 Metaspace       used 75484K, committed 75968K, reserved 1179648K
  class space    used 10069K, committed 10304K, reserved 1048576K
}
Event: 6.328 GC heap after
{Heap after GC invocations=26 (full 0):
 garbage-first heap   total 155648K, used 69427K [0x0000000700000000, 0x0000000800000000)
  region size 2048K, 3 young (6144K), 3 survivors (6144K)
 Metaspace       used 75484K, committed 75968K, reserved 1179648K
  class space    used 10069K, committed 10304K, reserved 1048576K
}
Event: 6.953 GC heap before
{Heap before GC invocations=26 (full 0):
 garbage-first heap   total 155648K, used 122675K [0x0000000700000000, 0x0000000800000000)
  region size 2048K, 29 young (59392K), 3 survivors (6144K)
 Metaspace       used 80476K, committed 81024K, reserved 1179648K
  class space    used 10788K, committed 11008K, reserved 1048576K
}
Event: 6.956 GC heap after
{Heap after GC invocations=27 (full 0):
 garbage-first heap   total 155648K, used 73355K [0x0000000700000000, 0x0000000800000000)
  region size 2048K, 3 young (6144K), 3 survivors (6144K)
 Metaspace       used 80476K, committed 81024K, reserved 1179648K
  class space    used 10788K, committed 11008K, reserved 1048576K
}
Event: 7.606 GC heap before
{Heap before GC invocations=27 (full 0):
 garbage-first heap   total 155648K, used 122507K [0x0000000700000000, 0x0000000800000000)
  region size 2048K, 28 young (57344K), 3 survivors (6144K)
 Metaspace       used 86259K, committed 86784K, reserved 1179648K
  class space    used 11603K, committed 11840K, reserved 1048576K
}
Event: 7.610 GC heap after
{Heap after GC invocations=28 (full 0):
 garbage-first heap   total 155648K, used 77559K [0x0000000700000000, 0x0000000800000000)
  region size 2048K, 4 young (8192K), 4 survivors (8192K)
 Metaspace       used 86259K, committed 86784K, reserved 1179648K
  class space    used 11603K, committed 11840K, reserved 1048576K
}
Event: 7.952 GC heap before
{Heap before GC invocations=28 (full 0):
 garbage-first heap   total 155648K, used 126711K [0x0000000700000000, 0x0000000800000000)
  region size 2048K, 28 young (57344K), 4 survivors (8192K)
 Metaspace       used 87224K, committed 87744K, reserved 1179648K
  class space    used 11728K, committed 11968K, reserved 1048576K
}
Event: 7.956 GC heap after
{Heap after GC invocations=29 (full 0):
 garbage-first heap   total 155648K, used 84169K [0x0000000700000000, 0x0000000800000000)
  region size 2048K, 4 young (8192K), 4 survivors (8192K)
 Metaspace       used 87224K, committed 87744K, reserved 1179648K
  class space    used 11728K, committed 11968K, reserved 1048576K
}
Event: 8.333 GC heap before
{Heap before GC invocations=29 (full 0):
 garbage-first heap   total 155648K, used 123081K [0x0000000700000000, 0x0000000800000000)
  region size 2048K, 23 young (47104K), 4 survivors (8192K)
 Metaspace       used 89615K, committed 90176K, reserved 1179648K
  class space    used 12017K, committed 12288K, reserved 1048576K
}
Event: 8.338 GC heap after
{Heap after GC invocations=30 (full 0):
 garbage-first heap   total 155648K, used 91696K [0x0000000700000000, 0x0000000800000000)
  region size 2048K, 3 young (6144K), 3 survivors (6144K)
 Metaspace       used 89615K, committed 90176K, reserved 1179648K
  class space    used 12017K, committed 12288K, reserved 1048576K
}
Event: 8.713 GC heap before
{Heap before GC invocations=31 (full 0):
 garbage-first heap   total 161792K, used 124464K [0x0000000700000000, 0x0000000800000000)
  region size 2048K, 19 young (38912K), 3 survivors (6144K)
 Metaspace       used 91648K, committed 92288K, reserved 1179648K
  class space    used 12491K, committed 12800K, reserved 1048576K
}
Event: 8.716 GC heap after
{Heap after GC invocations=32 (full 0):
 garbage-first heap   total 161792K, used 96083K [0x0000000700000000, 0x0000000800000000)
  region size 2048K, 2 young (4096K), 2 survivors (4096K)
 Metaspace       used 91648K, committed 92288K, reserved 1179648K
  class space    used 12491K, committed 12800K, reserved 1048576K
}
Event: 8.786 GC heap before
{Heap before GC invocations=32 (full 0):
 garbage-first heap   total 161792K, used 128851K [0x0000000700000000, 0x0000000800000000)
  region size 2048K, 19 young (38912K), 2 survivors (4096K)
 Metaspace       used 91749K, committed 92480K, reserved 1179648K
  class space    used 12499K, committed 12864K, reserved 1048576K
}
Event: 8.791 GC heap after
{Heap after GC invocations=33 (full 0):
 garbage-first heap   total 161792K, used 97801K [0x0000000700000000, 0x0000000800000000)
  region size 2048K, 3 young (6144K), 3 survivors (6144K)
 Metaspace       used 91749K, committed 92480K, reserved 1179648K
  class space    used 12499K, committed 12864K, reserved 1048576K
}
Event: 8.937 GC heap before
{Heap before GC invocations=34 (full 0):
 garbage-first heap   total 188416K, used 128521K [0x0000000700000000, 0x0000000800000000)
  region size 2048K, 19 young (38912K), 3 survivors (6144K)
 Metaspace       used 92038K, committed 92736K, reserved 1179648K
  class space    used 12510K, committed 12864K, reserved 1048576K
}
Event: 8.941 GC heap after
{Heap after GC invocations=35 (full 0):
 garbage-first heap   total 188416K, used 100195K [0x0000000700000000, 0x0000000800000000)
  region size 2048K, 3 young (6144K), 3 survivors (6144K)
 Metaspace       used 92038K, committed 92736K, reserved 1179648K
  class space    used 12510K, committed 12864K, reserved 1048576K
}
Event: 8.943 GC heap before
{Heap before GC invocations=35 (full 0):
 garbage-first heap   total 188416K, used 102243K [0x0000000700000000, 0x0000000800000000)
  region size 2048K, 4 young (8192K), 3 survivors (6144K)
 Metaspace       used 92046K, committed 92736K, reserved 1179648K
  class space    used 12510K, committed 12864K, reserved 1048576K
}
Event: 8.946 GC heap after
{Heap after GC invocations=36 (full 0):
 garbage-first heap   total 188416K, used 99429K [0x0000000700000000, 0x0000000800000000)
  region size 2048K, 1 young (2048K), 1 survivors (2048K)
 Metaspace       used 92046K, committed 92736K, reserved 1179648K
  class space    used 12510K, committed 12864K, reserved 1048576K
}
Event: 9.558 GC heap before
{Heap before GC invocations=36 (full 0):
 garbage-first heap   total 188416K, used 148581K [0x0000000700000000, 0x0000000800000000)
  region size 2048K, 26 young (53248K), 1 survivors (2048K)
 Metaspace       used 95085K, committed 95744K, reserved 1179648K
  class space    used 12867K, committed 13184K, reserved 1048576K
}

