# JRE version: OpenJDK Runtime Environment (17.0.7) (build 17.0.7+0-b2043.56-10550314)
# Java VM: OpenJDK 64-Bit Server VM (17.0.7+0-b2043.56-10550314, mixed mode, tiered, compressed oops, compressed class ptrs, g1 gc, windows-amd64)
GC Precious Log:
 CPUs: 20 total, 20 available
 Memory: 16110M
 Large Page Support: Disabled
 NUMA Support: Disabled
 Compressed Oops: Enabled (Zero based)
 Heap Region Size: 2M
 Heap Min Capacity: 8M
 Heap Initial Capacity: 252M
 Heap Max Capacity: 4G
 Pre-touch: Disabled
 Parallel Workers: 15
 Concurrent Workers: 4
 Concurrent Refinement Workers: 15
 Periodic GC: Disabled
Heap:
 garbage-first heap   total 282624K, used 165723K [0x0000000700000000, 0x0000000800000000)
  region size 2048K, 4 young (8192K), 4 survivors (8192K)
 Metaspace       used 131606K, committed 132416K, reserved 1179648K
  class space    used 17214K, committed 17600K, reserved 1048576K
GC Heap History (20 events):
Event: 16.426 GC heap after
{Heap after GC invocations=51 (full 0):
 garbage-first heap   total 282624K, used 126073K [0x0000000700000000, 0x0000000800000000)
  region size 2048K, 1 young (2048K), 1 survivors (2048K)
 Metaspace       used 99754K, committed 100416K, reserved 1179648K
  class space    used 13392K, committed 13696K, reserved 1048576K
}
Event: 16.833 GC heap before
{Heap before GC invocations=51 (full 0):
 garbage-first heap   total 282624K, used 218233K [0x0000000700000000, 0x0000000800000000)
  region size 2048K, 47 young (96256K), 1 survivors (2048K)
 Metaspace       used 101077K, committed 101696K, reserved 1179648K
  class space    used 13526K, committed 13824K, reserved 1048576K
}
Event: 16.838 GC heap after
{Heap after GC invocations=52 (full 0):
 garbage-first heap   total 282624K, used 130801K [0x0000000700000000, 0x0000000800000000)
  region size 2048K, 3 young (6144K), 3 survivors (6144K)
 Metaspace       used 101077K, committed 101696K, reserved 1179648K
  class space    used 13526K, committed 13824K, reserved 1048576K
}
Event: 17.470 GC heap before
{Heap before GC invocations=52 (full 0):
 garbage-first heap   total 282624K, used 216817K [0x0000000700000000, 0x0000000800000000)
  region size 2048K, 46 young (94208K), 3 survivors (6144K)
 Metaspace       used 102486K, committed 103296K, reserved 1179648K
  class space    used 13692K, committed 14080K, reserved 1048576K
}
Event: 17.476 GC heap after
{Heap after GC invocations=53 (full 0):
 garbage-first heap   total 282624K, used 137808K [0x0000000700000000, 0x0000000800000000)
  region size 2048K, 6 young (12288K), 6 survivors (12288K)
 Metaspace       used 102486K, committed 103296K, reserved 1179648K
  class space    used 13692K, committed 14080K, reserved 1048576K
}
Event: 20.159 GC heap before
{Heap before GC invocations=53 (full 0):
 garbage-first heap   total 282624K, used 221776K [0x0000000700000000, 0x0000000800000000)
  region size 2048K, 48 young (98304K), 6 survivors (12288K)
 Metaspace       used 107215K, committed 107904K, reserved 1179648K
  class space    used 14314K, committed 14656K, reserved 1048576K
}
Event: 20.168 GC heap after
{Heap after GC invocations=54 (full 0):
 garbage-first heap   total 282624K, used 143122K [0x0000000700000000, 0x0000000800000000)
  region size 2048K, 3 young (6144K), 3 survivors (6144K)
 Metaspace       used 107215K, committed 107904K, reserved 1179648K
  class space    used 14314K, committed 14656K, reserved 1048576K
}
Event: 33.779 GC heap before
{Heap before GC invocations=54 (full 0):
 garbage-first heap   total 282624K, used 225042K [0x0000000700000000, 0x0000000800000000)
  region size 2048K, 44 young (90112K), 3 survivors (6144K)
 Metaspace       used 112750K, committed 113536K, reserved 1179648K
  class space    used 15019K, committed 15424K, reserved 1048576K
}
Event: 33.786 GC heap after
{Heap after GC invocations=55 (full 0):
 garbage-first heap   total 282624K, used 147533K [0x0000000700000000, 0x0000000800000000)
  region size 2048K, 5 young (10240K), 5 survivors (10240K)
 Metaspace       used 112750K, committed 113536K, reserved 1179648K
  class space    used 15019K, committed 15424K, reserved 1048576K
}
Event: 34.994 GC heap before
{Heap before GC invocations=56 (full 0):
 garbage-first heap   total 282624K, used 223309K [0x0000000700000000, 0x0000000800000000)
  region size 2048K, 45 young (92160K), 5 survivors (10240K)
 Metaspace       used 117203K, committed 118016K, reserved 1179648K
  class space    used 15471K, committed 15872K, reserved 1048576K
}
Event: 35.001 GC heap after
{Heap after GC invocations=57 (full 0):
 garbage-first heap   total 282624K, used 141965K [0x0000000700000000, 0x0000000800000000)
  region size 2048K, 5 young (10240K), 5 survivors (10240K)
 Metaspace       used 117203K, committed 118016K, reserved 1179648K
  class space    used 15471K, committed 15872K, reserved 1048576K
}
Event: 35.037 GC heap before
{Heap before GC invocations=57 (full 0):
 garbage-first heap   total 282624K, used 141965K [0x0000000700000000, 0x0000000800000000)
  region size 2048K, 6 young (12288K), 5 survivors (10240K)
 Metaspace       used 117697K, committed 118528K, reserved 1179648K
  class space    used 15522K, committed 15936K, reserved 1048576K
}
Event: 35.043 GC heap after
{Heap after GC invocations=58 (full 0):
 garbage-first heap   total 282624K, used 135866K [0x0000000700000000, 0x0000000800000000)
  region size 2048K, 1 young (2048K), 1 survivors (2048K)
 Metaspace       used 117697K, committed 118528K, reserved 1179648K
  class space    used 15522K, committed 15936K, reserved 1048576K
}
Event: 47.713 GC heap before
{Heap before GC invocations=58 (full 0):
 garbage-first heap   total 282624K, used 232122K [0x0000000700000000, 0x0000000800000000)
  region size 2048K, 47 young (96256K), 1 survivors (2048K)
 Metaspace       used 125634K, committed 126464K, reserved 1179648K
  class space    used 16290K, committed 16704K, reserved 1048576K
}
Event: 47.718 GC heap after
{Heap after GC invocations=59 (full 0):
 garbage-first heap   total 282624K, used 145458K [0x0000000700000000, 0x0000000800000000)
  region size 2048K, 4 young (8192K), 4 survivors (8192K)
 Metaspace       used 125634K, committed 126464K, reserved 1179648K
  class space    used 16290K, committed 16704K, reserved 1048576K
}
Event: 48.909 GC heap before
{Heap before GC invocations=60 (full 0):
 garbage-first heap   total 282624K, used 231474K [0x0000000700000000, 0x0000000800000000)
  region size 2048K, 46 young (94208K), 4 survivors (8192K)
 Metaspace       used 127486K, committed 128320K, reserved 1179648K
  class space    used 16529K, committed 16896K, reserved 1048576K
}
Event: 48.919 GC heap after
{Heap after GC invocations=61 (full 0):
 garbage-first heap   total 282624K, used 161343K [0x0000000700000000, 0x0000000800000000)
  region size 2048K, 6 young (12288K), 6 survivors (12288K)
 Metaspace       used 127486K, committed 128320K, reserved 1179648K
  class space    used 16529K, committed 16896K, reserved 1048576K
}
Event: 48.945 GC heap before
{Heap before GC invocations=61 (full 0):
 garbage-first heap   total 282624K, used 163391K [0x0000000700000000, 0x0000000800000000)
  region size 2048K, 7 young (14336K), 6 survivors (12288K)
 Metaspace       used 127538K, committed 128320K, reserved 1179648K
  class space    used 16533K, committed 16896K, reserved 1048576K
}
Event: 48.950 GC heap after
{Heap after GC invocations=62 (full 0):
 garbage-first heap   total 282624K, used 160190K [0x0000000700000000, 0x0000000800000000)
  region size 2048K, 1 young (2048K), 1 survivors (2048K)
 Metaspace       used 127538K, committed 128320K, reserved 1179648K
  class space    used 16533K, committed 16896K, reserved 1048576K
}
Event: 50.082 GC heap before
{Heap before GC invocations=62 (full 0):
 garbage-first heap   total 282624K, used 227774K [0x0000000700000000, 0x0000000800000000)
  region size 2048K, 33 young (67584K), 1 survivors (2048K)
 Metaspace       used 131606K, committed 132416K, reserved 1179648K
  class space    used 17214K, committed 17600K, reserved 1048576K
}

