# JRE version: OpenJDK Runtime Environment (17.0.7) (build 17.0.7+0-b2043.56-10550314)
# Java VM: OpenJDK 64-Bit Server VM (17.0.7+0-b2043.56-10550314, mixed mode, tiered, compressed oops, compressed class ptrs, g1 gc, windows-amd64)
GC Precious Log:
 CPUs: 20 total, 20 available
 Memory: 16110M
 Large Page Support: Disabled
 NUMA Support: Disabled
 Compressed Oops: Enabled (Zero based)
 Heap Region Size: 2M
 Heap Min Capacity: 8M
 Heap Initial Capacity: 252M
 Heap Max Capacity: 4G
 Pre-touch: Disabled
 Parallel Workers: 15
 Concurrent Workers: 4
 Concurrent Refinement Workers: 15
 Periodic GC: Disabled
Heap:
 garbage-first heap   total 376832K, used 157869K [0x0000000700000000, 0x0000000800000000)
  region size 2048K, 19 young (38912K), 7 survivors (14336K)
 Metaspace       used 105330K, committed 106048K, reserved 1179648K
  class space    used 13863K, committed 14208K, reserved 1048576K
GC Heap History (20 events):
Event: 8.591 GC heap before
{Heap before GC invocations=35 (full 0):
 garbage-first heap   total 165888K, used 129024K [0x0000000700000000, 0x0000000800000000)
  region size 2048K, 21 young (43008K), 3 survivors (6144K)
 Metaspace       used 91681K, committed 92352K, reserved 1179648K
  class space    used 12496K, committed 12800K, reserved 1048576K
}
Event: 8.595 GC heap after
{Heap after GC invocations=36 (full 0):
 garbage-first heap   total 165888K, used 97670K [0x0000000700000000, 0x0000000800000000)
  region size 2048K, 2 young (4096K), 2 survivors (4096K)
 Metaspace       used 91681K, committed 92352K, reserved 1179648K
  class space    used 12496K, committed 12800K, reserved 1048576K
}
Event: 8.703 GC heap before
{Heap before GC invocations=37 (full 0):
 garbage-first heap   total 198656K, used 130438K [0x0000000700000000, 0x0000000800000000)
  region size 2048K, 19 young (38912K), 2 survivors (4096K)
 Metaspace       used 91810K, committed 92416K, reserved 1179648K
  class space    used 12498K, committed 12800K, reserved 1048576K
}
Event: 8.705 GC heap after
{Heap after GC invocations=38 (full 0):
 garbage-first heap   total 198656K, used 99363K [0x0000000700000000, 0x0000000800000000)
  region size 2048K, 1 young (2048K), 1 survivors (2048K)
 Metaspace       used 91810K, committed 92416K, reserved 1179648K
  class space    used 12498K, committed 12800K, reserved 1048576K
}
Event: 8.728 GC heap before
{Heap before GC invocations=38 (full 0):
 garbage-first heap   total 198656K, used 103459K [0x0000000700000000, 0x0000000800000000)
  region size 2048K, 4 young (8192K), 1 survivors (2048K)
 Metaspace       used 91859K, committed 92480K, reserved 1179648K
  class space    used 12499K, committed 12800K, reserved 1048576K
}
Event: 8.730 GC heap after
{Heap after GC invocations=39 (full 0):
 garbage-first heap   total 198656K, used 98408K [0x0000000700000000, 0x0000000800000000)
  region size 2048K, 1 young (2048K), 1 survivors (2048K)
 Metaspace       used 91859K, committed 92480K, reserved 1179648K
  class space    used 12499K, committed 12800K, reserved 1048576K
}
Event: 9.004 GC heap before
{Heap before GC invocations=39 (full 0):
 garbage-first heap   total 198656K, used 155752K [0x0000000700000000, 0x0000000800000000)
  region size 2048K, 30 young (61440K), 1 survivors (2048K)
 Metaspace       used 92309K, committed 92992K, reserved 1179648K
  class space    used 12536K, committed 12864K, reserved 1048576K
}
Event: 9.007 GC heap after
{Heap after GC invocations=40 (full 0):
 garbage-first heap   total 198656K, used 102228K [0x0000000700000000, 0x0000000800000000)
  region size 2048K, 3 young (6144K), 3 survivors (6144K)
 Metaspace       used 92309K, committed 92992K, reserved 1179648K
  class space    used 12536K, committed 12864K, reserved 1048576K
}
Event: 9.291 GC heap before
{Heap before GC invocations=41 (full 0):
 garbage-first heap   total 198656K, used 155476K [0x0000000700000000, 0x0000000800000000)
  region size 2048K, 30 young (61440K), 3 survivors (6144K)
 Metaspace       used 92911K, committed 93568K, reserved 1179648K
  class space    used 12593K, committed 12928K, reserved 1048576K
}
Event: 9.294 GC heap after
{Heap after GC invocations=42 (full 0):
 garbage-first heap   total 198656K, used 105923K [0x0000000700000000, 0x0000000800000000)
  region size 2048K, 4 young (8192K), 4 survivors (8192K)
 Metaspace       used 92911K, committed 93568K, reserved 1179648K
  class space    used 12593K, committed 12928K, reserved 1048576K
}
Event: 9.302 GC heap before
{Heap before GC invocations=42 (full 0):
 garbage-first heap   total 198656K, used 107971K [0x0000000700000000, 0x0000000800000000)
  region size 2048K, 5 young (10240K), 4 survivors (8192K)
 Metaspace       used 92935K, committed 93568K, reserved 1179648K
  class space    used 12597K, committed 12928K, reserved 1048576K
}
Event: 9.305 GC heap after
{Heap after GC invocations=43 (full 0):
 garbage-first heap   total 198656K, used 106214K [0x0000000700000000, 0x0000000800000000)
  region size 2048K, 1 young (2048K), 1 survivors (2048K)
 Metaspace       used 92935K, committed 93568K, reserved 1179648K
  class space    used 12597K, committed 12928K, reserved 1048576K
}
Event: 9.704 GC heap before
{Heap before GC invocations=43 (full 0):
 garbage-first heap   total 198656K, used 157414K [0x0000000700000000, 0x0000000800000000)
  region size 2048K, 27 young (55296K), 1 survivors (2048K)
 Metaspace       used 97757K, committed 98432K, reserved 1179648K
  class space    used 13238K, committed 13568K, reserved 1048576K
}
Event: 9.706 GC heap after
{Heap after GC invocations=44 (full 0):
 garbage-first heap   total 397312K, used 108003K [0x0000000700000000, 0x0000000800000000)
  region size 2048K, 2 young (4096K), 2 survivors (4096K)
 Metaspace       used 97757K, committed 98432K, reserved 1179648K
  class space    used 13238K, committed 13568K, reserved 1048576K
}
Event: 19.780 GC heap before
{Heap before GC invocations=45 (full 0):
 garbage-first heap   total 376832K, used 314851K [0x0000000700000000, 0x0000000800000000)
  region size 2048K, 104 young (212992K), 2 survivors (4096K)
 Metaspace       used 104245K, committed 104896K, reserved 1179648K
  class space    used 13813K, committed 14144K, reserved 1048576K
}
Event: 19.786 GC heap after
{Heap after GC invocations=46 (full 0):
 garbage-first heap   total 376832K, used 121963K [0x0000000700000000, 0x0000000800000000)
  region size 2048K, 9 young (18432K), 9 survivors (18432K)
 Metaspace       used 104245K, committed 104896K, reserved 1179648K
  class space    used 13813K, committed 14144K, reserved 1048576K
}
Event: 19.806 GC heap before
{Heap before GC invocations=46 (full 0):
 garbage-first heap   total 376832K, used 121963K [0x0000000700000000, 0x0000000800000000)
  region size 2048K, 10 young (20480K), 9 survivors (18432K)
 Metaspace       used 104261K, committed 104960K, reserved 1179648K
  class space    used 13813K, committed 14144K, reserved 1048576K
}
Event: 19.810 GC heap after
{Heap after GC invocations=47 (full 0):
 garbage-first heap   total 376832K, used 124431K [0x0000000700000000, 0x0000000800000000)
  region size 2048K, 2 young (4096K), 2 survivors (4096K)
 Metaspace       used 104261K, committed 104960K, reserved 1179648K
  class space    used 13813K, committed 14144K, reserved 1048576K
}
Event: 26.870 GC heap before
{Heap before GC invocations=47 (full 0):
 garbage-first heap   total 376832K, used 294415K [0x0000000700000000, 0x0000000800000000)
  region size 2048K, 86 young (176128K), 2 survivors (4096K)
 Metaspace       used 105248K, committed 105984K, reserved 1179648K
  class space    used 13859K, committed 14208K, reserved 1048576K
}
Event: 26.876 GC heap after
{Heap after GC invocations=48 (full 0):
 garbage-first heap   total 376832K, used 135341K [0x0000000700000000, 0x0000000800000000)
  region size 2048K, 7 young (14336K), 7 survivors (14336K)
 Metaspace       used 105248K, committed 105984K, reserved 1179648K
  class space    used 13859K, committed 14208K, reserved 1048576K
}

