# JRE version: OpenJDK Runtime Environment (17.0.7) (build 17.0.7+0-b2043.56-10550314)
# Java VM: OpenJDK 64-Bit Server VM (17.0.7+0-b2043.56-10550314, mixed mode, tiered, compressed oops, compressed class ptrs, g1 gc, windows-amd64)
GC Precious Log:
 CPUs: 20 total, 20 available
 Memory: 16110M
 Large Page Support: Disabled
 NUMA Support: Disabled
 Compressed Oops: Enabled (Zero based)
 Heap Region Size: 2M
 Heap Min Capacity: 8M
 Heap Initial Capacity: 252M
 Heap Max Capacity: 4G
 Pre-touch: Disabled
 Parallel Workers: 15
 Concurrent Workers: 4
 Concurrent Refinement Workers: 15
 Periodic GC: Disabled
Heap:
 garbage-first heap   total 389120K, used 228041K [0x0000000700000000, 0x0000000800000000)
  region size 2048K, 53 young (108544K), 10 survivors (20480K)
 Metaspace       used 104901K, committed 105664K, reserved 1179648K
  class space    used 14234K, committed 14592K, reserved 1048576K
GC Heap History (20 events):
Event: 6.173 GC heap before
{Heap before GC invocations=24 (full 0):
 garbage-first heap   total 114688K, used 93542K [0x0000000700000000, 0x0000000800000000)
  region size 2048K, 15 young (30720K), 2 survivors (4096K)
 Metaspace       used 78323K, committed 78848K, reserved 1179648K
  class space    used 10494K, committed 10752K, reserved 1048576K
}
Event: 6.175 GC heap after
{Heap after GC invocations=25 (full 0):
 garbage-first heap   total 139264K, used 68783K [0x0000000700000000, 0x0000000800000000)
  region size 2048K, 2 young (4096K), 2 survivors (4096K)
 Metaspace       used 78323K, committed 78848K, reserved 1179648K
  class space    used 10494K, committed 10752K, reserved 1048576K
}
Event: 6.604 GC heap before
{Heap before GC invocations=26 (full 0):
 garbage-first heap   total 139264K, used 111791K [0x0000000700000000, 0x0000000800000000)
  region size 2048K, 23 young (47104K), 2 survivors (4096K)
 Metaspace       used 82715K, committed 83264K, reserved 1179648K
  class space    used 11179K, committed 11392K, reserved 1048576K
}
Event: 6.608 GC heap after
{Heap after GC invocations=27 (full 0):
 garbage-first heap   total 139264K, used 71610K [0x0000000700000000, 0x0000000800000000)
  region size 2048K, 3 young (6144K), 3 survivors (6144K)
 Metaspace       used 82715K, committed 83264K, reserved 1179648K
  class space    used 11179K, committed 11392K, reserved 1048576K
}
Event: 7.028 GC heap before
{Heap before GC invocations=27 (full 0):
 garbage-first heap   total 139264K, used 112570K [0x0000000700000000, 0x0000000800000000)
  region size 2048K, 23 young (47104K), 3 survivors (6144K)
 Metaspace       used 86470K, committed 87040K, reserved 1179648K
  class space    used 11648K, committed 11904K, reserved 1048576K
}
Event: 7.030 GC heap after
{Heap after GC invocations=28 (full 0):
 garbage-first heap   total 139264K, used 75243K [0x0000000700000000, 0x0000000800000000)
  region size 2048K, 3 young (6144K), 3 survivors (6144K)
 Metaspace       used 86470K, committed 87040K, reserved 1179648K
  class space    used 11648K, committed 11904K, reserved 1048576K
}
Event: 7.312 GC heap before
{Heap before GC invocations=29 (full 0):
 garbage-first heap   total 139264K, used 114155K [0x0000000700000000, 0x0000000800000000)
  region size 2048K, 22 young (45056K), 3 survivors (6144K)
 Metaspace       used 87123K, committed 87744K, reserved 1179648K
  class space    used 11737K, committed 12032K, reserved 1048576K
}
Event: 7.316 GC heap after
{Heap after GC invocations=30 (full 0):
 garbage-first heap   total 139264K, used 81555K [0x0000000700000000, 0x0000000800000000)
  region size 2048K, 3 young (6144K), 3 survivors (6144K)
 Metaspace       used 87123K, committed 87744K, reserved 1179648K
  class space    used 11737K, committed 12032K, reserved 1048576K
}
Event: 7.527 GC heap before
{Heap before GC invocations=30 (full 0):
 garbage-first heap   total 139264K, used 112275K [0x0000000700000000, 0x0000000800000000)
  region size 2048K, 19 young (38912K), 3 survivors (6144K)
 Metaspace       used 88118K, committed 88704K, reserved 1179648K
  class space    used 11821K, committed 12096K, reserved 1048576K
}
Event: 7.530 GC heap after
{Heap after GC invocations=31 (full 0):
 garbage-first heap   total 139264K, used 88827K [0x0000000700000000, 0x0000000800000000)
  region size 2048K, 3 young (6144K), 3 survivors (6144K)
 Metaspace       used 88118K, committed 88704K, reserved 1179648K
  class space    used 11821K, committed 12096K, reserved 1048576K
}
Event: 7.837 GC heap before
{Heap before GC invocations=32 (full 0):
 garbage-first heap   total 153600K, used 111355K [0x0000000700000000, 0x0000000800000000)
  region size 2048K, 14 young (28672K), 3 survivors (6144K)
 Metaspace       used 90501K, committed 91072K, reserved 1179648K
  class space    used 12167K, committed 12416K, reserved 1048576K
}
Event: 7.840 GC heap after
{Heap after GC invocations=33 (full 0):
 garbage-first heap   total 153600K, used 91790K [0x0000000700000000, 0x0000000800000000)
  region size 2048K, 2 young (4096K), 2 survivors (4096K)
 Metaspace       used 90501K, committed 91072K, reserved 1179648K
  class space    used 12167K, committed 12416K, reserved 1048576K
}
Event: 8.023 GC heap before
{Heap before GC invocations=33 (full 0):
 garbage-first heap   total 153600K, used 120462K [0x0000000700000000, 0x0000000800000000)
  region size 2048K, 17 young (34816K), 2 survivors (4096K)
 Metaspace       used 91689K, committed 92352K, reserved 1179648K
  class space    used 12480K, committed 12736K, reserved 1048576K
}
Event: 8.026 GC heap after
{Heap after GC invocations=34 (full 0):
 garbage-first heap   total 153600K, used 94260K [0x0000000700000000, 0x0000000800000000)
  region size 2048K, 3 young (6144K), 3 survivors (6144K)
 Metaspace       used 91689K, committed 92352K, reserved 1179648K
  class space    used 12480K, committed 12736K, reserved 1048576K
}
Event: 8.094 GC heap before
{Heap before GC invocations=35 (full 0):
 garbage-first heap   total 194560K, used 120884K [0x0000000700000000, 0x0000000800000000)
  region size 2048K, 17 young (34816K), 3 survivors (6144K)
 Metaspace       used 91824K, committed 92480K, reserved 1179648K
  class space    used 12483K, committed 12800K, reserved 1048576K
}
Event: 8.097 GC heap after
{Heap after GC invocations=36 (full 0):
 garbage-first heap   total 194560K, used 95663K [0x0000000700000000, 0x0000000800000000)
  region size 2048K, 3 young (6144K), 3 survivors (6144K)
 Metaspace       used 91824K, committed 92480K, reserved 1179648K
  class space    used 12483K, committed 12800K, reserved 1048576K
}
Event: 8.332 GC heap before
{Heap before GC invocations=36 (full 0):
 garbage-first heap   total 194560K, used 153007K [0x0000000700000000, 0x0000000800000000)
  region size 2048K, 32 young (65536K), 3 survivors (6144K)
 Metaspace       used 92296K, committed 92928K, reserved 1179648K
  class space    used 12521K, committed 12800K, reserved 1048576K
}
Event: 8.336 GC heap after
{Heap after GC invocations=37 (full 0):
 garbage-first heap   total 389120K, used 99234K [0x0000000700000000, 0x0000000800000000)
  region size 2048K, 4 young (8192K), 4 survivors (8192K)
 Metaspace       used 92296K, committed 92928K, reserved 1179648K
  class space    used 12521K, committed 12800K, reserved 1048576K
}
Event: 9.391 GC heap before
{Heap before GC invocations=38 (full 0):
 garbage-first heap   total 389120K, used 304034K [0x0000000700000000, 0x0000000800000000)
  region size 2048K, 105 young (215040K), 4 survivors (8192K)
 Metaspace       used 100458K, committed 101184K, reserved 1179648K
  class space    used 13565K, committed 13888K, reserved 1048576K
}
Event: 9.397 GC heap after
{Heap after GC invocations=39 (full 0):
 garbage-first heap   total 389120K, used 111305K [0x0000000700000000, 0x0000000800000000)
  region size 2048K, 10 young (20480K), 10 survivors (20480K)
 Metaspace       used 100458K, committed 101184K, reserved 1179648K
  class space    used 13565K, committed 13888K, reserved 1048576K
}

