# JRE version: OpenJDK Runtime Environment (17.0.7) (build 17.0.7+0-b2043.56-10550314)
# Java VM: OpenJDK 64-Bit Server VM (17.0.7+0-b2043.56-10550314, mixed mode, tiered, compressed oops, compressed class ptrs, g1 gc, windows-amd64)
GC Precious Log:
 CPUs: 20 total, 20 available
 Memory: 16110M
 Large Page Support: Disabled
 NUMA Support: Disabled
 Compressed Oops: Enabled (32-bit)
 Heap Region Size: 1M
 Heap Min Capacity: 8M
 Heap Initial Capacity: 252M
 Heap Max Capacity: 2G
 Pre-touch: Disabled
 Parallel Workers: 15
 Concurrent Workers: 4
 Concurrent Refinement Workers: 15
 Periodic GC: Disabled
Heap:
 garbage-first heap   total 86016K, used 37545K [0x0000000080000000, 0x0000000100000000)
  region size 1024K, 17 young (17408K), 7 survivors (7168K)
 Metaspace       used 42372K, committed 42752K, reserved 1114112K
  class space    used 5529K, committed 5696K, reserved 1048576K
GC Heap History (14 events):
Event: 0.968 GC heap before
{Heap before GC invocations=0 (full 0):
 garbage-first heap   total 258048K, used 28672K [0x0000000080000000, 0x0000000100000000)
  region size 1024K, 23 young (23552K), 0 survivors (0K)
 Metaspace       used 10279K, committed 10496K, reserved 1114112K
  class space    used 1061K, committed 1152K, reserved 1048576K
}
Event: 0.988 GC heap after
{Heap after GC invocations=1 (full 0):
 garbage-first heap   total 258048K, used 9376K [0x0000000080000000, 0x0000000100000000)
  region size 1024K, 3 young (3072K), 3 survivors (3072K)
 Metaspace       used 10279K, committed 10496K, reserved 1114112K
  class space    used 1061K, committed 1152K, reserved 1048576K
}
Event: 1.291 GC heap before
{Heap before GC invocations=1 (full 0):
 garbage-first heap   total 258048K, used 36000K [0x0000000080000000, 0x0000000100000000)
  region size 1024K, 29 young (29696K), 3 survivors (3072K)
 Metaspace       used 11220K, committed 11392K, reserved 1114112K
  class space    used 1165K, committed 1280K, reserved 1048576K
}
Event: 1.303 GC heap after
{Heap after GC invocations=2 (full 0):
 garbage-first heap   total 258048K, used 12182K [0x0000000080000000, 0x0000000100000000)
  region size 1024K, 3 young (3072K), 3 survivors (3072K)
 Metaspace       used 11220K, committed 11392K, reserved 1114112K
  class space    used 1165K, committed 1280K, reserved 1048576K
}
Event: 2.798 GC heap before
{Heap before GC invocations=2 (full 0):
 garbage-first heap   total 258048K, used 58262K [0x0000000080000000, 0x0000000100000000)
  region size 1024K, 48 young (49152K), 3 survivors (3072K)
 Metaspace       used 21333K, committed 21504K, reserved 1114112K
  class space    used 2577K, committed 2624K, reserved 1048576K
}
Event: 2.848 GC heap after
{Heap after GC invocations=3 (full 0):
 garbage-first heap   total 258048K, used 17960K [0x0000000080000000, 0x0000000100000000)
  region size 1024K, 9 young (9216K), 9 survivors (9216K)
 Metaspace       used 21333K, committed 21504K, reserved 1114112K
  class space    used 2577K, committed 2624K, reserved 1048576K
}
Event: 3.591 GC heap before
{Heap before GC invocations=4 (full 0):
 garbage-first heap   total 68608K, used 49704K [0x0000000080000000, 0x0000000100000000)
  region size 1024K, 40 young (40960K), 9 survivors (9216K)
 Metaspace       used 26405K, committed 26688K, reserved 1114112K
  class space    used 3478K, committed 3584K, reserved 1048576K
}
Event: 3.615 GC heap after
{Heap after GC invocations=5 (full 0):
 garbage-first heap   total 68608K, used 19575K [0x0000000080000000, 0x0000000100000000)
  region size 1024K, 3 young (3072K), 3 survivors (3072K)
 Metaspace       used 26405K, committed 26688K, reserved 1114112K
  class space    used 3478K, committed 3584K, reserved 1048576K
}
Event: 4.151 GC heap before
{Heap before GC invocations=5 (full 0):
 garbage-first heap   total 68608K, used 47223K [0x0000000080000000, 0x0000000100000000)
  region size 1024K, 30 young (30720K), 3 survivors (3072K)
 Metaspace       used 30635K, committed 30976K, reserved 1114112K
  class space    used 4150K, committed 4288K, reserved 1048576K
}
Event: 4.154 GC heap after
{Heap after GC invocations=6 (full 0):
 garbage-first heap   total 101376K, used 20884K [0x0000000080000000, 0x0000000100000000)
  region size 1024K, 4 young (4096K), 4 survivors (4096K)
 Metaspace       used 30635K, committed 30976K, reserved 1114112K
  class space    used 4150K, committed 4288K, reserved 1048576K
}
Event: 4.600 GC heap before
{Heap before GC invocations=6 (full 0):
 garbage-first heap   total 101376K, used 47508K [0x0000000080000000, 0x0000000100000000)
  region size 1024K, 31 young (31744K), 4 survivors (4096K)
 Metaspace       used 35687K, committed 35968K, reserved 1114112K
  class space    used 4855K, committed 4992K, reserved 1048576K
}
Event: 4.604 GC heap after
{Heap after GC invocations=7 (full 0):
 garbage-first heap   total 101376K, used 23158K [0x0000000080000000, 0x0000000100000000)
  region size 1024K, 6 young (6144K), 6 survivors (6144K)
 Metaspace       used 35687K, committed 35968K, reserved 1114112K
  class space    used 4855K, committed 4992K, reserved 1048576K
}
Event: 5.150 GC heap before
{Heap before GC invocations=8 (full 0):
 garbage-first heap   total 86016K, used 68214K [0x0000000080000000, 0x0000000100000000)
  region size 1024K, 49 young (50176K), 6 survivors (6144K)
 Metaspace       used 42058K, committed 42432K, reserved 1114112K
  class space    used 5471K, committed 5632K, reserved 1048576K
}
Event: 5.158 GC heap after
{Heap after GC invocations=9 (full 0):
 garbage-first heap   total 86016K, used 28329K [0x0000000080000000, 0x0000000100000000)
  region size 1024K, 7 young (7168K), 7 survivors (7168K)
 Metaspace       used 42058K, committed 42432K, reserved 1114112K
  class space    used 5471K, committed 5632K, reserved 1048576K
}

