# JRE version: OpenJDK Runtime Environment (17.0.7) (build 17.0.7+0-b2043.56-10550314)
# Java VM: OpenJDK 64-Bit Server VM (17.0.7+0-b2043.56-10550314, mixed mode, tiered, compressed oops, compressed class ptrs, g1 gc, windows-amd64)
GC Precious Log:
 CPUs: 20 total, 20 available
 Memory: 16110M
 Large Page Support: Disabled
 NUMA Support: Disabled
 Compressed Oops: Enabled (32-bit)
 Heap Region Size: 1M
 Heap Min Capacity: 8M
 Heap Initial Capacity: 252M
 Heap Max Capacity: 2G
 Pre-touch: Disabled
 Parallel Workers: 15
 Concurrent Workers: 4
 Concurrent Refinement Workers: 15
 Periodic GC: Disabled
Heap:
 garbage-first heap   total 151552K, used 92293K [0x0000000080000000, 0x0000000100000000)
  region size 1024K, 25 young (25600K), 1 survivors (1024K)
 Metaspace       used 54230K, committed 54848K, reserved 1114112K
  class space    used 7217K, committed 7488K, reserved 1048576K
GC Heap History (20 events):
Event: 2.698 GC heap before
{Heap before GC invocations=5 (full 0):
 garbage-first heap   total 61440K, used 19734K [0x0000000080000000, 0x0000000100000000)
  region size 1024K, 3 young (3072K), 2 survivors (2048K)
 Metaspace       used 26059K, committed 26432K, reserved 1114112K
  class space    used 3405K, committed 3584K, reserved 1048576K
}
Event: 2.703 GC heap after
{Heap after GC invocations=6 (full 0):
 garbage-first heap   total 61440K, used 18678K [0x0000000080000000, 0x0000000100000000)
  region size 1024K, 1 young (1024K), 1 survivors (1024K)
 Metaspace       used 26059K, committed 26432K, reserved 1114112K
  class space    used 3405K, committed 3584K, reserved 1048576K
}
Event: 3.143 GC heap before
{Heap before GC invocations=6 (full 0):
 garbage-first heap   total 61440K, used 45302K [0x0000000080000000, 0x0000000100000000)
  region size 1024K, 22 young (22528K), 1 survivors (1024K)
 Metaspace       used 29049K, committed 29376K, reserved 1114112K
  class space    used 3918K, committed 4096K, reserved 1048576K
}
Event: 3.146 GC heap after
{Heap after GC invocations=7 (full 0):
 garbage-first heap   total 61440K, used 29664K [0x0000000080000000, 0x0000000100000000)
  region size 1024K, 3 young (3072K), 3 survivors (3072K)
 Metaspace       used 29049K, committed 29376K, reserved 1114112K
  class space    used 3918K, committed 4096K, reserved 1048576K
}
Event: 3.154 GC heap before
{Heap before GC invocations=7 (full 0):
 garbage-first heap   total 61440K, used 41952K [0x0000000080000000, 0x0000000100000000)
  region size 1024K, 3 young (3072K), 3 survivors (3072K)
 Metaspace       used 29051K, committed 29376K, reserved 1114112K
  class space    used 3918K, committed 4096K, reserved 1048576K
}
Event: 3.156 GC heap after
{Heap after GC invocations=8 (full 0):
 garbage-first heap   total 61440K, used 41913K [0x0000000080000000, 0x0000000100000000)
  region size 1024K, 0 young (0K), 0 survivors (0K)
 Metaspace       used 29051K, committed 29376K, reserved 1114112K
  class space    used 3918K, committed 4096K, reserved 1048576K
}
Event: 3.305 GC heap before
{Heap before GC invocations=9 (full 0):
 garbage-first heap   total 75776K, used 50105K [0x0000000080000000, 0x0000000100000000)
  region size 1024K, 7 young (7168K), 0 survivors (0K)
 Metaspace       used 29815K, committed 30208K, reserved 1114112K
  class space    used 4041K, committed 4224K, reserved 1048576K
}
Event: 3.306 GC heap after
{Heap after GC invocations=10 (full 0):
 garbage-first heap   total 151552K, used 46027K [0x0000000080000000, 0x0000000100000000)
  region size 1024K, 1 young (1024K), 1 survivors (1024K)
 Metaspace       used 29815K, committed 30208K, reserved 1114112K
  class space    used 4041K, committed 4224K, reserved 1048576K
}
Event: 3.370 GC heap before
{Heap before GC invocations=10 (full 0):
 garbage-first heap   total 151552K, used 51147K [0x0000000080000000, 0x0000000100000000)
  region size 1024K, 7 young (7168K), 1 survivors (1024K)
 Metaspace       used 30662K, committed 31040K, reserved 1114112K
  class space    used 4160K, committed 4352K, reserved 1048576K
}
Event: 3.372 GC heap after
{Heap after GC invocations=11 (full 0):
 garbage-first heap   total 151552K, used 46001K [0x0000000080000000, 0x0000000100000000)
  region size 1024K, 1 young (1024K), 1 survivors (1024K)
 Metaspace       used 30662K, committed 31040K, reserved 1114112K
  class space    used 4160K, committed 4352K, reserved 1048576K
}
Event: 4.313 GC heap before
{Heap before GC invocations=11 (full 0):
 garbage-first heap   total 151552K, used 102321K [0x0000000080000000, 0x0000000100000000)
  region size 1024K, 56 young (57344K), 1 survivors (1024K)
 Metaspace       used 41368K, committed 41792K, reserved 1114112K
  class space    used 5504K, committed 5696K, reserved 1048576K
}
Event: 4.319 GC heap after
{Heap after GC invocations=12 (full 0):
 garbage-first heap   total 151552K, used 51374K [0x0000000080000000, 0x0000000100000000)
  region size 1024K, 6 young (6144K), 6 survivors (6144K)
 Metaspace       used 41368K, committed 41792K, reserved 1114112K
  class space    used 5504K, committed 5696K, reserved 1048576K
}
Event: 5.243 GC heap before
{Heap before GC invocations=12 (full 0):
 garbage-first heap   total 151552K, used 117934K [0x0000000080000000, 0x0000000100000000)
  region size 1024K, 64 young (65536K), 6 survivors (6144K)
 Metaspace       used 46807K, committed 47232K, reserved 1114112K
  class space    used 6176K, committed 6336K, reserved 1048576K
}
Event: 5.249 GC heap after
{Heap after GC invocations=13 (full 0):
 garbage-first heap   total 151552K, used 62482K [0x0000000080000000, 0x0000000100000000)
  region size 1024K, 7 young (7168K), 7 survivors (7168K)
 Metaspace       used 46807K, committed 47232K, reserved 1114112K
  class space    used 6176K, committed 6336K, reserved 1048576K
}
Event: 5.488 GC heap before
{Heap before GC invocations=13 (full 0):
 garbage-first heap   total 151552K, used 75794K [0x0000000080000000, 0x0000000100000000)
  region size 1024K, 20 young (20480K), 7 survivors (7168K)
 Metaspace       used 48497K, committed 48960K, reserved 1114112K
  class space    used 6303K, committed 6528K, reserved 1048576K
}
Event: 5.510 GC heap after
{Heap after GC invocations=14 (full 0):
 garbage-first heap   total 151552K, used 64003K [0x0000000080000000, 0x0000000100000000)
  region size 1024K, 2 young (2048K), 2 survivors (2048K)
 Metaspace       used 48497K, committed 48960K, reserved 1114112K
  class space    used 6303K, committed 6528K, reserved 1048576K
}
Event: 6.436 GC heap before
{Heap before GC invocations=15 (full 0):
 garbage-first heap   total 151552K, used 118275K [0x0000000080000000, 0x0000000100000000)
  region size 1024K, 55 young (56320K), 2 survivors (2048K)
 Metaspace       used 53174K, committed 53760K, reserved 1114112K
  class space    used 7097K, committed 7360K, reserved 1048576K
}
Event: 6.441 GC heap after
{Heap after GC invocations=16 (full 0):
 garbage-first heap   total 151552K, used 68070K [0x0000000080000000, 0x0000000100000000)
  region size 1024K, 6 young (6144K), 6 survivors (6144K)
 Metaspace       used 53174K, committed 53760K, reserved 1114112K
  class space    used 7097K, committed 7360K, reserved 1048576K
}
Event: 6.468 GC heap before
{Heap before GC invocations=16 (full 0):
 garbage-first heap   total 151552K, used 69094K [0x0000000080000000, 0x0000000100000000)
  region size 1024K, 7 young (7168K), 6 survivors (6144K)
 Metaspace       used 53245K, committed 53824K, reserved 1114112K
  class space    used 7102K, committed 7360K, reserved 1048576K
}
Event: 6.498 GC heap after
{Heap after GC invocations=17 (full 0):
 garbage-first heap   total 151552K, used 68741K [0x0000000080000000, 0x0000000100000000)
  region size 1024K, 1 young (1024K), 1 survivors (1024K)
 Metaspace       used 53245K, committed 53824K, reserved 1114112K
  class space    used 7102K, committed 7360K, reserved 1048576K
}

