# JRE version: OpenJDK Runtime Environment (17.0.7) (build 17.0.7+0-b2043.56-10550314)
# Java VM: OpenJDK 64-Bit Server VM (17.0.7+0-b2043.56-10550314, mixed mode, tiered, compressed oops, compressed class ptrs, g1 gc, windows-amd64)
GC Precious Log:
 CPUs: 20 total, 20 available
 Memory: 16110M
 Large Page Support: Disabled
 NUMA Support: Disabled
 Compressed Oops: Enabled (Zero based)
 Heap Region Size: 2M
 Heap Min Capacity: 8M
 Heap Initial Capacity: 252M
 Heap Max Capacity: 4G
 Pre-touch: Disabled
 Parallel Workers: 15
 Concurrent Workers: 4
 Concurrent Refinement Workers: 15
 Periodic GC: Disabled
Heap:
 garbage-first heap   total 456704K, used 250312K [0x0000000700000000, 0x0000000800000000)
  region size 2048K, 48 young (98304K), 11 survivors (22528K)
 Metaspace       used 116573K, committed 117376K, reserved 1179648K
  class space    used 15152K, committed 15552K, reserved 1048576K
GC Heap History (20 events):
Event: 18.917 GC heap before
{Heap before GC invocations=38 (full 0):
 garbage-first heap   total 165888K, used 96478K [0x0000000700000000, 0x0000000800000000)
  region size 2048K, 4 young (8192K), 3 survivors (6144K)
 Metaspace       used 95736K, committed 96384K, reserved 1179648K
  class space    used 12657K, committed 12928K, reserved 1048576K
}
Event: 18.922 GC heap after
{Heap after GC invocations=39 (full 0):
 garbage-first heap   total 165888K, used 93830K [0x0000000700000000, 0x0000000800000000)
  region size 2048K, 1 young (2048K), 1 survivors (2048K)
 Metaspace       used 95736K, committed 96384K, reserved 1179648K
  class space    used 12657K, committed 12928K, reserved 1048576K
}
Event: 19.306 GC heap before
{Heap before GC invocations=39 (full 0):
 garbage-first heap   total 165888K, used 128646K [0x0000000700000000, 0x0000000800000000)
  region size 2048K, 19 young (38912K), 1 survivors (2048K)
 Metaspace       used 97033K, committed 97664K, reserved 1179648K
  class space    used 12973K, committed 13248K, reserved 1048576K
}
Event: 19.309 GC heap after
{Heap after GC invocations=40 (full 0):
 garbage-first heap   total 249856K, used 96416K [0x0000000700000000, 0x0000000800000000)
  region size 2048K, 2 young (4096K), 2 survivors (4096K)
 Metaspace       used 97033K, committed 97664K, reserved 1179648K
  class space    used 12973K, committed 13248K, reserved 1048576K
}
Event: 20.219 GC heap before
{Heap before GC invocations=41 (full 0):
 garbage-first heap   total 249856K, used 184480K [0x0000000700000000, 0x0000000800000000)
  region size 2048K, 46 young (94208K), 2 survivors (4096K)
 Metaspace       used 100213K, committed 100928K, reserved 1179648K
  class space    used 13324K, committed 13696K, reserved 1048576K
}
Event: 20.227 GC heap after
{Heap after GC invocations=42 (full 0):
 garbage-first heap   total 249856K, used 105060K [0x0000000700000000, 0x0000000800000000)
  region size 2048K, 6 young (12288K), 6 survivors (12288K)
 Metaspace       used 100213K, committed 100928K, reserved 1179648K
  class space    used 13324K, committed 13696K, reserved 1048576K
}
Event: 20.246 GC heap before
{Heap before GC invocations=42 (full 0):
 garbage-first heap   total 249856K, used 107108K [0x0000000700000000, 0x0000000800000000)
  region size 2048K, 7 young (14336K), 6 survivors (12288K)
 Metaspace       used 100232K, committed 100928K, reserved 1179648K
  class space    used 13324K, committed 13696K, reserved 1048576K
}
Event: 20.252 GC heap after
{Heap after GC invocations=43 (full 0):
 garbage-first heap   total 249856K, used 105305K [0x0000000700000000, 0x0000000800000000)
  region size 2048K, 1 young (2048K), 1 survivors (2048K)
 Metaspace       used 100232K, committed 100928K, reserved 1179648K
  class space    used 13324K, committed 13696K, reserved 1048576K
}
Event: 21.628 GC heap before
{Heap before GC invocations=43 (full 0):
 garbage-first heap   total 249856K, used 203609K [0x0000000700000000, 0x0000000800000000)
  region size 2048K, 44 young (90112K), 1 survivors (2048K)
 Metaspace       used 103077K, committed 103872K, reserved 1179648K
  class space    used 13682K, committed 14080K, reserved 1048576K
}
Event: 21.646 GC heap after
{Heap after GC invocations=44 (full 0):
 garbage-first heap   total 249856K, used 131087K [0x0000000700000000, 0x0000000800000000)
  region size 2048K, 6 young (12288K), 6 survivors (12288K)
 Metaspace       used 103077K, committed 103872K, reserved 1179648K
  class space    used 13682K, committed 14080K, reserved 1048576K
}
Event: 22.203 GC heap before
{Heap before GC invocations=44 (full 0):
 garbage-first heap   total 249856K, used 206863K [0x0000000700000000, 0x0000000800000000)
  region size 2048K, 36 young (73728K), 6 survivors (12288K)
 Metaspace       used 103902K, committed 104704K, reserved 1179648K
  class space    used 13742K, committed 14144K, reserved 1048576K
}
Event: 22.209 GC heap after
{Heap after GC invocations=45 (full 0):
 garbage-first heap   total 249856K, used 139977K [0x0000000700000000, 0x0000000800000000)
  region size 2048K, 4 young (8192K), 4 survivors (8192K)
 Metaspace       used 103902K, committed 104704K, reserved 1179648K
  class space    used 13742K, committed 14144K, reserved 1048576K
}
Event: 22.929 GC heap before
{Heap before GC invocations=45 (full 0):
 garbage-first heap   total 249856K, used 195273K [0x0000000700000000, 0x0000000800000000)
  region size 2048K, 32 young (65536K), 4 survivors (8192K)
 Metaspace       used 107182K, committed 107968K, reserved 1179648K
  class space    used 14025K, committed 14400K, reserved 1048576K
}
Event: 22.935 GC heap after
{Heap after GC invocations=46 (full 0):
 garbage-first heap   total 249856K, used 148174K [0x0000000700000000, 0x0000000800000000)
  region size 2048K, 4 young (8192K), 4 survivors (8192K)
 Metaspace       used 107182K, committed 107968K, reserved 1179648K
  class space    used 14025K, committed 14400K, reserved 1048576K
}
Event: 23.063 GC heap before
{Heap before GC invocations=46 (full 0):
 garbage-first heap   total 249856K, used 199374K [0x0000000700000000, 0x0000000800000000)
  region size 2048K, 29 young (59392K), 4 survivors (8192K)
 Metaspace       used 107460K, committed 108224K, reserved 1179648K
  class space    used 14035K, committed 14400K, reserved 1048576K
}
Event: 23.066 GC heap after
{Heap after GC invocations=47 (full 0):
 garbage-first heap   total 249856K, used 150711K [0x0000000700000000, 0x0000000800000000)
  region size 2048K, 2 young (4096K), 2 survivors (4096K)
 Metaspace       used 107460K, committed 108224K, reserved 1179648K
  class space    used 14035K, committed 14400K, reserved 1048576K
}
Event: 23.427 GC heap before
{Heap before GC invocations=47 (full 0):
 garbage-first heap   total 249856K, used 201911K [0x0000000700000000, 0x0000000800000000)
  region size 2048K, 28 young (57344K), 2 survivors (4096K)
 Metaspace       used 108616K, committed 109376K, reserved 1179648K
  class space    used 14131K, committed 14464K, reserved 1048576K
}
Event: 23.433 GC heap after
{Heap after GC invocations=48 (full 0):
 garbage-first heap   total 456704K, used 155199K [0x0000000700000000, 0x0000000800000000)
  region size 2048K, 4 young (8192K), 4 survivors (8192K)
 Metaspace       used 108616K, committed 109376K, reserved 1179648K
  class space    used 14131K, committed 14464K, reserved 1048576K
}
Event: 25.969 GC heap before
{Heap before GC invocations=48 (full 0):
 garbage-first heap   total 456704K, used 351807K [0x0000000700000000, 0x0000000800000000)
  region size 2048K, 101 young (206848K), 4 survivors (8192K)
 Metaspace       used 115966K, committed 116800K, reserved 1179648K
  class space    used 15059K, committed 15488K, reserved 1048576K
}
Event: 25.977 GC heap after
{Heap after GC invocations=49 (full 0):
 garbage-first heap   total 456704K, used 168392K [0x0000000700000000, 0x0000000800000000)
  region size 2048K, 11 young (22528K), 11 survivors (22528K)
 Metaspace       used 115966K, committed 116800K, reserved 1179648K
  class space    used 15059K, committed 15488K, reserved 1048576K
}

