# JRE version: OpenJDK Runtime Environment (17.0.7) (build 17.0.7+0-b2043.56-10550314)
# Java VM: OpenJDK 64-Bit Server VM (17.0.7+0-b2043.56-10550314, mixed mode, tiered, compressed oops, compressed class ptrs, g1 gc, windows-amd64)
GC Precious Log:
 CPUs: 20 total, 20 available
 Memory: 16110M
 Large Page Support: Disabled
 NUMA Support: Disabled
 Compressed Oops: Enabled (Zero based)
 Heap Region Size: 2M
 Heap Min Capacity: 8M
 Heap Initial Capacity: 252M
 Heap Max Capacity: 4G
 Pre-touch: Disabled
 Parallel Workers: 15
 Concurrent Workers: 4
 Concurrent Refinement Workers: 15
 Periodic GC: Disabled
Heap:
 garbage-first heap   total 399360K, used 240521K [0x0000000700000000, 0x0000000800000000)
  region size 2048K, 4 young (8192K), 4 survivors (8192K)
 Metaspace       used 107277K, committed 107968K, reserved 1179648K
  class space    used 14851K, committed 15168K, reserved 1048576K
GC Heap History (20 events):
Event: 13.210 GC heap after
{Heap after GC invocations=35 (full 0):
 garbage-first heap   total 221184K, used 94930K [0x0000000700000000, 0x0000000800000000)
  region size 2048K, 3 young (6144K), 3 survivors (6144K)
 Metaspace       used 92277K, committed 92928K, reserved 1179648K
  class space    used 12504K, committed 12800K, reserved 1048576K
}
Event: 13.575 GC heap before
{Heap before GC invocations=35 (full 0):
 garbage-first heap   total 221184K, used 164562K [0x0000000700000000, 0x0000000800000000)
  region size 2048K, 38 young (77824K), 3 survivors (6144K)
 Metaspace       used 92752K, committed 93376K, reserved 1179648K
  class space    used 12537K, committed 12800K, reserved 1048576K
}
Event: 13.579 GC heap after
{Heap after GC invocations=36 (full 0):
 garbage-first heap   total 221184K, used 98394K [0x0000000700000000, 0x0000000800000000)
  region size 2048K, 5 young (10240K), 5 survivors (10240K)
 Metaspace       used 92752K, committed 93376K, reserved 1179648K
  class space    used 12537K, committed 12800K, reserved 1048576K
}
Event: 14.070 GC heap before
{Heap before GC invocations=36 (full 0):
 garbage-first heap   total 221184K, used 170074K [0x0000000700000000, 0x0000000800000000)
  region size 2048K, 41 young (83968K), 5 survivors (10240K)
 Metaspace       used 93665K, committed 94272K, reserved 1179648K
  class space    used 12659K, committed 12928K, reserved 1048576K
}
Event: 14.075 GC heap after
{Heap after GC invocations=37 (full 0):
 garbage-first heap   total 221184K, used 103012K [0x0000000700000000, 0x0000000800000000)
  region size 2048K, 5 young (10240K), 5 survivors (10240K)
 Metaspace       used 93665K, committed 94272K, reserved 1179648K
  class space    used 12659K, committed 12928K, reserved 1048576K
}
Event: 14.294 GC heap before
{Heap before GC invocations=37 (full 0):
 garbage-first heap   total 221184K, used 168548K [0x0000000700000000, 0x0000000800000000)
  region size 2048K, 37 young (75776K), 5 survivors (10240K)
 Metaspace       used 94404K, committed 95040K, reserved 1179648K
  class space    used 12762K, committed 13056K, reserved 1048576K
}
Event: 14.299 GC heap after
{Heap after GC invocations=38 (full 0):
 garbage-first heap   total 266240K, used 114366K [0x0000000700000000, 0x0000000800000000)
  region size 2048K, 6 young (12288K), 6 survivors (12288K)
 Metaspace       used 94404K, committed 95040K, reserved 1179648K
  class space    used 12762K, committed 13056K, reserved 1048576K
}
Event: 14.616 GC heap before
{Heap before GC invocations=38 (full 0):
 garbage-first heap   total 266240K, used 165566K [0x0000000700000000, 0x0000000800000000)
  region size 2048K, 25 young (51200K), 6 survivors (12288K)
 Metaspace       used 99077K, committed 99776K, reserved 1179648K
  class space    used 13442K, committed 13760K, reserved 1048576K
}
Event: 14.624 GC heap after
{Heap after GC invocations=39 (full 0):
 garbage-first heap   total 266240K, used 137182K [0x0000000700000000, 0x0000000800000000)
  region size 2048K, 5 young (10240K), 5 survivors (10240K)
 Metaspace       used 99077K, committed 99776K, reserved 1179648K
  class space    used 13442K, committed 13760K, reserved 1048576K
}
Event: 15.012 GC heap before
{Heap before GC invocations=40 (full 0):
 garbage-first heap   total 266240K, used 206814K [0x0000000700000000, 0x0000000800000000)
  region size 2048K, 34 young (69632K), 5 survivors (10240K)
 Metaspace       used 100062K, committed 100736K, reserved 1179648K
  class space    used 13582K, committed 13888K, reserved 1048576K
}
Event: 15.023 GC heap after
{Heap after GC invocations=41 (full 0):
 garbage-first heap   total 266240K, used 160630K [0x0000000700000000, 0x0000000800000000)
  region size 2048K, 5 young (10240K), 5 survivors (10240K)
 Metaspace       used 100062K, committed 100736K, reserved 1179648K
  class space    used 13582K, committed 13888K, reserved 1048576K
}
Event: 15.371 GC heap before
{Heap before GC invocations=41 (full 0):
 garbage-first heap   total 266240K, used 203638K [0x0000000700000000, 0x0000000800000000)
  region size 2048K, 26 young (53248K), 5 survivors (10240K)
 Metaspace       used 103370K, committed 104000K, reserved 1179648K
  class space    used 14276K, committed 14592K, reserved 1048576K
}
Event: 15.383 GC heap after
{Heap after GC invocations=42 (full 0):
 garbage-first heap   total 266240K, used 174079K [0x0000000700000000, 0x0000000800000000)
  region size 2048K, 4 young (8192K), 4 survivors (8192K)
 Metaspace       used 103370K, committed 104000K, reserved 1179648K
  class space    used 14276K, committed 14592K, reserved 1048576K
}
Event: 15.523 GC heap before
{Heap before GC invocations=43 (full 0):
 garbage-first heap   total 315392K, used 210943K [0x0000000700000000, 0x0000000800000000)
  region size 2048K, 22 young (45056K), 4 survivors (8192K)
 Metaspace       used 103487K, committed 104128K, reserved 1179648K
  class space    used 14280K, committed 14592K, reserved 1048576K
}
Event: 15.535 GC heap after
{Heap after GC invocations=44 (full 0):
 garbage-first heap   total 315392K, used 191907K [0x0000000700000000, 0x0000000800000000)
  region size 2048K, 3 young (6144K), 3 survivors (6144K)
 Metaspace       used 103487K, committed 104128K, reserved 1179648K
  class space    used 14280K, committed 14592K, reserved 1048576K
}
Event: 15.671 GC heap before
{Heap before GC invocations=44 (full 0):
 garbage-first heap   total 315392K, used 234915K [0x0000000700000000, 0x0000000800000000)
  region size 2048K, 25 young (51200K), 3 survivors (6144K)
 Metaspace       used 103770K, committed 104512K, reserved 1179648K
  class space    used 14303K, committed 14656K, reserved 1048576K
}
Event: 15.681 GC heap after
{Heap after GC invocations=45 (full 0):
 garbage-first heap   total 315392K, used 214999K [0x0000000700000000, 0x0000000800000000)
  region size 2048K, 4 young (8192K), 4 survivors (8192K)
 Metaspace       used 103770K, committed 104512K, reserved 1179648K
  class space    used 14303K, committed 14656K, reserved 1048576K
}
Event: 15.819 GC heap before
{Heap before GC invocations=46 (full 0):
 garbage-first heap   total 399360K, used 245719K [0x0000000700000000, 0x0000000800000000)
  region size 2048K, 20 young (40960K), 4 survivors (8192K)
 Metaspace       used 104005K, committed 104704K, reserved 1179648K
  class space    used 14335K, committed 14656K, reserved 1048576K
}
Event: 15.829 GC heap after
{Heap after GC invocations=47 (full 0):
 garbage-first heap   total 399360K, used 232423K [0x0000000700000000, 0x0000000800000000)
  region size 2048K, 3 young (6144K), 3 survivors (6144K)
 Metaspace       used 104005K, committed 104704K, reserved 1179648K
  class space    used 14335K, committed 14656K, reserved 1048576K
}
Event: 16.859 GC heap before
{Heap before GC invocations=47 (full 0):
 garbage-first heap   total 399360K, used 291815K [0x0000000700000000, 0x0000000800000000)
  region size 2048K, 32 young (65536K), 3 survivors (6144K)
 Metaspace       used 107277K, committed 107968K, reserved 1179648K
  class space    used 14851K, committed 15168K, reserved 1048576K
}

