# JRE version: OpenJDK Runtime Environment (17.0.7) (build 17.0.7+0-b2043.56-10550314)
# Java VM: OpenJDK 64-Bit Server VM (17.0.7+0-b2043.56-10550314, mixed mode, tiered, compressed oops, compressed class ptrs, g1 gc, windows-amd64)
GC Precious Log:
 CPUs: 20 total, 20 available
 Memory: 16110M
 Large Page Support: Disabled
 NUMA Support: Disabled
 Compressed Oops: Enabled (Zero based)
 Heap Region Size: 2M
 Heap Min Capacity: 8M
 Heap Initial Capacity: 252M
 Heap Max Capacity: 4G
 Pre-touch: Disabled
 Parallel Workers: 15
 Concurrent Workers: 4
 Concurrent Refinement Workers: 15
 Periodic GC: Disabled
Heap:
 garbage-first heap   total 368640K, used 214908K [0x0000000700000000, 0x0000000800000000)
  region size 2048K, 40 young (81920K), 7 survivors (14336K)
 Metaspace       used 114556K, committed 115648K, reserved 1179648K
  class space    used 15065K, committed 15552K, reserved 1048576K
GC Heap History (20 events):
Event: 11.901 GC heap before
{Heap before GC invocations=42 (full 0):
 garbage-first heap   total 227328K, used 180907K [0x0000000700000000, 0x0000000800000000)
  region size 2048K, 40 young (81920K), 6 survivors (12288K)
 Metaspace       used 99662K, committed 100352K, reserved 1179648K
  class space    used 13416K, committed 13760K, reserved 1048576K
}
Event: 11.907 GC heap after
{Heap after GC invocations=43 (full 0):
 garbage-first heap   total 227328K, used 117093K [0x0000000700000000, 0x0000000800000000)
  region size 2048K, 3 young (6144K), 3 survivors (6144K)
 Metaspace       used 99662K, committed 100352K, reserved 1179648K
  class space    used 13416K, committed 13760K, reserved 1048576K
}
Event: 173.168 GC heap before
{Heap before GC invocations=44 (full 0):
 garbage-first heap   total 227328K, used 182629K [0x0000000700000000, 0x0000000800000000)
  region size 2048K, 36 young (73728K), 3 survivors (6144K)
 Metaspace       used 104078K, committed 104704K, reserved 1179648K
  class space    used 13813K, committed 14144K, reserved 1048576K
}
Event: 173.171 GC heap after
{Heap after GC invocations=45 (full 0):
 garbage-first heap   total 227328K, used 119969K [0x0000000700000000, 0x0000000800000000)
  region size 2048K, 4 young (8192K), 4 survivors (8192K)
 Metaspace       used 104078K, committed 104704K, reserved 1179648K
  class space    used 13813K, committed 14144K, reserved 1048576K
}
Event: 173.185 GC heap before
{Heap before GC invocations=45 (full 0):
 garbage-first heap   total 227328K, used 122017K [0x0000000700000000, 0x0000000800000000)
  region size 2048K, 5 young (10240K), 4 survivors (8192K)
 Metaspace       used 104109K, committed 104768K, reserved 1179648K
  class space    used 13814K, committed 14144K, reserved 1048576K
}
Event: 173.189 GC heap after
{Heap after GC invocations=46 (full 0):
 garbage-first heap   total 227328K, used 119943K [0x0000000700000000, 0x0000000800000000)
  region size 2048K, 1 young (2048K), 1 survivors (2048K)
 Metaspace       used 104109K, committed 104768K, reserved 1179648K
  class space    used 13814K, committed 14144K, reserved 1048576K
}
Event: 173.611 GC heap before
{Heap before GC invocations=46 (full 0):
 garbage-first heap   total 227328K, used 183431K [0x0000000700000000, 0x0000000800000000)
  region size 2048K, 33 young (67584K), 1 survivors (2048K)
 Metaspace       used 104486K, committed 105152K, reserved 1179648K
  class space    used 13829K, committed 14144K, reserved 1048576K
}
Event: 173.614 GC heap after
{Heap after GC invocations=47 (full 0):
 garbage-first heap   total 368640K, used 125872K [0x0000000700000000, 0x0000000800000000)
  region size 2048K, 4 young (8192K), 4 survivors (8192K)
 Metaspace       used 104486K, committed 105152K, reserved 1179648K
  class space    used 13829K, committed 14144K, reserved 1048576K
}
Event: 437.339 GC heap before
{Heap before GC invocations=48 (full 0):
 garbage-first heap   total 368640K, used 281520K [0x0000000700000000, 0x0000000800000000)
  region size 2048K, 77 young (157696K), 4 survivors (8192K)
 Metaspace       used 106258K, committed 107136K, reserved 1179648K
  class space    used 14002K, committed 14400K, reserved 1048576K
}
Event: 437.343 GC heap after
{Heap after GC invocations=49 (full 0):
 garbage-first heap   total 368640K, used 137627K [0x0000000700000000, 0x0000000800000000)
  region size 2048K, 6 young (12288K), 6 survivors (12288K)
 Metaspace       used 106258K, committed 107136K, reserved 1179648K
  class space    used 14002K, committed 14400K, reserved 1048576K
}
Event: 437.369 GC heap before
{Heap before GC invocations=49 (full 0):
 garbage-first heap   total 368640K, used 141723K [0x0000000700000000, 0x0000000800000000)
  region size 2048K, 9 young (18432K), 6 survivors (12288K)
 Metaspace       used 106262K, committed 107136K, reserved 1179648K
  class space    used 14003K, committed 14400K, reserved 1048576K
}
Event: 437.373 GC heap after
{Heap after GC invocations=50 (full 0):
 garbage-first heap   total 368640K, used 135295K [0x0000000700000000, 0x0000000800000000)
  region size 2048K, 1 young (2048K), 1 survivors (2048K)
 Metaspace       used 106262K, committed 107136K, reserved 1179648K
  class space    used 14003K, committed 14400K, reserved 1048576K
}
Event: 482.090 GC heap before
{Heap before GC invocations=50 (full 0):
 garbage-first heap   total 368640K, used 297087K [0x0000000700000000, 0x0000000800000000)
  region size 2048K, 81 young (165888K), 1 survivors (2048K)
 Metaspace       used 109336K, committed 110272K, reserved 1179648K
  class space    used 14446K, committed 14912K, reserved 1048576K
}
Event: 482.093 GC heap after
{Heap after GC invocations=51 (full 0):
 garbage-first heap   total 368640K, used 140219K [0x0000000700000000, 0x0000000800000000)
  region size 2048K, 4 young (8192K), 4 survivors (8192K)
 Metaspace       used 109336K, committed 110272K, reserved 1179648K
  class space    used 14446K, committed 14912K, reserved 1048576K
}
Event: 484.470 GC heap before
{Heap before GC invocations=52 (full 0):
 garbage-first heap   total 368640K, used 291771K [0x0000000700000000, 0x0000000800000000)
  region size 2048K, 79 young (161792K), 4 survivors (8192K)
 Metaspace       used 110032K, committed 110912K, reserved 1179648K
  class space    used 14479K, committed 14912K, reserved 1048576K
}
Event: 484.475 GC heap after
{Heap after GC invocations=53 (full 0):
 garbage-first heap   total 368640K, used 145527K [0x0000000700000000, 0x0000000800000000)
  region size 2048K, 6 young (12288K), 6 survivors (12288K)
 Metaspace       used 110032K, committed 110912K, reserved 1179648K
  class space    used 14479K, committed 14912K, reserved 1048576K
}
Event: 484.494 GC heap before
{Heap before GC invocations=53 (full 0):
 garbage-first heap   total 368640K, used 151671K [0x0000000700000000, 0x0000000800000000)
  region size 2048K, 9 young (18432K), 6 survivors (12288K)
 Metaspace       used 110046K, committed 110976K, reserved 1179648K
  class space    used 14479K, committed 14912K, reserved 1048576K
}
Event: 484.498 GC heap after
{Heap after GC invocations=54 (full 0):
 garbage-first heap   total 368640K, used 140177K [0x0000000700000000, 0x0000000800000000)
  region size 2048K, 2 young (4096K), 2 survivors (4096K)
 Metaspace       used 110046K, committed 110976K, reserved 1179648K
  class space    used 14479K, committed 14912K, reserved 1048576K
}
Event: 487.560 GC heap before
{Heap before GC invocations=54 (full 0):
 garbage-first heap   total 368640K, used 295825K [0x0000000700000000, 0x0000000800000000)
  region size 2048K, 79 young (161792K), 2 survivors (4096K)
 Metaspace       used 112704K, committed 113664K, reserved 1179648K
  class space    used 14792K, committed 15232K, reserved 1048576K
}
Event: 487.566 GC heap after
{Heap after GC invocations=55 (full 0):
 garbage-first heap   total 368640K, used 151420K [0x0000000700000000, 0x0000000800000000)
  region size 2048K, 7 young (14336K), 7 survivors (14336K)
 Metaspace       used 112704K, committed 113664K, reserved 1179648K
  class space    used 14792K, committed 15232K, reserved 1048576K
}

