# JRE version: OpenJDK Runtime Environment (17.0.7) (build 17.0.7+0-b2043.56-10550314)
# Java VM: OpenJDK 64-Bit Server VM (17.0.7+0-b2043.56-10550314, mixed mode, tiered, compressed oops, compressed class ptrs, g1 gc, windows-amd64)
GC Precious Log:
 CPUs: 20 total, 20 available
 Memory: 16110M
 Large Page Support: Disabled
 NUMA Support: Disabled
 Compressed Oops: Enabled (Zero based)
 Heap Region Size: 2M
 Heap Min Capacity: 8M
 Heap Initial Capacity: 252M
 Heap Max Capacity: 4G
 Pre-touch: Disabled
 Parallel Workers: 15
 Concurrent Workers: 4
 Concurrent Refinement Workers: 15
 Periodic GC: Disabled
Heap:
 garbage-first heap   total 276480K, used 125344K [0x0000000700000000, 0x0000000800000000)
  region size 2048K, 10 young (20480K), 8 survivors (16384K)
 Metaspace       used 104573K, committed 105280K, reserved 1179648K
  class space    used 13846K, committed 14208K, reserved 1048576K
GC Heap History (20 events):
Event: 6.542 GC heap before
{Heap before GC invocations=28 (full 0):
 garbage-first heap   total 172032K, used 75055K [0x0000000700000000, 0x0000000800000000)
  region size 2048K, 5 young (10240K), 4 survivors (8192K)
 Metaspace       used 81240K, committed 81792K, reserved 1179648K
  class space    used 10934K, committed 11200K, reserved 1048576K
}
Event: 6.544 GC heap after
{Heap after GC invocations=29 (full 0):
 garbage-first heap   total 172032K, used 73231K [0x0000000700000000, 0x0000000800000000)
  region size 2048K, 1 young (2048K), 1 survivors (2048K)
 Metaspace       used 81240K, committed 81792K, reserved 1179648K
  class space    used 10934K, committed 11200K, reserved 1048576K
}
Event: 7.199 GC heap before
{Heap before GC invocations=29 (full 0):
 garbage-first heap   total 172032K, used 134671K [0x0000000700000000, 0x0000000800000000)
  region size 2048K, 31 young (63488K), 1 survivors (2048K)
 Metaspace       used 86958K, committed 87552K, reserved 1179648K
  class space    used 11725K, committed 12032K, reserved 1048576K
}
Event: 7.202 GC heap after
{Heap after GC invocations=30 (full 0):
 garbage-first heap   total 172032K, used 77863K [0x0000000700000000, 0x0000000800000000)
  region size 2048K, 3 young (6144K), 3 survivors (6144K)
 Metaspace       used 86958K, committed 87552K, reserved 1179648K
  class space    used 11725K, committed 12032K, reserved 1048576K
}
Event: 7.699 GC heap before
{Heap before GC invocations=30 (full 0):
 garbage-first heap   total 172032K, used 135207K [0x0000000700000000, 0x0000000800000000)
  region size 2048K, 31 young (63488K), 3 survivors (6144K)
 Metaspace       used 87713K, committed 88320K, reserved 1179648K
  class space    used 11794K, committed 12096K, reserved 1048576K
}
Event: 7.703 GC heap after
{Heap after GC invocations=31 (full 0):
 garbage-first heap   total 172032K, used 88457K [0x0000000700000000, 0x0000000800000000)
  region size 2048K, 4 young (8192K), 4 survivors (8192K)
 Metaspace       used 87713K, committed 88320K, reserved 1179648K
  class space    used 11794K, committed 12096K, reserved 1048576K
}
Event: 8.223 GC heap before
{Heap before GC invocations=31 (full 0):
 garbage-first heap   total 172032K, used 133513K [0x0000000700000000, 0x0000000800000000)
  region size 2048K, 26 young (53248K), 4 survivors (8192K)
 Metaspace       used 91559K, committed 92224K, reserved 1179648K
  class space    used 12432K, committed 12736K, reserved 1048576K
}
Event: 8.227 GC heap after
{Heap after GC invocations=32 (full 0):
 garbage-first heap   total 172032K, used 93683K [0x0000000700000000, 0x0000000800000000)
  region size 2048K, 3 young (6144K), 3 survivors (6144K)
 Metaspace       used 91559K, committed 92224K, reserved 1179648K
  class space    used 12432K, committed 12736K, reserved 1048576K
}
Event: 8.319 GC heap before
{Heap before GC invocations=32 (full 0):
 garbage-first heap   total 172032K, used 132595K [0x0000000700000000, 0x0000000800000000)
  region size 2048K, 23 young (47104K), 3 survivors (6144K)
 Metaspace       used 91914K, committed 92544K, reserved 1179648K
  class space    used 12520K, committed 12800K, reserved 1048576K
}
Event: 8.322 GC heap after
{Heap after GC invocations=33 (full 0):
 garbage-first heap   total 172032K, used 96734K [0x0000000700000000, 0x0000000800000000)
  region size 2048K, 2 young (4096K), 2 survivors (4096K)
 Metaspace       used 91914K, committed 92544K, reserved 1179648K
  class space    used 12520K, committed 12800K, reserved 1048576K
}
Event: 8.476 GC heap before
{Heap before GC invocations=33 (full 0):
 garbage-first heap   total 172032K, used 137694K [0x0000000700000000, 0x0000000800000000)
  region size 2048K, 22 young (45056K), 2 survivors (4096K)
 Metaspace       used 92099K, committed 92672K, reserved 1179648K
  class space    used 12528K, committed 12800K, reserved 1048576K
}
Event: 8.478 GC heap after
{Heap after GC invocations=34 (full 0):
 garbage-first heap   total 172032K, used 98976K [0x0000000700000000, 0x0000000800000000)
  region size 2048K, 3 young (6144K), 3 survivors (6144K)
 Metaspace       used 92099K, committed 92672K, reserved 1179648K
  class space    used 12528K, committed 12800K, reserved 1048576K
}
Event: 8.643 GC heap before
{Heap before GC invocations=34 (full 0):
 garbage-first heap   total 172032K, used 137888K [0x0000000700000000, 0x0000000800000000)
  region size 2048K, 23 young (47104K), 3 survivors (6144K)
 Metaspace       used 92428K, committed 93056K, reserved 1179648K
  class space    used 12559K, committed 12864K, reserved 1048576K
}
Event: 8.646 GC heap after
{Heap after GC invocations=35 (full 0):
 garbage-first heap   total 276480K, used 101326K [0x0000000700000000, 0x0000000800000000)
  region size 2048K, 3 young (6144K), 3 survivors (6144K)
 Metaspace       used 92428K, committed 93056K, reserved 1179648K
  class space    used 12559K, committed 12864K, reserved 1048576K
}
Event: 9.270 GC heap before
{Heap before GC invocations=35 (full 0):
 garbage-first heap   total 276480K, used 205774K [0x0000000700000000, 0x0000000800000000)
  region size 2048K, 55 young (112640K), 3 survivors (6144K)
 Metaspace       used 97207K, committed 97792K, reserved 1179648K
  class space    used 13174K, committed 13440K, reserved 1048576K
}
Event: 9.275 GC heap after
{Heap after GC invocations=36 (full 0):
 garbage-first heap   total 276480K, used 107488K [0x0000000700000000, 0x0000000800000000)
  region size 2048K, 6 young (12288K), 6 survivors (12288K)
 Metaspace       used 97207K, committed 97792K, reserved 1179648K
  class space    used 13174K, committed 13440K, reserved 1048576K
}
Event: 9.808 GC heap before
{Heap before GC invocations=36 (full 0):
 garbage-first heap   total 276480K, used 213984K [0x0000000700000000, 0x0000000800000000)
  region size 2048K, 59 young (120832K), 6 survivors (12288K)
 Metaspace       used 99576K, committed 100288K, reserved 1179648K
  class space    used 13426K, committed 13760K, reserved 1048576K
}
Event: 9.813 GC heap after
{Heap after GC invocations=37 (full 0):
 garbage-first heap   total 276480K, used 114767K [0x0000000700000000, 0x0000000800000000)
  region size 2048K, 7 young (14336K), 7 survivors (14336K)
 Metaspace       used 99576K, committed 100288K, reserved 1179648K
  class space    used 13426K, committed 13760K, reserved 1048576K
}
Event: 84.047 GC heap before
{Heap before GC invocations=37 (full 0):
 garbage-first heap   total 276480K, used 217167K [0x0000000700000000, 0x0000000800000000)
  region size 2048K, 58 young (118784K), 7 survivors (14336K)
 Metaspace       used 104542K, committed 105280K, reserved 1179648K
  class space    used 13846K, committed 14208K, reserved 1048576K
}
Event: 84.057 GC heap after
{Heap after GC invocations=38 (full 0):
 garbage-first heap   total 276480K, used 123296K [0x0000000700000000, 0x0000000800000000)
  region size 2048K, 8 young (16384K), 8 survivors (16384K)
 Metaspace       used 104542K, committed 105280K, reserved 1179648K
  class space    used 13846K, committed 14208K, reserved 1048576K
}

