# JRE version: OpenJDK Runtime Environment (17.0.7) (build 17.0.7+0-b2043.56-10550314)
# Java VM: OpenJDK 64-Bit Server VM (17.0.7+0-b2043.56-10550314, mixed mode, tiered, compressed oops, compressed class ptrs, g1 gc, windows-amd64)
GC Precious Log:
 CPUs: 20 total, 20 available
 Memory: 16110M
 Large Page Support: Disabled
 NUMA Support: Disabled
 Compressed Oops: Enabled (Zero based)
 Heap Region Size: 2M
 Heap Min Capacity: 8M
 Heap Initial Capacity: 252M
 Heap Max Capacity: 4G
 Pre-touch: Disabled
 Parallel Workers: 15
 Concurrent Workers: 4
 Concurrent Refinement Workers: 15
 Periodic GC: Disabled
Heap:
 garbage-first heap   total 366592K, used 245872K [0x0000000700000000, 0x0000000800000000)
  region size 2048K, 4 young (8192K), 4 survivors (8192K)
 Metaspace       used 111333K, committed 112064K, reserved 1179648K
  class space    used 15425K, committed 15744K, reserved 1048576K
GC Heap History (20 events):
Event: 8.197 GC heap after
{Heap after GC invocations=39 (full 0):
 garbage-first heap   total 182272K, used 96057K [0x0000000700000000, 0x0000000800000000)
  region size 2048K, 2 young (4096K), 2 survivors (4096K)
 Metaspace       used 90552K, committed 91200K, reserved 1179648K
  class space    used 12179K, committed 12480K, reserved 1048576K
}
Event: 8.411 GC heap before
{Heap before GC invocations=40 (full 0):
 garbage-first heap   total 182272K, used 141113K [0x0000000700000000, 0x0000000800000000)
  region size 2048K, 25 young (51200K), 2 survivors (4096K)
 Metaspace       used 91720K, committed 92352K, reserved 1179648K
  class space    used 12486K, committed 12800K, reserved 1048576K
}
Event: 8.414 GC heap after
{Heap after GC invocations=41 (full 0):
 garbage-first heap   total 182272K, used 98723K [0x0000000700000000, 0x0000000800000000)
  region size 2048K, 4 young (8192K), 4 survivors (8192K)
 Metaspace       used 91720K, committed 92352K, reserved 1179648K
  class space    used 12486K, committed 12800K, reserved 1048576K
}
Event: 8.418 GC heap before
{Heap before GC invocations=41 (full 0):
 garbage-first heap   total 182272K, used 100771K [0x0000000700000000, 0x0000000800000000)
  region size 2048K, 5 young (10240K), 4 survivors (8192K)
 Metaspace       used 91725K, committed 92416K, reserved 1179648K
  class space    used 12486K, committed 12800K, reserved 1048576K
}
Event: 8.420 GC heap after
{Heap after GC invocations=42 (full 0):
 garbage-first heap   total 182272K, used 98238K [0x0000000700000000, 0x0000000800000000)
  region size 2048K, 1 young (2048K), 1 survivors (2048K)
 Metaspace       used 91725K, committed 92416K, reserved 1179648K
  class space    used 12486K, committed 12800K, reserved 1048576K
}
Event: 8.573 GC heap before
{Heap before GC invocations=42 (full 0):
 garbage-first heap   total 182272K, used 143294K [0x0000000700000000, 0x0000000800000000)
  region size 2048K, 23 young (47104K), 1 survivors (2048K)
 Metaspace       used 91950K, committed 92672K, reserved 1179648K
  class space    used 12494K, committed 12800K, reserved 1048576K
}
Event: 8.575 GC heap after
{Heap after GC invocations=43 (full 0):
 garbage-first heap   total 182272K, used 100086K [0x0000000700000000, 0x0000000800000000)
  region size 2048K, 2 young (4096K), 2 survivors (4096K)
 Metaspace       used 91950K, committed 92672K, reserved 1179648K
  class space    used 12494K, committed 12800K, reserved 1048576K
}
Event: 8.753 GC heap before
{Heap before GC invocations=44 (full 0):
 garbage-first heap   total 182272K, used 143094K [0x0000000700000000, 0x0000000800000000)
  region size 2048K, 24 young (49152K), 2 survivors (4096K)
 Metaspace       used 92264K, committed 92864K, reserved 1179648K
  class space    used 12517K, committed 12800K, reserved 1048576K
}
Event: 8.755 GC heap after
{Heap after GC invocations=45 (full 0):
 garbage-first heap   total 182272K, used 103090K [0x0000000700000000, 0x0000000800000000)
  region size 2048K, 3 young (6144K), 3 survivors (6144K)
 Metaspace       used 92264K, committed 92864K, reserved 1179648K
  class space    used 12517K, committed 12800K, reserved 1048576K
}
Event: 8.757 GC heap before
{Heap before GC invocations=45 (full 0):
 garbage-first heap   total 182272K, used 105138K [0x0000000700000000, 0x0000000800000000)
  region size 2048K, 4 young (8192K), 3 survivors (6144K)
 Metaspace       used 92268K, committed 92864K, reserved 1179648K
  class space    used 12517K, committed 12800K, reserved 1048576K
}
Event: 8.760 GC heap after
{Heap after GC invocations=46 (full 0):
 garbage-first heap   total 364544K, used 102554K [0x0000000700000000, 0x0000000800000000)
  region size 2048K, 1 young (2048K), 1 survivors (2048K)
 Metaspace       used 92268K, committed 92864K, reserved 1179648K
  class space    used 12517K, committed 12800K, reserved 1048576K
}
Event: 9.893 GC heap before
{Heap before GC invocations=46 (full 0):
 garbage-first heap   total 364544K, used 272538K [0x0000000700000000, 0x0000000800000000)
  region size 2048K, 85 young (174080K), 1 survivors (2048K)
 Metaspace       used 100159K, committed 100800K, reserved 1179648K
  class space    used 13528K, committed 13824K, reserved 1048576K
}
Event: 9.898 GC heap after
{Heap after GC invocations=47 (full 0):
 garbage-first heap   total 364544K, used 112189K [0x0000000700000000, 0x0000000800000000)
  region size 2048K, 6 young (12288K), 6 survivors (12288K)
 Metaspace       used 100159K, committed 100800K, reserved 1179648K
  class space    used 13528K, committed 13824K, reserved 1048576K
}
Event: 11.236 GC heap before
{Heap before GC invocations=47 (full 0):
 garbage-first heap   total 364544K, used 308797K [0x0000000700000000, 0x0000000800000000)
  region size 2048K, 87 young (178176K), 6 survivors (12288K)
 Metaspace       used 107206K, committed 107904K, reserved 1179648K
  class space    used 14827K, committed 15168K, reserved 1048576K
}
Event: 11.274 GC heap after
{Heap after GC invocations=48 (full 0):
 garbage-first heap   total 366592K, used 174916K [0x0000000700000000, 0x0000000800000000)
  region size 2048K, 11 young (22528K), 11 survivors (22528K)
 Metaspace       used 107206K, committed 107904K, reserved 1179648K
  class space    used 14827K, committed 15168K, reserved 1048576K
}
Event: 11.663 GC heap before
{Heap before GC invocations=48 (full 0):
 garbage-first heap   total 366592K, used 273220K [0x0000000700000000, 0x0000000800000000)
  region size 2048K, 60 young (122880K), 11 survivors (22528K)
 Metaspace       used 107559K, committed 108224K, reserved 1179648K
  class space    used 14839K, committed 15168K, reserved 1048576K
}
Event: 11.706 GC heap after
{Heap after GC invocations=49 (full 0):
 garbage-first heap   total 366592K, used 222133K [0x0000000700000000, 0x0000000800000000)
  region size 2048K, 8 young (16384K), 8 survivors (16384K)
 Metaspace       used 107559K, committed 108224K, reserved 1179648K
  class space    used 14839K, committed 15168K, reserved 1048576K
}
Event: 12.486 GC heap before
{Heap before GC invocations=49 (full 0):
 garbage-first heap   total 366592K, used 279477K [0x0000000700000000, 0x0000000800000000)
  region size 2048K, 37 young (75776K), 8 survivors (16384K)
 Metaspace       used 110590K, committed 111360K, reserved 1179648K
  class space    used 15319K, committed 15680K, reserved 1048576K
}
Event: 12.509 GC heap after
{Heap after GC invocations=50 (full 0):
 garbage-first heap   total 366592K, used 237824K [0x0000000700000000, 0x0000000800000000)
  region size 2048K, 5 young (10240K), 5 survivors (10240K)
 Metaspace       used 110590K, committed 111360K, reserved 1179648K
  class space    used 15319K, committed 15680K, reserved 1048576K
}
Event: 13.047 GC heap before
{Heap before GC invocations=50 (full 0):
 garbage-first heap   total 366592K, used 289024K [0x0000000700000000, 0x0000000800000000)
  region size 2048K, 30 young (61440K), 5 survivors (10240K)
 Metaspace       used 111333K, committed 112064K, reserved 1179648K
  class space    used 15425K, committed 15744K, reserved 1048576K
}

