# JRE version: OpenJDK Runtime Environment (17.0.7) (build 17.0.7+0-b2043.56-10550314)
# Java VM: OpenJDK 64-Bit Server VM (17.0.7+0-b2043.56-10550314, mixed mode, tiered, compressed oops, compressed class ptrs, g1 gc, windows-amd64)
GC Precious Log:
 CPUs: 20 total, 20 available
 Memory: 16110M
 Large Page Support: Disabled
 NUMA Support: Disabled
 Compressed Oops: Enabled (Zero based)
 Heap Region Size: 2M
 Heap Min Capacity: 8M
 Heap Initial Capacity: 252M
 Heap Max Capacity: 4G
 Pre-touch: Disabled
 Parallel Workers: 15
 Concurrent Workers: 4
 Concurrent Refinement Workers: 15
 Periodic GC: Disabled
Heap:
 garbage-first heap   total 260096K, used 144431K [0x0000000700000000, 0x0000000800000000)
  region size 2048K, 1 young (2048K), 1 survivors (2048K)
 Metaspace       used 133506K, committed 134592K, reserved 1179648K
  class space    used 17984K, committed 18496K, reserved 1048576K
GC Heap History (20 events):
Event: 57.053 GC heap after
{Heap after GC invocations=53 (full 0):
 garbage-first heap   total 260096K, used 129398K [0x0000000700000000, 0x0000000800000000)
  region size 2048K, 1 young (2048K), 1 survivors (2048K)
 Metaspace       used 123601K, committed 124416K, reserved 1179648K
  class space    used 16911K, committed 17280K, reserved 1048576K
}
Event: 160.930 GC heap before
{Heap before GC invocations=53 (full 0):
 garbage-first heap   total 260096K, used 184694K [0x0000000700000000, 0x0000000800000000)
  region size 2048K, 30 young (61440K), 1 survivors (2048K)
 Metaspace       used 123969K, committed 124800K, reserved 1179648K
  class space    used 16936K, committed 17344K, reserved 1048576K
}
Event: 160.933 GC heap after
{Heap after GC invocations=54 (full 0):
 garbage-first heap   total 260096K, used 131118K [0x0000000700000000, 0x0000000800000000)
  region size 2048K, 2 young (4096K), 2 survivors (4096K)
 Metaspace       used 123969K, committed 124800K, reserved 1179648K
  class space    used 16936K, committed 17344K, reserved 1048576K
}
Event: 176.425 GC heap before
{Heap before GC invocations=55 (full 0):
 garbage-first heap   total 260096K, used 225326K [0x0000000700000000, 0x0000000800000000)
  region size 2048K, 44 young (90112K), 2 survivors (4096K)
 Metaspace       used 125253K, committed 126144K, reserved 1179648K
  class space    used 17092K, committed 17472K, reserved 1048576K
}
Event: 176.429 GC heap after
{Heap after GC invocations=56 (full 0):
 garbage-first heap   total 260096K, used 145672K [0x0000000700000000, 0x0000000800000000)
  region size 2048K, 5 young (10240K), 5 survivors (10240K)
 Metaspace       used 125253K, committed 126144K, reserved 1179648K
  class space    used 17092K, committed 17472K, reserved 1048576K
}
Event: 176.445 GC heap before
{Heap before GC invocations=56 (full 0):
 garbage-first heap   total 260096K, used 147720K [0x0000000700000000, 0x0000000800000000)
  region size 2048K, 6 young (12288K), 5 survivors (10240K)
 Metaspace       used 125272K, committed 126144K, reserved 1179648K
  class space    used 17092K, committed 17472K, reserved 1048576K
}
Event: 176.450 GC heap after
{Heap after GC invocations=57 (full 0):
 garbage-first heap   total 260096K, used 143021K [0x0000000700000000, 0x0000000800000000)
  region size 2048K, 1 young (2048K), 1 survivors (2048K)
 Metaspace       used 125272K, committed 126144K, reserved 1179648K
  class space    used 17092K, committed 17472K, reserved 1048576K
}
Event: 361.041 GC heap before
{Heap before GC invocations=57 (full 0):
 garbage-first heap   total 260096K, used 212653K [0x0000000700000000, 0x0000000800000000)
  region size 2048K, 36 young (73728K), 1 survivors (2048K)
 Metaspace       used 125529K, committed 126464K, reserved 1179648K
  class space    used 17115K, committed 17536K, reserved 1048576K
}
Event: 361.048 GC heap after
{Heap after GC invocations=58 (full 0):
 garbage-first heap   total 260096K, used 145909K [0x0000000700000000, 0x0000000800000000)
  region size 2048K, 3 young (6144K), 3 survivors (6144K)
 Metaspace       used 125529K, committed 126464K, reserved 1179648K
  class space    used 17115K, committed 17536K, reserved 1048576K
}
Event: 2141.042 GC heap before
{Heap before GC invocations=59 (full 0):
 garbage-first heap   total 260096K, used 215541K [0x0000000700000000, 0x0000000800000000)
  region size 2048K, 37 young (75776K), 3 survivors (6144K)
 Metaspace       used 125716K, committed 126592K, reserved 1179648K
  class space    used 17119K, committed 17536K, reserved 1048576K
}
Event: 2141.044 GC heap after
{Heap after GC invocations=60 (full 0):
 garbage-first heap   total 260096K, used 145955K [0x0000000700000000, 0x0000000800000000)
  region size 2048K, 3 young (6144K), 3 survivors (6144K)
 Metaspace       used 125716K, committed 126592K, reserved 1179648K
  class space    used 17119K, committed 17536K, reserved 1048576K
}
Event: 2301.043 GC heap before
{Heap before GC invocations=60 (full 0):
 garbage-first heap   total 260096K, used 152099K [0x0000000700000000, 0x0000000800000000)
  region size 2048K, 6 young (12288K), 3 survivors (6144K)
 Metaspace       used 125716K, committed 126592K, reserved 1179648K
  class space    used 17119K, committed 17536K, reserved 1048576K
}
Event: 2301.060 GC heap after
{Heap after GC invocations=61 (full 0):
 garbage-first heap   total 260096K, used 136866K [0x0000000700000000, 0x0000000800000000)
  region size 2048K, 1 young (2048K), 1 survivors (2048K)
 Metaspace       used 125716K, committed 126592K, reserved 1179648K
  class space    used 17119K, committed 17536K, reserved 1048576K
}
Event: 2435.979 GC heap before
{Heap before GC invocations=61 (full 0):
 garbage-first heap   total 260096K, used 218786K [0x0000000700000000, 0x0000000800000000)
  region size 2048K, 41 young (83968K), 1 survivors (2048K)
 Metaspace       used 125978K, committed 126912K, reserved 1179648K
  class space    used 17141K, committed 17600K, reserved 1048576K
}
Event: 2435.984 GC heap after
{Heap after GC invocations=62 (full 0):
 garbage-first heap   total 260096K, used 144311K [0x0000000700000000, 0x0000000800000000)
  region size 2048K, 4 young (8192K), 4 survivors (8192K)
 Metaspace       used 125978K, committed 126912K, reserved 1179648K
  class space    used 17141K, committed 17600K, reserved 1048576K
}
Event: 2437.745 GC heap before
{Heap before GC invocations=63 (full 0):
 garbage-first heap   total 260096K, used 220087K [0x0000000700000000, 0x0000000800000000)
  region size 2048K, 39 young (79872K), 4 survivors (8192K)
 Metaspace       used 128361K, committed 129408K, reserved 1179648K
  class space    used 17455K, committed 17920K, reserved 1048576K
}
Event: 2437.749 GC heap after
{Heap after GC invocations=64 (full 0):
 garbage-first heap   total 260096K, used 152292K [0x0000000700000000, 0x0000000800000000)
  region size 2048K, 2 young (4096K), 2 survivors (4096K)
 Metaspace       used 128361K, committed 129408K, reserved 1179648K
  class space    used 17455K, committed 17920K, reserved 1048576K
}
Event: 2437.834 GC heap before
{Heap before GC invocations=64 (full 0):
 garbage-first heap   total 260096K, used 160484K [0x0000000700000000, 0x0000000800000000)
  region size 2048K, 6 young (12288K), 2 survivors (4096K)
 Metaspace       used 129824K, committed 130944K, reserved 1179648K
  class space    used 17556K, committed 18112K, reserved 1048576K
}
Event: 2437.839 GC heap after
{Heap after GC invocations=65 (full 0):
 garbage-first heap   total 260096K, used 144144K [0x0000000700000000, 0x0000000800000000)
  region size 2048K, 1 young (2048K), 1 survivors (2048K)
 Metaspace       used 129824K, committed 130944K, reserved 1179648K
  class space    used 17556K, committed 18112K, reserved 1048576K
}
Event: 2437.978 GC heap before
{Heap before GC invocations=65 (full 0):
 garbage-first heap   total 260096K, used 158480K [0x0000000700000000, 0x0000000800000000)
  region size 2048K, 10 young (20480K), 1 survivors (2048K)
 Metaspace       used 133506K, committed 134592K, reserved 1179648K
  class space    used 17984K, committed 18496K, reserved 1048576K
}

