# JRE version: OpenJDK Runtime Environment (17.0.7) (build 17.0.7+0-b2043.56-10550314)
# Java VM: OpenJDK 64-Bit Server VM (17.0.7+0-b2043.56-10550314, mixed mode, tiered, compressed oops, compressed class ptrs, g1 gc, windows-amd64)
GC Precious Log:
 CPUs: 20 total, 20 available
 Memory: 16110M
 Large Page Support: Disabled
 NUMA Support: Disabled
 Compressed Oops: Enabled (Zero based)
 Heap Region Size: 2M
 Heap Min Capacity: 8M
 Heap Initial Capacity: 252M
 Heap Max Capacity: 4G
 Pre-touch: Disabled
 Parallel Workers: 15
 Concurrent Workers: 4
 Concurrent Refinement Workers: 15
 Periodic GC: Disabled
Heap:
 garbage-first heap   total 206848K, used 104407K [0x0000000700000000, 0x0000000800000000)
  region size 2048K, 2 young (4096K), 2 survivors (4096K)
 Metaspace       used 100341K, committed 101056K, reserved 1179648K
  class space    used 13354K, committed 13696K, reserved 1048576K
GC Heap History (20 events):
Event: 7.132 GC heap after
{Heap after GC invocations=32 (full 0):
 garbage-first heap   total 133120K, used 74085K [0x0000000700000000, 0x0000000800000000)
  region size 2048K, 3 young (6144K), 3 survivors (6144K)
 Metaspace       used 81413K, committed 81920K, reserved 1179648K
  class space    used 10845K, committed 11072K, reserved 1048576K
}
Event: 29.538 GC heap before
{Heap before GC invocations=32 (full 0):
 garbage-first heap   total 133120K, used 102757K [0x0000000700000000, 0x0000000800000000)
  region size 2048K, 18 young (36864K), 3 survivors (6144K)
 Metaspace       used 86385K, committed 86976K, reserved 1179648K
  class space    used 11411K, committed 11712K, reserved 1048576K
}
Event: 29.541 GC heap after
{Heap after GC invocations=33 (full 0):
 garbage-first heap   total 133120K, used 77051K [0x0000000700000000, 0x0000000800000000)
  region size 2048K, 2 young (4096K), 2 survivors (4096K)
 Metaspace       used 86385K, committed 86976K, reserved 1179648K
  class space    used 11411K, committed 11712K, reserved 1048576K
}
Event: 29.728 GC heap before
{Heap before GC invocations=34 (full 0):
 garbage-first heap   total 137216K, used 105723K [0x0000000700000000, 0x0000000800000000)
  region size 2048K, 16 young (32768K), 2 survivors (4096K)
 Metaspace       used 86971K, committed 87552K, reserved 1179648K
  class space    used 11415K, committed 11712K, reserved 1048576K
}
Event: 29.730 GC heap after
{Heap after GC invocations=35 (full 0):
 garbage-first heap   total 137216K, used 79032K [0x0000000700000000, 0x0000000800000000)
  region size 2048K, 2 young (4096K), 2 survivors (4096K)
 Metaspace       used 86971K, committed 87552K, reserved 1179648K
  class space    used 11415K, committed 11712K, reserved 1048576K
}
Event: 29.754 GC heap before
{Heap before GC invocations=35 (full 0):
 garbage-first heap   total 137216K, used 81080K [0x0000000700000000, 0x0000000800000000)
  region size 2048K, 3 young (6144K), 2 survivors (4096K)
 Metaspace       used 87013K, committed 87616K, reserved 1179648K
  class space    used 11416K, committed 11712K, reserved 1048576K
}
Event: 29.757 GC heap after
{Heap after GC invocations=36 (full 0):
 garbage-first heap   total 137216K, used 79405K [0x0000000700000000, 0x0000000800000000)
  region size 2048K, 1 young (2048K), 1 survivors (2048K)
 Metaspace       used 87013K, committed 87616K, reserved 1179648K
  class space    used 11416K, committed 11712K, reserved 1048576K
}
Event: 30.006 GC heap before
{Heap before GC invocations=36 (full 0):
 garbage-first heap   total 137216K, used 110125K [0x0000000700000000, 0x0000000800000000)
  region size 2048K, 16 young (32768K), 1 survivors (2048K)
 Metaspace       used 90176K, committed 90752K, reserved 1179648K
  class space    used 11909K, committed 12160K, reserved 1048576K
}
Event: 30.009 GC heap after
{Heap after GC invocations=37 (full 0):
 garbage-first heap   total 190464K, used 81044K [0x0000000700000000, 0x0000000800000000)
  region size 2048K, 2 young (4096K), 2 survivors (4096K)
 Metaspace       used 90176K, committed 90752K, reserved 1179648K
  class space    used 11909K, committed 12160K, reserved 1048576K
}
Event: 30.594 GC heap before
{Heap before GC invocations=38 (full 0):
 garbage-first heap   total 190464K, used 148628K [0x0000000700000000, 0x0000000800000000)
  region size 2048K, 35 young (71680K), 2 survivors (4096K)
 Metaspace       used 94783K, committed 95424K, reserved 1179648K
  class space    used 12495K, committed 12800K, reserved 1048576K
}
Event: 30.599 GC heap after
{Heap after GC invocations=39 (full 0):
 garbage-first heap   total 190464K, used 88237K [0x0000000700000000, 0x0000000800000000)
  region size 2048K, 5 young (10240K), 5 survivors (10240K)
 Metaspace       used 94783K, committed 95424K, reserved 1179648K
  class space    used 12495K, committed 12800K, reserved 1048576K
}
Event: 30.609 GC heap before
{Heap before GC invocations=39 (full 0):
 garbage-first heap   total 190464K, used 90285K [0x0000000700000000, 0x0000000800000000)
  region size 2048K, 6 young (12288K), 5 survivors (10240K)
 Metaspace       used 94786K, committed 95424K, reserved 1179648K
  class space    used 12495K, committed 12800K, reserved 1048576K
}
Event: 30.613 GC heap after
{Heap after GC invocations=40 (full 0):
 garbage-first heap   total 190464K, used 88657K [0x0000000700000000, 0x0000000800000000)
  region size 2048K, 1 young (2048K), 1 survivors (2048K)
 Metaspace       used 94786K, committed 95424K, reserved 1179648K
  class space    used 12495K, committed 12800K, reserved 1048576K
}
Event: 30.987 GC heap before
{Heap before GC invocations=40 (full 0):
 garbage-first heap   total 190464K, used 150097K [0x0000000700000000, 0x0000000800000000)
  region size 2048K, 31 young (63488K), 1 survivors (2048K)
 Metaspace       used 96198K, committed 96896K, reserved 1179648K
  class space    used 12710K, committed 13056K, reserved 1048576K
}
Event: 30.991 GC heap after
{Heap after GC invocations=41 (full 0):
 garbage-first heap   total 190464K, used 97378K [0x0000000700000000, 0x0000000800000000)
  region size 2048K, 4 young (8192K), 4 survivors (8192K)
 Metaspace       used 96198K, committed 96896K, reserved 1179648K
  class space    used 12710K, committed 13056K, reserved 1048576K
}
Event: 31.147 GC heap before
{Heap before GC invocations=42 (full 0):
 garbage-first heap   total 190464K, used 148578K [0x0000000700000000, 0x0000000800000000)
  region size 2048K, 30 young (61440K), 4 survivors (8192K)
 Metaspace       used 97328K, committed 97984K, reserved 1179648K
  class space    used 13003K, committed 13312K, reserved 1048576K
}
Event: 31.152 GC heap after
{Heap after GC invocations=43 (full 0):
 garbage-first heap   total 190464K, used 101646K [0x0000000700000000, 0x0000000800000000)
  region size 2048K, 2 young (4096K), 2 survivors (4096K)
 Metaspace       used 97328K, committed 97984K, reserved 1179648K
  class space    used 13003K, committed 13312K, reserved 1048576K
}
Event: 31.163 GC heap before
{Heap before GC invocations=43 (full 0):
 garbage-first heap   total 190464K, used 105742K [0x0000000700000000, 0x0000000800000000)
  region size 2048K, 4 young (8192K), 2 survivors (4096K)
 Metaspace       used 97339K, committed 97984K, reserved 1179648K
  class space    used 13003K, committed 13312K, reserved 1048576K
}
Event: 31.165 GC heap after
{Heap after GC invocations=44 (full 0):
 garbage-first heap   total 190464K, used 101090K [0x0000000700000000, 0x0000000800000000)
  region size 2048K, 1 young (2048K), 1 survivors (2048K)
 Metaspace       used 97339K, committed 97984K, reserved 1179648K
  class space    used 13003K, committed 13312K, reserved 1048576K
}
Event: 31.560 GC heap before
{Heap before GC invocations=44 (full 0):
 garbage-first heap   total 190464K, used 150242K [0x0000000700000000, 0x0000000800000000)
  region size 2048K, 26 young (53248K), 1 survivors (2048K)
 Metaspace       used 100341K, committed 101056K, reserved 1179648K
  class space    used 13354K, committed 13696K, reserved 1048576K
}

