# JRE version: OpenJDK Runtime Environment (17.0.7) (build 17.0.7+0-b2043.56-10550314)
# Java VM: OpenJDK 64-Bit Server VM (17.0.7+0-b2043.56-10550314, mixed mode, tiered, compressed oops, compressed class ptrs, g1 gc, windows-amd64)
GC Precious Log:
 CPUs: 20 total, 20 available
 Memory: 16110M
 Large Page Support: Disabled
 NUMA Support: Disabled
 Compressed Oops: Enabled (Zero based)
 Heap Region Size: 2M
 Heap Min Capacity: 8M
 Heap Initial Capacity: 252M
 Heap Max Capacity: 4G
 Pre-touch: Disabled
 Parallel Workers: 15
 Concurrent Workers: 4
 Concurrent Refinement Workers: 15
 Periodic GC: Disabled
Heap:
 garbage-first heap   total 157696K, used 76668K [0x0000000700000000, 0x0000000800000000)
  region size 2048K, 7 young (14336K), 4 survivors (8192K)
 Metaspace       used 86434K, committed 87104K, reserved 1179648K
  class space    used 11385K, committed 11712K, reserved 1048576K
GC Heap History (20 events):
Event: 5.280 GC heap before
{Heap before GC invocations=12 (full 0):
 garbage-first heap   total 110592K, used 77668K [0x0000000700000000, 0x0000000800000000)
  region size 2048K, 26 young (53248K), 3 survivors (6144K)
 Metaspace       used 50734K, committed 51136K, reserved 1114112K
  class space    used 6677K, committed 6848K, reserved 1048576K
}
Event: 5.284 GC heap after
{Heap after GC invocations=13 (full 0):
 garbage-first heap   total 110592K, used 33572K [0x0000000700000000, 0x0000000800000000)
  region size 2048K, 2 young (4096K), 2 survivors (4096K)
 Metaspace       used 50734K, committed 51136K, reserved 1114112K
  class space    used 6677K, committed 6848K, reserved 1048576K
}
Event: 5.701 GC heap before
{Heap before GC invocations=13 (full 0):
 garbage-first heap   total 110592K, used 82724K [0x0000000700000000, 0x0000000800000000)
  region size 2048K, 25 young (51200K), 2 survivors (4096K)
 Metaspace       used 53445K, committed 53888K, reserved 1114112K
  class space    used 7022K, committed 7232K, reserved 1048576K
}
Event: 5.707 GC heap after
{Heap after GC invocations=14 (full 0):
 garbage-first heap   total 110592K, used 48410K [0x0000000700000000, 0x0000000800000000)
  region size 2048K, 4 young (8192K), 4 survivors (8192K)
 Metaspace       used 53445K, committed 53888K, reserved 1114112K
  class space    used 7022K, committed 7232K, reserved 1048576K
}
Event: 6.213 GC heap before
{Heap before GC invocations=14 (full 0):
 garbage-first heap   total 110592K, used 81178K [0x0000000700000000, 0x0000000800000000)
  region size 2048K, 20 young (40960K), 4 survivors (8192K)
 Metaspace       used 58943K, committed 59392K, reserved 1114112K
  class space    used 7652K, committed 7872K, reserved 1048576K
}
Event: 6.216 GC heap after
{Heap after GC invocations=15 (full 0):
 garbage-first heap   total 110592K, used 50401K [0x0000000700000000, 0x0000000800000000)
  region size 2048K, 1 young (2048K), 1 survivors (2048K)
 Metaspace       used 58943K, committed 59392K, reserved 1114112K
  class space    used 7652K, committed 7872K, reserved 1048576K
}
Event: 6.318 GC heap before
{Heap before GC invocations=15 (full 0):
 garbage-first heap   total 110592K, used 54497K [0x0000000700000000, 0x0000000800000000)
  region size 2048K, 4 young (8192K), 1 survivors (2048K)
 Metaspace       used 59582K, committed 60096K, reserved 1114112K
  class space    used 7770K, committed 8000K, reserved 1048576K
}
Event: 6.320 GC heap after
{Heap after GC invocations=16 (full 0):
 garbage-first heap   total 110592K, used 50524K [0x0000000700000000, 0x0000000800000000)
  region size 2048K, 1 young (2048K), 1 survivors (2048K)
 Metaspace       used 59582K, committed 60096K, reserved 1114112K
  class space    used 7770K, committed 8000K, reserved 1048576K
}
Event: 6.697 GC heap before
{Heap before GC invocations=17 (full 0):
 garbage-first heap   total 110592K, used 83292K [0x0000000700000000, 0x0000000800000000)
  region size 2048K, 18 young (36864K), 1 survivors (2048K)
 Metaspace       used 63785K, committed 64320K, reserved 1114112K
  class space    used 8324K, committed 8576K, reserved 1048576K
}
Event: 6.701 GC heap after
{Heap after GC invocations=18 (full 0):
 garbage-first heap   total 110592K, used 54348K [0x0000000700000000, 0x0000000800000000)
  region size 2048K, 3 young (6144K), 3 survivors (6144K)
 Metaspace       used 63785K, committed 64320K, reserved 1114112K
  class space    used 8324K, committed 8576K, reserved 1048576K
}
Event: 7.116 GC heap before
{Heap before GC invocations=18 (full 0):
 garbage-first heap   total 110592K, used 85068K [0x0000000700000000, 0x0000000800000000)
  region size 2048K, 18 young (36864K), 3 survivors (6144K)
 Metaspace       used 66378K, committed 66944K, reserved 1114112K
  class space    used 8626K, committed 8896K, reserved 1048576K
}
Event: 7.121 GC heap after
{Heap after GC invocations=19 (full 0):
 garbage-first heap   total 110592K, used 56969K [0x0000000700000000, 0x0000000800000000)
  region size 2048K, 2 young (4096K), 2 survivors (4096K)
 Metaspace       used 66378K, committed 66944K, reserved 1114112K
  class space    used 8626K, committed 8896K, reserved 1048576K
}
Event: 7.572 GC heap before
{Heap before GC invocations=19 (full 0):
 garbage-first heap   total 110592K, used 85641K [0x0000000700000000, 0x0000000800000000)
  region size 2048K, 16 young (32768K), 2 survivors (4096K)
 Metaspace       used 69492K, committed 70016K, reserved 1114112K
  class space    used 9035K, committed 9280K, reserved 1048576K
}
Event: 7.576 GC heap after
{Heap after GC invocations=20 (full 0):
 garbage-first heap   total 157696K, used 58507K [0x0000000700000000, 0x0000000800000000)
  region size 2048K, 1 young (2048K), 1 survivors (2048K)
 Metaspace       used 69492K, committed 70016K, reserved 1114112K
  class space    used 9035K, committed 9280K, reserved 1048576K
}
Event: 8.179 GC heap before
{Heap before GC invocations=21 (full 0):
 garbage-first heap   total 157696K, used 121995K [0x0000000700000000, 0x0000000800000000)
  region size 2048K, 32 young (65536K), 1 survivors (2048K)
 Metaspace       used 72076K, committed 72576K, reserved 1114112K
  class space    used 9381K, committed 9600K, reserved 1048576K
}
Event: 8.184 GC heap after
{Heap after GC invocations=22 (full 0):
 garbage-first heap   total 157696K, used 63118K [0x0000000700000000, 0x0000000800000000)
  region size 2048K, 4 young (8192K), 4 survivors (8192K)
 Metaspace       used 72076K, committed 72576K, reserved 1114112K
  class space    used 9381K, committed 9600K, reserved 1048576K
}
Event: 8.976 GC heap before
{Heap before GC invocations=22 (full 0):
 garbage-first heap   total 157696K, used 120462K [0x0000000700000000, 0x0000000800000000)
  region size 2048K, 32 young (65536K), 4 survivors (8192K)
 Metaspace       used 78656K, committed 79168K, reserved 1179648K
  class space    used 10509K, committed 10752K, reserved 1048576K
}
Event: 8.984 GC heap after
{Heap after GC invocations=23 (full 0):
 garbage-first heap   total 157696K, used 66776K [0x0000000700000000, 0x0000000800000000)
  region size 2048K, 2 young (4096K), 2 survivors (4096K)
 Metaspace       used 78656K, committed 79168K, reserved 1179648K
  class space    used 10509K, committed 10752K, reserved 1048576K
}
Event: 10.375 GC heap before
{Heap before GC invocations=23 (full 0):
 garbage-first heap   total 157696K, used 124120K [0x0000000700000000, 0x0000000800000000)
  region size 2048K, 30 young (61440K), 2 survivors (4096K)
 Metaspace       used 86313K, committed 86912K, reserved 1179648K
  class space    used 11372K, committed 11648K, reserved 1048576K
}
Event: 10.381 GC heap after
{Heap after GC invocations=24 (full 0):
 garbage-first heap   total 157696K, used 72572K [0x0000000700000000, 0x0000000800000000)
  region size 2048K, 4 young (8192K), 4 survivors (8192K)
 Metaspace       used 86313K, committed 86912K, reserved 1179648K
  class space    used 11372K, committed 11648K, reserved 1048576K
}

