# JRE version: OpenJDK Runtime Environment (17.0.7) (build 17.0.7+0-b2043.56-10550314)
# Java VM: OpenJDK 64-Bit Server VM (17.0.7+0-b2043.56-10550314, mixed mode, tiered, compressed oops, compressed class ptrs, g1 gc, windows-amd64)
GC Precious Log:
 CPUs: 20 total, 20 available
 Memory: 16110M
 Large Page Support: Disabled
 NUMA Support: Disabled
 Compressed Oops: Enabled (32-bit)
 Heap Region Size: 1M
 Heap Min Capacity: 8M
 Heap Initial Capacity: 252M
 Heap Max Capacity: 2G
 Pre-touch: Disabled
 Parallel Workers: 15
 Concurrent Workers: 4
 Concurrent Refinement Workers: 15
 Periodic GC: Disabled
Heap:
 garbage-first heap   total 172032K, used 124700K [0x0000000080000000, 0x0000000100000000)
  region size 1024K, 34 young (34816K), 4 survivors (4096K)
 Metaspace       used 72338K, committed 72960K, reserved 1114112K
  class space    used 9474K, committed 9728K, reserved 1048576K
GC Heap History (20 events):
Event: 6.618 GC heap before
{Heap before GC invocations=24 (full 0):
 garbage-first heap   total 135168K, used 101902K [0x0000000080000000, 0x0000000100000000)
  region size 1024K, 35 young (35840K), 2 survivors (2048K)
 Metaspace       used 53393K, committed 53952K, reserved 1114112K
  class space    used 7110K, committed 7360K, reserved 1048576K
}
Event: 6.623 GC heap after
{Heap after GC invocations=25 (full 0):
 garbage-first heap   total 135168K, used 71211K [0x0000000080000000, 0x0000000100000000)
  region size 1024K, 5 young (5120K), 5 survivors (5120K)
 Metaspace       used 53393K, committed 53952K, reserved 1114112K
  class space    used 7110K, committed 7360K, reserved 1048576K
}
Event: 6.998 GC heap before
{Heap before GC invocations=25 (full 0):
 garbage-first heap   total 135168K, used 94763K [0x0000000080000000, 0x0000000100000000)
  region size 1024K, 30 young (30720K), 5 survivors (5120K)
 Metaspace       used 53985K, committed 54528K, reserved 1114112K
  class space    used 7157K, committed 7424K, reserved 1048576K
}
Event: 7.003 GC heap after
{Heap after GC invocations=26 (full 0):
 garbage-first heap   total 135168K, used 72178K [0x0000000080000000, 0x0000000100000000)
  region size 1024K, 2 young (2048K), 2 survivors (2048K)
 Metaspace       used 53985K, committed 54528K, reserved 1114112K
  class space    used 7157K, committed 7424K, reserved 1048576K
}
Event: 7.045 GC heap before
{Heap before GC invocations=27 (full 0):
 garbage-first heap   total 135168K, used 78322K [0x0000000080000000, 0x0000000100000000)
  region size 1024K, 7 young (7168K), 2 survivors (2048K)
 Metaspace       used 54016K, committed 54592K, reserved 1114112K
  class space    used 7162K, committed 7424K, reserved 1048576K
}
Event: 7.048 GC heap after
{Heap after GC invocations=28 (full 0):
 garbage-first heap   total 135168K, used 78083K [0x0000000080000000, 0x0000000100000000)
  region size 1024K, 5 young (5120K), 5 survivors (5120K)
 Metaspace       used 54016K, committed 54592K, reserved 1114112K
  class space    used 7162K, committed 7424K, reserved 1048576K
}
Event: 7.535 GC heap before
{Heap before GC invocations=29 (full 0):
 garbage-first heap   total 143360K, used 102659K [0x0000000080000000, 0x0000000100000000)
  region size 1024K, 26 young (26624K), 5 survivors (5120K)
 Metaspace       used 56412K, committed 57024K, reserved 1114112K
  class space    used 7487K, committed 7744K, reserved 1048576K
}
Event: 7.542 GC heap after
{Heap after GC invocations=30 (full 0):
 garbage-first heap   total 143360K, used 84942K [0x0000000080000000, 0x0000000100000000)
  region size 1024K, 4 young (4096K), 4 survivors (4096K)
 Metaspace       used 56412K, committed 57024K, reserved 1114112K
  class space    used 7487K, committed 7744K, reserved 1048576K
}
Event: 8.046 GC heap before
{Heap before GC invocations=30 (full 0):
 garbage-first heap   total 143360K, used 107470K [0x0000000080000000, 0x0000000100000000)
  region size 1024K, 26 young (26624K), 4 survivors (4096K)
 Metaspace       used 60226K, committed 60800K, reserved 1114112K
  class space    used 7922K, committed 8192K, reserved 1048576K
}
Event: 8.050 GC heap after
{Heap after GC invocations=31 (full 0):
 garbage-first heap   total 172032K, used 85483K [0x0000000080000000, 0x0000000100000000)
  region size 1024K, 1 young (1024K), 1 survivors (1024K)
 Metaspace       used 60226K, committed 60800K, reserved 1114112K
  class space    used 7922K, committed 8192K, reserved 1048576K
}
Event: 8.798 GC heap before
{Heap before GC invocations=32 (full 0):
 garbage-first heap   total 172032K, used 110059K [0x0000000080000000, 0x0000000100000000)
  region size 1024K, 26 young (26624K), 1 survivors (1024K)
 Metaspace       used 65146K, committed 65856K, reserved 1114112K
  class space    used 8567K, committed 8896K, reserved 1048576K
}
Event: 8.816 GC heap after
{Heap after GC invocations=33 (full 0):
 garbage-first heap   total 172032K, used 88111K [0x0000000080000000, 0x0000000100000000)
  region size 1024K, 4 young (4096K), 4 survivors (4096K)
 Metaspace       used 65146K, committed 65856K, reserved 1114112K
  class space    used 8567K, committed 8896K, reserved 1048576K
}
Event: 8.862 GC heap before
{Heap before GC invocations=34 (full 0):
 garbage-first heap   total 172032K, used 100399K [0x0000000080000000, 0x0000000100000000)
  region size 1024K, 13 young (13312K), 4 survivors (4096K)
 Metaspace       used 65148K, committed 65856K, reserved 1114112K
  class space    used 8567K, committed 8896K, reserved 1048576K
}
Event: 8.866 GC heap after
{Heap after GC invocations=35 (full 0):
 garbage-first heap   total 172032K, used 94114K [0x0000000080000000, 0x0000000100000000)
  region size 1024K, 4 young (4096K), 4 survivors (4096K)
 Metaspace       used 65148K, committed 65856K, reserved 1114112K
  class space    used 8567K, committed 8896K, reserved 1048576K
}
Event: 9.443 GC heap before
{Heap before GC invocations=36 (full 0):
 garbage-first heap   total 172032K, used 125858K [0x0000000080000000, 0x0000000100000000)
  region size 1024K, 33 young (33792K), 4 survivors (4096K)
 Metaspace       used 67753K, committed 68480K, reserved 1114112K
  class space    used 8899K, committed 9216K, reserved 1048576K
}
Event: 9.456 GC heap after
{Heap after GC invocations=37 (full 0):
 garbage-first heap   total 172032K, used 91610K [0x0000000080000000, 0x0000000100000000)
  region size 1024K, 3 young (3072K), 3 survivors (3072K)
 Metaspace       used 67753K, committed 68480K, reserved 1114112K
  class space    used 8899K, committed 9216K, reserved 1048576K
}
Event: 9.615 GC heap before
{Heap before GC invocations=37 (full 0):
 garbage-first heap   total 172032K, used 101850K [0x0000000080000000, 0x0000000100000000)
  region size 1024K, 14 young (14336K), 3 survivors (3072K)
 Metaspace       used 68738K, committed 69376K, reserved 1114112K
  class space    used 9010K, committed 9280K, reserved 1048576K
}
Event: 9.619 GC heap after
{Heap after GC invocations=38 (full 0):
 garbage-first heap   total 172032K, used 92598K [0x0000000080000000, 0x0000000100000000)
  region size 1024K, 4 young (4096K), 4 survivors (4096K)
 Metaspace       used 68738K, committed 69376K, reserved 1114112K
  class space    used 9010K, committed 9280K, reserved 1048576K
}
Event: 10.412 GC heap before
{Heap before GC invocations=39 (full 0):
 garbage-first heap   total 172032K, used 129462K [0x0000000080000000, 0x0000000100000000)
  region size 1024K, 39 young (39936K), 4 survivors (4096K)
 Metaspace       used 71995K, committed 72640K, reserved 1114112K
  class space    used 9454K, committed 9728K, reserved 1048576K
}
Event: 10.419 GC heap after
{Heap after GC invocations=40 (full 0):
 garbage-first heap   total 172032K, used 95004K [0x0000000080000000, 0x0000000100000000)
  region size 1024K, 4 young (4096K), 4 survivors (4096K)
 Metaspace       used 71995K, committed 72640K, reserved 1114112K
  class space    used 9454K, committed 9728K, reserved 1048576K
}

