# JRE version: OpenJDK Runtime Environment (17.0.7) (build 17.0.7+0-b2043.56-10550314)
# Java VM: OpenJDK 64-Bit Server VM (17.0.7+0-b2043.56-10550314, mixed mode, tiered, compressed oops, compressed class ptrs, g1 gc, windows-amd64)
GC Precious Log:
 CPUs: 20 total, 20 available
 Memory: 16110M
 Large Page Support: Disabled
 NUMA Support: Disabled
 Compressed Oops: Enabled (Zero based)
 Heap Region Size: 2M
 Heap Min Capacity: 8M
 Heap Initial Capacity: 252M
 Heap Max Capacity: 4G
 Pre-touch: Disabled
 Parallel Workers: 15
 Concurrent Workers: 4
 Concurrent Refinement Workers: 15
 Periodic GC: Disabled
Heap:
 garbage-first heap   total 438272K, used 175582K [0x0000000700000000, 0x0000000800000000)
  region size 2048K, 9 young (18432K), 9 survivors (18432K)
 Metaspace       used 151719K, committed 153984K, reserved 1245184K
  class space    used 20126K, committed 21184K, reserved 1048576K
GC Heap History (20 events):
Event: 2111.214 GC heap after
{Heap after GC invocations=62 (full 0):
 garbage-first heap   total 438272K, used 263855K [0x0000000700000000, 0x0000000800000000)
  region size 2048K, 3 young (6144K), 3 survivors (6144K)
 Metaspace       used 150641K, committed 152320K, reserved 1245184K
  class space    used 19771K, committed 20544K, reserved 1048576K
}
Event: 3470.884 GC heap before
{Heap before GC invocations=63 (full 0):
 garbage-first heap   total 438272K, used 321199K [0x0000000700000000, 0x0000000800000000)
  region size 2048K, 46 young (94208K), 3 survivors (6144K)
 Metaspace       used 150731K, committed 152384K, reserved 1245184K
  class space    used 19772K, committed 20544K, reserved 1048576K
}
Event: 3470.889 GC heap after
{Heap after GC invocations=64 (full 0):
 garbage-first heap   total 438272K, used 214223K [0x0000000700000000, 0x0000000800000000)
  region size 2048K, 6 young (12288K), 6 survivors (12288K)
 Metaspace       used 150731K, committed 152384K, reserved 1245184K
  class space    used 19772K, committed 20544K, reserved 1048576K
}
Event: 3470.949 GC heap before
{Heap before GC invocations=64 (full 0):
 garbage-first heap   total 438272K, used 222415K [0x0000000700000000, 0x0000000800000000)
  region size 2048K, 10 young (20480K), 6 survivors (12288K)
 Metaspace       used 150731K, committed 152384K, reserved 1245184K
  class space    used 19772K, committed 20544K, reserved 1048576K
}
Event: 3470.955 GC heap after
{Heap after GC invocations=65 (full 0):
 garbage-first heap   total 438272K, used 171244K [0x0000000700000000, 0x0000000800000000)
  region size 2048K, 1 young (2048K), 1 survivors (2048K)
 Metaspace       used 150731K, committed 152384K, reserved 1245184K
  class space    used 19772K, committed 20544K, reserved 1048576K
}
Event: 3470.991 GC heap before
{Heap before GC invocations=65 (full 0):
 garbage-first heap   total 438272K, used 189676K [0x0000000700000000, 0x0000000800000000)
  region size 2048K, 10 young (20480K), 1 survivors (2048K)
 Metaspace       used 150733K, committed 152384K, reserved 1245184K
  class space    used 19772K, committed 20544K, reserved 1048576K
}
Event: 3470.995 GC heap after
{Heap after GC invocations=66 (full 0):
 garbage-first heap   total 438272K, used 180672K [0x0000000700000000, 0x0000000800000000)
  region size 2048K, 2 young (4096K), 2 survivors (4096K)
 Metaspace       used 150733K, committed 152384K, reserved 1245184K
  class space    used 19772K, committed 20544K, reserved 1048576K
}
Event: 3471.058 GC heap before
{Heap before GC invocations=66 (full 0):
 garbage-first heap   total 438272K, used 207296K [0x0000000700000000, 0x0000000800000000)
  region size 2048K, 16 young (32768K), 2 survivors (4096K)
 Metaspace       used 150739K, committed 152384K, reserved 1245184K
  class space    used 19772K, committed 20544K, reserved 1048576K
}
Event: 3471.063 GC heap after
{Heap after GC invocations=67 (full 0):
 garbage-first heap   total 438272K, used 193904K [0x0000000700000000, 0x0000000800000000)
  region size 2048K, 9 young (18432K), 9 survivors (18432K)
 Metaspace       used 150739K, committed 152384K, reserved 1245184K
  class space    used 19772K, committed 20544K, reserved 1048576K
}
Event: 3472.621 GC heap before
{Heap before GC invocations=68 (full 0):
 garbage-first heap   total 438272K, used 294256K [0x0000000700000000, 0x0000000800000000)
  region size 2048K, 53 young (108544K), 9 survivors (18432K)
 Metaspace       used 149651K, committed 151360K, reserved 1245184K
  class space    used 19738K, committed 20544K, reserved 1048576K
}
Event: 3472.626 GC heap after
{Heap after GC invocations=69 (full 0):
 garbage-first heap   total 438272K, used 186845K [0x0000000700000000, 0x0000000800000000)
  region size 2048K, 3 young (6144K), 3 survivors (6144K)
 Metaspace       used 149651K, committed 151360K, reserved 1245184K
  class space    used 19738K, committed 20544K, reserved 1048576K
}
Event: 3472.726 GC heap before
{Heap before GC invocations=69 (full 0):
 garbage-first heap   total 438272K, used 225757K [0x0000000700000000, 0x0000000800000000)
  region size 2048K, 10 young (20480K), 3 survivors (6144K)
 Metaspace       used 149662K, committed 151424K, reserved 1245184K
  class space    used 19739K, committed 20544K, reserved 1048576K
}
Event: 3472.728 GC heap after
{Heap after GC invocations=70 (full 0):
 garbage-first heap   total 438272K, used 177990K [0x0000000700000000, 0x0000000800000000)
  region size 2048K, 1 young (2048K), 1 survivors (2048K)
 Metaspace       used 149662K, committed 151424K, reserved 1245184K
  class space    used 19739K, committed 20544K, reserved 1048576K
}
Event: 3497.747 GC heap before
{Heap before GC invocations=70 (full 0):
 garbage-first heap   total 438272K, used 286534K [0x0000000700000000, 0x0000000800000000)
  region size 2048K, 55 young (112640K), 1 survivors (2048K)
 Metaspace       used 149738K, committed 151488K, reserved 1245184K
  class space    used 19739K, committed 20544K, reserved 1048576K
}
Event: 3497.750 GC heap after
{Heap after GC invocations=71 (full 0):
 garbage-first heap   total 438272K, used 178880K [0x0000000700000000, 0x0000000800000000)
  region size 2048K, 2 young (4096K), 2 survivors (4096K)
 Metaspace       used 149738K, committed 151488K, reserved 1245184K
  class space    used 19739K, committed 20544K, reserved 1048576K
}
Event: 3500.791 GC heap before
{Heap before GC invocations=72 (full 0):
 garbage-first heap   total 438272K, used 289472K [0x0000000700000000, 0x0000000800000000)
  region size 2048K, 62 young (126976K), 2 survivors (4096K)
 Metaspace       used 150737K, committed 152832K, reserved 1245184K
  class space    used 19962K, committed 20928K, reserved 1048576K
}
Event: 3500.793 GC heap after
{Heap after GC invocations=73 (full 0):
 garbage-first heap   total 438272K, used 169599K [0x0000000700000000, 0x0000000800000000)
  region size 2048K, 2 young (4096K), 2 survivors (4096K)
 Metaspace       used 150737K, committed 152832K, reserved 1245184K
  class space    used 19962K, committed 20928K, reserved 1048576K
}
Event: 3500.906 GC heap before
{Heap before GC invocations=73 (full 0):
 garbage-first heap   total 438272K, used 185983K [0x0000000700000000, 0x0000000800000000)
  region size 2048K, 10 young (20480K), 2 survivors (4096K)
 Metaspace       used 151248K, committed 153408K, reserved 1245184K
  class space    used 20051K, committed 21056K, reserved 1048576K
}
Event: 3500.911 GC heap after
{Heap after GC invocations=74 (full 0):
 garbage-first heap   total 438272K, used 162921K [0x0000000700000000, 0x0000000800000000)
  region size 2048K, 2 young (4096K), 2 survivors (4096K)
 Metaspace       used 151248K, committed 153408K, reserved 1245184K
  class space    used 20051K, committed 21056K, reserved 1048576K
}
Event: 3512.212 GC heap before
{Heap before GC invocations=74 (full 0):
 garbage-first heap   total 438272K, used 304233K [0x0000000700000000, 0x0000000800000000)
  region size 2048K, 72 young (147456K), 2 survivors (4096K)
 Metaspace       used 151719K, committed 153984K, reserved 1245184K
  class space    used 20126K, committed 21184K, reserved 1048576K
}

