# JRE version: OpenJDK Runtime Environment (17.0.7) (build 17.0.7+0-b2043.56-10550314)
# Java VM: OpenJDK 64-Bit Server VM (17.0.7+0-b2043.56-10550314, mixed mode, tiered, compressed oops, compressed class ptrs, g1 gc, windows-amd64)
GC Precious Log:
 CPUs: 20 total, 20 available
 Memory: 16110M
 Large Page Support: Disabled
 NUMA Support: Disabled
 Compressed Oops: Enabled (Zero based)
 Heap Region Size: 2M
 Heap Min Capacity: 8M
 Heap Initial Capacity: 252M
 Heap Max Capacity: 4G
 Pre-touch: Disabled
 Parallel Workers: 15
 Concurrent Workers: 4
 Concurrent Refinement Workers: 15
 Periodic GC: Disabled
Heap:
 garbage-first heap   total 344064K, used 243687K [0x0000000700000000, 0x0000000800000000)
  region size 2048K, 3 young (6144K), 3 survivors (6144K)
 Metaspace       used 110898K, committed 111616K, reserved 1179648K
  class space    used 15353K, committed 15680K, reserved 1048576K
GC Heap History (20 events):
Event: 7.606 GC heap after
{Heap after GC invocations=39 (full 0):
 garbage-first heap   total 159744K, used 95989K [0x0000000700000000, 0x0000000800000000)
  region size 2048K, 2 young (4096K), 2 survivors (4096K)
 Metaspace       used 90950K, committed 91648K, reserved 1179648K
  class space    used 12269K, committed 12608K, reserved 1048576K
}
Event: 7.722 GC heap before
{Heap before GC invocations=40 (full 0):
 garbage-first heap   total 172032K, used 126709K [0x0000000700000000, 0x0000000800000000)
  region size 2048K, 18 young (36864K), 2 survivors (4096K)
 Metaspace       used 91733K, committed 92416K, reserved 1179648K
  class space    used 12513K, committed 12864K, reserved 1048576K
}
Event: 7.724 GC heap after
{Heap after GC invocations=41 (full 0):
 garbage-first heap   total 172032K, used 97880K [0x0000000700000000, 0x0000000800000000)
  region size 2048K, 3 young (6144K), 3 survivors (6144K)
 Metaspace       used 91733K, committed 92416K, reserved 1179648K
  class space    used 12513K, committed 12864K, reserved 1048576K
}
Event: 7.727 GC heap before
{Heap before GC invocations=41 (full 0):
 garbage-first heap   total 172032K, used 99928K [0x0000000700000000, 0x0000000800000000)
  region size 2048K, 4 young (8192K), 3 survivors (6144K)
 Metaspace       used 91746K, committed 92480K, reserved 1179648K
  class space    used 12513K, committed 12864K, reserved 1048576K
}
Event: 7.729 GC heap after
{Heap after GC invocations=42 (full 0):
 garbage-first heap   total 172032K, used 97151K [0x0000000700000000, 0x0000000800000000)
  region size 2048K, 1 young (2048K), 1 survivors (2048K)
 Metaspace       used 91746K, committed 92480K, reserved 1179648K
  class space    used 12513K, committed 12864K, reserved 1048576K
}
Event: 7.862 GC heap before
{Heap before GC invocations=42 (full 0):
 garbage-first heap   total 172032K, used 136063K [0x0000000700000000, 0x0000000800000000)
  region size 2048K, 21 young (43008K), 1 survivors (2048K)
 Metaspace       used 91976K, committed 92736K, reserved 1179648K
  class space    used 12522K, committed 12864K, reserved 1048576K
}
Event: 7.865 GC heap after
{Heap after GC invocations=43 (full 0):
 garbage-first heap   total 344064K, used 99047K [0x0000000700000000, 0x0000000800000000)
  region size 2048K, 2 young (4096K), 2 survivors (4096K)
 Metaspace       used 91976K, committed 92736K, reserved 1179648K
  class space    used 12522K, committed 12864K, reserved 1048576K
}
Event: 9.769 GC heap before
{Heap before GC invocations=44 (full 0):
 garbage-first heap   total 344064K, used 266983K [0x0000000700000000, 0x0000000800000000)
  region size 2048K, 85 young (174080K), 2 survivors (4096K)
 Metaspace       used 98805K, committed 99520K, reserved 1179648K
  class space    used 13344K, committed 13696K, reserved 1048576K
}
Event: 9.781 GC heap after
{Heap after GC invocations=45 (full 0):
 garbage-first heap   total 344064K, used 109435K [0x0000000700000000, 0x0000000800000000)
  region size 2048K, 7 young (14336K), 7 survivors (14336K)
 Metaspace       used 98805K, committed 99520K, reserved 1179648K
  class space    used 13344K, committed 13696K, reserved 1048576K
}
Event: 9.867 GC heap before
{Heap before GC invocations=45 (full 0):
 garbage-first heap   total 344064K, used 111483K [0x0000000700000000, 0x0000000800000000)
  region size 2048K, 8 young (16384K), 7 survivors (14336K)
 Metaspace       used 98969K, committed 99712K, reserved 1179648K
  class space    used 13367K, committed 13696K, reserved 1048576K
}
Event: 9.882 GC heap after
{Heap after GC invocations=46 (full 0):
 garbage-first heap   total 344064K, used 109277K [0x0000000700000000, 0x0000000800000000)
  region size 2048K, 1 young (2048K), 1 survivors (2048K)
 Metaspace       used 98969K, committed 99712K, reserved 1179648K
  class space    used 13367K, committed 13696K, reserved 1048576K
}
Event: 11.150 GC heap before
{Heap before GC invocations=46 (full 0):
 garbage-first heap   total 344064K, used 295645K [0x0000000700000000, 0x0000000800000000)
  region size 2048K, 77 young (157696K), 1 survivors (2048K)
 Metaspace       used 104643K, committed 105344K, reserved 1179648K
  class space    used 14200K, committed 14528K, reserved 1048576K
}
Event: 11.159 GC heap after
{Heap after GC invocations=47 (full 0):
 garbage-first heap   total 344064K, used 153380K [0x0000000700000000, 0x0000000800000000)
  region size 2048K, 10 young (20480K), 10 survivors (20480K)
 Metaspace       used 104643K, committed 105344K, reserved 1179648K
  class space    used 14200K, committed 14528K, reserved 1048576K
}
Event: 11.844 GC heap before
{Heap before GC invocations=47 (full 0):
 garbage-first heap   total 344064K, used 266020K [0x0000000700000000, 0x0000000800000000)
  region size 2048K, 66 young (135168K), 10 survivors (20480K)
 Metaspace       used 107569K, committed 108224K, reserved 1179648K
  class space    used 14850K, committed 15168K, reserved 1048576K
}
Event: 11.874 GC heap after
{Heap after GC invocations=48 (full 0):
 garbage-first heap   total 344064K, used 195430K [0x0000000700000000, 0x0000000800000000)
  region size 2048K, 9 young (18432K), 9 survivors (18432K)
 Metaspace       used 107569K, committed 108224K, reserved 1179648K
  class space    used 14850K, committed 15168K, reserved 1048576K
}
Event: 12.082 GC heap before
{Heap before GC invocations=48 (full 0):
 garbage-first heap   total 344064K, used 260966K [0x0000000700000000, 0x0000000800000000)
  region size 2048K, 41 young (83968K), 9 survivors (18432K)
 Metaspace       used 107641K, committed 108288K, reserved 1179648K
  class space    used 14850K, committed 15168K, reserved 1048576K
}
Event: 12.115 GC heap after
{Heap after GC invocations=49 (full 0):
 garbage-first heap   total 344064K, used 228557K [0x0000000700000000, 0x0000000800000000)
  region size 2048K, 6 young (12288K), 6 survivors (12288K)
 Metaspace       used 107641K, committed 108288K, reserved 1179648K
  class space    used 14850K, committed 15168K, reserved 1048576K
}
Event: 12.626 GC heap before
{Heap before GC invocations=49 (full 0):
 garbage-first heap   total 344064K, used 265421K [0x0000000700000000, 0x0000000800000000)
  region size 2048K, 25 young (51200K), 6 survivors (12288K)
 Metaspace       used 110265K, committed 110912K, reserved 1179648K
  class space    used 15252K, committed 15552K, reserved 1048576K
}
Event: 12.639 GC heap after
{Heap after GC invocations=50 (full 0):
 garbage-first heap   total 344064K, used 238461K [0x0000000700000000, 0x0000000800000000)
  region size 2048K, 4 young (8192K), 4 survivors (8192K)
 Metaspace       used 110265K, committed 110912K, reserved 1179648K
  class space    used 15252K, committed 15552K, reserved 1048576K
}
Event: 13.053 GC heap before
{Heap before GC invocations=50 (full 0):
 garbage-first heap   total 344064K, used 271229K [0x0000000700000000, 0x0000000800000000)
  region size 2048K, 21 young (43008K), 4 survivors (8192K)
 Metaspace       used 110898K, committed 111616K, reserved 1179648K
  class space    used 15353K, committed 15680K, reserved 1048576K
}

