# JRE version: OpenJDK Runtime Environment (17.0.7) (build 17.0.7+0-b2043.56-10550314)
# Java VM: OpenJDK 64-Bit Server VM (17.0.7+0-b2043.56-10550314, mixed mode, tiered, compressed oops, compressed class ptrs, g1 gc, windows-amd64)
GC Precious Log:
 CPUs: 20 total, 20 available
 Memory: 16110M
 Large Page Support: Disabled
 NUMA Support: Disabled
 Compressed Oops: Enabled (Zero based)
 Heap Region Size: 2M
 Heap Min Capacity: 8M
 Heap Initial Capacity: 252M
 Heap Max Capacity: 4G
 Pre-touch: Disabled
 Parallel Workers: 15
 Concurrent Workers: 4
 Concurrent Refinement Workers: 15
 Periodic GC: Disabled
Heap:
 garbage-first heap   total 374784K, used 294991K [0x0000000700000000, 0x0000000800000000)
  region size 2048K, 31 young (63488K), 3 survivors (6144K)
 Metaspace       used 112125K, committed 112896K, reserved 1179648K
  class space    used 15558K, committed 15936K, reserved 1048576K
GC Heap History (20 events):
Event: 8.414 GC heap before
{Heap before GC invocations=40 (full 0):
 garbage-first heap   total 174080K, used 134734K [0x0000000700000000, 0x0000000800000000)
  region size 2048K, 21 young (43008K), 2 survivors (4096K)
 Metaspace       used 92173K, committed 92864K, reserved 1179648K
  class space    used 12550K, committed 12864K, reserved 1048576K
}
Event: 8.416 GC heap after
{Heap after GC invocations=41 (full 0):
 garbage-first heap   total 174080K, used 100164K [0x0000000700000000, 0x0000000800000000)
  region size 2048K, 3 young (6144K), 3 survivors (6144K)
 Metaspace       used 92173K, committed 92864K, reserved 1179648K
  class space    used 12550K, committed 12864K, reserved 1048576K
}
Event: 8.419 GC heap before
{Heap before GC invocations=41 (full 0):
 garbage-first heap   total 174080K, used 102212K [0x0000000700000000, 0x0000000800000000)
  region size 2048K, 4 young (8192K), 3 survivors (6144K)
 Metaspace       used 92177K, committed 92864K, reserved 1179648K
  class space    used 12550K, committed 12864K, reserved 1048576K
}
Event: 8.421 GC heap after
{Heap after GC invocations=42 (full 0):
 garbage-first heap   total 174080K, used 100293K [0x0000000700000000, 0x0000000800000000)
  region size 2048K, 1 young (2048K), 1 survivors (2048K)
 Metaspace       used 92177K, committed 92864K, reserved 1179648K
  class space    used 12550K, committed 12864K, reserved 1048576K
}
Event: 8.497 GC heap before
{Heap before GC invocations=42 (full 0):
 garbage-first heap   total 174080K, used 137157K [0x0000000700000000, 0x0000000800000000)
  region size 2048K, 20 young (40960K), 1 survivors (2048K)
 Metaspace       used 92345K, committed 92992K, reserved 1179648K
  class space    used 12553K, committed 12864K, reserved 1048576K
}
Event: 8.499 GC heap after
{Heap after GC invocations=43 (full 0):
 garbage-first heap   total 174080K, used 102058K [0x0000000700000000, 0x0000000800000000)
  region size 2048K, 2 young (4096K), 2 survivors (4096K)
 Metaspace       used 92345K, committed 92992K, reserved 1179648K
  class space    used 12553K, committed 12864K, reserved 1048576K
}
Event: 8.697 GC heap before
{Heap before GC invocations=44 (full 0):
 garbage-first heap   total 184320K, used 138922K [0x0000000700000000, 0x0000000800000000)
  region size 2048K, 21 young (43008K), 2 survivors (4096K)
 Metaspace       used 92878K, committed 93632K, reserved 1179648K
  class space    used 12615K, committed 12992K, reserved 1048576K
}
Event: 8.699 GC heap after
{Heap after GC invocations=45 (full 0):
 garbage-first heap   total 184320K, used 104628K [0x0000000700000000, 0x0000000800000000)
  region size 2048K, 3 young (6144K), 3 survivors (6144K)
 Metaspace       used 92878K, committed 93632K, reserved 1179648K
  class space    used 12615K, committed 12992K, reserved 1048576K
}
Event: 8.702 GC heap before
{Heap before GC invocations=45 (full 0):
 garbage-first heap   total 184320K, used 106676K [0x0000000700000000, 0x0000000800000000)
  region size 2048K, 4 young (8192K), 3 survivors (6144K)
 Metaspace       used 92881K, committed 93632K, reserved 1179648K
  class space    used 12615K, committed 12992K, reserved 1048576K
}
Event: 8.705 GC heap after
{Heap after GC invocations=46 (full 0):
 garbage-first heap   total 368640K, used 104781K [0x0000000700000000, 0x0000000800000000)
  region size 2048K, 1 young (2048K), 1 survivors (2048K)
 Metaspace       used 92881K, committed 93632K, reserved 1179648K
  class space    used 12615K, committed 12992K, reserved 1048576K
}
Event: 9.763 GC heap before
{Heap before GC invocations=46 (full 0):
 garbage-first heap   total 368640K, used 276813K [0x0000000700000000, 0x0000000800000000)
  region size 2048K, 81 young (165888K), 1 survivors (2048K)
 Metaspace       used 101072K, committed 101824K, reserved 1179648K
  class space    used 13679K, committed 14016K, reserved 1048576K
}
Event: 9.768 GC heap after
{Heap after GC invocations=47 (full 0):
 garbage-first heap   total 368640K, used 130286K [0x0000000700000000, 0x0000000800000000)
  region size 2048K, 8 young (16384K), 8 survivors (16384K)
 Metaspace       used 101072K, committed 101824K, reserved 1179648K
  class space    used 13679K, committed 14016K, reserved 1048576K
}
Event: 10.451 GC heap before
{Heap before GC invocations=47 (full 0):
 garbage-first heap   total 368640K, used 302318K [0x0000000700000000, 0x0000000800000000)
  region size 2048K, 82 young (167936K), 8 survivors (16384K)
 Metaspace       used 107307K, committed 108032K, reserved 1179648K
  class space    used 14819K, committed 15168K, reserved 1048576K
}
Event: 10.470 GC heap after
{Heap after GC invocations=48 (full 0):
 garbage-first heap   total 374784K, used 194483K [0x0000000700000000, 0x0000000800000000)
  region size 2048K, 11 young (22528K), 11 survivors (22528K)
 Metaspace       used 107307K, committed 108032K, reserved 1179648K
  class space    used 14819K, committed 15168K, reserved 1048576K
}
Event: 10.634 GC heap before
{Heap before GC invocations=48 (full 0):
 garbage-first heap   total 374784K, used 276403K [0x0000000700000000, 0x0000000800000000)
  region size 2048K, 52 young (106496K), 11 survivors (22528K)
 Metaspace       used 107891K, committed 108672K, reserved 1179648K
  class space    used 14914K, committed 15296K, reserved 1048576K
}
Event: 10.651 GC heap after
{Heap after GC invocations=49 (full 0):
 garbage-first heap   total 374784K, used 221533K [0x0000000700000000, 0x0000000800000000)
  region size 2048K, 7 young (14336K), 7 survivors (14336K)
 Metaspace       used 107891K, committed 108672K, reserved 1179648K
  class space    used 14914K, committed 15296K, reserved 1048576K
}
Event: 11.295 GC heap before
{Heap before GC invocations=49 (full 0):
 garbage-first heap   total 374784K, used 280925K [0x0000000700000000, 0x0000000800000000)
  region size 2048K, 36 young (73728K), 7 survivors (14336K)
 Metaspace       used 111127K, committed 111872K, reserved 1179648K
  class space    used 15419K, committed 15808K, reserved 1048576K
}
Event: 11.302 GC heap after
{Heap after GC invocations=50 (full 0):
 garbage-first heap   total 374784K, used 232255K [0x0000000700000000, 0x0000000800000000)
  region size 2048K, 4 young (8192K), 4 survivors (8192K)
 Metaspace       used 111127K, committed 111872K, reserved 1179648K
  class space    used 15419K, committed 15808K, reserved 1048576K
}
Event: 11.710 GC heap before
{Heap before GC invocations=50 (full 0):
 garbage-first heap   total 374784K, used 287551K [0x0000000700000000, 0x0000000800000000)
  region size 2048K, 32 young (65536K), 4 survivors (8192K)
 Metaspace       used 111948K, committed 112640K, reserved 1179648K
  class space    used 15538K, committed 15872K, reserved 1048576K
}
Event: 11.714 GC heap after
{Heap after GC invocations=51 (full 0):
 garbage-first heap   total 374784K, used 237647K [0x0000000700000000, 0x0000000800000000)
  region size 2048K, 3 young (6144K), 3 survivors (6144K)
 Metaspace       used 111948K, committed 112640K, reserved 1179648K
  class space    used 15538K, committed 15872K, reserved 1048576K
}

