# JRE version: OpenJDK Runtime Environment (17.0.7) (build 17.0.7+0-b2043.56-10550314)
# Java VM: OpenJDK 64-Bit Server VM (17.0.7+0-b2043.56-10550314, mixed mode, tiered, compressed oops, compressed class ptrs, g1 gc, windows-amd64)
GC Precious Log:
 CPUs: 20 total, 20 available
 Memory: 16110M
 Large Page Support: Disabled
 NUMA Support: Disabled
 Compressed Oops: Enabled (Zero based)
 Heap Region Size: 2M
 Heap Min Capacity: 8M
 Heap Initial Capacity: 252M
 Heap Max Capacity: 4G
 Pre-touch: Disabled
 Parallel Workers: 15
 Concurrent Workers: 4
 Concurrent Refinement Workers: 15
 Periodic GC: Disabled
Heap:
 garbage-first heap   total 407552K, used 243742K [0x0000000700000000, 0x0000000800000000)
  region size 2048K, 4 young (8192K), 4 survivors (8192K)
 Metaspace       used 107149K, committed 107840K, reserved 1179648K
  class space    used 14852K, committed 15168K, reserved 1048576K
GC Heap History (20 events):
Event: 8.349 GC heap after
{Heap after GC invocations=40 (full 0):
 garbage-first heap   total 190464K, used 101254K [0x0000000700000000, 0x0000000800000000)
  region size 2048K, 4 young (8192K), 4 survivors (8192K)
 Metaspace       used 92579K, committed 93312K, reserved 1179648K
  class space    used 12548K, committed 12864K, reserved 1048576K
}
Event: 8.666 GC heap before
{Heap before GC invocations=41 (full 0):
 garbage-first heap   total 190464K, used 150406K [0x0000000700000000, 0x0000000800000000)
  region size 2048K, 29 young (59392K), 4 survivors (8192K)
 Metaspace       used 93274K, committed 93952K, reserved 1179648K
  class space    used 12633K, committed 12992K, reserved 1048576K
}
Event: 8.669 GC heap after
{Heap after GC invocations=42 (full 0):
 garbage-first heap   total 190464K, used 104687K [0x0000000700000000, 0x0000000800000000)
  region size 2048K, 4 young (8192K), 4 survivors (8192K)
 Metaspace       used 93274K, committed 93952K, reserved 1179648K
  class space    used 12633K, committed 12992K, reserved 1048576K
}
Event: 8.728 GC heap before
{Heap before GC invocations=42 (full 0):
 garbage-first heap   total 190464K, used 151791K [0x0000000700000000, 0x0000000800000000)
  region size 2048K, 28 young (57344K), 4 survivors (8192K)
 Metaspace       used 93463K, committed 94208K, reserved 1179648K
  class space    used 12652K, committed 12992K, reserved 1048576K
}
Event: 8.733 GC heap after
{Heap after GC invocations=43 (full 0):
 garbage-first heap   total 190464K, used 107056K [0x0000000700000000, 0x0000000800000000)
  region size 2048K, 3 young (6144K), 3 survivors (6144K)
 Metaspace       used 93463K, committed 94208K, reserved 1179648K
  class space    used 12652K, committed 12992K, reserved 1048576K
}
Event: 8.882 GC heap before
{Heap before GC invocations=44 (full 0):
 garbage-first heap   total 192512K, used 131632K [0x0000000700000000, 0x0000000800000000)
  region size 2048K, 17 young (34816K), 3 survivors (6144K)
 Metaspace       used 94015K, committed 94720K, reserved 1179648K
  class space    used 12716K, committed 13056K, reserved 1048576K
}
Event: 8.885 GC heap after
{Heap after GC invocations=45 (full 0):
 garbage-first heap   total 192512K, used 108772K [0x0000000700000000, 0x0000000800000000)
  region size 2048K, 2 young (4096K), 2 survivors (4096K)
 Metaspace       used 94015K, committed 94720K, reserved 1179648K
  class space    used 12716K, committed 13056K, reserved 1048576K
}
Event: 9.172 GC heap before
{Heap before GC invocations=46 (full 0):
 garbage-first heap   total 215040K, used 143588K [0x0000000700000000, 0x0000000800000000)
  region size 2048K, 16 young (32768K), 2 survivors (4096K)
 Metaspace       used 98413K, committed 99136K, reserved 1179648K
  class space    used 13375K, committed 13696K, reserved 1048576K
}
Event: 9.175 GC heap after
{Heap after GC invocations=47 (full 0):
 garbage-first heap   total 215040K, used 128421K [0x0000000700000000, 0x0000000800000000)
  region size 2048K, 4 young (8192K), 4 survivors (8192K)
 Metaspace       used 98413K, committed 99136K, reserved 1179648K
  class space    used 13375K, committed 13696K, reserved 1048576K
}
Event: 9.338 GC heap before
{Heap before GC invocations=48 (full 0):
 garbage-first heap   total 290816K, used 185765K [0x0000000700000000, 0x0000000800000000)
  region size 2048K, 22 young (45056K), 4 survivors (8192K)
 Metaspace       used 98945K, committed 99712K, reserved 1179648K
  class space    used 13455K, committed 13824K, reserved 1048576K
}
Event: 9.343 GC heap after
{Heap after GC invocations=49 (full 0):
 garbage-first heap   total 350208K, used 151741K [0x0000000700000000, 0x0000000800000000)
  region size 2048K, 3 young (6144K), 3 survivors (6144K)
 Metaspace       used 98945K, committed 99712K, reserved 1179648K
  class space    used 13455K, committed 13824K, reserved 1048576K
}
Event: 9.755 GC heap before
{Heap before GC invocations=49 (full 0):
 garbage-first heap   total 350208K, used 231613K [0x0000000700000000, 0x0000000800000000)
  region size 2048K, 42 young (86016K), 3 survivors (6144K)
 Metaspace       used 102059K, committed 102784K, reserved 1179648K
  class space    used 14121K, committed 14464K, reserved 1048576K
}
Event: 9.767 GC heap after
{Heap after GC invocations=50 (full 0):
 garbage-first heap   total 350208K, used 180514K [0x0000000700000000, 0x0000000800000000)
  region size 2048K, 6 young (12288K), 6 survivors (12288K)
 Metaspace       used 102059K, committed 102784K, reserved 1179648K
  class space    used 14121K, committed 14464K, reserved 1048576K
}
Event: 9.887 GC heap before
{Heap before GC invocations=50 (full 0):
 garbage-first heap   total 350208K, used 239906K [0x0000000700000000, 0x0000000800000000)
  region size 2048K, 36 young (73728K), 6 survivors (12288K)
 Metaspace       used 102433K, committed 103104K, reserved 1179648K
  class space    used 14153K, committed 14464K, reserved 1048576K
}
Event: 9.904 GC heap after
{Heap after GC invocations=51 (full 0):
 garbage-first heap   total 350208K, used 211352K [0x0000000700000000, 0x0000000800000000)
  region size 2048K, 5 young (10240K), 5 survivors (10240K)
 Metaspace       used 102433K, committed 103104K, reserved 1179648K
  class space    used 14153K, committed 14464K, reserved 1048576K
}
Event: 10.047 GC heap before
{Heap before GC invocations=52 (full 0):
 garbage-first heap   total 407552K, used 256408K [0x0000000700000000, 0x0000000800000000)
  region size 2048K, 28 young (57344K), 5 survivors (10240K)
 Metaspace       used 103124K, committed 103808K, reserved 1179648K
  class space    used 14237K, committed 14528K, reserved 1048576K
}
Event: 10.058 GC heap after
{Heap after GC invocations=53 (full 0):
 garbage-first heap   total 407552K, used 234137K [0x0000000700000000, 0x0000000800000000)
  region size 2048K, 4 young (8192K), 4 survivors (8192K)
 Metaspace       used 103124K, committed 103808K, reserved 1179648K
  class space    used 14237K, committed 14528K, reserved 1048576K
}
Event: 10.148 GC heap before
{Heap before GC invocations=53 (full 0):
 garbage-first heap   total 407552K, used 244377K [0x0000000700000000, 0x0000000800000000)
  region size 2048K, 9 young (18432K), 4 survivors (8192K)
 Metaspace       used 103810K, committed 104512K, reserved 1179648K
  class space    used 14340K, committed 14656K, reserved 1048576K
}
Event: 10.154 GC heap after
{Heap after GC invocations=54 (full 0):
 garbage-first heap   total 407552K, used 239494K [0x0000000700000000, 0x0000000800000000)
  region size 2048K, 2 young (4096K), 2 survivors (4096K)
 Metaspace       used 103810K, committed 104512K, reserved 1179648K
  class space    used 14340K, committed 14656K, reserved 1048576K
}
Event: 10.894 GC heap before
{Heap before GC invocations=54 (full 0):
 garbage-first heap   total 407552K, used 296838K [0x0000000700000000, 0x0000000800000000)
  region size 2048K, 30 young (61440K), 2 survivors (4096K)
 Metaspace       used 107149K, committed 107840K, reserved 1179648K
  class space    used 14852K, committed 15168K, reserved 1048576K
}

