# JRE version: OpenJDK Runtime Environment (17.0.7) (build 17.0.7+0-b2043.56-10550314)
# Java VM: OpenJDK 64-Bit Server VM (17.0.7+0-b2043.56-10550314, mixed mode, tiered, compressed oops, compressed class ptrs, g1 gc, windows-amd64)
GC Precious Log:
 CPUs: 20 total, 20 available
 Memory: 16110M
 Large Page Support: Disabled
 NUMA Support: Disabled
 Compressed Oops: Enabled (Zero based)
 Heap Region Size: 2M
 Heap Min Capacity: 8M
 Heap Initial Capacity: 252M
 Heap Max Capacity: 4G
 Pre-touch: Disabled
 Parallel Workers: 15
 Concurrent Workers: 4
 Concurrent Refinement Workers: 15
 Periodic GC: Disabled
Heap:
 garbage-first heap   total 432128K, used 216052K [0x0000000700000000, 0x0000000800000000)
  region size 2048K, 2 young (4096K), 2 survivors (4096K)
 Metaspace       used 140936K, committed 142720K, reserved 1179648K
  class space    used 17999K, committed 18816K, reserved 1048576K
GC Heap History (20 events):
Event: 130.558 GC heap after
{Heap after GC invocations=73 (full 0):
 garbage-first heap   total 432128K, used 202856K [0x0000000700000000, 0x0000000800000000)
  region size 2048K, 1 young (2048K), 1 survivors (2048K)
 Metaspace       used 130382K, committed 132160K, reserved 1179648K
  class space    used 16951K, committed 17792K, reserved 1048576K
}
Event: 130.868 GC heap before
{Heap before GC invocations=73 (full 0):
 garbage-first heap   total 432128K, used 247912K [0x0000000700000000, 0x0000000800000000)
  region size 2048K, 25 young (51200K), 1 survivors (2048K)
 Metaspace       used 130399K, committed 132160K, reserved 1179648K
  class space    used 16951K, committed 17792K, reserved 1048576K
}
Event: 130.873 GC heap after
{Heap after GC invocations=74 (full 0):
 garbage-first heap   total 432128K, used 205439K [0x0000000700000000, 0x0000000800000000)
  region size 2048K, 3 young (6144K), 3 survivors (6144K)
 Metaspace       used 130399K, committed 132160K, reserved 1179648K
  class space    used 16951K, committed 17792K, reserved 1048576K
}
Event: 137.071 GC heap before
{Heap before GC invocations=75 (full 0):
 garbage-first heap   total 432128K, used 387711K [0x0000000700000000, 0x0000000800000000)
  region size 2048K, 73 young (149504K), 3 survivors (6144K)
 Metaspace       used 130572K, committed 132352K, reserved 1179648K
  class space    used 16955K, committed 17792K, reserved 1048576K
}
Event: 137.077 GC heap after
{Heap after GC invocations=76 (full 0):
 garbage-first heap   total 432128K, used 207746K [0x0000000700000000, 0x0000000800000000)
  region size 2048K, 4 young (8192K), 4 survivors (8192K)
 Metaspace       used 130572K, committed 132352K, reserved 1179648K
  class space    used 16955K, committed 17792K, reserved 1048576K
}
Event: 137.612 GC heap before
{Heap before GC invocations=76 (full 0):
 garbage-first heap   total 432128K, used 220034K [0x0000000700000000, 0x0000000800000000)
  region size 2048K, 10 young (20480K), 4 survivors (8192K)
 Metaspace       used 130612K, committed 132416K, reserved 1179648K
  class space    used 16956K, committed 17792K, reserved 1048576K
}
Event: 137.618 GC heap after
{Heap after GC invocations=77 (full 0):
 garbage-first heap   total 432128K, used 206721K [0x0000000700000000, 0x0000000800000000)
  region size 2048K, 2 young (4096K), 2 survivors (4096K)
 Metaspace       used 130612K, committed 132416K, reserved 1179648K
  class space    used 16956K, committed 17792K, reserved 1048576K
}
Event: 140.943 GC heap before
{Heap before GC invocations=77 (full 0):
 garbage-first heap   total 432128K, used 323457K [0x0000000700000000, 0x0000000800000000)
  region size 2048K, 61 young (124928K), 2 survivors (4096K)
 Metaspace       used 131877K, committed 133696K, reserved 1179648K
  class space    used 17074K, committed 17920K, reserved 1048576K
}
Event: 140.952 GC heap after
{Heap after GC invocations=78 (full 0):
 garbage-first heap   total 432128K, used 225776K [0x0000000700000000, 0x0000000800000000)
  region size 2048K, 10 young (20480K), 10 survivors (20480K)
 Metaspace       used 131877K, committed 133696K, reserved 1179648K
  class space    used 17074K, committed 17920K, reserved 1048576K
}
Event: 142.109 GC heap before
{Heap before GC invocations=79 (full 0):
 garbage-first heap   total 432128K, used 375280K [0x0000000700000000, 0x0000000800000000)
  region size 2048K, 70 young (143360K), 10 survivors (20480K)
 Metaspace       used 134822K, committed 136640K, reserved 1179648K
  class space    used 17438K, committed 18304K, reserved 1048576K
}
Event: 142.125 GC heap after
{Heap after GC invocations=80 (full 0):
 garbage-first heap   total 432128K, used 251412K [0x0000000700000000, 0x0000000800000000)
  region size 2048K, 9 young (18432K), 9 survivors (18432K)
 Metaspace       used 134822K, committed 136640K, reserved 1179648K
  class space    used 17438K, committed 18304K, reserved 1048576K
}
Event: 142.132 GC heap before
{Heap before GC invocations=80 (full 0):
 garbage-first heap   total 432128K, used 253460K [0x0000000700000000, 0x0000000800000000)
  region size 2048K, 10 young (20480K), 9 survivors (18432K)
 Metaspace       used 134822K, committed 136640K, reserved 1179648K
  class space    used 17438K, committed 18304K, reserved 1048576K
}
Event: 142.140 GC heap after
{Heap after GC invocations=81 (full 0):
 garbage-first heap   total 432128K, used 247373K [0x0000000700000000, 0x0000000800000000)
  region size 2048K, 1 young (2048K), 1 survivors (2048K)
 Metaspace       used 134822K, committed 136640K, reserved 1179648K
  class space    used 17438K, committed 18304K, reserved 1048576K
}
Event: 142.444 GC heap before
{Heap before GC invocations=81 (full 0):
 garbage-first heap   total 432128K, used 347725K [0x0000000700000000, 0x0000000800000000)
  region size 2048K, 51 young (104448K), 1 survivors (2048K)
 Metaspace       used 138309K, committed 140096K, reserved 1179648K
  class space    used 17731K, committed 18560K, reserved 1048576K
}
Event: 142.449 GC heap after
{Heap after GC invocations=82 (full 0):
 garbage-first heap   total 432128K, used 252850K [0x0000000700000000, 0x0000000800000000)
  region size 2048K, 4 young (8192K), 4 survivors (8192K)
 Metaspace       used 138309K, committed 140096K, reserved 1179648K
  class space    used 17731K, committed 18560K, reserved 1048576K
}
Event: 142.802 GC heap before
{Heap before GC invocations=83 (full 0):
 garbage-first heap   total 432128K, used 336818K [0x0000000700000000, 0x0000000800000000)
  region size 2048K, 53 young (108544K), 4 survivors (8192K)
 Metaspace       used 139648K, committed 141504K, reserved 1179648K
  class space    used 17841K, committed 18688K, reserved 1048576K
}
Event: 142.809 GC heap after
{Heap after GC invocations=84 (full 0):
 garbage-first heap   total 432128K, used 237916K [0x0000000700000000, 0x0000000800000000)
  region size 2048K, 4 young (8192K), 4 survivors (8192K)
 Metaspace       used 139648K, committed 141504K, reserved 1179648K
  class space    used 17841K, committed 18688K, reserved 1048576K
}
Event: 142.959 GC heap before
{Heap before GC invocations=84 (full 0):
 garbage-first heap   total 432128K, used 248156K [0x0000000700000000, 0x0000000800000000)
  region size 2048K, 10 young (20480K), 4 survivors (8192K)
 Metaspace       used 140473K, committed 142272K, reserved 1179648K
  class space    used 17938K, committed 18752K, reserved 1048576K
}
Event: 142.968 GC heap after
{Heap after GC invocations=85 (full 0):
 garbage-first heap   total 432128K, used 215041K [0x0000000700000000, 0x0000000800000000)
  region size 2048K, 1 young (2048K), 1 survivors (2048K)
 Metaspace       used 140473K, committed 142272K, reserved 1179648K
  class space    used 17938K, committed 18752K, reserved 1048576K
}
Event: 143.157 GC heap before
{Heap before GC invocations=85 (full 0):
 garbage-first heap   total 432128K, used 245761K [0x0000000700000000, 0x0000000800000000)
  region size 2048K, 18 young (36864K), 1 survivors (2048K)
 Metaspace       used 140936K, committed 142720K, reserved 1179648K
  class space    used 17999K, committed 18816K, reserved 1048576K
}

