# JRE version: OpenJDK Runtime Environment (17.0.7) (build 17.0.7+0-b2043.56-10550314)
# Java VM: OpenJDK 64-Bit Server VM (17.0.7+0-b2043.56-10550314, mixed mode, tiered, compressed oops, compressed class ptrs, g1 gc, windows-amd64)
GC Precious Log:
 CPUs: 20 total, 20 available
 Memory: 16110M
 Large Page Support: Disabled
 NUMA Support: Disabled
 Compressed Oops: Enabled (Zero based)
 Heap Region Size: 2M
 Heap Min Capacity: 8M
 Heap Initial Capacity: 252M
 Heap Max Capacity: 4G
 Pre-touch: Disabled
 Parallel Workers: 15
 Concurrent Workers: 4
 Concurrent Refinement Workers: 15
 Periodic GC: Disabled
Heap:
 garbage-first heap   total 258048K, used 118667K [0x0000000700000000, 0x0000000800000000)
  region size 2048K, 4 young (8192K), 4 survivors (8192K)
 Metaspace       used 102502K, committed 103232K, reserved 1179648K
  class space    used 13872K, committed 14208K, reserved 1048576K
GC Heap History (20 events):
Event: 8.275 GC heap after
{Heap after GC invocations=35 (full 0):
 garbage-first heap   total 147456K, used 82953K [0x0000000700000000, 0x0000000800000000)
  region size 2048K, 3 young (6144K), 3 survivors (6144K)
 Metaspace       used 87321K, committed 87872K, reserved 1179648K
  class space    used 11760K, committed 12032K, reserved 1048576K
}
Event: 8.293 GC heap before
{Heap before GC invocations=35 (full 0):
 garbage-first heap   total 147456K, used 85001K [0x0000000700000000, 0x0000000800000000)
  region size 2048K, 4 young (8192K), 3 survivors (6144K)
 Metaspace       used 87323K, committed 87872K, reserved 1179648K
  class space    used 11760K, committed 12032K, reserved 1048576K
}
Event: 8.296 GC heap after
{Heap after GC invocations=36 (full 0):
 garbage-first heap   total 147456K, used 83110K [0x0000000700000000, 0x0000000800000000)
  region size 2048K, 1 young (2048K), 1 survivors (2048K)
 Metaspace       used 87323K, committed 87872K, reserved 1179648K
  class space    used 11760K, committed 12032K, reserved 1048576K
}
Event: 8.652 GC heap before
{Heap before GC invocations=36 (full 0):
 garbage-first heap   total 147456K, used 117926K [0x0000000700000000, 0x0000000800000000)
  region size 2048K, 18 young (36864K), 1 survivors (2048K)
 Metaspace       used 87401K, committed 88000K, reserved 1179648K
  class space    used 11765K, committed 12032K, reserved 1048576K
}
Event: 8.656 GC heap after
{Heap after GC invocations=37 (full 0):
 garbage-first heap   total 212992K, used 89206K [0x0000000700000000, 0x0000000800000000)
  region size 2048K, 3 young (6144K), 3 survivors (6144K)
 Metaspace       used 87401K, committed 88000K, reserved 1179648K
  class space    used 11765K, committed 12032K, reserved 1048576K
}
Event: 9.527 GC heap before
{Heap before GC invocations=38 (full 0):
 garbage-first heap   total 212992K, used 162934K [0x0000000700000000, 0x0000000800000000)
  region size 2048K, 39 young (79872K), 3 survivors (6144K)
 Metaspace       used 91838K, committed 92416K, reserved 1179648K
  class space    used 12512K, committed 12800K, reserved 1048576K
}
Event: 9.532 GC heap after
{Heap after GC invocations=39 (full 0):
 garbage-first heap   total 212992K, used 96596K [0x0000000700000000, 0x0000000800000000)
  region size 2048K, 4 young (8192K), 4 survivors (8192K)
 Metaspace       used 91838K, committed 92416K, reserved 1179648K
  class space    used 12512K, committed 12800K, reserved 1048576K
}
Event: 9.536 GC heap before
{Heap before GC invocations=39 (full 0):
 garbage-first heap   total 212992K, used 98644K [0x0000000700000000, 0x0000000800000000)
  region size 2048K, 5 young (10240K), 4 survivors (8192K)
 Metaspace       used 91843K, committed 92416K, reserved 1179648K
  class space    used 12512K, committed 12800K, reserved 1048576K
}
Event: 9.538 GC heap after
{Heap after GC invocations=40 (full 0):
 garbage-first heap   total 212992K, used 96951K [0x0000000700000000, 0x0000000800000000)
  region size 2048K, 1 young (2048K), 1 survivors (2048K)
 Metaspace       used 91843K, committed 92416K, reserved 1179648K
  class space    used 12512K, committed 12800K, reserved 1048576K
}
Event: 9.750 GC heap before
{Heap before GC invocations=40 (full 0):
 garbage-first heap   total 212992K, used 160439K [0x0000000700000000, 0x0000000800000000)
  region size 2048K, 33 young (67584K), 1 survivors (2048K)
 Metaspace       used 92058K, committed 92672K, reserved 1179648K
  class space    used 12522K, committed 12800K, reserved 1048576K
}
Event: 9.753 GC heap after
{Heap after GC invocations=41 (full 0):
 garbage-first heap   total 212992K, used 99578K [0x0000000700000000, 0x0000000800000000)
  region size 2048K, 2 young (4096K), 2 survivors (4096K)
 Metaspace       used 92058K, committed 92672K, reserved 1179648K
  class space    used 12522K, committed 12800K, reserved 1048576K
}
Event: 10.007 GC heap before
{Heap before GC invocations=41 (full 0):
 garbage-first heap   total 212992K, used 165114K [0x0000000700000000, 0x0000000800000000)
  region size 2048K, 35 young (71680K), 2 survivors (4096K)
 Metaspace       used 92494K, committed 93184K, reserved 1179648K
  class space    used 12557K, committed 12864K, reserved 1048576K
}
Event: 10.010 GC heap after
{Heap after GC invocations=42 (full 0):
 garbage-first heap   total 212992K, used 103365K [0x0000000700000000, 0x0000000800000000)
  region size 2048K, 4 young (8192K), 4 survivors (8192K)
 Metaspace       used 92494K, committed 93184K, reserved 1179648K
  class space    used 12557K, committed 12864K, reserved 1048576K
}
Event: 10.446 GC heap before
{Heap before GC invocations=42 (full 0):
 garbage-first heap   total 212992K, used 170949K [0x0000000700000000, 0x0000000800000000)
  region size 2048K, 37 young (75776K), 4 survivors (8192K)
 Metaspace       used 93685K, committed 94272K, reserved 1179648K
  class space    used 12708K, committed 12992K, reserved 1048576K
}
Event: 10.450 GC heap after
{Heap after GC invocations=43 (full 0):
 garbage-first heap   total 212992K, used 107372K [0x0000000700000000, 0x0000000800000000)
  region size 2048K, 4 young (8192K), 4 survivors (8192K)
 Metaspace       used 93685K, committed 94272K, reserved 1179648K
  class space    used 12708K, committed 12992K, reserved 1048576K
}
Event: 11.193 GC heap before
{Heap before GC invocations=43 (full 0):
 garbage-first heap   total 212992K, used 170860K [0x0000000700000000, 0x0000000800000000)
  region size 2048K, 36 young (73728K), 4 survivors (8192K)
 Metaspace       used 99959K, committed 100608K, reserved 1179648K
  class space    used 13521K, committed 13824K, reserved 1048576K
}
Event: 11.198 GC heap after
{Heap after GC invocations=44 (full 0):
 garbage-first heap   total 212992K, used 112183K [0x0000000700000000, 0x0000000800000000)
  region size 2048K, 5 young (10240K), 5 survivors (10240K)
 Metaspace       used 99959K, committed 100608K, reserved 1179648K
  class space    used 13521K, committed 13824K, reserved 1048576K
}
Event: 11.306 GC heap before
{Heap before GC invocations=44 (full 0):
 garbage-first heap   total 212992K, used 171575K [0x0000000700000000, 0x0000000800000000)
  region size 2048K, 35 young (71680K), 5 survivors (10240K)
 Metaspace       used 100326K, committed 100992K, reserved 1179648K
  class space    used 13560K, committed 13824K, reserved 1048576K
}
Event: 11.310 GC heap after
{Heap after GC invocations=45 (full 0):
 garbage-first heap   total 212992K, used 115590K [0x0000000700000000, 0x0000000800000000)
  region size 2048K, 4 young (8192K), 4 survivors (8192K)
 Metaspace       used 100326K, committed 100992K, reserved 1179648K
  class space    used 13560K, committed 13824K, reserved 1048576K
}
Event: 18.403 GC heap before
{Heap before GC invocations=45 (full 0):
 garbage-first heap   total 212992K, used 174982K [0x0000000700000000, 0x0000000800000000)
  region size 2048K, 34 young (69632K), 4 survivors (8192K)
 Metaspace       used 102502K, committed 103232K, reserved 1179648K
  class space    used 13872K, committed 14208K, reserved 1048576K
}

