# JRE version: OpenJDK Runtime Environment (17.0.7) (build 17.0.7+0-b2043.56-10550314)
# Java VM: OpenJDK 64-Bit Server VM (17.0.7+0-b2043.56-10550314, mixed mode, tiered, compressed oops, compressed class ptrs, g1 gc, windows-amd64)
GC Precious Log:
 CPUs: 20 total, 20 available
 Memory: 16110M
 Large Page Support: Disabled
 NUMA Support: Disabled
 Compressed Oops: Enabled (Zero based)
 Heap Region Size: 2M
 Heap Min Capacity: 8M
 Heap Initial Capacity: 252M
 Heap Max Capacity: 4G
 Pre-touch: Disabled
 Parallel Workers: 15
 Concurrent Workers: 4
 Concurrent Refinement Workers: 15
 Periodic GC: Disabled
Heap:
 garbage-first heap   total 258048K, used 145197K [0x0000000700000000, 0x0000000800000000)
  region size 2048K, 3 young (6144K), 3 survivors (6144K)
 Metaspace       used 103208K, committed 103872K, reserved 1179648K
  class space    used 13681K, committed 14016K, reserved 1048576K
GC Heap History (20 events):
Event: 12.164 GC heap after
{Heap after GC invocations=42 (full 0):
 garbage-first heap   total 157696K, used 93373K [0x0000000700000000, 0x0000000800000000)
  region size 2048K, 2 young (4096K), 2 survivors (4096K)
 Metaspace       used 91146K, committed 91840K, reserved 1179648K
  class space    used 12256K, committed 12608K, reserved 1048576K
}
Event: 12.315 GC heap before
{Heap before GC invocations=42 (full 0):
 garbage-first heap   total 157696K, used 122045K [0x0000000700000000, 0x0000000800000000)
  region size 2048K, 17 young (34816K), 2 survivors (4096K)
 Metaspace       used 91995K, committed 92736K, reserved 1179648K
  class space    used 12518K, committed 12864K, reserved 1048576K
}
Event: 12.320 GC heap after
{Heap after GC invocations=43 (full 0):
 garbage-first heap   total 239616K, used 95579K [0x0000000700000000, 0x0000000800000000)
  region size 2048K, 3 young (6144K), 3 survivors (6144K)
 Metaspace       used 91995K, committed 92736K, reserved 1179648K
  class space    used 12518K, committed 12864K, reserved 1048576K
}
Event: 13.421 GC heap before
{Heap before GC invocations=44 (full 0):
 garbage-first heap   total 239616K, used 183643K [0x0000000700000000, 0x0000000800000000)
  region size 2048K, 47 young (96256K), 3 survivors (6144K)
 Metaspace       used 95214K, committed 95872K, reserved 1179648K
  class space    used 12882K, committed 13184K, reserved 1048576K
}
Event: 13.429 GC heap after
{Heap after GC invocations=45 (full 0):
 garbage-first heap   total 239616K, used 100594K [0x0000000700000000, 0x0000000800000000)
  region size 2048K, 6 young (12288K), 6 survivors (12288K)
 Metaspace       used 95214K, committed 95872K, reserved 1179648K
  class space    used 12882K, committed 13184K, reserved 1048576K
}
Event: 13.461 GC heap before
{Heap before GC invocations=45 (full 0):
 garbage-first heap   total 239616K, used 100594K [0x0000000700000000, 0x0000000800000000)
  region size 2048K, 7 young (14336K), 6 survivors (12288K)
 Metaspace       used 95229K, committed 95872K, reserved 1179648K
  class space    used 12882K, committed 13184K, reserved 1048576K
}
Event: 13.467 GC heap after
{Heap after GC invocations=46 (full 0):
 garbage-first heap   total 239616K, used 100068K [0x0000000700000000, 0x0000000800000000)
  region size 2048K, 1 young (2048K), 1 survivors (2048K)
 Metaspace       used 95229K, committed 95872K, reserved 1179648K
  class space    used 12882K, committed 13184K, reserved 1048576K
}
Event: 14.246 GC heap before
{Heap before GC invocations=46 (full 0):
 garbage-first heap   total 239616K, used 171748K [0x0000000700000000, 0x0000000800000000)
  region size 2048K, 35 young (71680K), 1 survivors (2048K)
 Metaspace       used 95869K, committed 96512K, reserved 1179648K
  class space    used 12930K, committed 13248K, reserved 1048576K
}
Event: 14.256 GC heap after
{Heap after GC invocations=47 (full 0):
 garbage-first heap   total 239616K, used 127023K [0x0000000700000000, 0x0000000800000000)
  region size 2048K, 6 young (12288K), 6 survivors (12288K)
 Metaspace       used 95869K, committed 96512K, reserved 1179648K
  class space    used 12930K, committed 13248K, reserved 1048576K
}
Event: 15.203 GC heap before
{Heap before GC invocations=48 (full 0):
 garbage-first heap   total 239616K, used 184367K [0x0000000700000000, 0x0000000800000000)
  region size 2048K, 32 young (65536K), 6 survivors (12288K)
 Metaspace       used 98856K, committed 99456K, reserved 1179648K
  class space    used 13282K, committed 13568K, reserved 1048576K
}
Event: 15.211 GC heap after
{Heap after GC invocations=49 (full 0):
 garbage-first heap   total 239616K, used 135297K [0x0000000700000000, 0x0000000800000000)
  region size 2048K, 4 young (8192K), 4 survivors (8192K)
 Metaspace       used 98856K, committed 99456K, reserved 1179648K
  class space    used 13282K, committed 13568K, reserved 1048576K
}
Event: 15.225 GC heap before
{Heap before GC invocations=49 (full 0):
 garbage-first heap   total 239616K, used 135297K [0x0000000700000000, 0x0000000800000000)
  region size 2048K, 5 young (10240K), 4 survivors (8192K)
 Metaspace       used 98856K, committed 99456K, reserved 1179648K
  class space    used 13282K, committed 13568K, reserved 1048576K
}
Event: 15.231 GC heap after
{Heap after GC invocations=50 (full 0):
 garbage-first heap   total 239616K, used 138258K [0x0000000700000000, 0x0000000800000000)
  region size 2048K, 1 young (2048K), 1 survivors (2048K)
 Metaspace       used 98856K, committed 99456K, reserved 1179648K
  class space    used 13282K, committed 13568K, reserved 1048576K
}
Event: 15.574 GC heap before
{Heap before GC invocations=50 (full 0):
 garbage-first heap   total 239616K, used 201746K [0x0000000700000000, 0x0000000800000000)
  region size 2048K, 24 young (49152K), 1 survivors (2048K)
 Metaspace       used 99739K, committed 100416K, reserved 1179648K
  class space    used 13365K, committed 13696K, reserved 1048576K
}
Event: 15.578 GC heap after
{Heap after GC invocations=51 (full 0):
 garbage-first heap   total 239616K, used 146742K [0x0000000700000000, 0x0000000800000000)
  region size 2048K, 3 young (6144K), 3 survivors (6144K)
 Metaspace       used 99739K, committed 100416K, reserved 1179648K
  class space    used 13365K, committed 13696K, reserved 1048576K
}
Event: 15.956 GC heap before
{Heap before GC invocations=52 (full 0):
 garbage-first heap   total 249856K, used 185654K [0x0000000700000000, 0x0000000800000000)
  region size 2048K, 23 young (47104K), 3 survivors (6144K)
 Metaspace       used 101399K, committed 102080K, reserved 1179648K
  class space    used 13511K, committed 13824K, reserved 1048576K
}
Event: 15.961 GC heap after
{Heap after GC invocations=53 (full 0):
 garbage-first heap   total 249856K, used 152029K [0x0000000700000000, 0x0000000800000000)
  region size 2048K, 3 young (6144K), 3 survivors (6144K)
 Metaspace       used 101399K, committed 102080K, reserved 1179648K
  class space    used 13511K, committed 13824K, reserved 1048576K
}
Event: 16.008 GC heap before
{Heap before GC invocations=53 (full 0):
 garbage-first heap   total 249856K, used 158173K [0x0000000700000000, 0x0000000800000000)
  region size 2048K, 6 young (12288K), 3 survivors (6144K)
 Metaspace       used 101546K, committed 102208K, reserved 1179648K
  class space    used 13526K, committed 13824K, reserved 1048576K
}
Event: 16.013 GC heap after
{Heap after GC invocations=54 (full 0):
 garbage-first heap   total 249856K, used 140656K [0x0000000700000000, 0x0000000800000000)
  region size 2048K, 1 young (2048K), 1 survivors (2048K)
 Metaspace       used 101546K, committed 102208K, reserved 1179648K
  class space    used 13526K, committed 13824K, reserved 1048576K
}
Event: 16.448 GC heap before
{Heap before GC invocations=54 (full 0):
 garbage-first heap   total 249856K, used 191856K [0x0000000700000000, 0x0000000800000000)
  region size 2048K, 27 young (55296K), 1 survivors (2048K)
 Metaspace       used 103208K, committed 103872K, reserved 1179648K
  class space    used 13681K, committed 14016K, reserved 1048576K
}

