# JRE version: OpenJDK Runtime Environment (17.0.7) (build 17.0.7+0-b2043.56-10550314)
# Java VM: OpenJDK 64-Bit Server VM (17.0.7+0-b2043.56-10550314, mixed mode, tiered, compressed oops, compressed class ptrs, g1 gc, windows-amd64)
GC Precious Log:
 CPUs: 20 total, 20 available
 Memory: 16110M
 Large Page Support: Disabled
 NUMA Support: Disabled
 Compressed Oops: Enabled (Zero based)
 Heap Region Size: 2M
 Heap Min Capacity: 8M
 Heap Initial Capacity: 252M
 Heap Max Capacity: 4G
 Pre-touch: Disabled
 Parallel Workers: 15
 Concurrent Workers: 4
 Concurrent Refinement Workers: 15
 Periodic GC: Disabled
Heap:
 garbage-first heap   total 249856K, used 187375K [0x0000000700000000, 0x0000000800000000)
  region size 2048K, 21 young (43008K), 1 survivors (2048K)
 Metaspace       used 130991K, committed 131840K, reserved 1179648K
  class space    used 17480K, committed 17920K, reserved 1048576K
GC Heap History (20 events):
Event: 15.888 GC heap before
{Heap before GC invocations=32 (full 0):
 garbage-first heap   total 219136K, used 177486K [0x0000000700000000, 0x0000000800000000)
  region size 2048K, 39 young (79872K), 5 survivors (10240K)
 Metaspace       used 105775K, committed 106496K, reserved 1179648K
  class space    used 14279K, committed 14592K, reserved 1048576K
}
Event: 15.896 GC heap after
{Heap after GC invocations=33 (full 0):
 garbage-first heap   total 219136K, used 117253K [0x0000000700000000, 0x0000000800000000)
  region size 2048K, 5 young (10240K), 5 survivors (10240K)
 Metaspace       used 105775K, committed 106496K, reserved 1179648K
  class space    used 14279K, committed 14592K, reserved 1048576K
}
Event: 17.064 GC heap before
{Heap before GC invocations=33 (full 0):
 garbage-first heap   total 219136K, used 176645K [0x0000000700000000, 0x0000000800000000)
  region size 2048K, 35 young (71680K), 5 survivors (10240K)
 Metaspace       used 112583K, committed 113408K, reserved 1179648K
  class space    used 15475K, committed 15872K, reserved 1048576K
}
Event: 17.073 GC heap after
{Heap after GC invocations=34 (full 0):
 garbage-first heap   total 219136K, used 125823K [0x0000000700000000, 0x0000000800000000)
  region size 2048K, 5 young (10240K), 5 survivors (10240K)
 Metaspace       used 112583K, committed 113408K, reserved 1179648K
  class space    used 15475K, committed 15872K, reserved 1048576K
}
Event: 17.275 GC heap before
{Heap before GC invocations=35 (full 0):
 garbage-first heap   total 219136K, used 140159K [0x0000000700000000, 0x0000000800000000)
  region size 2048K, 13 young (26624K), 5 survivors (10240K)
 Metaspace       used 112740K, committed 113536K, reserved 1179648K
  class space    used 15509K, committed 15872K, reserved 1048576K
}
Event: 17.282 GC heap after
{Heap after GC invocations=36 (full 0):
 garbage-first heap   total 219136K, used 128129K [0x0000000700000000, 0x0000000800000000)
  region size 2048K, 2 young (4096K), 2 survivors (4096K)
 Metaspace       used 112740K, committed 113536K, reserved 1179648K
  class space    used 15509K, committed 15872K, reserved 1048576K
}
Event: 17.668 GC heap before
{Heap before GC invocations=37 (full 0):
 garbage-first heap   total 229376K, used 175233K [0x0000000700000000, 0x0000000800000000)
  region size 2048K, 25 young (51200K), 2 survivors (4096K)
 Metaspace       used 113262K, committed 113984K, reserved 1179648K
  class space    used 15565K, committed 15936K, reserved 1048576K
}
Event: 17.673 GC heap after
{Heap after GC invocations=38 (full 0):
 garbage-first heap   total 229376K, used 133732K [0x0000000700000000, 0x0000000800000000)
  region size 2048K, 4 young (8192K), 4 survivors (8192K)
 Metaspace       used 113262K, committed 113984K, reserved 1179648K
  class space    used 15565K, committed 15936K, reserved 1048576K
}
Event: 18.309 GC heap before
{Heap before GC invocations=38 (full 0):
 garbage-first heap   total 229376K, used 182884K [0x0000000700000000, 0x0000000800000000)
  region size 2048K, 29 young (59392K), 4 survivors (8192K)
 Metaspace       used 115722K, committed 116480K, reserved 1179648K
  class space    used 15851K, committed 16256K, reserved 1048576K
}
Event: 18.318 GC heap after
{Heap after GC invocations=39 (full 0):
 garbage-first heap   total 229376K, used 134438K [0x0000000700000000, 0x0000000800000000)
  region size 2048K, 2 young (4096K), 2 survivors (4096K)
 Metaspace       used 115722K, committed 116480K, reserved 1179648K
  class space    used 15851K, committed 16256K, reserved 1048576K
}
Event: 30.657 GC heap before
{Heap before GC invocations=40 (full 0):
 garbage-first heap   total 233472K, used 185638K [0x0000000700000000, 0x0000000800000000)
  region size 2048K, 27 young (55296K), 2 survivors (4096K)
 Metaspace       used 118702K, committed 119552K, reserved 1179648K
  class space    used 16268K, committed 16704K, reserved 1048576K
}
Event: 30.663 GC heap after
{Heap after GC invocations=41 (full 0):
 garbage-first heap   total 233472K, used 136410K [0x0000000700000000, 0x0000000800000000)
  region size 2048K, 3 young (6144K), 3 survivors (6144K)
 Metaspace       used 118702K, committed 119552K, reserved 1179648K
  class space    used 16268K, committed 16704K, reserved 1048576K
}
Event: 30.687 GC heap before
{Heap before GC invocations=41 (full 0):
 garbage-first heap   total 233472K, used 140506K [0x0000000700000000, 0x0000000800000000)
  region size 2048K, 5 young (10240K), 3 survivors (6144K)
 Metaspace       used 118722K, committed 119552K, reserved 1179648K
  class space    used 16270K, committed 16704K, reserved 1048576K
}
Event: 30.693 GC heap after
{Heap after GC invocations=42 (full 0):
 garbage-first heap   total 233472K, used 137131K [0x0000000700000000, 0x0000000800000000)
  region size 2048K, 1 young (2048K), 1 survivors (2048K)
 Metaspace       used 118722K, committed 119552K, reserved 1179648K
  class space    used 16270K, committed 16704K, reserved 1048576K
}
Event: 31.775 GC heap before
{Heap before GC invocations=42 (full 0):
 garbage-first heap   total 233472K, used 194475K [0x0000000700000000, 0x0000000800000000)
  region size 2048K, 26 young (53248K), 1 survivors (2048K)
 Metaspace       used 126129K, committed 126976K, reserved 1179648K
  class space    used 17102K, committed 17536K, reserved 1048576K
}
Event: 31.786 GC heap after
{Heap after GC invocations=43 (full 0):
 garbage-first heap   total 233472K, used 149464K [0x0000000700000000, 0x0000000800000000)
  region size 2048K, 4 young (8192K), 4 survivors (8192K)
 Metaspace       used 126129K, committed 126976K, reserved 1179648K
  class space    used 17102K, committed 17536K, reserved 1048576K
}
Event: 32.767 GC heap before
{Heap before GC invocations=44 (full 0):
 garbage-first heap   total 249856K, used 184280K [0x0000000700000000, 0x0000000800000000)
  region size 2048K, 24 young (49152K), 4 survivors (8192K)
 Metaspace       used 127945K, committed 128832K, reserved 1179648K
  class space    used 17264K, committed 17728K, reserved 1048576K
}
Event: 32.774 GC heap after
{Heap after GC invocations=45 (full 0):
 garbage-first heap   total 249856K, used 150442K [0x0000000700000000, 0x0000000800000000)
  region size 2048K, 3 young (6144K), 3 survivors (6144K)
 Metaspace       used 127945K, committed 128832K, reserved 1179648K
  class space    used 17264K, committed 17728K, reserved 1048576K
}
Event: 32.829 GC heap before
{Heap before GC invocations=45 (full 0):
 garbage-first heap   total 249856K, used 156586K [0x0000000700000000, 0x0000000800000000)
  region size 2048K, 6 young (12288K), 3 survivors (6144K)
 Metaspace       used 128008K, committed 128896K, reserved 1179648K
  class space    used 17265K, committed 17728K, reserved 1048576K
}
Event: 32.835 GC heap after
{Heap after GC invocations=46 (full 0):
 garbage-first heap   total 249856K, used 150511K [0x0000000700000000, 0x0000000800000000)
  region size 2048K, 1 young (2048K), 1 survivors (2048K)
 Metaspace       used 128008K, committed 128896K, reserved 1179648K
  class space    used 17265K, committed 17728K, reserved 1048576K
}

