# JRE version: OpenJDK Runtime Environment (17.0.7) (build 17.0.7+0-b2043.56-10550314)
# Java VM: OpenJDK 64-Bit Server VM (17.0.7+0-b2043.56-10550314, mixed mode, tiered, compressed oops, compressed class ptrs, g1 gc, windows-amd64)
GC Precious Log:
 CPUs: 20 total, 20 available
 Memory: 16110M
 Large Page Support: Disabled
 NUMA Support: Disabled
 Compressed Oops: Enabled (Zero based)
 Heap Region Size: 2M
 Heap Min Capacity: 8M
 Heap Initial Capacity: 252M
 Heap Max Capacity: 4028M
 Pre-touch: Disabled
 Parallel Workers: 15
 Concurrent Workers: 4
 Concurrent Refinement Workers: 15
 Periodic GC: Disabled
Heap:
 garbage-first heap   total 139264K, used 55616K [0x0000000704400000, 0x0000000800000000)
  region size 2048K, 6 young (12288K), 4 survivors (8192K)
 Metaspace       used 57950K, committed 58304K, reserved 1114112K
  class space    used 6867K, committed 7040K, reserved 1048576K
GC Heap History (20 events):
Event: 0.833 GC heap before
{Heap before GC invocations=2 (full 0):
 garbage-first heap   total 258048K, used 14428K [0x0000000704400000, 0x0000000800000000)
  region size 2048K, 6 young (12288K), 3 survivors (6144K)
 Metaspace       used 21323K, committed 21504K, reserved 1114112K
  class space    used 2360K, committed 2432K, reserved 1048576K
}
Event: 0.836 GC heap after
{Heap after GC invocations=3 (full 0):
 garbage-first heap   total 258048K, used 11090K [0x0000000704400000, 0x0000000800000000)
  region size 2048K, 4 young (8192K), 4 survivors (8192K)
 Metaspace       used 21323K, committed 21504K, reserved 1114112K
  class space    used 2360K, committed 2432K, reserved 1048576K
}
Event: 1.167 GC heap before
{Heap before GC invocations=4 (full 0):
 garbage-first heap   total 55296K, used 39762K [0x0000000704400000, 0x0000000800000000)
  region size 2048K, 16 young (32768K), 4 survivors (8192K)
 Metaspace       used 28585K, committed 28864K, reserved 1114112K
  class space    used 3191K, committed 3328K, reserved 1048576K
}
Event: 1.173 GC heap after
{Heap after GC invocations=5 (full 0):
 garbage-first heap   total 55296K, used 17515K [0x0000000704400000, 0x0000000800000000)
  region size 2048K, 2 young (4096K), 2 survivors (4096K)
 Metaspace       used 28585K, committed 28864K, reserved 1114112K
  class space    used 3191K, committed 3328K, reserved 1048576K
}
Event: 1.197 GC heap before
{Heap before GC invocations=5 (full 0):
 garbage-first heap   total 55296K, used 19563K [0x0000000704400000, 0x0000000800000000)
  region size 2048K, 3 young (6144K), 2 survivors (4096K)
 Metaspace       used 29234K, committed 29504K, reserved 1114112K
  class space    used 3264K, committed 3392K, reserved 1048576K
}
Event: 1.199 GC heap after
{Heap after GC invocations=6 (full 0):
 garbage-first heap   total 55296K, used 17741K [0x0000000704400000, 0x0000000800000000)
  region size 2048K, 1 young (2048K), 1 survivors (2048K)
 Metaspace       used 29234K, committed 29504K, reserved 1114112K
  class space    used 3264K, committed 3392K, reserved 1048576K
}
Event: 1.390 GC heap before
{Heap before GC invocations=6 (full 0):
 garbage-first heap   total 55296K, used 38221K [0x0000000704400000, 0x0000000800000000)
  region size 2048K, 11 young (22528K), 1 survivors (2048K)
 Metaspace       used 32703K, committed 32960K, reserved 1114112K
  class space    used 3992K, committed 4096K, reserved 1048576K
}
Event: 1.395 GC heap after
{Heap after GC invocations=7 (full 0):
 garbage-first heap   total 157696K, used 22998K [0x0000000704400000, 0x0000000800000000)
  region size 2048K, 2 young (4096K), 2 survivors (4096K)
 Metaspace       used 32703K, committed 32960K, reserved 1114112K
  class space    used 3992K, committed 4096K, reserved 1048576K
}
Event: 1.635 GC heap before
{Heap before GC invocations=7 (full 0):
 garbage-first heap   total 157696K, used 35286K [0x0000000704400000, 0x0000000800000000)
  region size 2048K, 9 young (18432K), 2 survivors (4096K)
 Metaspace       used 35745K, committed 35968K, reserved 1114112K
  class space    used 4559K, committed 4672K, reserved 1048576K
}
Event: 1.640 GC heap after
{Heap after GC invocations=8 (full 0):
 garbage-first heap   total 157696K, used 24781K [0x0000000704400000, 0x0000000800000000)
  region size 2048K, 3 young (6144K), 3 survivors (6144K)
 Metaspace       used 35745K, committed 35968K, reserved 1114112K
  class space    used 4559K, committed 4672K, reserved 1048576K
}
Event: 2.377 GC heap before
{Heap before GC invocations=9 (full 0):
 garbage-first heap   total 96256K, used 73933K [0x0000000704400000, 0x0000000800000000)
  region size 2048K, 28 young (57344K), 3 survivors (6144K)
 Metaspace       used 46115K, committed 46272K, reserved 1114112K
  class space    used 5633K, committed 5696K, reserved 1048576K
}
Event: 2.390 GC heap after
{Heap after GC invocations=10 (full 0):
 garbage-first heap   total 96256K, used 28109K [0x0000000704400000, 0x0000000800000000)
  region size 2048K, 4 young (8192K), 4 survivors (8192K)
 Metaspace       used 46115K, committed 46272K, reserved 1114112K
  class space    used 5633K, committed 5696K, reserved 1048576K
}
Event: 2.473 GC heap before
{Heap before GC invocations=10 (full 0):
 garbage-first heap   total 96256K, used 30157K [0x0000000704400000, 0x0000000800000000)
  region size 2048K, 5 young (10240K), 4 survivors (8192K)
 Metaspace       used 46734K, committed 47040K, reserved 1114112K
  class space    used 5729K, committed 5888K, reserved 1048576K
}
Event: 2.480 GC heap after
{Heap after GC invocations=11 (full 0):
 garbage-first heap   total 96256K, used 28628K [0x0000000704400000, 0x0000000800000000)
  region size 2048K, 1 young (2048K), 1 survivors (2048K)
 Metaspace       used 46734K, committed 47040K, reserved 1114112K
  class space    used 5729K, committed 5888K, reserved 1048576K
}
Event: 3.212 GC heap before
{Heap before GC invocations=11 (full 0):
 garbage-first heap   total 96256K, used 69588K [0x0000000704400000, 0x0000000800000000)
  region size 2048K, 20 young (40960K), 1 survivors (2048K)
 Metaspace       used 51671K, committed 51968K, reserved 1114112K
  class space    used 6282K, committed 6464K, reserved 1048576K
}
Event: 3.222 GC heap after
{Heap after GC invocations=12 (full 0):
 garbage-first heap   total 139264K, used 38049K [0x0000000704400000, 0x0000000800000000)
  region size 2048K, 3 young (6144K), 3 survivors (6144K)
 Metaspace       used 51671K, committed 51968K, reserved 1114112K
  class space    used 6282K, committed 6464K, reserved 1048576K
}
Event: 4.167 GC heap before
{Heap before GC invocations=12 (full 0):
 garbage-first heap   total 139264K, used 93345K [0x0000000704400000, 0x0000000800000000)
  region size 2048K, 30 young (61440K), 3 survivors (6144K)
 Metaspace       used 55913K, committed 56256K, reserved 1114112K
  class space    used 6676K, committed 6848K, reserved 1048576K
}
Event: 4.177 GC heap after
{Heap after GC invocations=13 (full 0):
 garbage-first heap   total 139264K, used 45987K [0x0000000704400000, 0x0000000800000000)
  region size 2048K, 4 young (8192K), 4 survivors (8192K)
 Metaspace       used 55913K, committed 56256K, reserved 1114112K
  class space    used 6676K, committed 6848K, reserved 1048576K
}
Event: 4.891 GC heap before
{Heap before GC invocations=13 (full 0):
 garbage-first heap   total 139264K, used 99235K [0x0000000704400000, 0x0000000800000000)
  region size 2048K, 30 young (61440K), 4 survivors (8192K)
 Metaspace       used 57381K, committed 57728K, reserved 1114112K
  class space    used 6791K, committed 6976K, reserved 1048576K
}
Event: 4.905 GC heap after
{Heap after GC invocations=14 (full 0):
 garbage-first heap   total 139264K, used 53568K [0x0000000704400000, 0x0000000800000000)
  region size 2048K, 4 young (8192K), 4 survivors (8192K)
 Metaspace       used 57381K, committed 57728K, reserved 1114112K
  class space    used 6791K, committed 6976K, reserved 1048576K
}

