# JRE version: OpenJDK Runtime Environment (17.0.7) (build 17.0.7+0-b2043.56-10550314)
# Java VM: OpenJDK 64-Bit Server VM (17.0.7+0-b2043.56-10550314, mixed mode, tiered, compressed oops, compressed class ptrs, g1 gc, windows-amd64)
GC Precious Log:
 CPUs: 20 total, 20 available
 Memory: 16110M
 Large Page Support: Disabled
 NUMA Support: Disabled
 Compressed Oops: Enabled (Zero based)
 Heap Region Size: 2M
 Heap Min Capacity: 8M
 Heap Initial Capacity: 252M
 Heap Max Capacity: 4G
 Pre-touch: Disabled
 Parallel Workers: 15
 Concurrent Workers: 4
 Concurrent Refinement Workers: 15
 Periodic GC: Disabled
Heap:
 garbage-first heap   total 258048K, used 109116K [0x0000000700000000, 0x0000000800000000)
  region size 2048K, 3 young (6144K), 3 survivors (6144K)
 Metaspace       used 99346K, committed 99968K, reserved 1179648K
  class space    used 13403K, committed 13696K, reserved 1048576K
GC Heap History (20 events):
Event: 7.599 GC heap after
{Heap after GC invocations=37 (full 0):
 garbage-first heap   total 147456K, used 84950K [0x0000000700000000, 0x0000000800000000)
  region size 2048K, 2 young (4096K), 2 survivors (4096K)
 Metaspace       used 87350K, committed 88000K, reserved 1179648K
  class space    used 11746K, committed 12032K, reserved 1048576K
}
Event: 8.000 GC heap before
{Heap before GC invocations=37 (full 0):
 garbage-first heap   total 147456K, used 115670K [0x0000000700000000, 0x0000000800000000)
  region size 2048K, 18 young (36864K), 2 survivors (4096K)
 Metaspace       used 89528K, committed 90112K, reserved 1179648K
  class space    used 11991K, committed 12288K, reserved 1048576K
}
Event: 8.003 GC heap after
{Heap after GC invocations=38 (full 0):
 garbage-first heap   total 147456K, used 91533K [0x0000000700000000, 0x0000000800000000)
  region size 2048K, 3 young (6144K), 3 survivors (6144K)
 Metaspace       used 89528K, committed 90112K, reserved 1179648K
  class space    used 11991K, committed 12288K, reserved 1048576K
}
Event: 8.367 GC heap before
{Heap before GC invocations=39 (full 0):
 garbage-first heap   total 157696K, used 116109K [0x0000000700000000, 0x0000000800000000)
  region size 2048K, 16 young (32768K), 3 survivors (6144K)
 Metaspace       used 91027K, committed 91584K, reserved 1179648K
  class space    used 12266K, committed 12544K, reserved 1048576K
}
Event: 8.370 GC heap after
{Heap after GC invocations=40 (full 0):
 garbage-first heap   total 190464K, used 94790K [0x0000000700000000, 0x0000000800000000)
  region size 2048K, 2 young (4096K), 2 survivors (4096K)
 Metaspace       used 91027K, committed 91584K, reserved 1179648K
  class space    used 12266K, committed 12544K, reserved 1048576K
}
Event: 8.424 GC heap before
{Heap before GC invocations=40 (full 0):
 garbage-first heap   total 190464K, used 98886K [0x0000000700000000, 0x0000000800000000)
  region size 2048K, 4 young (8192K), 2 survivors (4096K)
 Metaspace       used 91446K, committed 92096K, reserved 1179648K
  class space    used 12406K, committed 12672K, reserved 1048576K
}
Event: 8.428 GC heap after
{Heap after GC invocations=41 (full 0):
 garbage-first heap   total 190464K, used 94186K [0x0000000700000000, 0x0000000800000000)
  region size 2048K, 1 young (2048K), 1 survivors (2048K)
 Metaspace       used 91446K, committed 92096K, reserved 1179648K
  class space    used 12406K, committed 12672K, reserved 1048576K
}
Event: 8.598 GC heap before
{Heap before GC invocations=41 (full 0):
 garbage-first heap   total 190464K, used 147434K [0x0000000700000000, 0x0000000800000000)
  region size 2048K, 28 young (57344K), 1 survivors (2048K)
 Metaspace       used 91914K, committed 92544K, reserved 1179648K
  class space    used 12507K, committed 12800K, reserved 1048576K
}
Event: 8.601 GC heap after
{Heap after GC invocations=42 (full 0):
 garbage-first heap   total 190464K, used 97056K [0x0000000700000000, 0x0000000800000000)
  region size 2048K, 2 young (4096K), 2 survivors (4096K)
 Metaspace       used 91914K, committed 92544K, reserved 1179648K
  class space    used 12507K, committed 12800K, reserved 1048576K
}
Event: 8.830 GC heap before
{Heap before GC invocations=43 (full 0):
 garbage-first heap   total 190464K, used 148256K [0x0000000700000000, 0x0000000800000000)
  region size 2048K, 28 young (57344K), 2 survivors (4096K)
 Metaspace       used 92366K, committed 92992K, reserved 1179648K
  class space    used 12547K, committed 12864K, reserved 1048576K
}
Event: 8.833 GC heap after
{Heap after GC invocations=44 (full 0):
 garbage-first heap   total 190464K, used 100661K [0x0000000700000000, 0x0000000800000000)
  region size 2048K, 4 young (8192K), 4 survivors (8192K)
 Metaspace       used 92366K, committed 92992K, reserved 1179648K
  class space    used 12547K, committed 12864K, reserved 1048576K
}
Event: 8.837 GC heap before
{Heap before GC invocations=44 (full 0):
 garbage-first heap   total 190464K, used 102709K [0x0000000700000000, 0x0000000800000000)
  region size 2048K, 5 young (10240K), 4 survivors (8192K)
 Metaspace       used 92370K, committed 92992K, reserved 1179648K
  class space    used 12547K, committed 12864K, reserved 1048576K
}
Event: 8.839 GC heap after
{Heap after GC invocations=45 (full 0):
 garbage-first heap   total 190464K, used 100982K [0x0000000700000000, 0x0000000800000000)
  region size 2048K, 1 young (2048K), 1 survivors (2048K)
 Metaspace       used 92370K, committed 92992K, reserved 1179648K
  class space    used 12547K, committed 12864K, reserved 1048576K
}
Event: 9.007 GC heap before
{Heap before GC invocations=45 (full 0):
 garbage-first heap   total 190464K, used 150134K [0x0000000700000000, 0x0000000800000000)
  region size 2048K, 26 young (53248K), 1 survivors (2048K)
 Metaspace       used 92689K, committed 93312K, reserved 1179648K
  class space    used 12563K, committed 12864K, reserved 1048576K
}
Event: 9.010 GC heap after
{Heap after GC invocations=46 (full 0):
 garbage-first heap   total 190464K, used 103346K [0x0000000700000000, 0x0000000800000000)
  region size 2048K, 2 young (4096K), 2 survivors (4096K)
 Metaspace       used 92689K, committed 93312K, reserved 1179648K
  class space    used 12563K, committed 12864K, reserved 1048576K
}
Event: 9.500 GC heap before
{Heap before GC invocations=47 (full 0):
 garbage-first heap   total 190464K, used 152498K [0x0000000700000000, 0x0000000800000000)
  region size 2048K, 27 young (55296K), 2 survivors (4096K)
 Metaspace       used 95815K, committed 96512K, reserved 1179648K
  class space    used 13009K, committed 13312K, reserved 1048576K
}
Event: 9.503 GC heap after
{Heap after GC invocations=48 (full 0):
 garbage-first heap   total 190464K, used 105754K [0x0000000700000000, 0x0000000800000000)
  region size 2048K, 3 young (6144K), 3 survivors (6144K)
 Metaspace       used 95815K, committed 96512K, reserved 1179648K
  class space    used 13009K, committed 13312K, reserved 1048576K
}
Event: 9.522 GC heap before
{Heap before GC invocations=48 (full 0):
 garbage-first heap   total 190464K, used 107802K [0x0000000700000000, 0x0000000800000000)
  region size 2048K, 4 young (8192K), 3 survivors (6144K)
 Metaspace       used 96158K, committed 96768K, reserved 1179648K
  class space    used 13051K, committed 13312K, reserved 1048576K
}
Event: 9.526 GC heap after
{Heap after GC invocations=49 (full 0):
 garbage-first heap   total 190464K, used 105890K [0x0000000700000000, 0x0000000800000000)
  region size 2048K, 1 young (2048K), 1 survivors (2048K)
 Metaspace       used 96158K, committed 96768K, reserved 1179648K
  class space    used 13051K, committed 13312K, reserved 1048576K
}
Event: 10.072 GC heap before
{Heap before GC invocations=49 (full 0):
 garbage-first heap   total 190464K, used 152994K [0x0000000700000000, 0x0000000800000000)
  region size 2048K, 25 young (51200K), 1 survivors (2048K)
 Metaspace       used 99346K, committed 99968K, reserved 1179648K
  class space    used 13403K, committed 13696K, reserved 1048576K
}

