# JRE version: OpenJDK Runtime Environment (17.0.7) (build 17.0.7+0-b2043.56-10550314)
# Java VM: OpenJDK 64-Bit Server VM (17.0.7+0-b2043.56-10550314, mixed mode, tiered, compressed oops, compressed class ptrs, g1 gc, windows-amd64)
GC Precious Log:
 CPUs: 20 total, 20 available
 Memory: 16110M
 Large Page Support: Disabled
 NUMA Support: Disabled
 Compressed Oops: Enabled (Zero based)
 Heap Region Size: 2M
 Heap Min Capacity: 8M
 Heap Initial Capacity: 252M
 Heap Max Capacity: 4G
 Pre-touch: Disabled
 Parallel Workers: 15
 Concurrent Workers: 4
 Concurrent Refinement Workers: 15
 Periodic GC: Disabled
Heap:
 garbage-first heap   total 307200K, used 213909K [0x0000000700000000, 0x0000000800000000)
  region size 2048K, 4 young (8192K), 4 survivors (8192K)
 Metaspace       used 108795K, committed 109504K, reserved 1179648K
  class space    used 14945K, committed 15232K, reserved 1048576K
GC Heap History (20 events):
Event: 8.581 GC heap after
{Heap after GC invocations=35 (full 0):
 garbage-first heap   total 192512K, used 96625K [0x0000000700000000, 0x0000000800000000)
  region size 2048K, 3 young (6144K), 3 survivors (6144K)
 Metaspace       used 92067K, committed 92672K, reserved 1179648K
  class space    used 12511K, committed 12800K, reserved 1048576K
}
Event: 8.826 GC heap before
{Heap before GC invocations=35 (full 0):
 garbage-first heap   total 192512K, used 151921K [0x0000000700000000, 0x0000000800000000)
  region size 2048K, 31 young (63488K), 3 survivors (6144K)
 Metaspace       used 92449K, committed 93056K, reserved 1179648K
  class space    used 12548K, committed 12800K, reserved 1048576K
}
Event: 8.829 GC heap after
{Heap after GC invocations=36 (full 0):
 garbage-first heap   total 192512K, used 100066K [0x0000000700000000, 0x0000000800000000)
  region size 2048K, 4 young (8192K), 4 survivors (8192K)
 Metaspace       used 92449K, committed 93056K, reserved 1179648K
  class space    used 12548K, committed 12800K, reserved 1048576K
}
Event: 9.298 GC heap before
{Heap before GC invocations=37 (full 0):
 garbage-first heap   total 192512K, used 153314K [0x0000000700000000, 0x0000000800000000)
  region size 2048K, 31 young (63488K), 4 survivors (8192K)
 Metaspace       used 95935K, committed 96576K, reserved 1179648K
  class space    used 12999K, committed 13312K, reserved 1048576K
}
Event: 9.302 GC heap after
{Heap after GC invocations=38 (full 0):
 garbage-first heap   total 192512K, used 102552K [0x0000000700000000, 0x0000000800000000)
  region size 2048K, 4 young (8192K), 4 survivors (8192K)
 Metaspace       used 95935K, committed 96576K, reserved 1179648K
  class space    used 12999K, committed 13312K, reserved 1048576K
}
Event: 9.700 GC heap before
{Heap before GC invocations=38 (full 0):
 garbage-first heap   total 192512K, used 155800K [0x0000000700000000, 0x0000000800000000)
  region size 2048K, 31 young (63488K), 4 survivors (8192K)
 Metaspace       used 99629K, committed 100352K, reserved 1179648K
  class space    used 13491K, committed 13824K, reserved 1048576K
}
Event: 9.705 GC heap after
{Heap after GC invocations=39 (full 0):
 garbage-first heap   total 192512K, used 107086K [0x0000000700000000, 0x0000000800000000)
  region size 2048K, 4 young (8192K), 4 survivors (8192K)
 Metaspace       used 99629K, committed 100352K, reserved 1179648K
  class space    used 13491K, committed 13824K, reserved 1048576K
}
Event: 9.873 GC heap before
{Heap before GC invocations=40 (full 0):
 garbage-first heap   total 223232K, used 156238K [0x0000000700000000, 0x0000000800000000)
  region size 2048K, 29 young (59392K), 4 survivors (8192K)
 Metaspace       used 99908K, committed 100544K, reserved 1179648K
  class space    used 13510K, committed 13824K, reserved 1048576K
}
Event: 9.876 GC heap after
{Heap after GC invocations=41 (full 0):
 garbage-first heap   total 223232K, used 109336K [0x0000000700000000, 0x0000000800000000)
  region size 2048K, 2 young (4096K), 2 survivors (4096K)
 Metaspace       used 99908K, committed 100544K, reserved 1179648K
  class space    used 13510K, committed 13824K, reserved 1048576K
}
Event: 9.934 GC heap before
{Heap before GC invocations=41 (full 0):
 garbage-first heap   total 223232K, used 129816K [0x0000000700000000, 0x0000000800000000)
  region size 2048K, 14 young (28672K), 2 survivors (4096K)
 Metaspace       used 100157K, committed 100800K, reserved 1179648K
  class space    used 13533K, committed 13824K, reserved 1048576K
}
Event: 9.937 GC heap after
{Heap after GC invocations=42 (full 0):
 garbage-first heap   total 223232K, used 110433K [0x0000000700000000, 0x0000000800000000)
  region size 2048K, 2 young (4096K), 2 survivors (4096K)
 Metaspace       used 100157K, committed 100800K, reserved 1179648K
  class space    used 13533K, committed 13824K, reserved 1048576K
}
Event: 10.430 GC heap before
{Heap before GC invocations=43 (full 0):
 garbage-first heap   total 223232K, used 155489K [0x0000000700000000, 0x0000000800000000)
  region size 2048K, 21 young (43008K), 2 survivors (4096K)
 Metaspace       used 104349K, committed 105024K, reserved 1179648K
  class space    used 14121K, committed 14464K, reserved 1048576K
}
Event: 10.433 GC heap after
{Heap after GC invocations=44 (full 0):
 garbage-first heap   total 223232K, used 130100K [0x0000000700000000, 0x0000000800000000)
  region size 2048K, 5 young (10240K), 5 survivors (10240K)
 Metaspace       used 104349K, committed 105024K, reserved 1179648K
  class space    used 14121K, committed 14464K, reserved 1048576K
}
Event: 10.596 GC heap before
{Heap before GC invocations=45 (full 0):
 garbage-first heap   total 294912K, used 195636K [0x0000000700000000, 0x0000000800000000)
  region size 2048K, 27 young (55296K), 5 survivors (10240K)
 Metaspace       used 104983K, committed 105664K, reserved 1179648K
  class space    used 14215K, committed 14528K, reserved 1048576K
}
Event: 10.601 GC heap after
{Heap after GC invocations=46 (full 0):
 garbage-first heap   total 294912K, used 156730K [0x0000000700000000, 0x0000000800000000)
  region size 2048K, 4 young (8192K), 4 survivors (8192K)
 Metaspace       used 104983K, committed 105664K, reserved 1179648K
  class space    used 14215K, committed 14528K, reserved 1048576K
}
Event: 10.900 GC heap before
{Heap before GC invocations=46 (full 0):
 garbage-first heap   total 294912K, used 216122K [0x0000000700000000, 0x0000000800000000)
  region size 2048K, 34 young (69632K), 4 survivors (8192K)
 Metaspace       used 107898K, committed 108608K, reserved 1179648K
  class space    used 14836K, committed 15168K, reserved 1048576K
}
Event: 10.909 GC heap after
{Heap after GC invocations=47 (full 0):
 garbage-first heap   total 294912K, used 173121K [0x0000000700000000, 0x0000000800000000)
  region size 2048K, 5 young (10240K), 5 survivors (10240K)
 Metaspace       used 107898K, committed 108608K, reserved 1179648K
  class space    used 14836K, committed 15168K, reserved 1048576K
}
Event: 11.073 GC heap before
{Heap before GC invocations=48 (full 0):
 garbage-first heap   total 307200K, used 222273K [0x0000000700000000, 0x0000000800000000)
  region size 2048K, 30 young (61440K), 5 survivors (10240K)
 Metaspace       used 108530K, committed 109248K, reserved 1179648K
  class space    used 14919K, committed 15232K, reserved 1048576K
}
Event: 11.085 GC heap after
{Heap after GC invocations=49 (full 0):
 garbage-first heap   total 307200K, used 194692K [0x0000000700000000, 0x0000000800000000)
  region size 2048K, 4 young (8192K), 4 survivors (8192K)
 Metaspace       used 108530K, committed 109248K, reserved 1179648K
  class space    used 14919K, committed 15232K, reserved 1048576K
}
Event: 11.159 GC heap before
{Heap before GC invocations=49 (full 0):
 garbage-first heap   total 307200K, used 235652K [0x0000000700000000, 0x0000000800000000)
  region size 2048K, 25 young (51200K), 4 survivors (8192K)
 Metaspace       used 108795K, committed 109504K, reserved 1179648K
  class space    used 14945K, committed 15232K, reserved 1048576K
}

