# JRE version: OpenJDK Runtime Environment (17.0.7) (build 17.0.7+0-b2043.56-10550314)
# Java VM: OpenJDK 64-Bit Server VM (17.0.7+0-b2043.56-10550314, mixed mode, tiered, compressed oops, compressed class ptrs, g1 gc, windows-amd64)
GC Precious Log:
 CPUs: 20 total, 20 available
 Memory: 16110M
 Large Page Support: Disabled
 NUMA Support: Disabled
 Compressed Oops: Enabled (Zero based)
 Heap Region Size: 2M
 Heap Min Capacity: 8M
 Heap Initial Capacity: 252M
 Heap Max Capacity: 4G
 Pre-touch: Disabled
 Parallel Workers: 15
 Concurrent Workers: 4
 Concurrent Refinement Workers: 15
 Periodic GC: Disabled
Heap:
 garbage-first heap   total 536576K, used 288694K [0x0000000700000000, 0x0000000800000000)
  region size 2048K, 21 young (43008K), 2 survivors (4096K)
 Metaspace       used 117199K, committed 117952K, reserved 1179648K
  class space    used 16043K, committed 16384K, reserved 1048576K
GC Heap History (20 events):
Event: 9.189 GC heap before
{Heap before GC invocations=44 (full 0):
 garbage-first heap   total 229376K, used 152647K [0x0000000700000000, 0x0000000800000000)
  region size 2048K, 24 young (49152K), 2 survivors (4096K)
 Metaspace       used 100116K, committed 100800K, reserved 1179648K
  class space    used 13554K, committed 13888K, reserved 1048576K
}
Event: 9.191 GC heap after
{Heap after GC invocations=45 (full 0):
 garbage-first heap   total 229376K, used 112240K [0x0000000700000000, 0x0000000800000000)
  region size 2048K, 2 young (4096K), 2 survivors (4096K)
 Metaspace       used 100116K, committed 100800K, reserved 1179648K
  class space    used 13554K, committed 13888K, reserved 1048576K
}
Event: 9.285 GC heap before
{Heap before GC invocations=45 (full 0):
 garbage-first heap   total 229376K, used 138864K [0x0000000700000000, 0x0000000800000000)
  region size 2048K, 17 young (34816K), 2 survivors (4096K)
 Metaspace       used 100911K, committed 101632K, reserved 1179648K
  class space    used 13661K, committed 14016K, reserved 1048576K
}
Event: 9.287 GC heap after
{Heap after GC invocations=46 (full 0):
 garbage-first heap   total 362496K, used 113455K [0x0000000700000000, 0x0000000800000000)
  region size 2048K, 2 young (4096K), 2 survivors (4096K)
 Metaspace       used 100911K, committed 101632K, reserved 1179648K
  class space    used 13661K, committed 14016K, reserved 1048576K
}
Event: 9.953 GC heap before
{Heap before GC invocations=46 (full 0):
 garbage-first heap   total 362496K, used 324399K [0x0000000700000000, 0x0000000800000000)
  region size 2048K, 90 young (184320K), 2 survivors (4096K)
 Metaspace       used 107399K, committed 108096K, reserved 1179648K
  class space    used 14849K, committed 15168K, reserved 1048576K
}
Event: 9.974 GC heap after
{Heap after GC invocations=47 (full 0):
 garbage-first heap   total 399360K, used 202194K [0x0000000700000000, 0x0000000800000000)
  region size 2048K, 12 young (24576K), 12 survivors (24576K)
 Metaspace       used 107399K, committed 108096K, reserved 1179648K
  class space    used 14849K, committed 15168K, reserved 1048576K
}
Event: 10.348 GC heap before
{Heap before GC invocations=47 (full 0):
 garbage-first heap   total 399360K, used 280018K [0x0000000700000000, 0x0000000800000000)
  region size 2048K, 51 young (104448K), 12 survivors (24576K)
 Metaspace       used 109847K, committed 110528K, reserved 1179648K
  class space    used 15230K, committed 15552K, reserved 1048576K
}
Event: 10.364 GC heap after
{Heap after GC invocations=48 (full 0):
 garbage-first heap   total 399360K, used 224464K [0x0000000700000000, 0x0000000800000000)
  region size 2048K, 7 young (14336K), 7 survivors (14336K)
 Metaspace       used 109847K, committed 110528K, reserved 1179648K
  class space    used 15230K, committed 15552K, reserved 1048576K
}
Event: 10.810 GC heap before
{Heap before GC invocations=48 (full 0):
 garbage-first heap   total 399360K, used 290000K [0x0000000700000000, 0x0000000800000000)
  region size 2048K, 40 young (81920K), 7 survivors (14336K)
 Metaspace       used 111168K, committed 111872K, reserved 1179648K
  class space    used 15447K, committed 15744K, reserved 1048576K
}
Event: 10.817 GC heap after
{Heap after GC invocations=49 (full 0):
 garbage-first heap   total 399360K, used 235904K [0x0000000700000000, 0x0000000800000000)
  region size 2048K, 4 young (8192K), 4 survivors (8192K)
 Metaspace       used 111168K, committed 111872K, reserved 1179648K
  class space    used 15447K, committed 15744K, reserved 1048576K
}
Event: 11.208 GC heap before
{Heap before GC invocations=50 (full 0):
 garbage-first heap   total 413696K, used 305536K [0x0000000700000000, 0x0000000800000000)
  region size 2048K, 38 young (77824K), 4 survivors (8192K)
 Metaspace       used 111469K, committed 112192K, reserved 1179648K
  class space    used 15488K, committed 15808K, reserved 1048576K
}
Event: 11.212 GC heap after
{Heap after GC invocations=51 (full 0):
 garbage-first heap   total 413696K, used 242773K [0x0000000700000000, 0x0000000800000000)
  region size 2048K, 3 young (6144K), 3 survivors (6144K)
 Metaspace       used 111469K, committed 112192K, reserved 1179648K
  class space    used 15488K, committed 15808K, reserved 1048576K
}
Event: 11.341 GC heap before
{Heap before GC invocations=51 (full 0):
 garbage-first heap   total 413696K, used 255061K [0x0000000700000000, 0x0000000800000000)
  region size 2048K, 10 young (20480K), 3 survivors (6144K)
 Metaspace       used 111654K, committed 112320K, reserved 1179648K
  class space    used 15514K, committed 15808K, reserved 1048576K
}
Event: 11.346 GC heap after
{Heap after GC invocations=52 (full 0):
 garbage-first heap   total 497664K, used 242007K [0x0000000700000000, 0x0000000800000000)
  region size 2048K, 2 young (4096K), 2 survivors (4096K)
 Metaspace       used 111654K, committed 112320K, reserved 1179648K
  class space    used 15514K, committed 15808K, reserved 1048576K
}
Event: 11.839 GC heap before
{Heap before GC invocations=52 (full 0):
 garbage-first heap   total 497664K, used 375127K [0x0000000700000000, 0x0000000800000000)
  region size 2048K, 63 young (129024K), 2 survivors (4096K)
 Metaspace       used 112280K, committed 112960K, reserved 1179648K
  class space    used 15585K, committed 15936K, reserved 1048576K
}
Event: 11.844 GC heap after
{Heap after GC invocations=53 (full 0):
 garbage-first heap   total 497664K, used 271040K [0x0000000700000000, 0x0000000800000000)
  region size 2048K, 8 young (16384K), 8 survivors (16384K)
 Metaspace       used 112280K, committed 112960K, reserved 1179648K
  class space    used 15585K, committed 15936K, reserved 1048576K
}
Event: 12.362 GC heap before
{Heap before GC invocations=54 (full 0):
 garbage-first heap   total 536576K, used 393920K [0x0000000700000000, 0x0000000800000000)
  region size 2048K, 62 young (126976K), 8 survivors (16384K)
 Metaspace       used 114492K, committed 115200K, reserved 1179648K
  class space    used 15830K, committed 16128K, reserved 1048576K
}
Event: 12.364 GC heap after
{Heap after GC invocations=55 (full 0):
 garbage-first heap   total 536576K, used 258486K [0x0000000700000000, 0x0000000800000000)
  region size 2048K, 1 young (2048K), 1 survivors (2048K)
 Metaspace       used 114492K, committed 115200K, reserved 1179648K
  class space    used 15830K, committed 16128K, reserved 1048576K
}
Event: 18.006 GC heap before
{Heap before GC invocations=55 (full 0):
 garbage-first heap   total 536576K, used 281014K [0x0000000700000000, 0x0000000800000000)
  region size 2048K, 13 young (26624K), 1 survivors (2048K)
 Metaspace       used 116953K, committed 117696K, reserved 1179648K
  class space    used 16039K, committed 16384K, reserved 1048576K
}
Event: 18.009 GC heap after
{Heap after GC invocations=56 (full 0):
 garbage-first heap   total 536576K, used 253878K [0x0000000700000000, 0x0000000800000000)
  region size 2048K, 2 young (4096K), 2 survivors (4096K)
 Metaspace       used 116953K, committed 117696K, reserved 1179648K
  class space    used 16039K, committed 16384K, reserved 1048576K
}

