# JRE version: OpenJDK Runtime Environment (17.0.7) (build 17.0.7+0-b2043.56-10550314)
# Java VM: OpenJDK 64-Bit Server VM (17.0.7+0-b2043.56-10550314, mixed mode, tiered, compressed oops, compressed class ptrs, g1 gc, windows-amd64)
GC Precious Log:
 CPUs: 20 total, 20 available
 Memory: 16110M
 Large Page Support: Disabled
 NUMA Support: Disabled
 Compressed Oops: Enabled (Zero based)
 Heap Region Size: 2M
 Heap Min Capacity: 8M
 Heap Initial Capacity: 252M
 Heap Max Capacity: 4G
 Pre-touch: Disabled
 Parallel Workers: 15
 Concurrent Workers: 4
 Concurrent Refinement Workers: 15
 Periodic GC: Disabled
Heap:
 garbage-first heap   total 112640K, used 65489K [0x0000000700000000, 0x0000000800000000)
  region size 2048K, 1 young (2048K), 1 survivors (2048K)
 Metaspace       used 72334K, committed 72896K, reserved 1114112K
  class space    used 9469K, committed 9728K, reserved 1048576K
GC Heap History (20 events):
Event: 3.210 GC heap after
{Heap after GC invocations=12 (full 0):
 garbage-first heap   total 108544K, used 33144K [0x0000000700000000, 0x0000000800000000)
  region size 2048K, 3 young (6144K), 3 survivors (6144K)
 Metaspace       used 47575K, committed 48000K, reserved 1114112K
  class space    used 6274K, committed 6464K, reserved 1048576K
}
Event: 3.645 GC heap before
{Heap before GC invocations=12 (full 0):
 garbage-first heap   total 108544K, used 78200K [0x0000000700000000, 0x0000000800000000)
  region size 2048K, 25 young (51200K), 3 survivors (6144K)
 Metaspace       used 50687K, committed 51072K, reserved 1114112K
  class space    used 6712K, committed 6848K, reserved 1048576K
}
Event: 3.647 GC heap after
{Heap after GC invocations=13 (full 0):
 garbage-first heap   total 108544K, used 35852K [0x0000000700000000, 0x0000000800000000)
  region size 2048K, 3 young (6144K), 3 survivors (6144K)
 Metaspace       used 50687K, committed 51072K, reserved 1114112K
  class space    used 6712K, committed 6848K, reserved 1048576K
}
Event: 3.975 GC heap before
{Heap before GC invocations=13 (full 0):
 garbage-first heap   total 108544K, used 82956K [0x0000000700000000, 0x0000000800000000)
  region size 2048K, 25 young (51200K), 3 survivors (6144K)
 Metaspace       used 53332K, committed 53824K, reserved 1114112K
  class space    used 7053K, committed 7296K, reserved 1048576K
}
Event: 3.977 GC heap after
{Heap after GC invocations=14 (full 0):
 garbage-first heap   total 108544K, used 50711K [0x0000000700000000, 0x0000000800000000)
  region size 2048K, 4 young (8192K), 4 survivors (8192K)
 Metaspace       used 53332K, committed 53824K, reserved 1114112K
  class space    used 7053K, committed 7296K, reserved 1048576K
}
Event: 4.335 GC heap before
{Heap before GC invocations=14 (full 0):
 garbage-first heap   total 108544K, used 79383K [0x0000000700000000, 0x0000000800000000)
  region size 2048K, 18 young (36864K), 4 survivors (8192K)
 Metaspace       used 58341K, committed 58752K, reserved 1114112K
  class space    used 7612K, committed 7808K, reserved 1048576K
}
Event: 4.337 GC heap after
{Heap after GC invocations=15 (full 0):
 garbage-first heap   total 108544K, used 51772K [0x0000000700000000, 0x0000000800000000)
  region size 2048K, 1 young (2048K), 1 survivors (2048K)
 Metaspace       used 58341K, committed 58752K, reserved 1114112K
  class space    used 7612K, committed 7808K, reserved 1048576K
}
Event: 4.533 GC heap before
{Heap before GC invocations=15 (full 0):
 garbage-first heap   total 108544K, used 62012K [0x0000000700000000, 0x0000000800000000)
  region size 2048K, 7 young (14336K), 1 survivors (2048K)
 Metaspace       used 59719K, committed 60160K, reserved 1114112K
  class space    used 7840K, committed 8064K, reserved 1048576K
}
Event: 4.535 GC heap after
{Heap after GC invocations=16 (full 0):
 garbage-first heap   total 108544K, used 52009K [0x0000000700000000, 0x0000000800000000)
  region size 2048K, 1 young (2048K), 1 survivors (2048K)
 Metaspace       used 59719K, committed 60160K, reserved 1114112K
  class space    used 7840K, committed 8064K, reserved 1048576K
}
Event: 4.781 GC heap before
{Heap before GC invocations=17 (full 0):
 garbage-first heap   total 108544K, used 80681K [0x0000000700000000, 0x0000000800000000)
  region size 2048K, 16 young (32768K), 1 survivors (2048K)
 Metaspace       used 63121K, committed 63616K, reserved 1114112K
  class space    used 8298K, committed 8512K, reserved 1048576K
}
Event: 4.783 GC heap after
{Heap after GC invocations=18 (full 0):
 garbage-first heap   total 108544K, used 55430K [0x0000000700000000, 0x0000000800000000)
  region size 2048K, 2 young (4096K), 2 survivors (4096K)
 Metaspace       used 63121K, committed 63616K, reserved 1114112K
  class space    used 8298K, committed 8512K, reserved 1048576K
}
Event: 5.003 GC heap before
{Heap before GC invocations=18 (full 0):
 garbage-first heap   total 108544K, used 82054K [0x0000000700000000, 0x0000000800000000)
  region size 2048K, 15 young (30720K), 2 survivors (4096K)
 Metaspace       used 65444K, committed 65984K, reserved 1114112K
  class space    used 8570K, committed 8832K, reserved 1048576K
}
Event: 5.005 GC heap after
{Heap after GC invocations=19 (full 0):
 garbage-first heap   total 108544K, used 58300K [0x0000000700000000, 0x0000000800000000)
  region size 2048K, 2 young (4096K), 2 survivors (4096K)
 Metaspace       used 65444K, committed 65984K, reserved 1114112K
  class space    used 8570K, committed 8832K, reserved 1048576K
}
Event: 5.290 GC heap before
{Heap before GC invocations=20 (full 0):
 garbage-first heap   total 108544K, used 82876K [0x0000000700000000, 0x0000000800000000)
  region size 2048K, 14 young (28672K), 2 survivors (4096K)
 Metaspace       used 68034K, committed 68544K, reserved 1114112K
  class space    used 8899K, committed 9152K, reserved 1048576K
}
Event: 5.291 GC heap after
{Heap after GC invocations=21 (full 0):
 garbage-first heap   total 108544K, used 59613K [0x0000000700000000, 0x0000000800000000)
  region size 2048K, 1 young (2048K), 1 survivors (2048K)
 Metaspace       used 68034K, committed 68544K, reserved 1114112K
  class space    used 8899K, committed 9152K, reserved 1048576K
}
Event: 5.505 GC heap before
{Heap before GC invocations=21 (full 0):
 garbage-first heap   total 108544K, used 86237K [0x0000000700000000, 0x0000000800000000)
  region size 2048K, 14 young (28672K), 1 survivors (2048K)
 Metaspace       used 69615K, committed 70144K, reserved 1114112K
  class space    used 9108K, committed 9344K, reserved 1048576K
}
Event: 5.507 GC heap after
{Heap after GC invocations=22 (full 0):
 garbage-first heap   total 108544K, used 61527K [0x0000000700000000, 0x0000000800000000)
  region size 2048K, 2 young (4096K), 2 survivors (4096K)
 Metaspace       used 69615K, committed 70144K, reserved 1114112K
  class space    used 9108K, committed 9344K, reserved 1048576K
}
Event: 5.662 GC heap before
{Heap before GC invocations=23 (full 0):
 garbage-first heap   total 112640K, used 86103K [0x0000000700000000, 0x0000000800000000)
  region size 2048K, 14 young (28672K), 2 survivors (4096K)
 Metaspace       used 69846K, committed 70400K, reserved 1114112K
  class space    used 9120K, committed 9344K, reserved 1048576K
}
Event: 5.664 GC heap after
{Heap after GC invocations=24 (full 0):
 garbage-first heap   total 112640K, used 64050K [0x0000000700000000, 0x0000000800000000)
  region size 2048K, 2 young (4096K), 2 survivors (4096K)
 Metaspace       used 69846K, committed 70400K, reserved 1114112K
  class space    used 9120K, committed 9344K, reserved 1048576K
}
Event: 5.935 GC heap before
{Heap before GC invocations=24 (full 0):
 garbage-first heap   total 112640K, used 90674K [0x0000000700000000, 0x0000000800000000)
  region size 2048K, 15 young (30720K), 2 survivors (4096K)
 Metaspace       used 72334K, committed 72896K, reserved 1114112K
  class space    used 9469K, committed 9728K, reserved 1048576K
}

