# JRE version: OpenJDK Runtime Environment (17.0.7) (build 17.0.7+0-b2043.56-10550314)
# Java VM: OpenJDK 64-Bit Server VM (17.0.7+0-b2043.56-10550314, mixed mode, tiered, compressed oops, compressed class ptrs, g1 gc, windows-amd64)
GC Precious Log:
 CPUs: 20 total, 20 available
 Memory: 16110M
 Large Page Support: Disabled
 NUMA Support: Disabled
 Compressed Oops: Enabled (Zero based)
 Heap Region Size: 2M
 Heap Min Capacity: 8M
 Heap Initial Capacity: 252M
 Heap Max Capacity: 4G
 Pre-touch: Disabled
 Parallel Workers: 15
 Concurrent Workers: 4
 Concurrent Refinement Workers: 15
 Periodic GC: Disabled
Heap:
 garbage-first heap   total 258048K, used 131869K [0x0000000700000000, 0x0000000800000000)
  region size 2048K, 2 young (4096K), 2 survivors (4096K)
 Metaspace       used 99088K, committed 99776K, reserved 1179648K
  class space    used 13262K, committed 13568K, reserved 1048576K
GC Heap History (20 events):
Event: 7.956 GC heap after
{Heap after GC invocations=24 (full 0):
 garbage-first heap   total 129024K, used 66502K [0x0000000700000000, 0x0000000800000000)
  region size 2048K, 3 young (6144K), 3 survivors (6144K)
 Metaspace       used 69679K, committed 70208K, reserved 1114112K
  class space    used 9076K, committed 9280K, reserved 1048576K
}
Event: 7.977 GC heap before
{Heap before GC invocations=24 (full 0):
 garbage-first heap   total 129024K, used 68550K [0x0000000700000000, 0x0000000800000000)
  region size 2048K, 4 young (8192K), 3 survivors (6144K)
 Metaspace       used 69867K, committed 70400K, reserved 1114112K
  class space    used 9082K, committed 9280K, reserved 1048576K
}
Event: 7.982 GC heap after
{Heap after GC invocations=25 (full 0):
 garbage-first heap   total 129024K, used 66544K [0x0000000700000000, 0x0000000800000000)
  region size 2048K, 1 young (2048K), 1 survivors (2048K)
 Metaspace       used 69867K, committed 70400K, reserved 1114112K
  class space    used 9082K, committed 9280K, reserved 1048576K
}
Event: 8.405 GC heap before
{Heap before GC invocations=25 (full 0):
 garbage-first heap   total 129024K, used 99312K [0x0000000700000000, 0x0000000800000000)
  region size 2048K, 17 young (34816K), 1 survivors (2048K)
 Metaspace       used 72866K, committed 73408K, reserved 1114112K
  class space    used 9541K, committed 9792K, reserved 1048576K
}
Event: 8.409 GC heap after
{Heap after GC invocations=26 (full 0):
 garbage-first heap   total 210944K, used 67586K [0x0000000700000000, 0x0000000800000000)
  region size 2048K, 1 young (2048K), 1 survivors (2048K)
 Metaspace       used 72866K, committed 73408K, reserved 1114112K
  class space    used 9541K, committed 9792K, reserved 1048576K
}
Event: 9.893 GC heap before
{Heap before GC invocations=27 (full 0):
 garbage-first heap   total 210944K, used 157698K [0x0000000700000000, 0x0000000800000000)
  region size 2048K, 45 young (92160K), 1 survivors (2048K)
 Metaspace       used 82749K, committed 83328K, reserved 1179648K
  class space    used 11160K, committed 11392K, reserved 1048576K
}
Event: 9.903 GC heap after
{Heap after GC invocations=28 (full 0):
 garbage-first heap   total 210944K, used 73049K [0x0000000700000000, 0x0000000800000000)
  region size 2048K, 4 young (8192K), 4 survivors (8192K)
 Metaspace       used 82749K, committed 83328K, reserved 1179648K
  class space    used 11160K, committed 11392K, reserved 1048576K
}
Event: 9.953 GC heap before
{Heap before GC invocations=28 (full 0):
 garbage-first heap   total 210944K, used 75097K [0x0000000700000000, 0x0000000800000000)
  region size 2048K, 5 young (10240K), 4 survivors (8192K)
 Metaspace       used 82926K, committed 83456K, reserved 1179648K
  class space    used 11180K, committed 11392K, reserved 1048576K
}
Event: 9.960 GC heap after
{Heap after GC invocations=29 (full 0):
 garbage-first heap   total 210944K, used 72259K [0x0000000700000000, 0x0000000800000000)
  region size 2048K, 1 young (2048K), 1 survivors (2048K)
 Metaspace       used 82926K, committed 83456K, reserved 1179648K
  class space    used 11180K, committed 11392K, reserved 1048576K
}
Event: 10.965 GC heap before
{Heap before GC invocations=29 (full 0):
 garbage-first heap   total 210944K, used 160323K [0x0000000700000000, 0x0000000800000000)
  region size 2048K, 44 young (90112K), 1 survivors (2048K)
 Metaspace       used 87367K, committed 88000K, reserved 1179648K
  class space    used 11736K, committed 12032K, reserved 1048576K
}
Event: 10.973 GC heap after
{Heap after GC invocations=30 (full 0):
 garbage-first heap   total 210944K, used 83235K [0x0000000700000000, 0x0000000800000000)
  region size 2048K, 6 young (12288K), 6 survivors (12288K)
 Metaspace       used 87367K, committed 88000K, reserved 1179648K
  class space    used 11736K, committed 12032K, reserved 1048576K
}
Event: 11.922 GC heap before
{Heap before GC invocations=30 (full 0):
 garbage-first heap   total 210944K, used 161059K [0x0000000700000000, 0x0000000800000000)
  region size 2048K, 44 young (90112K), 6 survivors (12288K)
 Metaspace       used 92061K, committed 92736K, reserved 1179648K
  class space    used 12492K, committed 12800K, reserved 1048576K
}
Event: 11.931 GC heap after
{Heap after GC invocations=31 (full 0):
 garbage-first heap   total 210944K, used 93648K [0x0000000700000000, 0x0000000800000000)
  region size 2048K, 6 young (12288K), 6 survivors (12288K)
 Metaspace       used 92061K, committed 92736K, reserved 1179648K
  class space    used 12492K, committed 12800K, reserved 1048576K
}
Event: 12.299 GC heap before
{Heap before GC invocations=31 (full 0):
 garbage-first heap   total 210944K, used 161232K [0x0000000700000000, 0x0000000800000000)
  region size 2048K, 40 young (81920K), 6 survivors (12288K)
 Metaspace       used 92448K, committed 93120K, reserved 1179648K
  class space    used 12498K, committed 12800K, reserved 1048576K
}
Event: 12.306 GC heap after
{Heap after GC invocations=32 (full 0):
 garbage-first heap   total 210944K, used 97629K [0x0000000700000000, 0x0000000800000000)
  region size 2048K, 3 young (6144K), 3 survivors (6144K)
 Metaspace       used 92448K, committed 93120K, reserved 1179648K
  class space    used 12498K, committed 12800K, reserved 1048576K
}
Event: 13.413 GC heap before
{Heap before GC invocations=32 (full 0):
 garbage-first heap   total 210944K, used 163165K [0x0000000700000000, 0x0000000800000000)
  region size 2048K, 36 young (73728K), 3 survivors (6144K)
 Metaspace       used 95610K, committed 96256K, reserved 1179648K
  class space    used 12859K, committed 13184K, reserved 1048576K
}
Event: 13.420 GC heap after
{Heap after GC invocations=33 (full 0):
 garbage-first heap   total 210944K, used 108029K [0x0000000700000000, 0x0000000800000000)
  region size 2048K, 5 young (10240K), 5 survivors (10240K)
 Metaspace       used 95610K, committed 96256K, reserved 1179648K
  class space    used 12859K, committed 13184K, reserved 1048576K
}
Event: 14.194 GC heap before
{Heap before GC invocations=33 (full 0):
 garbage-first heap   total 210944K, used 175613K [0x0000000700000000, 0x0000000800000000)
  region size 2048K, 33 young (67584K), 5 survivors (10240K)
 Metaspace       used 96250K, committed 96960K, reserved 1179648K
  class space    used 12921K, committed 13248K, reserved 1048576K
}
Event: 14.203 GC heap after
{Heap after GC invocations=34 (full 0):
 garbage-first heap   total 210944K, used 127789K [0x0000000700000000, 0x0000000800000000)
  region size 2048K, 5 young (10240K), 5 survivors (10240K)
 Metaspace       used 96250K, committed 96960K, reserved 1179648K
  class space    used 12921K, committed 13248K, reserved 1048576K
}
Event: 14.809 GC heap before
{Heap before GC invocations=34 (full 0):
 garbage-first heap   total 210944K, used 166701K [0x0000000700000000, 0x0000000800000000)
  region size 2048K, 24 young (49152K), 5 survivors (10240K)
 Metaspace       used 99088K, committed 99776K, reserved 1179648K
  class space    used 13262K, committed 13568K, reserved 1048576K
}

