# JRE version: OpenJDK Runtime Environment (17.0.7) (build 17.0.7+0-b2043.56-10550314)
# Java VM: OpenJDK 64-Bit Server VM (17.0.7+0-b2043.56-10550314, mixed mode, tiered, compressed oops, compressed class ptrs, g1 gc, windows-amd64)
GC Precious Log:
 CPUs: 20 total, 20 available
 Memory: 16110M
 Large Page Support: Disabled
 NUMA Support: Disabled
 Compressed Oops: Enabled (Zero based)
 Heap Region Size: 2M
 Heap Min Capacity: 8M
 Heap Initial Capacity: 252M
 Heap Max Capacity: 4G
 Pre-touch: Disabled
 Parallel Workers: 15
 Concurrent Workers: 4
 Concurrent Refinement Workers: 15
 Periodic GC: Disabled
Heap:
 garbage-first heap   total 301056K, used 201435K [0x0000000700000000, 0x0000000800000000)
  region size 2048K, 30 young (61440K), 5 survivors (10240K)
 Metaspace       used 118497K, committed 119424K, reserved 1179648K
  class space    used 15575K, committed 16064K, reserved 1048576K
GC Heap History (20 events):
Event: 22.349 GC heap before
{Heap before GC invocations=28 (full 0):
 garbage-first heap   total 243712K, used 149866K [0x0000000700000000, 0x0000000800000000)
  region size 2048K, 15 young (30720K), 4 survivors (8192K)
 Metaspace       used 102546K, committed 103232K, reserved 1179648K
  class space    used 13771K, committed 14080K, reserved 1048576K
}
Event: 22.355 GC heap after
{Heap after GC invocations=29 (full 0):
 garbage-first heap   total 243712K, used 119090K [0x0000000700000000, 0x0000000800000000)
  region size 2048K, 5 young (10240K), 5 survivors (10240K)
 Metaspace       used 102546K, committed 103232K, reserved 1179648K
  class space    used 13771K, committed 14080K, reserved 1048576K
}
Event: 22.369 GC heap before
{Heap before GC invocations=29 (full 0):
 garbage-first heap   total 243712K, used 125234K [0x0000000700000000, 0x0000000800000000)
  region size 2048K, 6 young (12288K), 5 survivors (10240K)
 Metaspace       used 102547K, committed 103232K, reserved 1179648K
  class space    used 13771K, committed 14080K, reserved 1048576K
}
Event: 22.374 GC heap after
{Heap after GC invocations=30 (full 0):
 garbage-first heap   total 243712K, used 125224K [0x0000000700000000, 0x0000000800000000)
  region size 2048K, 3 young (6144K), 3 survivors (6144K)
 Metaspace       used 102547K, committed 103232K, reserved 1179648K
  class space    used 13771K, committed 14080K, reserved 1048576K
}
Event: 22.375 GC heap before
{Heap before GC invocations=30 (full 0):
 garbage-first heap   total 243712K, used 127272K [0x0000000700000000, 0x0000000800000000)
  region size 2048K, 4 young (8192K), 3 survivors (6144K)
 Metaspace       used 102547K, committed 103232K, reserved 1179648K
  class space    used 13771K, committed 14080K, reserved 1048576K
}
Event: 22.380 GC heap after
{Heap after GC invocations=31 (full 0):
 garbage-first heap   total 243712K, used 127164K [0x0000000700000000, 0x0000000800000000)
  region size 2048K, 3 young (6144K), 3 survivors (6144K)
 Metaspace       used 102547K, committed 103232K, reserved 1179648K
  class space    used 13771K, committed 14080K, reserved 1048576K
}
Event: 1019.219 GC heap before
{Heap before GC invocations=32 (full 0):
 garbage-first heap   total 253952K, used 196796K [0x0000000700000000, 0x0000000800000000)
  region size 2048K, 30 young (61440K), 3 survivors (6144K)
 Metaspace       used 107373K, committed 108096K, reserved 1179648K
  class space    used 14264K, committed 14592K, reserved 1048576K
}
Event: 1019.221 GC heap after
{Heap after GC invocations=33 (full 0):
 garbage-first heap   total 253952K, used 117427K [0x0000000700000000, 0x0000000800000000)
  region size 2048K, 3 young (6144K), 3 survivors (6144K)
 Metaspace       used 107373K, committed 108096K, reserved 1179648K
  class space    used 14264K, committed 14592K, reserved 1048576K
}
Event: 1085.599 GC heap before
{Heap before GC invocations=34 (full 0):
 garbage-first heap   total 253952K, used 217779K [0x0000000700000000, 0x0000000800000000)
  region size 2048K, 49 young (100352K), 3 survivors (6144K)
 Metaspace       used 108962K, committed 109760K, reserved 1179648K
  class space    used 14432K, committed 14848K, reserved 1048576K
}
Event: 1085.603 GC heap after
{Heap after GC invocations=35 (full 0):
 garbage-first heap   total 253952K, used 132496K [0x0000000700000000, 0x0000000800000000)
  region size 2048K, 6 young (12288K), 6 survivors (12288K)
 Metaspace       used 108962K, committed 109760K, reserved 1179648K
  class space    used 14432K, committed 14848K, reserved 1048576K
}
Event: 1085.842 GC heap before
{Heap before GC invocations=35 (full 0):
 garbage-first heap   total 253952K, used 150928K [0x0000000700000000, 0x0000000800000000)
  region size 2048K, 17 young (34816K), 6 survivors (12288K)
 Metaspace       used 109225K, committed 110016K, reserved 1179648K
  class space    used 14464K, committed 14848K, reserved 1048576K
}
Event: 1085.846 GC heap after
{Heap after GC invocations=36 (full 0):
 garbage-first heap   total 253952K, used 134969K [0x0000000700000000, 0x0000000800000000)
  region size 2048K, 2 young (4096K), 2 survivors (4096K)
 Metaspace       used 109225K, committed 110016K, reserved 1179648K
  class space    used 14464K, committed 14848K, reserved 1048576K
}
Event: 1086.797 GC heap before
{Heap before GC invocations=37 (full 0):
 garbage-first heap   total 253952K, used 194361K [0x0000000700000000, 0x0000000800000000)
  region size 2048K, 32 young (65536K), 2 survivors (4096K)
 Metaspace       used 113912K, committed 114688K, reserved 1179648K
  class space    used 15056K, committed 15424K, reserved 1048576K
}
Event: 1086.803 GC heap after
{Heap after GC invocations=38 (full 0):
 garbage-first heap   total 253952K, used 159939K [0x0000000700000000, 0x0000000800000000)
  region size 2048K, 5 young (10240K), 5 survivors (10240K)
 Metaspace       used 113912K, committed 114688K, reserved 1179648K
  class space    used 15056K, committed 15424K, reserved 1048576K
}
Event: 1087.277 GC heap before
{Heap before GC invocations=39 (full 0):
 garbage-first heap   total 301056K, used 213187K [0x0000000700000000, 0x0000000800000000)
  region size 2048K, 24 young (49152K), 5 survivors (10240K)
 Metaspace       used 116133K, committed 116992K, reserved 1179648K
  class space    used 15290K, committed 15744K, reserved 1048576K
}
Event: 1087.281 GC heap after
{Heap after GC invocations=40 (full 0):
 garbage-first heap   total 301056K, used 162504K [0x0000000700000000, 0x0000000800000000)
  region size 2048K, 2 young (4096K), 2 survivors (4096K)
 Metaspace       used 116133K, committed 116992K, reserved 1179648K
  class space    used 15290K, committed 15744K, reserved 1048576K
}
Event: 1087.357 GC heap before
{Heap before GC invocations=40 (full 0):
 garbage-first heap   total 301056K, used 172744K [0x0000000700000000, 0x0000000800000000)
  region size 2048K, 7 young (14336K), 2 survivors (4096K)
 Metaspace       used 116288K, committed 117120K, reserved 1179648K
  class space    used 15309K, committed 15744K, reserved 1048576K
}
Event: 1087.360 GC heap after
{Heap after GC invocations=41 (full 0):
 garbage-first heap   total 301056K, used 163840K [0x0000000700000000, 0x0000000800000000)
  region size 2048K, 1 young (2048K), 1 survivors (2048K)
 Metaspace       used 116288K, committed 117120K, reserved 1179648K
  class space    used 15309K, committed 15744K, reserved 1048576K
}
Event: 1123.459 GC heap before
{Heap before GC invocations=41 (full 0):
 garbage-first heap   total 301056K, used 235520K [0x0000000700000000, 0x0000000800000000)
  region size 2048K, 37 young (75776K), 1 survivors (2048K)
 Metaspace       used 118275K, committed 119168K, reserved 1179648K
  class space    used 15555K, committed 16000K, reserved 1048576K
}
Event: 1123.463 GC heap after
{Heap after GC invocations=42 (full 0):
 garbage-first heap   total 301056K, used 170715K [0x0000000700000000, 0x0000000800000000)
  region size 2048K, 5 young (10240K), 5 survivors (10240K)
 Metaspace       used 118275K, committed 119168K, reserved 1179648K
  class space    used 15555K, committed 16000K, reserved 1048576K
}

