# JRE version: OpenJDK Runtime Environment (17.0.7) (build 17.0.7+0-b2043.56-10550314)
# Java VM: OpenJDK 64-Bit Server VM (17.0.7+0-b2043.56-10550314, mixed mode, tiered, compressed oops, compressed class ptrs, g1 gc, windows-amd64)
GC Precious Log:
 CPUs: 20 total, 20 available
 Memory: 16110M
 Large Page Support: Disabled
 NUMA Support: Disabled
 Compressed Oops: Enabled (Zero based)
 Heap Region Size: 2M
 Heap Min Capacity: 8M
 Heap Initial Capacity: 252M
 Heap Max Capacity: 4G
 Pre-touch: Disabled
 Parallel Workers: 15
 Concurrent Workers: 4
 Concurrent Refinement Workers: 15
 Periodic GC: Disabled
Heap:
 garbage-first heap   total 208896K, used 102064K [0x0000000700000000, 0x0000000800000000)
  region size 2048K, 4 young (8192K), 4 survivors (8192K)
 Metaspace       used 95157K, committed 95872K, reserved 1179648K
  class space    used 12902K, committed 13248K, reserved 1048576K
GC Heap History (20 events):
Event: 4.690 GC heap after
{Heap after GC invocations=20 (full 0):
 garbage-first heap   total 133120K, used 62970K [0x0000000700000000, 0x0000000800000000)
  region size 2048K, 2 young (4096K), 2 survivors (4096K)
 Metaspace       used 65730K, committed 66240K, reserved 1114112K
  class space    used 8600K, committed 8832K, reserved 1048576K
}
Event: 4.703 GC heap before
{Heap before GC invocations=20 (full 0):
 garbage-first heap   total 133120K, used 62970K [0x0000000700000000, 0x0000000800000000)
  region size 2048K, 3 young (6144K), 2 survivors (4096K)
 Metaspace       used 65960K, committed 66496K, reserved 1114112K
  class space    used 8635K, committed 8896K, reserved 1048576K
}
Event: 4.704 GC heap after
{Heap after GC invocations=21 (full 0):
 garbage-first heap   total 133120K, used 62617K [0x0000000700000000, 0x0000000800000000)
  region size 2048K, 1 young (2048K), 1 survivors (2048K)
 Metaspace       used 65960K, committed 66496K, reserved 1114112K
  class space    used 8635K, committed 8896K, reserved 1048576K
}
Event: 5.027 GC heap before
{Heap before GC invocations=21 (full 0):
 garbage-first heap   total 133120K, used 97433K [0x0000000700000000, 0x0000000800000000)
  region size 2048K, 18 young (36864K), 1 survivors (2048K)
 Metaspace       used 69573K, committed 70144K, reserved 1114112K
  class space    used 9082K, committed 9344K, reserved 1048576K
}
Event: 5.029 GC heap after
{Heap after GC invocations=22 (full 0):
 garbage-first heap   total 133120K, used 64279K [0x0000000700000000, 0x0000000800000000)
  region size 2048K, 2 young (4096K), 2 survivors (4096K)
 Metaspace       used 69573K, committed 70144K, reserved 1114112K
  class space    used 9082K, committed 9344K, reserved 1048576K
}
Event: 5.216 GC heap before
{Heap before GC invocations=23 (full 0):
 garbage-first heap   total 133120K, used 99095K [0x0000000700000000, 0x0000000800000000)
  region size 2048K, 19 young (38912K), 2 survivors (4096K)
 Metaspace       used 69920K, committed 70464K, reserved 1114112K
  class space    used 9122K, committed 9344K, reserved 1048576K
}
Event: 5.219 GC heap after
{Heap after GC invocations=24 (full 0):
 garbage-first heap   total 133120K, used 67540K [0x0000000700000000, 0x0000000800000000)
  region size 2048K, 3 young (6144K), 3 survivors (6144K)
 Metaspace       used 69920K, committed 70464K, reserved 1114112K
  class space    used 9122K, committed 9344K, reserved 1048576K
}
Event: 5.225 GC heap before
{Heap before GC invocations=24 (full 0):
 garbage-first heap   total 133120K, used 69588K [0x0000000700000000, 0x0000000800000000)
  region size 2048K, 4 young (8192K), 3 survivors (6144K)
 Metaspace       used 69936K, committed 70464K, reserved 1114112K
  class space    used 9123K, committed 9344K, reserved 1048576K
}
Event: 5.228 GC heap after
{Heap after GC invocations=25 (full 0):
 garbage-first heap   total 190464K, used 66847K [0x0000000700000000, 0x0000000800000000)
  region size 2048K, 1 young (2048K), 1 survivors (2048K)
 Metaspace       used 69936K, committed 70464K, reserved 1114112K
  class space    used 9123K, committed 9344K, reserved 1048576K
}
Event: 5.946 GC heap before
{Heap before GC invocations=25 (full 0):
 garbage-first heap   total 190464K, used 136479K [0x0000000700000000, 0x0000000800000000)
  region size 2048K, 35 young (71680K), 1 survivors (2048K)
 Metaspace       used 77364K, committed 77888K, reserved 1179648K
  class space    used 10350K, committed 10560K, reserved 1048576K
}
Event: 5.949 GC heap after
{Heap after GC invocations=26 (full 0):
 garbage-first heap   total 190464K, used 70358K [0x0000000700000000, 0x0000000800000000)
  region size 2048K, 3 young (6144K), 3 survivors (6144K)
 Metaspace       used 77364K, committed 77888K, reserved 1179648K
  class space    used 10350K, committed 10560K, reserved 1048576K
}
Event: 6.640 GC heap before
{Heap before GC invocations=26 (full 0):
 garbage-first heap   total 190464K, used 146134K [0x0000000700000000, 0x0000000800000000)
  region size 2048K, 40 young (81920K), 3 survivors (6144K)
 Metaspace       used 85962K, committed 86528K, reserved 1179648K
  class space    used 11595K, committed 11840K, reserved 1048576K
}
Event: 6.644 GC heap after
{Heap after GC invocations=27 (full 0):
 garbage-first heap   total 190464K, used 75939K [0x0000000700000000, 0x0000000800000000)
  region size 2048K, 5 young (10240K), 5 survivors (10240K)
 Metaspace       used 85962K, committed 86528K, reserved 1179648K
  class space    used 11595K, committed 11840K, reserved 1048576K
}
Event: 7.074 GC heap before
{Heap before GC invocations=27 (full 0):
 garbage-first heap   total 190464K, used 147619K [0x0000000700000000, 0x0000000800000000)
  region size 2048K, 40 young (81920K), 5 survivors (10240K)
 Metaspace       used 87626K, committed 88256K, reserved 1179648K
  class space    used 11803K, committed 12096K, reserved 1048576K
}
Event: 7.080 GC heap after
{Heap after GC invocations=28 (full 0):
 garbage-first heap   total 190464K, used 85804K [0x0000000700000000, 0x0000000800000000)
  region size 2048K, 5 young (10240K), 5 survivors (10240K)
 Metaspace       used 87626K, committed 88256K, reserved 1179648K
  class space    used 11803K, committed 12096K, reserved 1048576K
}
Event: 7.606 GC heap before
{Heap before GC invocations=28 (full 0):
 garbage-first heap   total 190464K, used 149292K [0x0000000700000000, 0x0000000800000000)
  region size 2048K, 36 young (73728K), 5 survivors (10240K)
 Metaspace       used 91392K, committed 92032K, reserved 1179648K
  class space    used 12279K, committed 12608K, reserved 1048576K
}
Event: 7.612 GC heap after
{Heap after GC invocations=29 (full 0):
 garbage-first heap   total 190464K, used 95897K [0x0000000700000000, 0x0000000800000000)
  region size 2048K, 5 young (10240K), 5 survivors (10240K)
 Metaspace       used 91392K, committed 92032K, reserved 1179648K
  class space    used 12279K, committed 12608K, reserved 1048576K
}
Event: 7.742 GC heap before
{Heap before GC invocations=29 (full 0):
 garbage-first heap   total 190464K, used 147097K [0x0000000700000000, 0x0000000800000000)
  region size 2048K, 31 young (63488K), 5 survivors (10240K)
 Metaspace       used 92358K, committed 92992K, reserved 1179648K
  class space    used 12551K, committed 12864K, reserved 1048576K
}
Event: 7.746 GC heap after
{Heap after GC invocations=30 (full 0):
 garbage-first heap   total 190464K, used 99499K [0x0000000700000000, 0x0000000800000000)
  region size 2048K, 2 young (4096K), 2 survivors (4096K)
 Metaspace       used 92358K, committed 92992K, reserved 1179648K
  class space    used 12551K, committed 12864K, reserved 1048576K
}
Event: 8.104 GC heap before
{Heap before GC invocations=30 (full 0):
 garbage-first heap   total 190464K, used 148651K [0x0000000700000000, 0x0000000800000000)
  region size 2048K, 27 young (55296K), 2 survivors (4096K)
 Metaspace       used 95157K, committed 95872K, reserved 1179648K
  class space    used 12902K, committed 13248K, reserved 1048576K
}

