# JRE version: OpenJDK Runtime Environment (17.0.7) (build 17.0.7+0-b2043.56-10550314)
# Java VM: OpenJDK 64-Bit Server VM (17.0.7+0-b2043.56-10550314, mixed mode, tiered, compressed oops, compressed class ptrs, g1 gc, windows-amd64)
GC Precious Log:
 CPUs: 20 total, 20 available
 Memory: 16110M
 Large Page Support: Disabled
 NUMA Support: Disabled
 Compressed Oops: Enabled (Zero based)
 Heap Region Size: 2M
 Heap Min Capacity: 8M
 Heap Initial Capacity: 252M
 Heap Max Capacity: 4G
 Pre-touch: Disabled
 Parallel Workers: 15
 Concurrent Workers: 4
 Concurrent Refinement Workers: 15
 Periodic GC: Disabled
Heap:
 garbage-first heap   total 163840K, used 99257K [0x0000000700000000, 0x0000000800000000)
  region size 2048K, 11 young (22528K), 4 survivors (8192K)
 Metaspace       used 89246K, committed 89792K, reserved 1179648K
  class space    used 11911K, committed 12160K, reserved 1048576K
GC Heap History (20 events):
Event: 7.305 GC heap before
{Heap before GC invocations=15 (full 0):
 garbage-first heap   total 100352K, used 75409K [0x0000000700000000, 0x0000000800000000)
  region size 2048K, 15 young (30720K), 3 survivors (6144K)
 Metaspace       used 59260K, committed 59776K, reserved 1114112K
  class space    used 7727K, committed 7936K, reserved 1048576K
}
Event: 7.308 GC heap after
{Heap after GC invocations=16 (full 0):
 garbage-first heap   total 100352K, used 52067K [0x0000000700000000, 0x0000000800000000)
  region size 2048K, 1 young (2048K), 1 survivors (2048K)
 Metaspace       used 59260K, committed 59776K, reserved 1114112K
  class space    used 7727K, committed 7936K, reserved 1048576K
}
Event: 7.670 GC heap before
{Heap before GC invocations=17 (full 0):
 garbage-first heap   total 100352K, used 76643K [0x0000000700000000, 0x0000000800000000)
  region size 2048K, 14 young (28672K), 1 survivors (2048K)
 Metaspace       used 62794K, committed 63296K, reserved 1114112K
  class space    used 8192K, committed 8448K, reserved 1048576K
}
Event: 7.674 GC heap after
{Heap after GC invocations=18 (full 0):
 garbage-first heap   total 100352K, used 58591K [0x0000000700000000, 0x0000000800000000)
  region size 2048K, 2 young (4096K), 2 survivors (4096K)
 Metaspace       used 62794K, committed 63296K, reserved 1114112K
  class space    used 8192K, committed 8448K, reserved 1048576K
}
Event: 7.901 GC heap before
{Heap before GC invocations=18 (full 0):
 garbage-first heap   total 100352K, used 77023K [0x0000000700000000, 0x0000000800000000)
  region size 2048K, 11 young (22528K), 2 survivors (4096K)
 Metaspace       used 64545K, committed 65088K, reserved 1114112K
  class space    used 8426K, committed 8640K, reserved 1048576K
}
Event: 7.905 GC heap after
{Heap after GC invocations=19 (full 0):
 garbage-first heap   total 100352K, used 58976K [0x0000000700000000, 0x0000000800000000)
  region size 2048K, 1 young (2048K), 1 survivors (2048K)
 Metaspace       used 64545K, committed 65088K, reserved 1114112K
  class space    used 8426K, committed 8640K, reserved 1048576K
}
Event: 8.119 GC heap before
{Heap before GC invocations=20 (full 0):
 garbage-first heap   total 102400K, used 79456K [0x0000000700000000, 0x0000000800000000)
  region size 2048K, 11 young (22528K), 1 survivors (2048K)
 Metaspace       used 66065K, committed 66560K, reserved 1114112K
  class space    used 8611K, committed 8832K, reserved 1048576K
}
Event: 8.122 GC heap after
{Heap after GC invocations=21 (full 0):
 garbage-first heap   total 102400K, used 60652K [0x0000000700000000, 0x0000000800000000)
  region size 2048K, 2 young (4096K), 2 survivors (4096K)
 Metaspace       used 66065K, committed 66560K, reserved 1114112K
  class space    used 8611K, committed 8832K, reserved 1048576K
}
Event: 8.359 GC heap before
{Heap before GC invocations=21 (full 0):
 garbage-first heap   total 102400K, used 79084K [0x0000000700000000, 0x0000000800000000)
  region size 2048K, 12 young (24576K), 2 survivors (4096K)
 Metaspace       used 68175K, committed 68672K, reserved 1114112K
  class space    used 8879K, committed 9088K, reserved 1048576K
}
Event: 8.362 GC heap after
{Heap after GC invocations=22 (full 0):
 garbage-first heap   total 163840K, used 61725K [0x0000000700000000, 0x0000000800000000)
  region size 2048K, 2 young (4096K), 2 survivors (4096K)
 Metaspace       used 68175K, committed 68672K, reserved 1114112K
  class space    used 8879K, committed 9088K, reserved 1048576K
}
Event: 8.833 GC heap before
{Heap before GC invocations=23 (full 0):
 garbage-first heap   total 163840K, used 121117K [0x0000000700000000, 0x0000000800000000)
  region size 2048K, 31 young (63488K), 2 survivors (4096K)
 Metaspace       used 70184K, committed 70656K, reserved 1114112K
  class space    used 9125K, committed 9344K, reserved 1048576K
}
Event: 8.838 GC heap after
{Heap after GC invocations=24 (full 0):
 garbage-first heap   total 163840K, used 66376K [0x0000000700000000, 0x0000000800000000)
  region size 2048K, 4 young (8192K), 4 survivors (8192K)
 Metaspace       used 70184K, committed 70656K, reserved 1114112K
  class space    used 9125K, committed 9344K, reserved 1048576K
}
Event: 9.602 GC heap before
{Heap before GC invocations=24 (full 0):
 garbage-first heap   total 163840K, used 125768K [0x0000000700000000, 0x0000000800000000)
  region size 2048K, 33 young (67584K), 4 survivors (8192K)
 Metaspace       used 77088K, committed 77632K, reserved 1179648K
  class space    used 10274K, committed 10496K, reserved 1048576K
}
Event: 9.609 GC heap after
{Heap after GC invocations=25 (full 0):
 garbage-first heap   total 163840K, used 69889K [0x0000000700000000, 0x0000000800000000)
  region size 2048K, 5 young (10240K), 5 survivors (10240K)
 Metaspace       used 77088K, committed 77632K, reserved 1179648K
  class space    used 10274K, committed 10496K, reserved 1048576K
}
Event: 10.382 GC heap before
{Heap before GC invocations=25 (full 0):
 garbage-first heap   total 163840K, used 125185K [0x0000000700000000, 0x0000000800000000)
  region size 2048K, 32 young (65536K), 5 survivors (10240K)
 Metaspace       used 82935K, committed 83392K, reserved 1179648K
  class space    used 11190K, committed 11392K, reserved 1048576K
}
Event: 10.389 GC heap after
{Heap after GC invocations=26 (full 0):
 garbage-first heap   total 163840K, used 73455K [0x0000000700000000, 0x0000000800000000)
  region size 2048K, 4 young (8192K), 4 survivors (8192K)
 Metaspace       used 82935K, committed 83392K, reserved 1179648K
  class space    used 11190K, committed 11392K, reserved 1048576K
}
Event: 11.037 GC heap before
{Heap before GC invocations=26 (full 0):
 garbage-first heap   total 163840K, used 128751K [0x0000000700000000, 0x0000000800000000)
  region size 2048K, 31 young (63488K), 4 survivors (8192K)
 Metaspace       used 87302K, committed 87872K, reserved 1179648K
  class space    used 11737K, committed 11968K, reserved 1048576K
}
Event: 11.047 GC heap after
{Heap after GC invocations=27 (full 0):
 garbage-first heap   total 163840K, used 78798K [0x0000000700000000, 0x0000000800000000)
  region size 2048K, 4 young (8192K), 4 survivors (8192K)
 Metaspace       used 87302K, committed 87872K, reserved 1179648K
  class space    used 11737K, committed 11968K, reserved 1048576K
}
Event: 11.349 GC heap before
{Heap before GC invocations=27 (full 0):
 garbage-first heap   total 163840K, used 132046K [0x0000000700000000, 0x0000000800000000)
  region size 2048K, 30 young (61440K), 4 survivors (8192K)
 Metaspace       used 87883K, committed 88448K, reserved 1179648K
  class space    used 11786K, committed 12032K, reserved 1048576K
}
Event: 11.360 GC heap after
{Heap after GC invocations=28 (full 0):
 garbage-first heap   total 163840K, used 89017K [0x0000000700000000, 0x0000000800000000)
  region size 2048K, 4 young (8192K), 4 survivors (8192K)
 Metaspace       used 87883K, committed 88448K, reserved 1179648K
  class space    used 11786K, committed 12032K, reserved 1048576K
}

