# JRE version: OpenJDK Runtime Environment (17.0.7) (build 17.0.7+0-b2043.56-10550314)
# Java VM: OpenJDK 64-Bit Server VM (17.0.7+0-b2043.56-10550314, mixed mode, tiered, compressed oops, compressed class ptrs, g1 gc, windows-amd64)
GC Precious Log:
 CPUs: 20 total, 20 available
 Memory: 16110M
 Large Page Support: Disabled
 NUMA Support: Disabled
 Compressed Oops: Enabled (Zero based)
 Heap Region Size: 2M
 Heap Min Capacity: 8M
 Heap Initial Capacity: 252M
 Heap Max Capacity: 4G
 Pre-touch: Disabled
 Parallel Workers: 15
 Concurrent Workers: 4
 Concurrent Refinement Workers: 15
 Periodic GC: Disabled
Heap:
 garbage-first heap   total 307200K, used 227328K [0x0000000700000000, 0x0000000800000000)
  region size 2048K, 21 young (43008K), 1 survivors (2048K)
 Metaspace       used 123434K, committed 124416K, reserved 1179648K
  class space    used 16166K, committed 16640K, reserved 1048576K
GC Heap History (20 events):
Event: 15.698 GC heap before
{Heap before GC invocations=40 (full 0):
 garbage-first heap   total 253952K, used 187853K [0x0000000700000000, 0x0000000800000000)
  region size 2048K, 23 young (47104K), 3 survivors (6144K)
 Metaspace       used 100892K, committed 101632K, reserved 1179648K
  class space    used 13410K, committed 13760K, reserved 1048576K
}
Event: 15.706 GC heap after
{Heap after GC invocations=41 (full 0):
 garbage-first heap   total 253952K, used 149546K [0x0000000700000000, 0x0000000800000000)
  region size 2048K, 2 young (4096K), 2 survivors (4096K)
 Metaspace       used 100892K, committed 101632K, reserved 1179648K
  class space    used 13410K, committed 13760K, reserved 1048576K
}
Event: 16.008 GC heap before
{Heap before GC invocations=41 (full 0):
 garbage-first heap   total 253952K, used 194602K [0x0000000700000000, 0x0000000800000000)
  region size 2048K, 25 young (51200K), 2 survivors (4096K)
 Metaspace       used 101365K, committed 102080K, reserved 1179648K
  class space    used 13485K, committed 13824K, reserved 1048576K
}
Event: 16.014 GC heap after
{Heap after GC invocations=42 (full 0):
 garbage-first heap   total 305152K, used 153092K [0x0000000700000000, 0x0000000800000000)
  region size 2048K, 4 young (8192K), 4 survivors (8192K)
 Metaspace       used 101365K, committed 102080K, reserved 1179648K
  class space    used 13485K, committed 13824K, reserved 1048576K
}
Event: 17.124 GC heap before
{Heap before GC invocations=43 (full 0):
 garbage-first heap   total 305152K, used 228868K [0x0000000700000000, 0x0000000800000000)
  region size 2048K, 41 young (83968K), 4 survivors (8192K)
 Metaspace       used 102791K, committed 103616K, reserved 1179648K
  class space    used 13623K, committed 14016K, reserved 1048576K
}
Event: 17.132 GC heap after
{Heap after GC invocations=44 (full 0):
 garbage-first heap   total 305152K, used 156982K [0x0000000700000000, 0x0000000800000000)
  region size 2048K, 4 young (8192K), 4 survivors (8192K)
 Metaspace       used 102791K, committed 103616K, reserved 1179648K
  class space    used 13623K, committed 14016K, reserved 1048576K
}
Event: 17.293 GC heap before
{Heap before GC invocations=44 (full 0):
 garbage-first heap   total 305152K, used 163126K [0x0000000700000000, 0x0000000800000000)
  region size 2048K, 7 young (14336K), 4 survivors (8192K)
 Metaspace       used 103051K, committed 103936K, reserved 1179648K
  class space    used 13666K, committed 14080K, reserved 1048576K
}
Event: 17.299 GC heap after
{Heap after GC invocations=45 (full 0):
 garbage-first heap   total 305152K, used 156940K [0x0000000700000000, 0x0000000800000000)
  region size 2048K, 1 young (2048K), 1 survivors (2048K)
 Metaspace       used 103051K, committed 103936K, reserved 1179648K
  class space    used 13666K, committed 14080K, reserved 1048576K
}
Event: 25.455 GC heap before
{Heap before GC invocations=45 (full 0):
 garbage-first heap   total 305152K, used 240908K [0x0000000700000000, 0x0000000800000000)
  region size 2048K, 43 young (88064K), 1 survivors (2048K)
 Metaspace       used 109526K, committed 110336K, reserved 1179648K
  class space    used 14474K, committed 14848K, reserved 1048576K
}
Event: 25.461 GC heap after
{Heap after GC invocations=46 (full 0):
 garbage-first heap   total 305152K, used 161954K [0x0000000700000000, 0x0000000800000000)
  region size 2048K, 4 young (8192K), 4 survivors (8192K)
 Metaspace       used 109526K, committed 110336K, reserved 1179648K
  class space    used 14474K, committed 14848K, reserved 1048576K
}
Event: 35.124 GC heap before
{Heap before GC invocations=47 (full 0):
 garbage-first heap   total 305152K, used 243874K [0x0000000700000000, 0x0000000800000000)
  region size 2048K, 45 young (92160K), 4 survivors (8192K)
 Metaspace       used 115929K, committed 116864K, reserved 1179648K
  class space    used 15165K, committed 15616K, reserved 1048576K
}
Event: 35.132 GC heap after
{Heap after GC invocations=48 (full 0):
 garbage-first heap   total 305152K, used 168315K [0x0000000700000000, 0x0000000800000000)
  region size 2048K, 6 young (12288K), 6 survivors (12288K)
 Metaspace       used 115929K, committed 116864K, reserved 1179648K
  class space    used 15165K, committed 15616K, reserved 1048576K
}
Event: 35.198 GC heap before
{Heap before GC invocations=48 (full 0):
 garbage-first heap   total 305152K, used 170363K [0x0000000700000000, 0x0000000800000000)
  region size 2048K, 7 young (14336K), 6 survivors (12288K)
 Metaspace       used 115974K, committed 116864K, reserved 1179648K
  class space    used 15170K, committed 15616K, reserved 1048576K
}
Event: 35.205 GC heap after
{Heap after GC invocations=49 (full 0):
 garbage-first heap   total 305152K, used 168797K [0x0000000700000000, 0x0000000800000000)
  region size 2048K, 1 young (2048K), 1 survivors (2048K)
 Metaspace       used 115974K, committed 116864K, reserved 1179648K
  class space    used 15170K, committed 15616K, reserved 1048576K
}
Event: 36.415 GC heap before
{Heap before GC invocations=49 (full 0):
 garbage-first heap   total 305152K, used 248669K [0x0000000700000000, 0x0000000800000000)
  region size 2048K, 40 young (81920K), 1 survivors (2048K)
 Metaspace       used 117655K, committed 118592K, reserved 1179648K
  class space    used 15363K, committed 15808K, reserved 1048576K
}
Event: 36.423 GC heap after
{Heap after GC invocations=50 (full 0):
 garbage-first heap   total 305152K, used 180224K [0x0000000700000000, 0x0000000800000000)
  region size 2048K, 5 young (10240K), 5 survivors (10240K)
 Metaspace       used 117655K, committed 118592K, reserved 1179648K
  class space    used 15363K, committed 15808K, reserved 1048576K
}
Event: 37.398 GC heap before
{Heap before GC invocations=51 (full 0):
 garbage-first heap   total 307200K, used 249856K [0x0000000700000000, 0x0000000800000000)
  region size 2048K, 39 young (79872K), 5 survivors (10240K)
 Metaspace       used 120148K, committed 121088K, reserved 1179648K
  class space    used 15750K, committed 16192K, reserved 1048576K
}
Event: 37.407 GC heap after
{Heap after GC invocations=52 (full 0):
 garbage-first heap   total 307200K, used 190736K [0x0000000700000000, 0x0000000800000000)
  region size 2048K, 5 young (10240K), 5 survivors (10240K)
 Metaspace       used 120148K, committed 121088K, reserved 1179648K
  class space    used 15750K, committed 16192K, reserved 1048576K
}
Event: 37.477 GC heap before
{Heap before GC invocations=52 (full 0):
 garbage-first heap   total 307200K, used 192784K [0x0000000700000000, 0x0000000800000000)
  region size 2048K, 7 young (14336K), 5 survivors (10240K)
 Metaspace       used 120150K, committed 121088K, reserved 1179648K
  class space    used 15750K, committed 16192K, reserved 1048576K
}
Event: 37.486 GC heap after
{Heap after GC invocations=53 (full 0):
 garbage-first heap   total 307200K, used 190464K [0x0000000700000000, 0x0000000800000000)
  region size 2048K, 1 young (2048K), 1 survivors (2048K)
 Metaspace       used 120150K, committed 121088K, reserved 1179648K
  class space    used 15750K, committed 16192K, reserved 1048576K
}

