# JRE version: OpenJDK Runtime Environment (17.0.7) (build 17.0.7+0-b2043.56-10550314)
# Java VM: OpenJDK 64-Bit Server VM (17.0.7+0-b2043.56-10550314, mixed mode, tiered, compressed oops, compressed class ptrs, g1 gc, windows-amd64)
GC Precious Log:
 CPUs: 20 total, 20 available
 Memory: 16110M
 Large Page Support: Disabled
 NUMA Support: Disabled
 Compressed Oops: Enabled (Zero based)
 Heap Region Size: 2M
 Heap Min Capacity: 8M
 Heap Initial Capacity: 252M
 Heap Max Capacity: 4G
 Pre-touch: Disabled
 Parallel Workers: 15
 Concurrent Workers: 4
 Concurrent Refinement Workers: 15
 Periodic GC: Disabled
Heap:
 garbage-first heap   total 249856K, used 142406K [0x0000000700000000, 0x0000000800000000)
  region size 2048K, 7 young (14336K), 6 survivors (12288K)
 Metaspace       used 107739K, committed 108480K, reserved 1179648K
  class space    used 14265K, committed 14592K, reserved 1048576K
GC Heap History (20 events):
Event: 7.962 GC heap before
{Heap before GC invocations=21 (full 0):
 garbage-first heap   total 190464K, used 146408K [0x0000000700000000, 0x0000000800000000)
  region size 2048K, 44 young (90112K), 6 survivors (12288K)
 Metaspace       used 87244K, committed 87872K, reserved 1179648K
  class space    used 11737K, committed 12032K, reserved 1048576K
}
Event: 7.967 GC heap after
{Heap after GC invocations=22 (full 0):
 garbage-first heap   total 190464K, used 76578K [0x0000000700000000, 0x0000000800000000)
  region size 2048K, 6 young (12288K), 6 survivors (12288K)
 Metaspace       used 87244K, committed 87872K, reserved 1179648K
  class space    used 11737K, committed 12032K, reserved 1048576K
}
Event: 8.466 GC heap before
{Heap before GC invocations=22 (full 0):
 garbage-first heap   total 190464K, used 135970K [0x0000000700000000, 0x0000000800000000)
  region size 2048K, 36 young (73728K), 6 survivors (12288K)
 Metaspace       used 90384K, committed 91008K, reserved 1179648K
  class space    used 12166K, committed 12480K, reserved 1048576K
}
Event: 8.472 GC heap after
{Heap after GC invocations=23 (full 0):
 garbage-first heap   total 190464K, used 87661K [0x0000000700000000, 0x0000000800000000)
  region size 2048K, 6 young (12288K), 6 survivors (12288K)
 Metaspace       used 90384K, committed 91008K, reserved 1179648K
  class space    used 12166K, committed 12480K, reserved 1048576K
}
Event: 8.835 GC heap before
{Heap before GC invocations=24 (full 0):
 garbage-first heap   total 190464K, used 145005K [0x0000000700000000, 0x0000000800000000)
  region size 2048K, 35 young (71680K), 6 survivors (12288K)
 Metaspace       used 92084K, committed 92800K, reserved 1179648K
  class space    used 12488K, committed 12800K, reserved 1048576K
}
Event: 8.839 GC heap after
{Heap after GC invocations=25 (full 0):
 garbage-first heap   total 190464K, used 93026K [0x0000000700000000, 0x0000000800000000)
  region size 2048K, 3 young (6144K), 3 survivors (6144K)
 Metaspace       used 92084K, committed 92800K, reserved 1179648K
  class space    used 12488K, committed 12800K, reserved 1048576K
}
Event: 9.043 GC heap before
{Heap before GC invocations=25 (full 0):
 garbage-first heap   total 190464K, used 150370K [0x0000000700000000, 0x0000000800000000)
  region size 2048K, 31 young (63488K), 3 survivors (6144K)
 Metaspace       used 92467K, committed 93184K, reserved 1179648K
  class space    used 12525K, committed 12864K, reserved 1048576K
}
Event: 9.046 GC heap after
{Heap after GC invocations=26 (full 0):
 garbage-first heap   total 229376K, used 97151K [0x0000000700000000, 0x0000000800000000)
  region size 2048K, 3 young (6144K), 3 survivors (6144K)
 Metaspace       used 92467K, committed 93184K, reserved 1179648K
  class space    used 12525K, committed 12864K, reserved 1048576K
}
Event: 9.325 GC heap before
{Heap before GC invocations=26 (full 0):
 garbage-first heap   total 229376K, used 177023K [0x0000000700000000, 0x0000000800000000)
  region size 2048K, 43 young (88064K), 3 survivors (6144K)
 Metaspace       used 93099K, committed 93760K, reserved 1179648K
  class space    used 12598K, committed 12928K, reserved 1048576K
}
Event: 9.328 GC heap after
{Heap after GC invocations=27 (full 0):
 garbage-first heap   total 229376K, used 101963K [0x0000000700000000, 0x0000000800000000)
  region size 2048K, 5 young (10240K), 5 survivors (10240K)
 Metaspace       used 93099K, committed 93760K, reserved 1179648K
  class space    used 12598K, committed 12928K, reserved 1048576K
}
Event: 10.120 GC heap before
{Heap before GC invocations=27 (full 0):
 garbage-first heap   total 229376K, used 179787K [0x0000000700000000, 0x0000000800000000)
  region size 2048K, 44 young (90112K), 5 survivors (10240K)
 Metaspace       used 99340K, committed 100096K, reserved 1179648K
  class space    used 13378K, committed 13760K, reserved 1048576K
}
Event: 10.125 GC heap after
{Heap after GC invocations=28 (full 0):
 garbage-first heap   total 229376K, used 107284K [0x0000000700000000, 0x0000000800000000)
  region size 2048K, 6 young (12288K), 6 survivors (12288K)
 Metaspace       used 99340K, committed 100096K, reserved 1179648K
  class space    used 13378K, committed 13760K, reserved 1048576K
}
Event: 10.294 GC heap before
{Heap before GC invocations=28 (full 0):
 garbage-first heap   total 229376K, used 181012K [0x0000000700000000, 0x0000000800000000)
  region size 2048K, 43 young (88064K), 6 survivors (12288K)
 Metaspace       used 99547K, committed 100224K, reserved 1179648K
  class space    used 13392K, committed 13760K, reserved 1048576K
}
Event: 10.299 GC heap after
{Heap after GC invocations=29 (full 0):
 garbage-first heap   total 229376K, used 111714K [0x0000000700000000, 0x0000000800000000)
  region size 2048K, 5 young (10240K), 5 survivors (10240K)
 Metaspace       used 99547K, committed 100224K, reserved 1179648K
  class space    used 13392K, committed 13760K, reserved 1048576K
}
Event: 10.950 GC heap before
{Heap before GC invocations=29 (full 0):
 garbage-first heap   total 229376K, used 177250K [0x0000000700000000, 0x0000000800000000)
  region size 2048K, 31 young (63488K), 5 survivors (10240K)
 Metaspace       used 102498K, committed 103232K, reserved 1179648K
  class space    used 13790K, committed 14144K, reserved 1048576K
}
Event: 10.954 GC heap after
{Heap after GC invocations=30 (full 0):
 garbage-first heap   total 229376K, used 118675K [0x0000000700000000, 0x0000000800000000)
  region size 2048K, 5 young (10240K), 5 survivors (10240K)
 Metaspace       used 102498K, committed 103232K, reserved 1179648K
  class space    used 13790K, committed 14144K, reserved 1048576K
}
Event: 10.956 GC heap before
{Heap before GC invocations=30 (full 0):
 garbage-first heap   total 229376K, used 135059K [0x0000000700000000, 0x0000000800000000)
  region size 2048K, 6 young (12288K), 5 survivors (10240K)
 Metaspace       used 102502K, committed 103232K, reserved 1179648K
  class space    used 13790K, committed 14144K, reserved 1048576K
}
Event: 10.959 GC heap after
{Heap after GC invocations=31 (full 0):
 garbage-first heap   total 229376K, used 135579K [0x0000000700000000, 0x0000000800000000)
  region size 2048K, 3 young (6144K), 3 survivors (6144K)
 Metaspace       used 102502K, committed 103232K, reserved 1179648K
  class space    used 13790K, committed 14144K, reserved 1048576K
}
Event: 13.822 GC heap before
{Heap before GC invocations=32 (full 0):
 garbage-first heap   total 249856K, used 197019K [0x0000000700000000, 0x0000000800000000)
  region size 2048K, 30 young (61440K), 3 survivors (6144K)
 Metaspace       used 107142K, committed 107776K, reserved 1179648K
  class space    used 14238K, committed 14528K, reserved 1048576K
}
Event: 13.826 GC heap after
{Heap after GC invocations=33 (full 0):
 garbage-first heap   total 249856K, used 120946K [0x0000000700000000, 0x0000000800000000)
  region size 2048K, 3 young (6144K), 3 survivors (6144K)
 Metaspace       used 107142K, committed 107776K, reserved 1179648K
  class space    used 14238K, committed 14528K, reserved 1048576K
}

