# JRE version: OpenJDK Runtime Environment (17.0.7) (build 17.0.7+0-b2043.56-10550314)
# Java VM: OpenJDK 64-Bit Server VM (17.0.7+0-b2043.56-10550314, mixed mode, tiered, compressed oops, compressed class ptrs, g1 gc, windows-amd64)
GC Precious Log:
 CPUs: 20 total, 20 available
 Memory: 16110M
 Large Page Support: Disabled
 NUMA Support: Disabled
 Compressed Oops: Enabled (Zero based)
 Heap Region Size: 2M
 Heap Min Capacity: 8M
 Heap Initial Capacity: 252M
 Heap Max Capacity: 4G
 Pre-touch: Disabled
 Parallel Workers: 15
 Concurrent Workers: 4
 Concurrent Refinement Workers: 15
 Periodic GC: Disabled
Heap:
 garbage-first heap   total 380928K, used 262592K [0x0000000700000000, 0x0000000800000000)
  region size 2048K, 4 young (8192K), 4 survivors (8192K)
 Metaspace       used 108943K, committed 109632K, reserved 1179648K
  class space    used 15109K, committed 15424K, reserved 1048576K
GC Heap History (20 events):
Event: 8.115 GC heap after
{Heap after GC invocations=36 (full 0):
 garbage-first heap   total 184320K, used 100206K [0x0000000700000000, 0x0000000800000000)
  region size 2048K, 3 young (6144K), 3 survivors (6144K)
 Metaspace       used 92281K, committed 92928K, reserved 1179648K
  class space    used 12547K, committed 12864K, reserved 1048576K
}
Event: 8.117 GC heap before
{Heap before GC invocations=36 (full 0):
 garbage-first heap   total 184320K, used 102254K [0x0000000700000000, 0x0000000800000000)
  region size 2048K, 4 young (8192K), 3 survivors (6144K)
 Metaspace       used 92284K, committed 92928K, reserved 1179648K
  class space    used 12547K, committed 12864K, reserved 1048576K
}
Event: 8.119 GC heap after
{Heap after GC invocations=37 (full 0):
 garbage-first heap   total 184320K, used 100313K [0x0000000700000000, 0x0000000800000000)
  region size 2048K, 1 young (2048K), 1 survivors (2048K)
 Metaspace       used 92284K, committed 92928K, reserved 1179648K
  class space    used 12547K, committed 12864K, reserved 1048576K
}
Event: 8.257 GC heap before
{Heap before GC invocations=37 (full 0):
 garbage-first heap   total 184320K, used 149465K [0x0000000700000000, 0x0000000800000000)
  region size 2048K, 26 young (53248K), 1 survivors (2048K)
 Metaspace       used 92607K, committed 93248K, reserved 1179648K
  class space    used 12565K, committed 12864K, reserved 1048576K
}
Event: 8.259 GC heap after
{Heap after GC invocations=38 (full 0):
 garbage-first heap   total 374784K, used 102845K [0x0000000700000000, 0x0000000800000000)
  region size 2048K, 2 young (4096K), 2 survivors (4096K)
 Metaspace       used 92607K, committed 93248K, reserved 1179648K
  class space    used 12565K, committed 12864K, reserved 1048576K
}
Event: 9.001 GC heap before
{Heap before GC invocations=39 (full 0):
 garbage-first heap   total 368640K, used 330173K [0x0000000700000000, 0x0000000800000000)
  region size 2048K, 98 young (200704K), 2 survivors (4096K)
 Metaspace       used 99543K, committed 100224K, reserved 1179648K
  class space    used 13549K, committed 13888K, reserved 1048576K
}
Event: 9.009 GC heap after
{Heap after GC invocations=40 (full 0):
 garbage-first heap   total 374784K, used 159246K [0x0000000700000000, 0x0000000800000000)
  region size 2048K, 13 young (26624K), 13 survivors (26624K)
 Metaspace       used 99543K, committed 100224K, reserved 1179648K
  class space    used 13549K, committed 13888K, reserved 1048576K
}
Event: 9.017 GC heap before
{Heap before GC invocations=40 (full 0):
 garbage-first heap   total 374784K, used 159246K [0x0000000700000000, 0x0000000800000000)
  region size 2048K, 14 young (28672K), 13 survivors (26624K)
 Metaspace       used 99568K, committed 100224K, reserved 1179648K
  class space    used 13552K, committed 13888K, reserved 1048576K
}
Event: 9.021 GC heap after
{Heap after GC invocations=41 (full 0):
 garbage-first heap   total 374784K, used 160856K [0x0000000700000000, 0x0000000800000000)
  region size 2048K, 1 young (2048K), 1 survivors (2048K)
 Metaspace       used 99568K, committed 100224K, reserved 1179648K
  class space    used 13552K, committed 13888K, reserved 1048576K
}
Event: 9.347 GC heap before
{Heap before GC invocations=41 (full 0):
 garbage-first heap   total 374784K, used 261208K [0x0000000700000000, 0x0000000800000000)
  region size 2048K, 51 young (104448K), 1 survivors (2048K)
 Metaspace       used 103089K, committed 103744K, reserved 1179648K
  class space    used 14252K, committed 14592K, reserved 1048576K
}
Event: 9.362 GC heap after
{Heap after GC invocations=42 (full 0):
 garbage-first heap   total 374784K, used 202002K [0x0000000700000000, 0x0000000800000000)
  region size 2048K, 7 young (14336K), 7 survivors (14336K)
 Metaspace       used 103089K, committed 103744K, reserved 1179648K
  class space    used 14252K, committed 14592K, reserved 1048576K
}
Event: 9.564 GC heap before
{Heap before GC invocations=42 (full 0):
 garbage-first heap   total 374784K, used 269586K [0x0000000700000000, 0x0000000800000000)
  region size 2048K, 41 young (83968K), 7 survivors (14336K)
 Metaspace       used 104204K, committed 104896K, reserved 1179648K
  class space    used 14402K, committed 14720K, reserved 1048576K
}
Event: 9.578 GC heap after
{Heap after GC invocations=43 (full 0):
 garbage-first heap   total 374784K, used 235049K [0x0000000700000000, 0x0000000800000000)
  region size 2048K, 6 young (12288K), 6 survivors (12288K)
 Metaspace       used 104204K, committed 104896K, reserved 1179648K
  class space    used 14402K, committed 14720K, reserved 1048576K
}
Event: 10.108 GC heap before
{Heap before GC invocations=43 (full 0):
 garbage-first heap   total 374784K, used 286249K [0x0000000700000000, 0x0000000800000000)
  region size 2048K, 31 young (63488K), 6 survivors (12288K)
 Metaspace       used 107092K, committed 107776K, reserved 1179648K
  class space    used 14856K, committed 15168K, reserved 1048576K
}
Event: 10.114 GC heap after
{Heap after GC invocations=44 (full 0):
 garbage-first heap   total 374784K, used 242980K [0x0000000700000000, 0x0000000800000000)
  region size 2048K, 3 young (6144K), 3 survivors (6144K)
 Metaspace       used 107092K, committed 107776K, reserved 1179648K
  class space    used 14856K, committed 15168K, reserved 1048576K
}
Event: 10.447 GC heap before
{Heap before GC invocations=44 (full 0):
 garbage-first heap   total 374784K, used 294180K [0x0000000700000000, 0x0000000800000000)
  region size 2048K, 28 young (57344K), 3 survivors (6144K)
 Metaspace       used 107915K, committed 108608K, reserved 1179648K
  class space    used 14978K, committed 15296K, reserved 1048576K
}
Event: 10.451 GC heap after
{Heap after GC invocations=45 (full 0):
 garbage-first heap   total 374784K, used 246598K [0x0000000700000000, 0x0000000800000000)
  region size 2048K, 4 young (8192K), 4 survivors (8192K)
 Metaspace       used 107915K, committed 108608K, reserved 1179648K
  class space    used 14978K, committed 15296K, reserved 1048576K
}
Event: 10.720 GC heap before
{Heap before GC invocations=45 (full 0):
 garbage-first heap   total 374784K, used 301894K [0x0000000700000000, 0x0000000800000000)
  region size 2048K, 29 young (59392K), 4 survivors (8192K)
 Metaspace       used 107935K, committed 108608K, reserved 1179648K
  class space    used 14978K, committed 15296K, reserved 1048576K
}
Event: 10.726 GC heap after
{Heap after GC invocations=46 (full 0):
 garbage-first heap   total 374784K, used 254057K [0x0000000700000000, 0x0000000800000000)
  region size 2048K, 2 young (4096K), 2 survivors (4096K)
 Metaspace       used 107935K, committed 108608K, reserved 1179648K
  class space    used 14978K, committed 15296K, reserved 1048576K
}
Event: 11.039 GC heap before
{Heap before GC invocations=46 (full 0):
 garbage-first heap   total 374784K, used 305257K [0x0000000700000000, 0x0000000800000000)
  region size 2048K, 27 young (55296K), 2 survivors (4096K)
 Metaspace       used 108943K, committed 109632K, reserved 1179648K
  class space    used 15109K, committed 15424K, reserved 1048576K
}

