# JRE version: OpenJDK Runtime Environment (17.0.7) (build 17.0.7+0-b2043.56-10550314)
# Java VM: OpenJDK 64-Bit Server VM (17.0.7+0-b2043.56-10550314, mixed mode, tiered, compressed oops, compressed class ptrs, g1 gc, windows-amd64)
GC Precious Log:
 CPUs: 20 total, 20 available
 Memory: 16110M
 Large Page Support: Disabled
 NUMA Support: Disabled
 Compressed Oops: Enabled (Zero based)
 Heap Region Size: 2M
 Heap Min Capacity: 8M
 Heap Initial Capacity: 252M
 Heap Max Capacity: 4G
 Pre-touch: Disabled
 Parallel Workers: 15
 Concurrent Workers: 4
 Concurrent Refinement Workers: 15
 Periodic GC: Disabled
Heap:
 garbage-first heap   total 358400K, used 240882K [0x0000000700000000, 0x0000000800000000)
  region size 2048K, 4 young (8192K), 4 survivors (8192K)
 Metaspace       used 107104K, committed 107776K, reserved 1179648K
  class space    used 14767K, committed 15104K, reserved 1048576K
GC Heap History (20 events):
Event: 8.117 GC heap after
{Heap after GC invocations=35 (full 0):
 garbage-first heap   total 172032K, used 99352K [0x0000000700000000, 0x0000000800000000)
  region size 2048K, 3 young (6144K), 3 survivors (6144K)
 Metaspace       used 92331K, committed 92992K, reserved 1179648K
  class space    used 12556K, committed 12864K, reserved 1048576K
}
Event: 8.119 GC heap before
{Heap before GC invocations=35 (full 0):
 garbage-first heap   total 172032K, used 101400K [0x0000000700000000, 0x0000000800000000)
  region size 2048K, 4 young (8192K), 3 survivors (6144K)
 Metaspace       used 92333K, committed 92992K, reserved 1179648K
  class space    used 12556K, committed 12864K, reserved 1048576K
}
Event: 8.121 GC heap after
{Heap after GC invocations=36 (full 0):
 garbage-first heap   total 206848K, used 99011K [0x0000000700000000, 0x0000000800000000)
  region size 2048K, 1 young (2048K), 1 survivors (2048K)
 Metaspace       used 92333K, committed 92992K, reserved 1179648K
  class space    used 12556K, committed 12864K, reserved 1048576K
}
Event: 8.652 GC heap before
{Heap before GC invocations=36 (full 0):
 garbage-first heap   total 206848K, used 164547K [0x0000000700000000, 0x0000000800000000)
  region size 2048K, 34 young (69632K), 1 survivors (2048K)
 Metaspace       used 95139K, committed 95808K, reserved 1179648K
  class space    used 12893K, committed 13248K, reserved 1048576K
}
Event: 8.654 GC heap after
{Heap after GC invocations=37 (full 0):
 garbage-first heap   total 206848K, used 101332K [0x0000000700000000, 0x0000000800000000)
  region size 2048K, 2 young (4096K), 2 survivors (4096K)
 Metaspace       used 95139K, committed 95808K, reserved 1179648K
  class space    used 12893K, committed 13248K, reserved 1048576K
}
Event: 9.118 GC heap before
{Heap before GC invocations=38 (full 0):
 garbage-first heap   total 206848K, used 166868K [0x0000000700000000, 0x0000000800000000)
  region size 2048K, 35 young (71680K), 2 survivors (4096K)
 Metaspace       used 99544K, committed 100160K, reserved 1179648K
  class space    used 13492K, committed 13824K, reserved 1048576K
}
Event: 9.122 GC heap after
{Heap after GC invocations=39 (full 0):
 garbage-first heap   total 206848K, used 106074K [0x0000000700000000, 0x0000000800000000)
  region size 2048K, 4 young (8192K), 4 survivors (8192K)
 Metaspace       used 99544K, committed 100160K, reserved 1179648K
  class space    used 13492K, committed 13824K, reserved 1048576K
}
Event: 9.308 GC heap before
{Heap before GC invocations=39 (full 0):
 garbage-first heap   total 206848K, used 167514K [0x0000000700000000, 0x0000000800000000)
  region size 2048K, 35 young (71680K), 4 survivors (8192K)
 Metaspace       used 100118K, committed 100800K, reserved 1179648K
  class space    used 13548K, committed 13888K, reserved 1048576K
}
Event: 9.312 GC heap after
{Heap after GC invocations=40 (full 0):
 garbage-first heap   total 206848K, used 109411K [0x0000000700000000, 0x0000000800000000)
  region size 2048K, 5 young (10240K), 5 survivors (10240K)
 Metaspace       used 100118K, committed 100800K, reserved 1179648K
  class space    used 13548K, committed 13888K, reserved 1048576K
}
Event: 9.670 GC heap before
{Heap before GC invocations=41 (full 0):
 garbage-first heap   total 233472K, used 166755K [0x0000000700000000, 0x0000000800000000)
  region size 2048K, 30 young (61440K), 5 survivors (10240K)
 Metaspace       used 103734K, committed 104384K, reserved 1179648K
  class space    used 14068K, committed 14400K, reserved 1048576K
}
Event: 9.674 GC heap after
{Heap after GC invocations=42 (full 0):
 garbage-first heap   total 233472K, used 130995K [0x0000000700000000, 0x0000000800000000)
  region size 2048K, 5 young (10240K), 5 survivors (10240K)
 Metaspace       used 103734K, committed 104384K, reserved 1179648K
  class space    used 14068K, committed 14400K, reserved 1048576K
}
Event: 9.879 GC heap before
{Heap before GC invocations=43 (full 0):
 garbage-first heap   total 294912K, used 204723K [0x0000000700000000, 0x0000000800000000)
  region size 2048K, 31 young (63488K), 5 survivors (10240K)
 Metaspace       used 104022K, committed 104704K, reserved 1179648K
  class space    used 14115K, committed 14464K, reserved 1048576K
}
Event: 9.886 GC heap after
{Heap after GC invocations=44 (full 0):
 garbage-first heap   total 294912K, used 161493K [0x0000000700000000, 0x0000000800000000)
  region size 2048K, 4 young (8192K), 4 survivors (8192K)
 Metaspace       used 104022K, committed 104704K, reserved 1179648K
  class space    used 14115K, committed 14464K, reserved 1048576K
}
Event: 10.138 GC heap before
{Heap before GC invocations=44 (full 0):
 garbage-first heap   total 294912K, used 218837K [0x0000000700000000, 0x0000000800000000)
  region size 2048K, 33 young (67584K), 4 survivors (8192K)
 Metaspace       used 106590K, committed 107264K, reserved 1179648K
  class space    used 14713K, committed 15040K, reserved 1048576K
}
Event: 10.150 GC heap after
{Heap after GC invocations=45 (full 0):
 garbage-first heap   total 294912K, used 185053K [0x0000000700000000, 0x0000000800000000)
  region size 2048K, 5 young (10240K), 5 survivors (10240K)
 Metaspace       used 106590K, committed 107264K, reserved 1179648K
  class space    used 14713K, committed 15040K, reserved 1048576K
}
Event: 10.272 GC heap before
{Heap before GC invocations=46 (full 0):
 garbage-first heap   total 358400K, used 228061K [0x0000000700000000, 0x0000000800000000)
  region size 2048K, 26 young (53248K), 5 survivors (10240K)
 Metaspace       used 106724K, committed 107392K, reserved 1179648K
  class space    used 14713K, committed 15040K, reserved 1048576K
}
Event: 10.287 GC heap after
{Heap after GC invocations=47 (full 0):
 garbage-first heap   total 358400K, used 207037K [0x0000000700000000, 0x0000000800000000)
  region size 2048K, 4 young (8192K), 4 survivors (8192K)
 Metaspace       used 106724K, committed 107392K, reserved 1179648K
  class space    used 14713K, committed 15040K, reserved 1048576K
}
Event: 10.303 GC heap before
{Heap before GC invocations=47 (full 0):
 garbage-first heap   total 358400K, used 215229K [0x0000000700000000, 0x0000000800000000)
  region size 2048K, 8 young (16384K), 4 survivors (8192K)
 Metaspace       used 106725K, committed 107392K, reserved 1179648K
  class space    used 14713K, committed 15040K, reserved 1048576K
}
Event: 10.310 GC heap after
{Heap after GC invocations=48 (full 0):
 garbage-first heap   total 358400K, used 212490K [0x0000000700000000, 0x0000000800000000)
  region size 2048K, 1 young (2048K), 1 survivors (2048K)
 Metaspace       used 106725K, committed 107392K, reserved 1179648K
  class space    used 14713K, committed 15040K, reserved 1048576K
}
Event: 10.492 GC heap before
{Heap before GC invocations=48 (full 0):
 garbage-first heap   total 358400K, used 265738K [0x0000000700000000, 0x0000000800000000)
  region size 2048K, 28 young (57344K), 1 survivors (2048K)
 Metaspace       used 107104K, committed 107776K, reserved 1179648K
  class space    used 14767K, committed 15104K, reserved 1048576K
}

