# JRE version: OpenJDK Runtime Environment (17.0.7) (build 17.0.7+0-b2043.56-10550314)
# Java VM: OpenJDK 64-Bit Server VM (17.0.7+0-b2043.56-10550314, mixed mode, tiered, compressed oops, compressed class ptrs, g1 gc, windows-amd64)
GC Precious Log:
 CPUs: 20 total, 20 available
 Memory: 16110M
 Large Page Support: Disabled
 NUMA Support: Disabled
 Compressed Oops: Enabled (Zero based)
 Heap Region Size: 2M
 Heap Min Capacity: 8M
 Heap Initial Capacity: 252M
 Heap Max Capacity: 4G
 Pre-touch: Disabled
 Parallel Workers: 15
 Concurrent Workers: 4
 Concurrent Refinement Workers: 15
 Periodic GC: Disabled
Heap:
 garbage-first heap   total 409600K, used 247004K [0x0000000700000000, 0x0000000800000000)
  region size 2048K, 5 young (10240K), 5 survivors (10240K)
 Metaspace       used 111420K, committed 112192K, reserved 1179648K
  class space    used 15374K, committed 15744K, reserved 1048576K
GC Heap History (20 events):
Event: 10.953 GC heap after
{Heap after GC invocations=45 (full 0):
 garbage-first heap   total 157696K, used 95642K [0x0000000700000000, 0x0000000800000000)
  region size 2048K, 3 young (6144K), 3 survivors (6144K)
 Metaspace       used 91823K, committed 92480K, reserved 1179648K
  class space    used 12473K, committed 12800K, reserved 1048576K
}
Event: 11.213 GC heap before
{Heap before GC invocations=46 (full 0):
 garbage-first heap   total 182272K, used 126362K [0x0000000700000000, 0x0000000800000000)
  region size 2048K, 19 young (38912K), 3 survivors (6144K)
 Metaspace       used 92084K, committed 92800K, reserved 1179648K
  class space    used 12484K, committed 12800K, reserved 1048576K
}
Event: 11.219 GC heap after
{Heap after GC invocations=47 (full 0):
 garbage-first heap   total 182272K, used 97834K [0x0000000700000000, 0x0000000800000000)
  region size 2048K, 2 young (4096K), 2 survivors (4096K)
 Metaspace       used 92084K, committed 92800K, reserved 1179648K
  class space    used 12484K, committed 12800K, reserved 1048576K
}
Event: 11.228 GC heap before
{Heap before GC invocations=47 (full 0):
 garbage-first heap   total 182272K, used 99882K [0x0000000700000000, 0x0000000800000000)
  region size 2048K, 4 young (8192K), 2 survivors (4096K)
 Metaspace       used 92106K, committed 92800K, reserved 1179648K
  class space    used 12484K, committed 12800K, reserved 1048576K
}
Event: 11.230 GC heap after
{Heap after GC invocations=48 (full 0):
 garbage-first heap   total 182272K, used 97719K [0x0000000700000000, 0x0000000800000000)
  region size 2048K, 1 young (2048K), 1 survivors (2048K)
 Metaspace       used 92106K, committed 92800K, reserved 1179648K
  class space    used 12484K, committed 12800K, reserved 1048576K
}
Event: 11.448 GC heap before
{Heap before GC invocations=48 (full 0):
 garbage-first heap   total 182272K, used 144823K [0x0000000700000000, 0x0000000800000000)
  region size 2048K, 25 young (51200K), 1 survivors (2048K)
 Metaspace       used 92570K, committed 93248K, reserved 1179648K
  class space    used 12526K, committed 12864K, reserved 1048576K
}
Event: 11.453 GC heap after
{Heap after GC invocations=49 (full 0):
 garbage-first heap   total 348160K, used 100470K [0x0000000700000000, 0x0000000800000000)
  region size 2048K, 2 young (4096K), 2 survivors (4096K)
 Metaspace       used 92570K, committed 93248K, reserved 1179648K
  class space    used 12526K, committed 12864K, reserved 1048576K
}
Event: 13.020 GC heap before
{Heap before GC invocations=50 (full 0):
 garbage-first heap   total 348160K, used 274550K [0x0000000700000000, 0x0000000800000000)
  region size 2048K, 87 young (178176K), 2 survivors (4096K)
 Metaspace       used 100222K, committed 100864K, reserved 1179648K
  class space    used 13519K, committed 13824K, reserved 1048576K
}
Event: 13.030 GC heap after
{Heap after GC invocations=51 (full 0):
 garbage-first heap   total 348160K, used 116050K [0x0000000700000000, 0x0000000800000000)
  region size 2048K, 9 young (18432K), 9 survivors (18432K)
 Metaspace       used 100222K, committed 100864K, reserved 1179648K
  class space    used 13519K, committed 13824K, reserved 1048576K
}
Event: 13.033 GC heap before
{Heap before GC invocations=51 (full 0):
 garbage-first heap   total 348160K, used 118098K [0x0000000700000000, 0x0000000800000000)
  region size 2048K, 10 young (20480K), 9 survivors (18432K)
 Metaspace       used 100222K, committed 100864K, reserved 1179648K
  class space    used 13519K, committed 13824K, reserved 1048576K
}
Event: 13.038 GC heap after
{Heap after GC invocations=52 (full 0):
 garbage-first heap   total 348160K, used 117913K [0x0000000700000000, 0x0000000800000000)
  region size 2048K, 2 young (4096K), 2 survivors (4096K)
 Metaspace       used 100222K, committed 100864K, reserved 1179648K
  class space    used 13519K, committed 13824K, reserved 1048576K
}
Event: 14.046 GC heap before
{Heap before GC invocations=52 (full 0):
 garbage-first heap   total 348160K, used 298137K [0x0000000700000000, 0x0000000800000000)
  region size 2048K, 76 young (155648K), 2 survivors (4096K)
 Metaspace       used 106745K, committed 107456K, reserved 1179648K
  class space    used 14676K, committed 14976K, reserved 1048576K
}
Event: 14.065 GC heap after
{Heap after GC invocations=53 (full 0):
 garbage-first heap   total 350208K, used 181495K [0x0000000700000000, 0x0000000800000000)
  region size 2048K, 10 young (20480K), 10 survivors (20480K)
 Metaspace       used 106745K, committed 107456K, reserved 1179648K
  class space    used 14676K, committed 14976K, reserved 1048576K
}
Event: 14.273 GC heap before
{Heap before GC invocations=53 (full 0):
 garbage-first heap   total 350208K, used 261367K [0x0000000700000000, 0x0000000800000000)
  region size 2048K, 50 young (102400K), 10 survivors (20480K)
 Metaspace       used 106839K, committed 107520K, reserved 1179648K
  class space    used 14676K, committed 14976K, reserved 1048576K
}
Event: 14.300 GC heap after
{Heap after GC invocations=54 (full 0):
 garbage-first heap   total 350208K, used 222360K [0x0000000700000000, 0x0000000800000000)
  region size 2048K, 7 young (14336K), 7 survivors (14336K)
 Metaspace       used 106839K, committed 107520K, reserved 1179648K
  class space    used 14676K, committed 14976K, reserved 1048576K
}
Event: 14.826 GC heap before
{Heap before GC invocations=55 (full 0):
 garbage-first heap   total 409600K, used 267416K [0x0000000700000000, 0x0000000800000000)
  region size 2048K, 30 young (61440K), 7 survivors (14336K)
 Metaspace       used 109343K, committed 110080K, reserved 1179648K
  class space    used 15063K, committed 15424K, reserved 1048576K
}
Event: 14.838 GC heap after
{Heap after GC invocations=56 (full 0):
 garbage-first heap   total 409600K, used 237022K [0x0000000700000000, 0x0000000800000000)
  region size 2048K, 4 young (8192K), 4 survivors (8192K)
 Metaspace       used 109343K, committed 110080K, reserved 1179648K
  class space    used 15063K, committed 15424K, reserved 1048576K
}
Event: 15.026 GC heap before
{Heap before GC invocations=56 (full 0):
 garbage-first heap   total 409600K, used 249310K [0x0000000700000000, 0x0000000800000000)
  region size 2048K, 10 young (20480K), 4 survivors (8192K)
 Metaspace       used 109947K, committed 110720K, reserved 1179648K
  class space    used 15167K, committed 15552K, reserved 1048576K
}
Event: 15.035 GC heap after
{Heap after GC invocations=57 (full 0):
 garbage-first heap   total 409600K, used 239471K [0x0000000700000000, 0x0000000800000000)
  region size 2048K, 1 young (2048K), 1 survivors (2048K)
 Metaspace       used 109947K, committed 110720K, reserved 1179648K
  class space    used 15167K, committed 15552K, reserved 1048576K
}
Event: 15.424 GC heap before
{Heap before GC invocations=57 (full 0):
 garbage-first heap   total 409600K, used 307055K [0x0000000700000000, 0x0000000800000000)
  region size 2048K, 34 young (69632K), 1 survivors (2048K)
 Metaspace       used 111420K, committed 112192K, reserved 1179648K
  class space    used 15374K, committed 15744K, reserved 1048576K
}

