# JRE version: OpenJDK Runtime Environment (17.0.7) (build 17.0.7+0-b2043.56-10550314)
# Java VM: OpenJDK 64-Bit Server VM (17.0.7+0-b2043.56-10550314, mixed mode, tiered, compressed oops, compressed class ptrs, g1 gc, windows-amd64)
GC Precious Log:
 CPUs: 20 total, 20 available
 Memory: 16110M
 Large Page Support: Disabled
 NUMA Support: Disabled
 Compressed Oops: Enabled (Zero based)
 Heap Region Size: 2M
 Heap Min Capacity: 8M
 Heap Initial Capacity: 252M
 Heap Max Capacity: 4G
 Pre-touch: Disabled
 Parallel Workers: 15
 Concurrent Workers: 4
 Concurrent Refinement Workers: 15
 Periodic GC: Disabled
Heap:
 garbage-first heap   total 409600K, used 254560K [0x0000000700000000, 0x0000000800000000)
  region size 2048K, 5 young (10240K), 5 survivors (10240K)
 Metaspace       used 109595K, committed 110272K, reserved 1179648K
  class space    used 15154K, committed 15488K, reserved 1048576K
GC Heap History (20 events):
Event: 14.879 GC heap after
{Heap after GC invocations=51 (full 0):
 garbage-first heap   total 356352K, used 103634K [0x0000000700000000, 0x0000000800000000)
  region size 2048K, 2 young (4096K), 2 survivors (4096K)
 Metaspace       used 92848K, committed 93504K, reserved 1179648K
  class space    used 12560K, committed 12864K, reserved 1048576K
}
Event: 15.992 GC heap before
{Heap before GC invocations=52 (full 0):
 garbage-first heap   total 356352K, used 302290K [0x0000000700000000, 0x0000000800000000)
  region size 2048K, 84 young (172032K), 2 survivors (4096K)
 Metaspace       used 99029K, committed 99648K, reserved 1179648K
  class space    used 13444K, committed 13760K, reserved 1048576K
}
Event: 16.004 GC heap after
{Heap after GC invocations=53 (full 0):
 garbage-first heap   total 356352K, used 145433K [0x0000000700000000, 0x0000000800000000)
  region size 2048K, 11 young (22528K), 11 survivors (22528K)
 Metaspace       used 99029K, committed 99648K, reserved 1179648K
  class space    used 13444K, committed 13760K, reserved 1048576K
}
Event: 16.006 GC heap before
{Heap before GC invocations=53 (full 0):
 garbage-first heap   total 356352K, used 145433K [0x0000000700000000, 0x0000000800000000)
  region size 2048K, 12 young (24576K), 11 survivors (22528K)
 Metaspace       used 99029K, committed 99648K, reserved 1179648K
  class space    used 13444K, committed 13760K, reserved 1048576K
}
Event: 16.015 GC heap after
{Heap after GC invocations=54 (full 0):
 garbage-first heap   total 356352K, used 145165K [0x0000000700000000, 0x0000000800000000)
  region size 2048K, 1 young (2048K), 1 survivors (2048K)
 Metaspace       used 99029K, committed 99648K, reserved 1179648K
  class space    used 13444K, committed 13760K, reserved 1048576K
}
Event: 16.917 GC heap before
{Heap before GC invocations=54 (full 0):
 garbage-first heap   total 356352K, used 272141K [0x0000000700000000, 0x0000000800000000)
  region size 2048K, 64 young (131072K), 1 survivors (2048K)
 Metaspace       used 103111K, committed 103808K, reserved 1179648K
  class space    used 14241K, committed 14592K, reserved 1048576K
}
Event: 16.943 GC heap after
{Heap after GC invocations=55 (full 0):
 garbage-first heap   total 356352K, used 195788K [0x0000000700000000, 0x0000000800000000)
  region size 2048K, 8 young (16384K), 8 survivors (16384K)
 Metaspace       used 103111K, committed 103808K, reserved 1179648K
  class space    used 14241K, committed 14592K, reserved 1048576K
}
Event: 17.196 GC heap before
{Heap before GC invocations=55 (full 0):
 garbage-first heap   total 356352K, used 265420K [0x0000000700000000, 0x0000000800000000)
  region size 2048K, 43 young (88064K), 8 survivors (16384K)
 Metaspace       used 103469K, committed 104128K, reserved 1179648K
  class space    used 14272K, committed 14592K, reserved 1048576K
}
Event: 17.229 GC heap after
{Heap after GC invocations=56 (full 0):
 garbage-first heap   total 356352K, used 230667K [0x0000000700000000, 0x0000000800000000)
  region size 2048K, 6 young (12288K), 6 survivors (12288K)
 Metaspace       used 103469K, committed 104128K, reserved 1179648K
  class space    used 14272K, committed 14592K, reserved 1048576K
}
Event: 18.187 GC heap before
{Heap before GC invocations=57 (full 0):
 garbage-first heap   total 407552K, used 271627K [0x0000000700000000, 0x0000000800000000)
  region size 2048K, 27 young (55296K), 6 survivors (12288K)
 Metaspace       used 106731K, committed 107392K, reserved 1179648K
  class space    used 14761K, committed 15104K, reserved 1048576K
}
Event: 18.199 GC heap after
{Heap after GC invocations=58 (full 0):
 garbage-first heap   total 407552K, used 238744K [0x0000000700000000, 0x0000000800000000)
  region size 2048K, 3 young (6144K), 3 survivors (6144K)
 Metaspace       used 106731K, committed 107392K, reserved 1179648K
  class space    used 14761K, committed 15104K, reserved 1048576K
}
Event: 18.525 GC heap before
{Heap before GC invocations=58 (full 0):
 garbage-first heap   total 407552K, used 251032K [0x0000000700000000, 0x0000000800000000)
  region size 2048K, 9 young (18432K), 3 survivors (6144K)
 Metaspace       used 107264K, committed 108032K, reserved 1179648K
  class space    used 14859K, committed 15232K, reserved 1048576K
}
Event: 18.531 GC heap after
{Heap after GC invocations=59 (full 0):
 garbage-first heap   total 407552K, used 239467K [0x0000000700000000, 0x0000000800000000)
  region size 2048K, 1 young (2048K), 1 survivors (2048K)
 Metaspace       used 107264K, committed 108032K, reserved 1179648K
  class space    used 14859K, committed 15232K, reserved 1048576K
}
Event: 19.276 GC heap before
{Heap before GC invocations=59 (full 0):
 garbage-first heap   total 407552K, used 305003K [0x0000000700000000, 0x0000000800000000)
  region size 2048K, 34 young (69632K), 1 survivors (2048K)
 Metaspace       used 108101K, committed 108800K, reserved 1179648K
  class space    used 14982K, committed 15296K, reserved 1048576K
}
Event: 19.289 GC heap after
{Heap after GC invocations=60 (full 0):
 garbage-first heap   total 407552K, used 245537K [0x0000000700000000, 0x0000000800000000)
  region size 2048K, 4 young (8192K), 4 survivors (8192K)
 Metaspace       used 108101K, committed 108800K, reserved 1179648K
  class space    used 14982K, committed 15296K, reserved 1048576K
}
Event: 20.293 GC heap before
{Heap before GC invocations=61 (full 0):
 garbage-first heap   total 409600K, used 306977K [0x0000000700000000, 0x0000000800000000)
  region size 2048K, 38 young (77824K), 4 survivors (8192K)
 Metaspace       used 108320K, committed 109056K, reserved 1179648K
  class space    used 15010K, committed 15360K, reserved 1048576K
}
Event: 20.302 GC heap after
{Heap after GC invocations=62 (full 0):
 garbage-first heap   total 409600K, used 243039K [0x0000000700000000, 0x0000000800000000)
  region size 2048K, 3 young (6144K), 3 survivors (6144K)
 Metaspace       used 108320K, committed 109056K, reserved 1179648K
  class space    used 15010K, committed 15360K, reserved 1048576K
}
Event: 20.474 GC heap before
{Heap before GC invocations=62 (full 0):
 garbage-first heap   total 409600K, used 257375K [0x0000000700000000, 0x0000000800000000)
  region size 2048K, 10 young (20480K), 3 survivors (6144K)
 Metaspace       used 108737K, committed 109440K, reserved 1179648K
  class space    used 15068K, committed 15424K, reserved 1048576K
}
Event: 20.483 GC heap after
{Heap after GC invocations=63 (full 0):
 garbage-first heap   total 409600K, used 242304K [0x0000000700000000, 0x0000000800000000)
  region size 2048K, 2 young (4096K), 2 survivors (4096K)
 Metaspace       used 108737K, committed 109440K, reserved 1179648K
  class space    used 15068K, committed 15424K, reserved 1048576K
}
Event: 21.043 GC heap before
{Heap before GC invocations=63 (full 0):
 garbage-first heap   total 409600K, used 320128K [0x0000000700000000, 0x0000000800000000)
  region size 2048K, 40 young (81920K), 2 survivors (4096K)
 Metaspace       used 109595K, committed 110272K, reserved 1179648K
  class space    used 15154K, committed 15488K, reserved 1048576K
}

