# JRE version: OpenJDK Runtime Environment (17.0.7) (build 17.0.7+0-b2043.56-10550314)
# Java VM: OpenJDK 64-Bit Server VM (17.0.7+0-b2043.56-10550314, mixed mode, tiered, compressed oops, compressed class ptrs, g1 gc, windows-amd64)
GC Precious Log:
 CPUs: 20 total, 20 available
 Memory: 16110M
 Large Page Support: Disabled
 NUMA Support: Disabled
 Compressed Oops: Enabled (Zero based)
 Heap Region Size: 2M
 Heap Min Capacity: 8M
 Heap Initial Capacity: 252M
 Heap Max Capacity: 4G
 Pre-touch: Disabled
 Parallel Workers: 15
 Concurrent Workers: 4
 Concurrent Refinement Workers: 15
 Periodic GC: Disabled
Heap:
 garbage-first heap   total 169984K, used 106665K [0x0000000700000000, 0x0000000800000000)
  region size 2048K, 8 young (16384K), 2 survivors (4096K)
 Metaspace       used 92069K, committed 92736K, reserved 1179648K
  class space    used 12490K, committed 12800K, reserved 1048576K
GC Heap History (20 events):
Event: 6.757 GC heap before
{Heap before GC invocations=24 (full 0):
 garbage-first heap   total 110592K, used 86649K [0x0000000700000000, 0x0000000800000000)
  region size 2048K, 14 young (28672K), 2 survivors (4096K)
 Metaspace       used 69587K, committed 70080K, reserved 1114112K
  class space    used 9069K, committed 9280K, reserved 1048576K
}
Event: 6.760 GC heap after
{Heap after GC invocations=25 (full 0):
 garbage-first heap   total 110592K, used 64266K [0x0000000700000000, 0x0000000800000000)
  region size 2048K, 2 young (4096K), 2 survivors (4096K)
 Metaspace       used 69587K, committed 70080K, reserved 1114112K
  class space    used 9069K, committed 9280K, reserved 1048576K
}
Event: 6.882 GC heap before
{Heap before GC invocations=26 (full 0):
 garbage-first heap   total 116736K, used 86794K [0x0000000700000000, 0x0000000800000000)
  region size 2048K, 13 young (26624K), 2 survivors (4096K)
 Metaspace       used 69817K, committed 70400K, reserved 1114112K
  class space    used 9084K, committed 9344K, reserved 1048576K
}
Event: 6.885 GC heap after
{Heap after GC invocations=27 (full 0):
 garbage-first heap   total 141312K, used 66540K [0x0000000700000000, 0x0000000800000000)
  region size 2048K, 2 young (4096K), 2 survivors (4096K)
 Metaspace       used 69817K, committed 70400K, reserved 1114112K
  class space    used 9084K, committed 9344K, reserved 1048576K
}
Event: 7.323 GC heap before
{Heap before GC invocations=27 (full 0):
 garbage-first heap   total 141312K, used 109548K [0x0000000700000000, 0x0000000800000000)
  region size 2048K, 23 young (47104K), 2 survivors (4096K)
 Metaspace       used 74314K, committed 74816K, reserved 1114112K
  class space    used 9871K, committed 10112K, reserved 1048576K
}
Event: 7.326 GC heap after
{Heap after GC invocations=28 (full 0):
 garbage-first heap   total 141312K, used 68512K [0x0000000700000000, 0x0000000800000000)
  region size 2048K, 3 young (6144K), 3 survivors (6144K)
 Metaspace       used 74314K, committed 74816K, reserved 1114112K
  class space    used 9871K, committed 10112K, reserved 1048576K
}
Event: 7.838 GC heap before
{Heap before GC invocations=29 (full 0):
 garbage-first heap   total 141312K, used 111520K [0x0000000700000000, 0x0000000800000000)
  region size 2048K, 24 young (49152K), 3 survivors (6144K)
 Metaspace       used 78790K, committed 79296K, reserved 1179648K
  class space    used 10546K, committed 10752K, reserved 1048576K
}
Event: 7.841 GC heap after
{Heap after GC invocations=30 (full 0):
 garbage-first heap   total 141312K, used 71525K [0x0000000700000000, 0x0000000800000000)
  region size 2048K, 3 young (6144K), 3 survivors (6144K)
 Metaspace       used 78790K, committed 79296K, reserved 1179648K
  class space    used 10546K, committed 10752K, reserved 1048576K
}
Event: 8.376 GC heap before
{Heap before GC invocations=30 (full 0):
 garbage-first heap   total 141312K, used 112485K [0x0000000700000000, 0x0000000800000000)
  region size 2048K, 23 young (47104K), 3 survivors (6144K)
 Metaspace       used 83129K, committed 83648K, reserved 1179648K
  class space    used 11217K, committed 11456K, reserved 1048576K
}
Event: 8.380 GC heap after
{Heap after GC invocations=31 (full 0):
 garbage-first heap   total 141312K, used 74514K [0x0000000700000000, 0x0000000800000000)
  region size 2048K, 3 young (6144K), 3 survivors (6144K)
 Metaspace       used 83129K, committed 83648K, reserved 1179648K
  class space    used 11217K, committed 11456K, reserved 1048576K
}
Event: 8.857 GC heap before
{Heap before GC invocations=32 (full 0):
 garbage-first heap   total 141312K, used 115474K [0x0000000700000000, 0x0000000800000000)
  region size 2048K, 23 young (47104K), 3 survivors (6144K)
 Metaspace       used 86638K, committed 87168K, reserved 1179648K
  class space    used 11658K, committed 11904K, reserved 1048576K
}
Event: 8.862 GC heap after
{Heap after GC invocations=33 (full 0):
 garbage-first heap   total 141312K, used 78093K [0x0000000700000000, 0x0000000800000000)
  region size 2048K, 3 young (6144K), 3 survivors (6144K)
 Metaspace       used 86638K, committed 87168K, reserved 1179648K
  class space    used 11658K, committed 11904K, reserved 1048576K
}
Event: 8.880 GC heap before
{Heap before GC invocations=33 (full 0):
 garbage-first heap   total 141312K, used 80141K [0x0000000700000000, 0x0000000800000000)
  region size 2048K, 4 young (8192K), 3 survivors (6144K)
 Metaspace       used 86744K, committed 87296K, reserved 1179648K
  class space    used 11671K, committed 11904K, reserved 1048576K
}
Event: 8.884 GC heap after
{Heap after GC invocations=34 (full 0):
 garbage-first heap   total 169984K, used 77771K [0x0000000700000000, 0x0000000800000000)
  region size 2048K, 1 young (2048K), 1 survivors (2048K)
 Metaspace       used 86744K, committed 87296K, reserved 1179648K
  class space    used 11671K, committed 11904K, reserved 1048576K
}
Event: 9.256 GC heap before
{Heap before GC invocations=34 (full 0):
 garbage-first heap   total 169984K, used 135115K [0x0000000700000000, 0x0000000800000000)
  region size 2048K, 29 young (59392K), 1 survivors (2048K)
 Metaspace       used 87418K, committed 88000K, reserved 1179648K
  class space    used 11740K, committed 12032K, reserved 1048576K
}
Event: 9.261 GC heap after
{Heap after GC invocations=35 (full 0):
 garbage-first heap   total 169984K, used 86893K [0x0000000700000000, 0x0000000800000000)
  region size 2048K, 4 young (8192K), 4 survivors (8192K)
 Metaspace       used 87418K, committed 88000K, reserved 1179648K
  class space    used 11740K, committed 12032K, reserved 1048576K
}
Event: 9.796 GC heap before
{Heap before GC invocations=36 (full 0):
 garbage-first heap   total 169984K, used 131949K [0x0000000700000000, 0x0000000800000000)
  region size 2048K, 27 young (55296K), 4 survivors (8192K)
 Metaspace       used 91030K, committed 91584K, reserved 1179648K
  class space    used 12215K, committed 12480K, reserved 1048576K
}
Event: 9.800 GC heap after
{Heap after GC invocations=37 (full 0):
 garbage-first heap   total 169984K, used 93382K [0x0000000700000000, 0x0000000800000000)
  region size 2048K, 4 young (8192K), 4 survivors (8192K)
 Metaspace       used 91030K, committed 91584K, reserved 1179648K
  class space    used 12215K, committed 12480K, reserved 1048576K
}
Event: 9.929 GC heap before
{Heap before GC invocations=37 (full 0):
 garbage-first heap   total 169984K, used 132294K [0x0000000700000000, 0x0000000800000000)
  region size 2048K, 24 young (49152K), 4 survivors (8192K)
 Metaspace       used 92006K, committed 92672K, reserved 1179648K
  class space    used 12490K, committed 12800K, reserved 1048576K
}
Event: 9.932 GC heap after
{Heap after GC invocations=38 (full 0):
 garbage-first heap   total 169984K, used 96425K [0x0000000700000000, 0x0000000800000000)
  region size 2048K, 2 young (4096K), 2 survivors (4096K)
 Metaspace       used 92006K, committed 92672K, reserved 1179648K
  class space    used 12490K, committed 12800K, reserved 1048576K
}

