# JRE version: OpenJDK Runtime Environment (17.0.7) (build 17.0.7+0-b2043.56-10550314)
# Java VM: OpenJDK 64-Bit Server VM (17.0.7+0-b2043.56-10550314, mixed mode, tiered, compressed oops, compressed class ptrs, g1 gc, windows-amd64)
GC Precious Log:
 CPUs: 20 total, 20 available
 Memory: 16110M
 Large Page Support: Disabled
 NUMA Support: Disabled
 Compressed Oops: Enabled (Zero based)
 Heap Region Size: 2M
 Heap Min Capacity: 8M
 Heap Initial Capacity: 252M
 Heap Max Capacity: 4G
 Pre-touch: Disabled
 Parallel Workers: 15
 Concurrent Workers: 4
 Concurrent Refinement Workers: 15
 Periodic GC: Disabled
Heap:
 garbage-first heap   total 258048K, used 111318K [0x0000000700000000, 0x0000000800000000)
  region size 2048K, 3 young (6144K), 3 survivors (6144K)
 Metaspace       used 99397K, committed 100032K, reserved 1179648K
  class space    used 13400K, committed 13696K, reserved 1048576K
GC Heap History (20 events):
Event: 6.027 GC heap after
{Heap after GC invocations=30 (full 0):
 garbage-first heap   total 120832K, used 68501K [0x0000000700000000, 0x0000000800000000)
  region size 2048K, 2 young (4096K), 2 survivors (4096K)
 Metaspace       used 75874K, committed 76352K, reserved 1179648K
  class space    used 10135K, committed 10368K, reserved 1048576K
}
Event: 6.335 GC heap before
{Heap before GC invocations=31 (full 0):
 garbage-first heap   total 120832K, used 99221K [0x0000000700000000, 0x0000000800000000)
  region size 2048K, 17 young (34816K), 2 survivors (4096K)
 Metaspace       used 78878K, committed 79424K, reserved 1179648K
  class space    used 10583K, committed 10816K, reserved 1048576K
}
Event: 6.337 GC heap after
{Heap after GC invocations=32 (full 0):
 garbage-first heap   total 120832K, used 70629K [0x0000000700000000, 0x0000000800000000)
  region size 2048K, 3 young (6144K), 3 survivors (6144K)
 Metaspace       used 78878K, committed 79424K, reserved 1179648K
  class space    used 10583K, committed 10816K, reserved 1048576K
}
Event: 6.585 GC heap before
{Heap before GC invocations=32 (full 0):
 garbage-first heap   total 120832K, used 99301K [0x0000000700000000, 0x0000000800000000)
  region size 2048K, 17 young (34816K), 3 survivors (6144K)
 Metaspace       used 81864K, committed 82432K, reserved 1179648K
  class space    used 11011K, committed 11264K, reserved 1048576K
}
Event: 6.588 GC heap after
{Heap after GC invocations=33 (full 0):
 garbage-first heap   total 120832K, used 72575K [0x0000000700000000, 0x0000000800000000)
  region size 2048K, 3 young (6144K), 3 survivors (6144K)
 Metaspace       used 81864K, committed 82432K, reserved 1179648K
  class space    used 11011K, committed 11264K, reserved 1048576K
}
Event: 6.905 GC heap before
{Heap before GC invocations=34 (full 0):
 garbage-first heap   total 131072K, used 97151K [0x0000000700000000, 0x0000000800000000)
  region size 2048K, 15 young (30720K), 3 survivors (6144K)
 Metaspace       used 85352K, committed 85888K, reserved 1179648K
  class space    used 11526K, committed 11776K, reserved 1048576K
}
Event: 6.908 GC heap after
{Heap after GC invocations=35 (full 0):
 garbage-first heap   total 210944K, used 74749K [0x0000000700000000, 0x0000000800000000)
  region size 2048K, 2 young (4096K), 2 survivors (4096K)
 Metaspace       used 85352K, committed 85888K, reserved 1179648K
  class space    used 11526K, committed 11776K, reserved 1048576K
}
Event: 7.743 GC heap before
{Heap before GC invocations=35 (full 0):
 garbage-first heap   total 210944K, used 164861K [0x0000000700000000, 0x0000000800000000)
  region size 2048K, 46 young (94208K), 2 survivors (4096K)
 Metaspace       used 87702K, committed 88320K, reserved 1179648K
  class space    used 11793K, committed 12032K, reserved 1048576K
}
Event: 7.747 GC heap after
{Heap after GC invocations=36 (full 0):
 garbage-first heap   total 210944K, used 88558K [0x0000000700000000, 0x0000000800000000)
  region size 2048K, 6 young (12288K), 6 survivors (12288K)
 Metaspace       used 87702K, committed 88320K, reserved 1179648K
  class space    used 11793K, committed 12032K, reserved 1048576K
}
Event: 8.379 GC heap before
{Heap before GC invocations=36 (full 0):
 garbage-first heap   total 210944K, used 156142K [0x0000000700000000, 0x0000000800000000)
  region size 2048K, 40 young (81920K), 6 survivors (12288K)
 Metaspace       used 91785K, committed 92416K, reserved 1179648K
  class space    used 12508K, committed 12800K, reserved 1048576K
}
Event: 8.385 GC heap after
{Heap after GC invocations=37 (full 0):
 garbage-first heap   total 210944K, used 96033K [0x0000000700000000, 0x0000000800000000)
  region size 2048K, 4 young (8192K), 4 survivors (8192K)
 Metaspace       used 91785K, committed 92416K, reserved 1179648K
  class space    used 12508K, committed 12800K, reserved 1048576K
}
Event: 8.575 GC heap before
{Heap before GC invocations=37 (full 0):
 garbage-first heap   total 210944K, used 159521K [0x0000000700000000, 0x0000000800000000)
  region size 2048K, 36 young (73728K), 4 survivors (8192K)
 Metaspace       used 92033K, committed 92672K, reserved 1179648K
  class space    used 12515K, committed 12800K, reserved 1048576K
}
Event: 8.579 GC heap after
{Heap after GC invocations=38 (full 0):
 garbage-first heap   total 210944K, used 100043K [0x0000000700000000, 0x0000000800000000)
  region size 2048K, 3 young (6144K), 3 survivors (6144K)
 Metaspace       used 92033K, committed 92672K, reserved 1179648K
  class space    used 12515K, committed 12800K, reserved 1048576K
}
Event: 8.771 GC heap before
{Heap before GC invocations=38 (full 0):
 garbage-first heap   total 210944K, used 163531K [0x0000000700000000, 0x0000000800000000)
  region size 2048K, 35 young (71680K), 3 survivors (6144K)
 Metaspace       used 92454K, committed 93056K, reserved 1179648K
  class space    used 12548K, committed 12800K, reserved 1048576K
}
Event: 8.775 GC heap after
{Heap after GC invocations=39 (full 0):
 garbage-first heap   total 210944K, used 103351K [0x0000000700000000, 0x0000000800000000)
  region size 2048K, 4 young (8192K), 4 survivors (8192K)
 Metaspace       used 92454K, committed 93056K, reserved 1179648K
  class space    used 12548K, committed 12800K, reserved 1048576K
}
Event: 9.229 GC heap before
{Heap before GC invocations=40 (full 0):
 garbage-first heap   total 210944K, used 166839K [0x0000000700000000, 0x0000000800000000)
  region size 2048K, 36 young (73728K), 4 survivors (8192K)
 Metaspace       used 94618K, committed 95232K, reserved 1179648K
  class space    used 12841K, committed 13120K, reserved 1048576K
}
Event: 9.233 GC heap after
{Heap after GC invocations=41 (full 0):
 garbage-first heap   total 210944K, used 107436K [0x0000000700000000, 0x0000000800000000)
  region size 2048K, 4 young (8192K), 4 survivors (8192K)
 Metaspace       used 94618K, committed 95232K, reserved 1179648K
  class space    used 12841K, committed 13120K, reserved 1048576K
}
Event: 9.248 GC heap before
{Heap before GC invocations=41 (full 0):
 garbage-first heap   total 210944K, used 109484K [0x0000000700000000, 0x0000000800000000)
  region size 2048K, 5 young (10240K), 4 survivors (8192K)
 Metaspace       used 94942K, committed 95488K, reserved 1179648K
  class space    used 12884K, committed 13120K, reserved 1048576K
}
Event: 9.250 GC heap after
{Heap after GC invocations=42 (full 0):
 garbage-first heap   total 210944K, used 107858K [0x0000000700000000, 0x0000000800000000)
  region size 2048K, 1 young (2048K), 1 survivors (2048K)
 Metaspace       used 94942K, committed 95488K, reserved 1179648K
  class space    used 12884K, committed 13120K, reserved 1048576K
}
Event: 9.791 GC heap before
{Heap before GC invocations=42 (full 0):
 garbage-first heap   total 210944K, used 173394K [0x0000000700000000, 0x0000000800000000)
  region size 2048K, 33 young (67584K), 1 survivors (2048K)
 Metaspace       used 99397K, committed 100032K, reserved 1179648K
  class space    used 13400K, committed 13696K, reserved 1048576K
}

