# JRE version: OpenJDK Runtime Environment (17.0.7) (build 17.0.7+0-b2043.56-10550314)
# Java VM: OpenJDK 64-Bit Server VM (17.0.7+0-b2043.56-10550314, mixed mode, tiered, compressed oops, compressed class ptrs, g1 gc, windows-amd64)
GC Precious Log:
 CPUs: 20 total, 20 available
 Memory: 16110M
 Large Page Support: Disabled
 NUMA Support: Disabled
 Compressed Oops: Enabled (Zero based)
 Heap Region Size: 2M
 Heap Min Capacity: 8M
 Heap Initial Capacity: 252M
 Heap Max Capacity: 4G
 Pre-touch: Disabled
 Parallel Workers: 15
 Concurrent Workers: 4
 Concurrent Refinement Workers: 15
 Periodic GC: Disabled
Heap:
 garbage-first heap   total 393216K, used 231886K [0x0000000700000000, 0x0000000800000000)
  region size 2048K, 1 young (2048K), 1 survivors (2048K)
 Metaspace       used 107789K, committed 108480K, reserved 1179648K
  class space    used 14983K, committed 15296K, reserved 1048576K
GC Heap History (20 events):
Event: 10.792 GC heap after
{Heap after GC invocations=39 (full 0):
 garbage-first heap   total 202752K, used 103185K [0x0000000700000000, 0x0000000800000000)
  region size 2048K, 4 young (8192K), 4 survivors (8192K)
 Metaspace       used 93105K, committed 93760K, reserved 1179648K
  class space    used 12639K, committed 12928K, reserved 1048576K
}
Event: 10.947 GC heap before
{Heap before GC invocations=39 (full 0):
 garbage-first heap   total 202752K, used 162577K [0x0000000700000000, 0x0000000800000000)
  region size 2048K, 34 young (69632K), 4 survivors (8192K)
 Metaspace       used 93980K, committed 94592K, reserved 1179648K
  class space    used 12748K, committed 13056K, reserved 1048576K
}
Event: 10.951 GC heap after
{Heap after GC invocations=40 (full 0):
 garbage-first heap   total 202752K, used 106486K [0x0000000700000000, 0x0000000800000000)
  region size 2048K, 4 young (8192K), 4 survivors (8192K)
 Metaspace       used 93980K, committed 94592K, reserved 1179648K
  class space    used 12748K, committed 13056K, reserved 1048576K
}
Event: 11.124 GC heap before
{Heap before GC invocations=41 (full 0):
 garbage-first heap   total 212992K, used 141302K [0x0000000700000000, 0x0000000800000000)
  region size 2048K, 23 young (47104K), 4 survivors (8192K)
 Metaspace       used 94651K, committed 95232K, reserved 1179648K
  class space    used 12837K, committed 13120K, reserved 1048576K
}
Event: 11.127 GC heap after
{Heap after GC invocations=42 (full 0):
 garbage-first heap   total 212992K, used 108381K [0x0000000700000000, 0x0000000800000000)
  region size 2048K, 3 young (6144K), 3 survivors (6144K)
 Metaspace       used 94651K, committed 95232K, reserved 1179648K
  class space    used 12837K, committed 13120K, reserved 1048576K
}
Event: 11.491 GC heap before
{Heap before GC invocations=43 (full 0):
 garbage-first heap   total 215040K, used 143197K [0x0000000700000000, 0x0000000800000000)
  region size 2048K, 17 young (34816K), 3 survivors (6144K)
 Metaspace       used 99167K, committed 99776K, reserved 1179648K
  class space    used 13486K, committed 13760K, reserved 1048576K
}
Event: 11.495 GC heap after
{Heap after GC invocations=44 (full 0):
 garbage-first heap   total 329728K, used 127864K [0x0000000700000000, 0x0000000800000000)
  region size 2048K, 5 young (10240K), 5 survivors (10240K)
 Metaspace       used 99167K, committed 99776K, reserved 1179648K
  class space    used 13486K, committed 13760K, reserved 1048576K
}
Event: 11.784 GC heap before
{Heap before GC invocations=44 (full 0):
 garbage-first heap   total 329728K, used 232312K [0x0000000700000000, 0x0000000800000000)
  region size 2048K, 46 young (94208K), 5 survivors (10240K)
 Metaspace       used 100167K, committed 100800K, reserved 1179648K
  class space    used 13629K, committed 13888K, reserved 1048576K
}
Event: 11.794 GC heap after
{Heap after GC invocations=45 (full 0):
 garbage-first heap   total 329728K, used 167314K [0x0000000700000000, 0x0000000800000000)
  region size 2048K, 6 young (12288K), 6 survivors (12288K)
 Metaspace       used 100167K, committed 100800K, reserved 1179648K
  class space    used 13629K, committed 13888K, reserved 1048576K
}
Event: 12.059 GC heap before
{Heap before GC invocations=45 (full 0):
 garbage-first heap   total 329728K, used 230802K [0x0000000700000000, 0x0000000800000000)
  region size 2048K, 37 young (75776K), 6 survivors (12288K)
 Metaspace       used 103173K, committed 103872K, reserved 1179648K
  class space    used 14282K, committed 14592K, reserved 1048576K
}
Event: 12.073 GC heap after
{Heap after GC invocations=46 (full 0):
 garbage-first heap   total 329728K, used 193518K [0x0000000700000000, 0x0000000800000000)
  region size 2048K, 5 young (10240K), 5 survivors (10240K)
 Metaspace       used 103173K, committed 103872K, reserved 1179648K
  class space    used 14282K, committed 14592K, reserved 1048576K
}
Event: 12.193 GC heap before
{Heap before GC invocations=47 (full 0):
 garbage-first heap   total 376832K, used 240622K [0x0000000700000000, 0x0000000800000000)
  region size 2048K, 29 young (59392K), 5 survivors (10240K)
 Metaspace       used 103391K, committed 104128K, reserved 1179648K
  class space    used 14301K, committed 14656K, reserved 1048576K
}
Event: 12.208 GC heap after
{Heap after GC invocations=48 (full 0):
 garbage-first heap   total 376832K, used 218840K [0x0000000700000000, 0x0000000800000000)
  region size 2048K, 4 young (8192K), 4 survivors (8192K)
 Metaspace       used 103391K, committed 104128K, reserved 1179648K
  class space    used 14301K, committed 14656K, reserved 1048576K
}
Event: 12.229 GC heap before
{Heap before GC invocations=48 (full 0):
 garbage-first heap   total 376832K, used 229080K [0x0000000700000000, 0x0000000800000000)
  region size 2048K, 9 young (18432K), 4 survivors (8192K)
 Metaspace       used 103413K, committed 104128K, reserved 1179648K
  class space    used 14307K, committed 14656K, reserved 1048576K
}
Event: 12.236 GC heap after
{Heap after GC invocations=49 (full 0):
 garbage-first heap   total 376832K, used 224821K [0x0000000700000000, 0x0000000800000000)
  region size 2048K, 2 young (4096K), 2 survivors (4096K)
 Metaspace       used 103413K, committed 104128K, reserved 1179648K
  class space    used 14307K, committed 14656K, reserved 1048576K
}
Event: 12.763 GC heap before
{Heap before GC invocations=49 (full 0):
 garbage-first heap   total 376832K, used 276021K [0x0000000700000000, 0x0000000800000000)
  region size 2048K, 28 young (57344K), 2 survivors (4096K)
 Metaspace       used 106623K, committed 107328K, reserved 1179648K
  class space    used 14784K, committed 15104K, reserved 1048576K
}
Event: 12.770 GC heap after
{Heap after GC invocations=50 (full 0):
 garbage-first heap   total 376832K, used 239343K [0x0000000700000000, 0x0000000800000000)
  region size 2048K, 4 young (8192K), 4 survivors (8192K)
 Metaspace       used 106623K, committed 107328K, reserved 1179648K
  class space    used 14784K, committed 15104K, reserved 1048576K
}
Event: 13.273 GC heap before
{Heap before GC invocations=51 (full 0):
 garbage-first heap   total 393216K, used 274159K [0x0000000700000000, 0x0000000800000000)
  region size 2048K, 27 young (55296K), 4 survivors (8192K)
 Metaspace       used 107597K, committed 108288K, reserved 1179648K
  class space    used 14943K, committed 15296K, reserved 1048576K
}
Event: 13.279 GC heap after
{Heap after GC invocations=52 (full 0):
 garbage-first heap   total 393216K, used 236070K [0x0000000700000000, 0x0000000800000000)
  region size 2048K, 4 young (8192K), 4 survivors (8192K)
 Metaspace       used 107597K, committed 108288K, reserved 1179648K
  class space    used 14943K, committed 15296K, reserved 1048576K
}
Event: 13.373 GC heap before
{Heap before GC invocations=52 (full 0):
 garbage-first heap   total 393216K, used 244262K [0x0000000700000000, 0x0000000800000000)
  region size 2048K, 9 young (18432K), 4 survivors (8192K)
 Metaspace       used 107789K, committed 108480K, reserved 1179648K
  class space    used 14983K, committed 15296K, reserved 1048576K
}

