# JRE version: OpenJDK Runtime Environment (17.0.7) (build 17.0.7+0-b2043.56-10550314)
# Java VM: OpenJDK 64-Bit Server VM (17.0.7+0-b2043.56-10550314, mixed mode, tiered, compressed oops, compressed class ptrs, g1 gc, windows-amd64)
GC Precious Log:
 CPUs: 20 total, 20 available
 Memory: 16110M
 Large Page Support: Disabled
 NUMA Support: Disabled
 Compressed Oops: Enabled (Zero based)
 Heap Region Size: 2M
 Heap Min Capacity: 8M
 Heap Initial Capacity: 252M
 Heap Max Capacity: 4G
 Pre-touch: Disabled
 Parallel Workers: 15
 Concurrent Workers: 4
 Concurrent Refinement Workers: 15
 Periodic GC: Disabled
Heap:
 garbage-first heap   total 331776K, used 147844K [0x0000000700000000, 0x0000000800000000)
  region size 2048K, 5 young (10240K), 5 survivors (10240K)
 Metaspace       used 136974K, committed 139200K, reserved 1179648K
  class space    used 18380K, committed 19456K, reserved 1048576K
GC Heap History (20 events):
Event: 171.062 GC heap after
{Heap after GC invocations=73 (full 0):
 garbage-first heap   total 331776K, used 154954K [0x0000000700000000, 0x0000000800000000)
  region size 2048K, 1 young (2048K), 1 survivors (2048K)
 Metaspace       used 134477K, committed 136064K, reserved 1179648K
  class space    used 17980K, committed 18752K, reserved 1048576K
}
Event: 176.663 GC heap before
{Heap before GC invocations=73 (full 0):
 garbage-first heap   total 331776K, used 267594K [0x0000000700000000, 0x0000000800000000)
  region size 2048K, 57 young (116736K), 1 survivors (2048K)
 Metaspace       used 136237K, committed 138432K, reserved 1179648K
  class space    used 18343K, committed 19392K, reserved 1048576K
}
Event: 176.669 GC heap after
{Heap after GC invocations=74 (full 0):
 garbage-first heap   total 331776K, used 165046K [0x0000000700000000, 0x0000000800000000)
  region size 2048K, 6 young (12288K), 6 survivors (12288K)
 Metaspace       used 136237K, committed 138432K, reserved 1179648K
  class space    used 18343K, committed 19392K, reserved 1048576K
}
Event: 182.250 GC heap before
{Heap before GC invocations=75 (full 0):
 garbage-first heap   total 331776K, used 269494K [0x0000000700000000, 0x0000000800000000)
  region size 2048K, 57 young (116736K), 6 survivors (12288K)
 Metaspace       used 136432K, committed 138688K, reserved 1179648K
  class space    used 18368K, committed 19456K, reserved 1048576K
}
Event: 182.255 GC heap after
{Heap after GC invocations=76 (full 0):
 garbage-first heap   total 331776K, used 167419K [0x0000000700000000, 0x0000000800000000)
  region size 2048K, 5 young (10240K), 5 survivors (10240K)
 Metaspace       used 136432K, committed 138688K, reserved 1179648K
  class space    used 18368K, committed 19456K, reserved 1048576K
}
Event: 182.273 GC heap before
{Heap before GC invocations=76 (full 0):
 garbage-first heap   total 331776K, used 173563K [0x0000000700000000, 0x0000000800000000)
  region size 2048K, 8 young (16384K), 5 survivors (10240K)
 Metaspace       used 136432K, committed 138688K, reserved 1179648K
  class space    used 18369K, committed 19456K, reserved 1048576K
}
Event: 182.283 GC heap after
{Heap after GC invocations=77 (full 0):
 garbage-first heap   total 331776K, used 145284K [0x0000000700000000, 0x0000000800000000)
  region size 2048K, 1 young (2048K), 1 survivors (2048K)
 Metaspace       used 136432K, committed 138688K, reserved 1179648K
  class space    used 18369K, committed 19456K, reserved 1048576K
}
Event: 183.467 GC heap before
{Heap before GC invocations=77 (full 0):
 garbage-first heap   total 331776K, used 264068K [0x0000000700000000, 0x0000000800000000)
  region size 2048K, 60 young (122880K), 1 survivors (2048K)
 Metaspace       used 136570K, committed 138816K, reserved 1179648K
  class space    used 18374K, committed 19456K, reserved 1048576K
}
Event: 183.471 GC heap after
{Heap after GC invocations=78 (full 0):
 garbage-first heap   total 331776K, used 151166K [0x0000000700000000, 0x0000000800000000)
  region size 2048K, 4 young (8192K), 4 survivors (8192K)
 Metaspace       used 136570K, committed 138816K, reserved 1179648K
  class space    used 18374K, committed 19456K, reserved 1048576K
}
Event: 191.576 GC heap before
{Heap before GC invocations=79 (full 0):
 garbage-first heap   total 331776K, used 306814K [0x0000000700000000, 0x0000000800000000)
  region size 2048K, 61 young (124928K), 4 survivors (8192K)
 Metaspace       used 136663K, committed 138944K, reserved 1179648K
  class space    used 18376K, committed 19456K, reserved 1048576K
}
Event: 191.582 GC heap after
{Heap after GC invocations=80 (full 0):
 garbage-first heap   total 331776K, used 157520K [0x0000000700000000, 0x0000000800000000)
  region size 2048K, 7 young (14336K), 7 survivors (14336K)
 Metaspace       used 136663K, committed 138944K, reserved 1179648K
  class space    used 18376K, committed 19456K, reserved 1048576K
}
Event: 191.588 GC heap before
{Heap before GC invocations=80 (full 0):
 garbage-first heap   total 331776K, used 159568K [0x0000000700000000, 0x0000000800000000)
  region size 2048K, 8 young (16384K), 7 survivors (14336K)
 Metaspace       used 136666K, committed 138944K, reserved 1179648K
  class space    used 18376K, committed 19456K, reserved 1048576K
}
Event: 191.593 GC heap after
{Heap after GC invocations=81 (full 0):
 garbage-first heap   total 331776K, used 147475K [0x0000000700000000, 0x0000000800000000)
  region size 2048K, 1 young (2048K), 1 survivors (2048K)
 Metaspace       used 136666K, committed 138944K, reserved 1179648K
  class space    used 18376K, committed 19456K, reserved 1048576K
}
Event: 194.420 GC heap before
{Heap before GC invocations=81 (full 0):
 garbage-first heap   total 331776K, used 264211K [0x0000000700000000, 0x0000000800000000)
  region size 2048K, 59 young (120832K), 1 survivors (2048K)
 Metaspace       used 136818K, committed 139072K, reserved 1179648K
  class space    used 18377K, committed 19456K, reserved 1048576K
}
Event: 194.425 GC heap after
{Heap after GC invocations=82 (full 0):
 garbage-first heap   total 331776K, used 157399K [0x0000000700000000, 0x0000000800000000)
  region size 2048K, 6 young (12288K), 6 survivors (12288K)
 Metaspace       used 136818K, committed 139072K, reserved 1179648K
  class space    used 18377K, committed 19456K, reserved 1048576K
}
Event: 202.378 GC heap before
{Heap before GC invocations=83 (full 0):
 garbage-first heap   total 331776K, used 302807K [0x0000000700000000, 0x0000000800000000)
  region size 2048K, 59 young (120832K), 6 survivors (12288K)
 Metaspace       used 136899K, committed 139136K, reserved 1179648K
  class space    used 18378K, committed 19456K, reserved 1048576K
}
Event: 202.381 GC heap after
{Heap after GC invocations=84 (full 0):
 garbage-first heap   total 331776K, used 151598K [0x0000000700000000, 0x0000000800000000)
  region size 2048K, 1 young (2048K), 1 survivors (2048K)
 Metaspace       used 136899K, committed 139136K, reserved 1179648K
  class space    used 18378K, committed 19456K, reserved 1048576K
}
Event: 202.417 GC heap before
{Heap before GC invocations=84 (full 0):
 garbage-first heap   total 331776K, used 163886K [0x0000000700000000, 0x0000000800000000)
  region size 2048K, 8 young (16384K), 1 survivors (2048K)
 Metaspace       used 136900K, committed 139136K, reserved 1179648K
  class space    used 18378K, committed 19456K, reserved 1048576K
}
Event: 202.427 GC heap after
{Heap after GC invocations=85 (full 0):
 garbage-first heap   total 331776K, used 139119K [0x0000000700000000, 0x0000000800000000)
  region size 2048K, 1 young (2048K), 1 survivors (2048K)
 Metaspace       used 136900K, committed 139136K, reserved 1179648K
  class space    used 18378K, committed 19456K, reserved 1048576K
}
Event: 202.683 GC heap before
{Heap before GC invocations=85 (full 0):
 garbage-first heap   total 331776K, used 218991K [0x0000000700000000, 0x0000000800000000)
  region size 2048K, 42 young (86016K), 1 survivors (2048K)
 Metaspace       used 136974K, committed 139200K, reserved 1179648K
  class space    used 18380K, committed 19456K, reserved 1048576K
}

