# JRE version: OpenJDK Runtime Environment (17.0.7) (build 17.0.7+0-b2043.56-10550314)
# Java VM: OpenJDK 64-Bit Server VM (17.0.7+0-b2043.56-10550314, mixed mode, tiered, compressed oops, compressed class ptrs, g1 gc, windows-amd64)
GC Precious Log:
 CPUs: 20 total, 20 available
 Memory: 16110M
 Large Page Support: Disabled
 NUMA Support: Disabled
 Compressed Oops: Enabled (Zero based)
 Heap Region Size: 2M
 Heap Min Capacity: 8M
 Heap Initial Capacity: 252M
 Heap Max Capacity: 4G
 Pre-touch: Disabled
 Parallel Workers: 15
 Concurrent Workers: 4
 Concurrent Refinement Workers: 15
 Periodic GC: Disabled
Heap:
 garbage-first heap   total 507904K, used 274555K [0x0000000700000000, 0x0000000800000000)
  region size 2048K, 4 young (8192K), 4 survivors (8192K)
 Metaspace       used 121939K, committed 122688K, reserved 1179648K
  class space    used 16583K, committed 16960K, reserved 1048576K
GC Heap History (20 events):
Event: 14.733 GC heap after
{Heap after GC invocations=32 (full 0):
 garbage-first heap   total 315392K, used 153966K [0x0000000700000000, 0x0000000800000000)
  region size 2048K, 9 young (18432K), 9 survivors (18432K)
 Metaspace       used 104367K, committed 105088K, reserved 1179648K
  class space    used 14137K, committed 14464K, reserved 1048576K
}
Event: 15.151 GC heap before
{Heap before GC invocations=32 (full 0):
 garbage-first heap   total 315392K, used 237934K [0x0000000700000000, 0x0000000800000000)
  region size 2048K, 51 young (104448K), 9 survivors (18432K)
 Metaspace       used 106956K, committed 107648K, reserved 1179648K
  class space    used 14719K, committed 15040K, reserved 1048576K
}
Event: 15.169 GC heap after
{Heap after GC invocations=33 (full 0):
 garbage-first heap   total 315392K, used 188252K [0x0000000700000000, 0x0000000800000000)
  region size 2048K, 7 young (14336K), 7 survivors (14336K)
 Metaspace       used 106956K, committed 107648K, reserved 1179648K
  class space    used 14719K, committed 15040K, reserved 1048576K
}
Event: 15.290 GC heap before
{Heap before GC invocations=33 (full 0):
 garbage-first heap   total 315392K, used 239452K [0x0000000700000000, 0x0000000800000000)
  region size 2048K, 33 young (67584K), 7 survivors (14336K)
 Metaspace       used 107052K, committed 107712K, reserved 1179648K
  class space    used 14719K, committed 15040K, reserved 1048576K
}
Event: 15.310 GC heap after
{Heap after GC invocations=34 (full 0):
 garbage-first heap   total 315392K, used 216627K [0x0000000700000000, 0x0000000800000000)
  region size 2048K, 5 young (10240K), 5 survivors (10240K)
 Metaspace       used 107052K, committed 107712K, reserved 1179648K
  class space    used 14719K, committed 15040K, reserved 1048576K
}
Event: 15.388 GC heap before
{Heap before GC invocations=34 (full 0):
 garbage-first heap   total 315392K, used 247347K [0x0000000700000000, 0x0000000800000000)
  region size 2048K, 21 young (43008K), 5 survivors (10240K)
 Metaspace       used 107055K, committed 107712K, reserved 1179648K
  class space    used 14719K, committed 15040K, reserved 1048576K
}
Event: 15.399 GC heap after
{Heap after GC invocations=35 (full 0):
 garbage-first heap   total 507904K, used 234499K [0x0000000700000000, 0x0000000800000000)
  region size 2048K, 3 young (6144K), 3 survivors (6144K)
 Metaspace       used 107055K, committed 107712K, reserved 1179648K
  class space    used 14719K, committed 15040K, reserved 1048576K
}
Event: 16.005 GC heap before
{Heap before GC invocations=35 (full 0):
 garbage-first heap   total 507904K, used 265219K [0x0000000700000000, 0x0000000800000000)
  region size 2048K, 19 young (38912K), 3 survivors (6144K)
 Metaspace       used 109848K, committed 110528K, reserved 1179648K
  class space    used 15139K, committed 15488K, reserved 1048576K
}
Event: 16.013 GC heap after
{Heap after GC invocations=36 (full 0):
 garbage-first heap   total 507904K, used 236933K [0x0000000700000000, 0x0000000800000000)
  region size 2048K, 5 young (10240K), 5 survivors (10240K)
 Metaspace       used 109848K, committed 110528K, reserved 1179648K
  class space    used 15139K, committed 15488K, reserved 1048576K
}
Event: 16.861 GC heap before
{Heap before GC invocations=37 (full 0):
 garbage-first heap   total 507904K, used 331141K [0x0000000700000000, 0x0000000800000000)
  region size 2048K, 57 young (116736K), 5 survivors (10240K)
 Metaspace       used 111805K, committed 112576K, reserved 1179648K
  class space    used 15450K, committed 15808K, reserved 1048576K
}
Event: 16.875 GC heap after
{Heap after GC invocations=38 (full 0):
 garbage-first heap   total 507904K, used 238792K [0x0000000700000000, 0x0000000800000000)
  region size 2048K, 8 young (16384K), 8 survivors (16384K)
 Metaspace       used 111805K, committed 112576K, reserved 1179648K
  class space    used 15450K, committed 15808K, reserved 1048576K
}
Event: 16.891 GC heap before
{Heap before GC invocations=38 (full 0):
 garbage-first heap   total 507904K, used 244936K [0x0000000700000000, 0x0000000800000000)
  region size 2048K, 12 young (24576K), 8 survivors (16384K)
 Metaspace       used 111823K, committed 112576K, reserved 1179648K
  class space    used 15450K, committed 15808K, reserved 1048576K
}
Event: 16.902 GC heap after
{Heap after GC invocations=39 (full 0):
 garbage-first heap   total 507904K, used 235753K [0x0000000700000000, 0x0000000800000000)
  region size 2048K, 1 young (2048K), 1 survivors (2048K)
 Metaspace       used 111823K, committed 112576K, reserved 1179648K
  class space    used 15450K, committed 15808K, reserved 1048576K
}
Event: 17.704 GC heap before
{Heap before GC invocations=39 (full 0):
 garbage-first heap   total 507904K, used 356585K [0x0000000700000000, 0x0000000800000000)
  region size 2048K, 59 young (120832K), 1 survivors (2048K)
 Metaspace       used 113585K, committed 114304K, reserved 1179648K
  class space    used 15667K, committed 16000K, reserved 1048576K
}
Event: 17.713 GC heap after
{Heap after GC invocations=40 (full 0):
 garbage-first heap   total 507904K, used 246638K [0x0000000700000000, 0x0000000800000000)
  region size 2048K, 5 young (10240K), 5 survivors (10240K)
 Metaspace       used 113585K, committed 114304K, reserved 1179648K
  class space    used 15667K, committed 16000K, reserved 1048576K
}
Event: 18.546 GC heap before
{Heap before GC invocations=40 (full 0):
 garbage-first heap   total 507904K, used 375662K [0x0000000700000000, 0x0000000800000000)
  region size 2048K, 64 young (131072K), 5 survivors (10240K)
 Metaspace       used 115578K, committed 116288K, reserved 1179648K
  class space    used 15899K, committed 16192K, reserved 1048576K
}
Event: 18.558 GC heap after
{Heap after GC invocations=41 (full 0):
 garbage-first heap   total 507904K, used 270468K [0x0000000700000000, 0x0000000800000000)
  region size 2048K, 8 young (16384K), 8 survivors (16384K)
 Metaspace       used 115578K, committed 116288K, reserved 1179648K
  class space    used 15899K, committed 16192K, reserved 1048576K
}
Event: 18.914 GC heap before
{Heap before GC invocations=41 (full 0):
 garbage-first heap   total 507904K, used 395396K [0x0000000700000000, 0x0000000800000000)
  region size 2048K, 63 young (129024K), 8 survivors (16384K)
 Metaspace       used 116516K, committed 117248K, reserved 1179648K
  class space    used 16021K, committed 16384K, reserved 1048576K
}
Event: 18.924 GC heap after
{Heap after GC invocations=42 (full 0):
 garbage-first heap   total 507904K, used 283240K [0x0000000700000000, 0x0000000800000000)
  region size 2048K, 3 young (6144K), 3 survivors (6144K)
 Metaspace       used 116516K, committed 117248K, reserved 1179648K
  class space    used 16021K, committed 16384K, reserved 1048576K
}
Event: 26.674 GC heap before
{Heap before GC invocations=42 (full 0):
 garbage-first heap   total 507904K, used 393832K [0x0000000700000000, 0x0000000800000000)
  region size 2048K, 58 young (118784K), 3 survivors (6144K)
 Metaspace       used 121939K, committed 122688K, reserved 1179648K
  class space    used 16583K, committed 16960K, reserved 1048576K
}

