# JRE version: OpenJDK Runtime Environment (17.0.7) (build 17.0.7+0-b2043.56-10550314)
# Java VM: OpenJDK 64-Bit Server VM (17.0.7+0-b2043.56-10550314, mixed mode, tiered, compressed oops, compressed class ptrs, g1 gc, windows-amd64)
GC Precious Log:
 CPUs: 20 total, 20 available
 Memory: 16110M
 Large Page Support: Disabled
 NUMA Support: Disabled
 Compressed Oops: Enabled (Zero based)
 Heap Region Size: 2M
 Heap Min Capacity: 8M
 Heap Initial Capacity: 252M
 Heap Max Capacity: 4G
 Pre-touch: Disabled
 Parallel Workers: 15
 Concurrent Workers: 4
 Concurrent Refinement Workers: 15
 Periodic GC: Disabled
Heap:
 garbage-first heap   total 274432K, used 210184K [0x0000000700000000, 0x0000000800000000)
  region size 2048K, 2 young (4096K), 2 survivors (4096K)
 Metaspace       used 107797K, committed 108544K, reserved 1179648K
  class space    used 14903K, committed 15232K, reserved 1048576K
GC Heap History (20 events):
Event: 7.909 GC heap after
{Heap after GC invocations=31 (full 0):
 garbage-first heap   total 202752K, used 95569K [0x0000000700000000, 0x0000000800000000)
  region size 2048K, 3 young (6144K), 3 survivors (6144K)
 Metaspace       used 92013K, committed 92672K, reserved 1179648K
  class space    used 12528K, committed 12864K, reserved 1048576K
}
Event: 8.098 GC heap before
{Heap before GC invocations=31 (full 0):
 garbage-first heap   total 202752K, used 150865K [0x0000000700000000, 0x0000000800000000)
  region size 2048K, 31 young (63488K), 3 survivors (6144K)
 Metaspace       used 92422K, committed 93056K, reserved 1179648K
  class space    used 12565K, committed 12864K, reserved 1048576K
}
Event: 8.100 GC heap after
{Heap after GC invocations=32 (full 0):
 garbage-first heap   total 202752K, used 99241K [0x0000000700000000, 0x0000000800000000)
  region size 2048K, 3 young (6144K), 3 survivors (6144K)
 Metaspace       used 92422K, committed 93056K, reserved 1179648K
  class space    used 12565K, committed 12864K, reserved 1048576K
}
Event: 8.303 GC heap before
{Heap before GC invocations=32 (full 0):
 garbage-first heap   total 202752K, used 156585K [0x0000000700000000, 0x0000000800000000)
  region size 2048K, 32 young (65536K), 3 survivors (6144K)
 Metaspace       used 92987K, committed 93696K, reserved 1179648K
  class space    used 12634K, committed 12992K, reserved 1048576K
}
Event: 8.305 GC heap after
{Heap after GC invocations=33 (full 0):
 garbage-first heap   total 202752K, used 103259K [0x0000000700000000, 0x0000000800000000)
  region size 2048K, 4 young (8192K), 4 survivors (8192K)
 Metaspace       used 92987K, committed 93696K, reserved 1179648K
  class space    used 12634K, committed 12992K, reserved 1048576K
}
Event: 8.922 GC heap before
{Heap before GC invocations=33 (full 0):
 garbage-first heap   total 202752K, used 158555K [0x0000000700000000, 0x0000000800000000)
  region size 2048K, 32 young (65536K), 4 survivors (8192K)
 Metaspace       used 99040K, committed 99712K, reserved 1179648K
  class space    used 13421K, committed 13760K, reserved 1048576K
}
Event: 8.926 GC heap after
{Heap after GC invocations=34 (full 0):
 garbage-first heap   total 202752K, used 107326K [0x0000000700000000, 0x0000000800000000)
  region size 2048K, 4 young (8192K), 4 survivors (8192K)
 Metaspace       used 99040K, committed 99712K, reserved 1179648K
  class space    used 13421K, committed 13760K, reserved 1048576K
}
Event: 9.120 GC heap before
{Heap before GC invocations=34 (full 0):
 garbage-first heap   total 202752K, used 160574K [0x0000000700000000, 0x0000000800000000)
  region size 2048K, 31 young (63488K), 4 survivors (8192K)
 Metaspace       used 100167K, committed 100864K, reserved 1179648K
  class space    used 13557K, committed 13888K, reserved 1048576K
}
Event: 9.124 GC heap after
{Heap after GC invocations=35 (full 0):
 garbage-first heap   total 202752K, used 110635K [0x0000000700000000, 0x0000000800000000)
  region size 2048K, 4 young (8192K), 4 survivors (8192K)
 Metaspace       used 100167K, committed 100864K, reserved 1179648K
  class space    used 13557K, committed 13888K, reserved 1048576K
}
Event: 9.322 GC heap before
{Heap before GC invocations=35 (full 0):
 garbage-first heap   total 202752K, used 174123K [0x0000000700000000, 0x0000000800000000)
  region size 2048K, 31 young (63488K), 4 survivors (8192K)
 Metaspace       used 102284K, committed 103040K, reserved 1179648K
  class space    used 13879K, committed 14208K, reserved 1048576K
}
Event: 9.325 GC heap after
{Heap after GC invocations=36 (full 0):
 garbage-first heap   total 243712K, used 130122K [0x0000000700000000, 0x0000000800000000)
  region size 2048K, 4 young (8192K), 4 survivors (8192K)
 Metaspace       used 102284K, committed 103040K, reserved 1179648K
  class space    used 13879K, committed 14208K, reserved 1048576K
}
Event: 9.419 GC heap before
{Heap before GC invocations=36 (full 0):
 garbage-first heap   total 243712K, used 173130K [0x0000000700000000, 0x0000000800000000)
  region size 2048K, 18 young (36864K), 4 survivors (8192K)
 Metaspace       used 104205K, committed 104960K, reserved 1179648K
  class space    used 14162K, committed 14528K, reserved 1048576K
}
Event: 9.423 GC heap after
{Heap after GC invocations=37 (full 0):
 garbage-first heap   total 243712K, used 151407K [0x0000000700000000, 0x0000000800000000)
  region size 2048K, 5 young (10240K), 5 survivors (10240K)
 Metaspace       used 104205K, committed 104960K, reserved 1179648K
  class space    used 14162K, committed 14528K, reserved 1048576K
}
Event: 9.616 GC heap before
{Heap before GC invocations=38 (full 0):
 garbage-first heap   total 274432K, used 196463K [0x0000000700000000, 0x0000000800000000)
  region size 2048K, 26 young (53248K), 5 survivors (10240K)
 Metaspace       used 104449K, committed 105280K, reserved 1179648K
  class space    used 14198K, committed 14592K, reserved 1048576K
}
Event: 9.620 GC heap after
{Heap after GC invocations=39 (full 0):
 garbage-first heap   total 274432K, used 164060K [0x0000000700000000, 0x0000000800000000)
  region size 2048K, 4 young (8192K), 4 survivors (8192K)
 Metaspace       used 104449K, committed 105280K, reserved 1179648K
  class space    used 14198K, committed 14592K, reserved 1048576K
}
Event: 9.803 GC heap before
{Heap before GC invocations=39 (full 0):
 garbage-first heap   total 274432K, used 209116K [0x0000000700000000, 0x0000000800000000)
  region size 2048K, 27 young (55296K), 4 survivors (8192K)
 Metaspace       used 107125K, committed 107840K, reserved 1179648K
  class space    used 14810K, committed 15104K, reserved 1048576K
}
Event: 9.812 GC heap after
{Heap after GC invocations=40 (full 0):
 garbage-first heap   total 274432K, used 181631K [0x0000000700000000, 0x0000000800000000)
  region size 2048K, 4 young (8192K), 4 survivors (8192K)
 Metaspace       used 107125K, committed 107840K, reserved 1179648K
  class space    used 14810K, committed 15104K, reserved 1048576K
}
Event: 9.878 GC heap before
{Heap before GC invocations=40 (full 0):
 garbage-first heap   total 274432K, used 216447K [0x0000000700000000, 0x0000000800000000)
  region size 2048K, 21 young (43008K), 4 survivors (8192K)
 Metaspace       used 107594K, committed 108352K, reserved 1179648K
  class space    used 14867K, committed 15232K, reserved 1048576K
}
Event: 9.888 GC heap after
{Heap after GC invocations=41 (full 0):
 garbage-first heap   total 274432K, used 198436K [0x0000000700000000, 0x0000000800000000)
  region size 2048K, 3 young (6144K), 3 survivors (6144K)
 Metaspace       used 107594K, committed 108352K, reserved 1179648K
  class space    used 14867K, committed 15232K, reserved 1048576K
}
Event: 9.934 GC heap before
{Heap before GC invocations=41 (full 0):
 garbage-first heap   total 274432K, used 218916K [0x0000000700000000, 0x0000000800000000)
  region size 2048K, 14 young (28672K), 3 survivors (6144K)
 Metaspace       used 107797K, committed 108544K, reserved 1179648K
  class space    used 14903K, committed 15232K, reserved 1048576K
}

