# JRE version: OpenJDK Runtime Environment (17.0.7) (build 17.0.7+0-b2043.56-10550314)
# Java VM: OpenJDK 64-Bit Server VM (17.0.7+0-b2043.56-10550314, mixed mode, tiered, compressed oops, compressed class ptrs, g1 gc, windows-amd64)
GC Precious Log:
 CPUs: 20 total, 20 available
 Memory: 16110M
 Large Page Support: Disabled
 NUMA Support: Disabled
 Compressed Oops: Enabled (Zero based)
 Heap Region Size: 2M
 Heap Min Capacity: 8M
 Heap Initial Capacity: 252M
 Heap Max Capacity: 4G
 Pre-touch: Disabled
 Parallel Workers: 15
 Concurrent Workers: 4
 Concurrent Refinement Workers: 15
 Periodic GC: Disabled
Heap:
 garbage-first heap   total 165888K, used 92171K [0x0000000700000000, 0x0000000800000000)
  region size 2048K, 3 young (6144K), 3 survivors (6144K)
 Metaspace       used 91959K, committed 92608K, reserved 1179648K
  class space    used 12459K, committed 12736K, reserved 1048576K
GC Heap History (20 events):
Event: 4.703 GC heap after
{Heap after GC invocations=14 (full 0):
 garbage-first heap   total 114688K, used 50500K [0x0000000700000000, 0x0000000800000000)
  region size 2048K, 1 young (2048K), 1 survivors (2048K)
 Metaspace       used 59277K, committed 59776K, reserved 1114112K
  class space    used 7726K, committed 7936K, reserved 1048576K
}
Event: 4.750 GC heap before
{Heap before GC invocations=14 (full 0):
 garbage-first heap   total 114688K, used 52548K [0x0000000700000000, 0x0000000800000000)
  region size 2048K, 3 young (6144K), 1 survivors (2048K)
 Metaspace       used 59828K, committed 60288K, reserved 1114112K
  class space    used 7809K, committed 8000K, reserved 1048576K
}
Event: 4.753 GC heap after
{Heap after GC invocations=15 (full 0):
 garbage-first heap   total 114688K, used 50641K [0x0000000700000000, 0x0000000800000000)
  region size 2048K, 1 young (2048K), 1 survivors (2048K)
 Metaspace       used 59828K, committed 60288K, reserved 1114112K
  class space    used 7809K, committed 8000K, reserved 1048576K
}
Event: 5.175 GC heap before
{Heap before GC invocations=16 (full 0):
 garbage-first heap   total 114688K, used 85457K [0x0000000700000000, 0x0000000800000000)
  region size 2048K, 19 young (38912K), 1 survivors (2048K)
 Metaspace       used 64055K, committed 64576K, reserved 1114112K
  class space    used 8359K, committed 8640K, reserved 1048576K
}
Event: 5.178 GC heap after
{Heap after GC invocations=17 (full 0):
 garbage-first heap   total 114688K, used 54456K [0x0000000700000000, 0x0000000800000000)
  region size 2048K, 3 young (6144K), 3 survivors (6144K)
 Metaspace       used 64055K, committed 64576K, reserved 1114112K
  class space    used 8359K, committed 8640K, reserved 1048576K
}
Event: 5.201 GC heap before
{Heap before GC invocations=17 (full 0):
 garbage-first heap   total 114688K, used 56504K [0x0000000700000000, 0x0000000800000000)
  region size 2048K, 4 young (8192K), 3 survivors (6144K)
 Metaspace       used 64224K, committed 64704K, reserved 1114112K
  class space    used 8379K, committed 8640K, reserved 1048576K
}
Event: 5.204 GC heap after
{Heap after GC invocations=18 (full 0):
 garbage-first heap   total 114688K, used 54714K [0x0000000700000000, 0x0000000800000000)
  region size 2048K, 1 young (2048K), 1 survivors (2048K)
 Metaspace       used 64224K, committed 64704K, reserved 1114112K
  class space    used 8379K, committed 8640K, reserved 1048576K
}
Event: 5.585 GC heap before
{Heap before GC invocations=18 (full 0):
 garbage-first heap   total 114688K, used 85434K [0x0000000700000000, 0x0000000800000000)
  region size 2048K, 17 young (34816K), 1 survivors (2048K)
 Metaspace       used 66957K, committed 67520K, reserved 1114112K
  class space    used 8695K, committed 8960K, reserved 1048576K
}
Event: 5.588 GC heap after
{Heap after GC invocations=19 (full 0):
 garbage-first heap   total 165888K, used 57711K [0x0000000700000000, 0x0000000800000000)
  region size 2048K, 2 young (4096K), 2 survivors (4096K)
 Metaspace       used 66957K, committed 67520K, reserved 1114112K
  class space    used 8695K, committed 8960K, reserved 1048576K
}
Event: 6.330 GC heap before
{Heap before GC invocations=20 (full 0):
 garbage-first heap   total 165888K, used 123247K [0x0000000700000000, 0x0000000800000000)
  region size 2048K, 34 young (69632K), 2 survivors (4096K)
 Metaspace       used 69911K, committed 70464K, reserved 1114112K
  class space    used 9085K, committed 9344K, reserved 1048576K
}
Event: 6.336 GC heap after
{Heap after GC invocations=21 (full 0):
 garbage-first heap   total 165888K, used 61516K [0x0000000700000000, 0x0000000800000000)
  region size 2048K, 4 young (8192K), 4 survivors (8192K)
 Metaspace       used 69911K, committed 70464K, reserved 1114112K
  class space    used 9085K, committed 9344K, reserved 1048576K
}
Event: 7.333 GC heap before
{Heap before GC invocations=21 (full 0):
 garbage-first heap   total 165888K, used 125004K [0x0000000700000000, 0x0000000800000000)
  region size 2048K, 35 young (71680K), 4 survivors (8192K)
 Metaspace       used 77217K, committed 77760K, reserved 1179648K
  class space    used 10290K, committed 10560K, reserved 1048576K
}
Event: 7.340 GC heap after
{Heap after GC invocations=22 (full 0):
 garbage-first heap   total 165888K, used 65500K [0x0000000700000000, 0x0000000800000000)
  region size 2048K, 5 young (10240K), 5 survivors (10240K)
 Metaspace       used 77217K, committed 77760K, reserved 1179648K
  class space    used 10290K, committed 10560K, reserved 1048576K
}
Event: 8.281 GC heap before
{Heap before GC invocations=22 (full 0):
 garbage-first heap   total 165888K, used 126940K [0x0000000700000000, 0x0000000800000000)
  region size 2048K, 35 young (71680K), 5 survivors (10240K)
 Metaspace       used 84679K, committed 85248K, reserved 1179648K
  class space    used 11379K, committed 11648K, reserved 1048576K
}
Event: 8.292 GC heap after
{Heap after GC invocations=23 (full 0):
 garbage-first heap   total 165888K, used 69819K [0x0000000700000000, 0x0000000800000000)
  region size 2048K, 5 young (10240K), 5 survivors (10240K)
 Metaspace       used 84679K, committed 85248K, reserved 1179648K
  class space    used 11379K, committed 11648K, reserved 1048576K
}
Event: 8.967 GC heap before
{Heap before GC invocations=23 (full 0):
 garbage-first heap   total 165888K, used 129211K [0x0000000700000000, 0x0000000800000000)
  region size 2048K, 34 young (69632K), 5 survivors (10240K)
 Metaspace       used 87386K, committed 88064K, reserved 1179648K
  class space    used 11737K, committed 12032K, reserved 1048576K
}
Event: 8.975 GC heap after
{Heap after GC invocations=24 (full 0):
 garbage-first heap   total 165888K, used 76650K [0x0000000700000000, 0x0000000800000000)
  region size 2048K, 5 young (10240K), 5 survivors (10240K)
 Metaspace       used 87386K, committed 88064K, reserved 1179648K
  class space    used 11737K, committed 12032K, reserved 1048576K
}
Event: 9.442 GC heap before
{Heap before GC invocations=24 (full 0):
 garbage-first heap   total 165888K, used 129898K [0x0000000700000000, 0x0000000800000000)
  region size 2048K, 31 young (63488K), 5 survivors (10240K)
 Metaspace       used 89424K, committed 90112K, reserved 1179648K
  class space    used 11932K, committed 12224K, reserved 1048576K
}
Event: 9.453 GC heap after
{Heap after GC invocations=25 (full 0):
 garbage-first heap   total 165888K, used 86432K [0x0000000700000000, 0x0000000800000000)
  region size 2048K, 4 young (8192K), 4 survivors (8192K)
 Metaspace       used 89424K, committed 90112K, reserved 1179648K
  class space    used 11932K, committed 12224K, reserved 1048576K
}
Event: 10.029 GC heap before
{Heap before GC invocations=25 (full 0):
 garbage-first heap   total 165888K, used 127392K [0x0000000700000000, 0x0000000800000000)
  region size 2048K, 25 young (51200K), 4 survivors (8192K)
 Metaspace       used 91959K, committed 92608K, reserved 1179648K
  class space    used 12459K, committed 12736K, reserved 1048576K
}

