# JRE version: OpenJDK Runtime Environment (17.0.7) (build 17.0.7+0-b2043.56-10550314)
# Java VM: OpenJDK 64-Bit Server VM (17.0.7+0-b2043.56-10550314, mixed mode, tiered, compressed oops, compressed class ptrs, g1 gc, windows-amd64)
GC Precious Log:
 CPUs: 20 total, 20 available
 Memory: 16110M
 Large Page Support: Disabled
 NUMA Support: Disabled
 Compressed Oops: Enabled (Zero based)
 Heap Region Size: 2M
 Heap Min Capacity: 8M
 Heap Initial Capacity: 252M
 Heap Max Capacity: 4G
 Pre-touch: Disabled
 Parallel Workers: 15
 Concurrent Workers: 4
 Concurrent Refinement Workers: 15
 Periodic GC: Disabled
Heap:
 garbage-first heap   total 321536K, used 149940K [0x0000000700000000, 0x0000000800000000)
  region size 2048K, 1 young (2048K), 1 survivors (2048K)
 Metaspace       used 136929K, committed 138112K, reserved 1179648K
  class space    used 18340K, committed 18944K, reserved 1048576K
GC Heap History (20 events):
Event: 383.529 GC heap after
{Heap after GC invocations=56 (full 0):
 garbage-first heap   total 296960K, used 163728K [0x0000000700000000, 0x0000000800000000)
  region size 2048K, 1 young (2048K), 1 survivors (2048K)
 Metaspace       used 133815K, committed 134784K, reserved 1179648K
  class space    used 18070K, committed 18560K, reserved 1048576K
}
Event: 383.586 GC heap before
{Heap before GC invocations=56 (full 0):
 garbage-first heap   total 296960K, used 180112K [0x0000000700000000, 0x0000000800000000)
  region size 2048K, 10 young (20480K), 1 survivors (2048K)
 Metaspace       used 133841K, committed 134784K, reserved 1179648K
  class space    used 18070K, committed 18560K, reserved 1048576K
}
Event: 383.589 GC heap after
{Heap after GC invocations=57 (full 0):
 garbage-first heap   total 296960K, used 171160K [0x0000000700000000, 0x0000000800000000)
  region size 2048K, 5 young (10240K), 5 survivors (10240K)
 Metaspace       used 133841K, committed 134784K, reserved 1179648K
  class space    used 18070K, committed 18560K, reserved 1048576K
}
Event: 384.640 GC heap before
{Heap before GC invocations=58 (full 0):
 garbage-first heap   total 321536K, used 246936K [0x0000000700000000, 0x0000000800000000)
  region size 2048K, 35 young (71680K), 5 survivors (10240K)
 Metaspace       used 134017K, committed 135040K, reserved 1179648K
  class space    used 18086K, committed 18560K, reserved 1048576K
}
Event: 384.643 GC heap after
{Heap after GC invocations=59 (full 0):
 garbage-first heap   total 321536K, used 173228K [0x0000000700000000, 0x0000000800000000)
  region size 2048K, 4 young (8192K), 4 survivors (8192K)
 Metaspace       used 134017K, committed 135040K, reserved 1179648K
  class space    used 18086K, committed 18560K, reserved 1048576K
}
Event: 384.650 GC heap before
{Heap before GC invocations=59 (full 0):
 garbage-first heap   total 321536K, used 177324K [0x0000000700000000, 0x0000000800000000)
  region size 2048K, 7 young (14336K), 4 survivors (8192K)
 Metaspace       used 134017K, committed 135040K, reserved 1179648K
  class space    used 18086K, committed 18560K, reserved 1048576K
}
Event: 384.653 GC heap after
{Heap after GC invocations=60 (full 0):
 garbage-first heap   total 321536K, used 164457K [0x0000000700000000, 0x0000000800000000)
  region size 2048K, 1 young (2048K), 1 survivors (2048K)
 Metaspace       used 134017K, committed 135040K, reserved 1179648K
  class space    used 18086K, committed 18560K, reserved 1048576K
}
Event: 384.784 GC heap before
{Heap before GC invocations=60 (full 0):
 garbage-first heap   total 321536K, used 184937K [0x0000000700000000, 0x0000000800000000)
  region size 2048K, 13 young (26624K), 1 survivors (2048K)
 Metaspace       used 134079K, committed 135104K, reserved 1179648K
  class space    used 18089K, committed 18560K, reserved 1048576K
}
Event: 384.786 GC heap after
{Heap after GC invocations=61 (full 0):
 garbage-first heap   total 321536K, used 165263K [0x0000000700000000, 0x0000000800000000)
  region size 2048K, 1 young (2048K), 1 survivors (2048K)
 Metaspace       used 134079K, committed 135104K, reserved 1179648K
  class space    used 18089K, committed 18560K, reserved 1048576K
}
Event: 463.382 GC heap before
{Heap before GC invocations=62 (full 0):
 garbage-first heap   total 321536K, used 284047K [0x0000000700000000, 0x0000000800000000)
  region size 2048K, 48 young (98304K), 1 survivors (2048K)
 Metaspace       used 134503K, committed 135552K, reserved 1179648K
  class space    used 18120K, committed 18624K, reserved 1048576K
}
Event: 463.387 GC heap after
{Heap after GC invocations=63 (full 0):
 garbage-first heap   total 321536K, used 169075K [0x0000000700000000, 0x0000000800000000)
  region size 2048K, 5 young (10240K), 5 survivors (10240K)
 Metaspace       used 134503K, committed 135552K, reserved 1179648K
  class space    used 18120K, committed 18624K, reserved 1048576K
}
Event: 463.451 GC heap before
{Heap before GC invocations=63 (full 0):
 garbage-first heap   total 321536K, used 173171K [0x0000000700000000, 0x0000000800000000)
  region size 2048K, 7 young (14336K), 5 survivors (10240K)
 Metaspace       used 134529K, committed 135552K, reserved 1179648K
  class space    used 18121K, committed 18624K, reserved 1048576K
}
Event: 463.457 GC heap after
{Heap after GC invocations=64 (full 0):
 garbage-first heap   total 321536K, used 153236K [0x0000000700000000, 0x0000000800000000)
  region size 2048K, 1 young (2048K), 1 survivors (2048K)
 Metaspace       used 134529K, committed 135552K, reserved 1179648K
  class space    used 18121K, committed 18624K, reserved 1048576K
}
Event: 466.896 GC heap before
{Heap before GC invocations=64 (full 0):
 garbage-first heap   total 321536K, used 206484K [0x0000000700000000, 0x0000000800000000)
  region size 2048K, 29 young (59392K), 1 survivors (2048K)
 Metaspace       used 136244K, committed 137408K, reserved 1179648K
  class space    used 18325K, committed 18880K, reserved 1048576K
}
Event: 466.899 GC heap after
{Heap after GC invocations=65 (full 0):
 garbage-first heap   total 321536K, used 154740K [0x0000000700000000, 0x0000000800000000)
  region size 2048K, 2 young (4096K), 2 survivors (4096K)
 Metaspace       used 136244K, committed 137408K, reserved 1179648K
  class space    used 18325K, committed 18880K, reserved 1048576K
}
Event: 664.588 GC heap before
{Heap before GC invocations=66 (full 0):
 garbage-first heap   total 321536K, used 285812K [0x0000000700000000, 0x0000000800000000)
  region size 2048K, 54 young (110592K), 2 survivors (4096K)
 Metaspace       used 136590K, committed 137792K, reserved 1179648K
  class space    used 18337K, committed 18944K, reserved 1048576K
}
Event: 664.593 GC heap after
{Heap after GC invocations=67 (full 0):
 garbage-first heap   total 321536K, used 163094K [0x0000000700000000, 0x0000000800000000)
  region size 2048K, 6 young (12288K), 6 survivors (12288K)
 Metaspace       used 136590K, committed 137792K, reserved 1179648K
  class space    used 18337K, committed 18944K, reserved 1048576K
}
Event: 664.598 GC heap before
{Heap before GC invocations=67 (full 0):
 garbage-first heap   total 321536K, used 165142K [0x0000000700000000, 0x0000000800000000)
  region size 2048K, 7 young (14336K), 6 survivors (12288K)
 Metaspace       used 136590K, committed 137792K, reserved 1179648K
  class space    used 18337K, committed 18944K, reserved 1048576K
}
Event: 664.603 GC heap after
{Heap after GC invocations=68 (full 0):
 garbage-first heap   total 321536K, used 149447K [0x0000000700000000, 0x0000000800000000)
  region size 2048K, 1 young (2048K), 1 survivors (2048K)
 Metaspace       used 136590K, committed 137792K, reserved 1179648K
  class space    used 18337K, committed 18944K, reserved 1048576K
}
Event: 666.913 GC heap before
{Heap before GC invocations=68 (full 0):
 garbage-first heap   total 321536K, used 192455K [0x0000000700000000, 0x0000000800000000)
  region size 2048K, 23 young (47104K), 1 survivors (2048K)
 Metaspace       used 136929K, committed 138112K, reserved 1179648K
  class space    used 18340K, committed 18944K, reserved 1048576K
}

