# JRE version: OpenJDK Runtime Environment (17.0.7) (build 17.0.7+0-b2043.56-10550314)
# Java VM: OpenJDK 64-Bit Server VM (17.0.7+0-b2043.56-10550314, mixed mode, tiered, compressed oops, compressed class ptrs, g1 gc, windows-amd64)
GC Precious Log:
 CPUs: 20 total, 20 available
 Memory: 16110M
 Large Page Support: Disabled
 NUMA Support: Disabled
 Compressed Oops: Enabled (Zero based)
 Heap Region Size: 2M
 Heap Min Capacity: 8M
 Heap Initial Capacity: 252M
 Heap Max Capacity: 4G
 Pre-touch: Disabled
 Parallel Workers: 15
 Concurrent Workers: 4
 Concurrent Refinement Workers: 15
 Periodic GC: Disabled
Heap:
 garbage-first heap   total 141312K, used 86504K [0x0000000700000000, 0x0000000800000000)
  region size 2048K, 14 young (28672K), 2 survivors (4096K)
 Metaspace       used 75686K, committed 76224K, reserved 1179648K
  class space    used 9842K, committed 10112K, reserved 1048576K
GC Heap History (20 events):
Event: 3.962 GC heap before
{Heap before GC invocations=7 (full 0):
 garbage-first heap   total 75776K, used 40462K [0x0000000700000000, 0x0000000800000000)
  region size 2048K, 11 young (22528K), 1 survivors (2048K)
 Metaspace       used 35676K, committed 35968K, reserved 1114112K
  class space    used 4852K, committed 4992K, reserved 1048576K
}
Event: 3.966 GC heap after
{Heap after GC invocations=8 (full 0):
 garbage-first heap   total 75776K, used 23795K [0x0000000700000000, 0x0000000800000000)
  region size 2048K, 2 young (4096K), 2 survivors (4096K)
 Metaspace       used 35676K, committed 35968K, reserved 1114112K
  class space    used 4852K, committed 4992K, reserved 1048576K
}
Event: 4.446 GC heap before
{Heap before GC invocations=9 (full 0):
 garbage-first heap   total 75776K, used 54515K [0x0000000700000000, 0x0000000800000000)
  region size 2048K, 18 young (36864K), 2 survivors (4096K)
 Metaspace       used 40335K, committed 40640K, reserved 1114112K
  class space    used 5330K, committed 5440K, reserved 1048576K
}
Event: 4.450 GC heap after
{Heap after GC invocations=10 (full 0):
 garbage-first heap   total 75776K, used 27656K [0x0000000700000000, 0x0000000800000000)
  region size 2048K, 3 young (6144K), 3 survivors (6144K)
 Metaspace       used 40335K, committed 40640K, reserved 1114112K
  class space    used 5330K, committed 5440K, reserved 1048576K
}
Event: 4.475 GC heap before
{Heap before GC invocations=10 (full 0):
 garbage-first heap   total 75776K, used 29704K [0x0000000700000000, 0x0000000800000000)
  region size 2048K, 4 young (8192K), 3 survivors (6144K)
 Metaspace       used 40456K, committed 40768K, reserved 1114112K
  class space    used 5341K, committed 5504K, reserved 1048576K
}
Event: 4.478 GC heap after
{Heap after GC invocations=11 (full 0):
 garbage-first heap   total 75776K, used 27691K [0x0000000700000000, 0x0000000800000000)
  region size 2048K, 1 young (2048K), 1 survivors (2048K)
 Metaspace       used 40456K, committed 40768K, reserved 1114112K
  class space    used 5341K, committed 5504K, reserved 1048576K
}
Event: 4.868 GC heap before
{Heap before GC invocations=11 (full 0):
 garbage-first heap   total 75776K, used 56363K [0x0000000700000000, 0x0000000800000000)
  region size 2048K, 14 young (28672K), 1 survivors (2048K)
 Metaspace       used 43043K, committed 43392K, reserved 1114112K
  class space    used 5613K, committed 5760K, reserved 1048576K
}
Event: 4.871 GC heap after
{Heap after GC invocations=12 (full 0):
 garbage-first heap   total 141312K, used 29922K [0x0000000700000000, 0x0000000800000000)
  region size 2048K, 2 young (4096K), 2 survivors (4096K)
 Metaspace       used 43043K, committed 43392K, reserved 1114112K
  class space    used 5613K, committed 5760K, reserved 1048576K
}
Event: 6.313 GC heap before
{Heap before GC invocations=12 (full 0):
 garbage-first heap   total 141312K, used 93410K [0x0000000700000000, 0x0000000800000000)
  region size 2048K, 34 young (69632K), 2 survivors (4096K)
 Metaspace       used 53740K, committed 54144K, reserved 1114112K
  class space    used 6996K, committed 7168K, reserved 1048576K
}
Event: 6.318 GC heap after
{Heap after GC invocations=13 (full 0):
 garbage-first heap   total 141312K, used 34299K [0x0000000700000000, 0x0000000800000000)
  region size 2048K, 4 young (8192K), 4 survivors (8192K)
 Metaspace       used 53740K, committed 54144K, reserved 1114112K
  class space    used 6996K, committed 7168K, reserved 1048576K
}
Event: 8.246 GC heap before
{Heap before GC invocations=13 (full 0):
 garbage-first heap   total 141312K, used 103931K [0x0000000700000000, 0x0000000800000000)
  region size 2048K, 37 young (75776K), 4 survivors (8192K)
 Metaspace       used 58468K, committed 58944K, reserved 1114112K
  class space    used 7640K, committed 7872K, reserved 1048576K
}
Event: 8.252 GC heap after
{Heap after GC invocations=14 (full 0):
 garbage-first heap   total 141312K, used 50679K [0x0000000700000000, 0x0000000800000000)
  region size 2048K, 5 young (10240K), 5 survivors (10240K)
 Metaspace       used 58468K, committed 58944K, reserved 1114112K
  class space    used 7640K, committed 7872K, reserved 1048576K
}
Event: 8.401 GC heap before
{Heap before GC invocations=14 (full 0):
 garbage-first heap   total 141312K, used 60919K [0x0000000700000000, 0x0000000800000000)
  region size 2048K, 11 young (22528K), 5 survivors (10240K)
 Metaspace       used 59968K, committed 60416K, reserved 1114112K
  class space    used 7847K, committed 8064K, reserved 1048576K
}
Event: 8.406 GC heap after
{Heap after GC invocations=15 (full 0):
 garbage-first heap   total 141312K, used 52517K [0x0000000700000000, 0x0000000800000000)
  region size 2048K, 1 young (2048K), 1 survivors (2048K)
 Metaspace       used 59968K, committed 60416K, reserved 1114112K
  class space    used 7847K, committed 8064K, reserved 1048576K
}
Event: 9.433 GC heap before
{Heap before GC invocations=16 (full 0):
 garbage-first heap   total 141312K, used 105765K [0x0000000700000000, 0x0000000800000000)
  region size 2048K, 27 young (55296K), 1 survivors (2048K)
 Metaspace       used 68563K, committed 69120K, reserved 1114112K
  class space    used 8944K, committed 9216K, reserved 1048576K
}
Event: 9.436 GC heap after
{Heap after GC invocations=17 (full 0):
 garbage-first heap   total 141312K, used 55341K [0x0000000700000000, 0x0000000800000000)
  region size 2048K, 2 young (4096K), 2 survivors (4096K)
 Metaspace       used 68563K, committed 69120K, reserved 1114112K
  class space    used 8944K, committed 9216K, reserved 1048576K
}
Event: 10.029 GC heap before
{Heap before GC invocations=17 (full 0):
 garbage-first heap   total 141312K, used 106541K [0x0000000700000000, 0x0000000800000000)
  region size 2048K, 28 young (57344K), 2 survivors (4096K)
 Metaspace       used 72103K, committed 72640K, reserved 1114112K
  class space    used 9382K, committed 9664K, reserved 1048576K
}
Event: 10.033 GC heap after
{Heap after GC invocations=18 (full 0):
 garbage-first heap   total 141312K, used 59910K [0x0000000700000000, 0x0000000800000000)
  region size 2048K, 4 young (8192K), 4 survivors (8192K)
 Metaspace       used 72103K, committed 72640K, reserved 1114112K
  class space    used 9382K, committed 9664K, reserved 1048576K
}
Event: 10.651 GC heap before
{Heap before GC invocations=18 (full 0):
 garbage-first heap   total 141312K, used 107014K [0x0000000700000000, 0x0000000800000000)
  region size 2048K, 28 young (57344K), 4 survivors (8192K)
 Metaspace       used 75445K, committed 75968K, reserved 1179648K
  class space    used 9828K, committed 10048K, reserved 1048576K
}
Event: 10.656 GC heap after
{Heap after GC invocations=19 (full 0):
 garbage-first heap   total 141312K, used 63976K [0x0000000700000000, 0x0000000800000000)
  region size 2048K, 2 young (4096K), 2 survivors (4096K)
 Metaspace       used 75445K, committed 75968K, reserved 1179648K
  class space    used 9828K, committed 10048K, reserved 1048576K
}

