# JRE version: OpenJDK Runtime Environment (17.0.7) (build 17.0.7+0-b2043.56-10550314)
# Java VM: OpenJDK 64-Bit Server VM (17.0.7+0-b2043.56-10550314, mixed mode, tiered, compressed oops, compressed class ptrs, g1 gc, windows-amd64)
GC Precious Log:
 CPUs: 20 total, 20 available
 Memory: 16110M
 Large Page Support: Disabled
 NUMA Support: Disabled
 Compressed Oops: Enabled (Zero based)
 Heap Region Size: 2M
 Heap Min Capacity: 8M
 Heap Initial Capacity: 252M
 Heap Max Capacity: 4G
 Pre-touch: Disabled
 Parallel Workers: 15
 Concurrent Workers: 4
 Concurrent Refinement Workers: 15
 Periodic GC: Disabled
Heap:
 garbage-first heap   total 212992K, used 146804K [0x0000000700000000, 0x0000000800000000)
  region size 2048K, 21 young (43008K), 3 survivors (6144K)
 Metaspace       used 103901K, committed 104512K, reserved 1179648K
  class space    used 13787K, committed 14080K, reserved 1048576K
GC Heap History (20 events):
Event: 8.754 GC heap before
{Heap before GC invocations=24 (full 0):
 garbage-first heap   total 143360K, used 113535K [0x0000000700000000, 0x0000000800000000)
  region size 2048K, 21 young (43008K), 3 survivors (6144K)
 Metaspace       used 87593K, committed 88192K, reserved 1179648K
  class space    used 11759K, committed 12032K, reserved 1048576K
}
Event: 8.758 GC heap after
{Heap after GC invocations=25 (full 0):
 garbage-first heap   total 143360K, used 85045K [0x0000000700000000, 0x0000000800000000)
  region size 2048K, 3 young (6144K), 3 survivors (6144K)
 Metaspace       used 87593K, committed 88192K, reserved 1179648K
  class space    used 11759K, committed 12032K, reserved 1048576K
}
Event: 9.189 GC heap before
{Heap before GC invocations=25 (full 0):
 garbage-first heap   total 143360K, used 113717K [0x0000000700000000, 0x0000000800000000)
  region size 2048K, 18 young (36864K), 3 survivors (6144K)
 Metaspace       used 90674K, committed 91264K, reserved 1179648K
  class space    used 12169K, committed 12480K, reserved 1048576K
}
Event: 9.195 GC heap after
{Heap after GC invocations=26 (full 0):
 garbage-first heap   total 172032K, used 90507K [0x0000000700000000, 0x0000000800000000)
  region size 2048K, 3 young (6144K), 3 survivors (6144K)
 Metaspace       used 90674K, committed 91264K, reserved 1179648K
  class space    used 12169K, committed 12480K, reserved 1048576K
}
Event: 9.583 GC heap before
{Heap before GC invocations=27 (full 0):
 garbage-first heap   total 172032K, used 129419K [0x0000000700000000, 0x0000000800000000)
  region size 2048K, 23 young (47104K), 3 survivors (6144K)
 Metaspace       used 92002K, committed 92672K, reserved 1179648K
  class space    used 12485K, committed 12800K, reserved 1048576K
}
Event: 9.586 GC heap after
{Heap after GC invocations=28 (full 0):
 garbage-first heap   total 172032K, used 93770K [0x0000000700000000, 0x0000000800000000)
  region size 2048K, 2 young (4096K), 2 survivors (4096K)
 Metaspace       used 92002K, committed 92672K, reserved 1179648K
  class space    used 12485K, committed 12800K, reserved 1048576K
}
Event: 9.810 GC heap before
{Heap before GC invocations=28 (full 0):
 garbage-first heap   total 172032K, used 132682K [0x0000000700000000, 0x0000000800000000)
  region size 2048K, 22 young (45056K), 2 survivors (4096K)
 Metaspace       used 92200K, committed 92864K, reserved 1179648K
  class space    used 12488K, committed 12800K, reserved 1048576K
}
Event: 9.813 GC heap after
{Heap after GC invocations=29 (full 0):
 garbage-first heap   total 172032K, used 95806K [0x0000000700000000, 0x0000000800000000)
  region size 2048K, 3 young (6144K), 3 survivors (6144K)
 Metaspace       used 92200K, committed 92864K, reserved 1179648K
  class space    used 12488K, committed 12800K, reserved 1048576K
}
Event: 10.124 GC heap before
{Heap before GC invocations=30 (full 0):
 garbage-first heap   total 188416K, used 134718K [0x0000000700000000, 0x0000000800000000)
  region size 2048K, 23 young (47104K), 3 survivors (6144K)
 Metaspace       used 92589K, committed 93248K, reserved 1179648K
  class space    used 12524K, committed 12864K, reserved 1048576K
}
Event: 10.128 GC heap after
{Heap after GC invocations=31 (full 0):
 garbage-first heap   total 188416K, used 98333K [0x0000000700000000, 0x0000000800000000)
  region size 2048K, 3 young (6144K), 3 survivors (6144K)
 Metaspace       used 92589K, committed 93248K, reserved 1179648K
  class space    used 12524K, committed 12864K, reserved 1048576K
}
Event: 10.312 GC heap before
{Heap before GC invocations=31 (full 0):
 garbage-first heap   total 188416K, used 147485K [0x0000000700000000, 0x0000000800000000)
  region size 2048K, 28 young (57344K), 3 survivors (6144K)
 Metaspace       used 92835K, committed 93504K, reserved 1179648K
  class space    used 12540K, committed 12864K, reserved 1048576K
}
Event: 10.316 GC heap after
{Heap after GC invocations=32 (full 0):
 garbage-first heap   total 188416K, used 101971K [0x0000000700000000, 0x0000000800000000)
  region size 2048K, 4 young (8192K), 4 survivors (8192K)
 Metaspace       used 92835K, committed 93504K, reserved 1179648K
  class space    used 12540K, committed 12864K, reserved 1048576K
}
Event: 10.923 GC heap before
{Heap before GC invocations=33 (full 0):
 garbage-first heap   total 192512K, used 149075K [0x0000000700000000, 0x0000000800000000)
  region size 2048K, 28 young (57344K), 4 survivors (8192K)
 Metaspace       used 94720K, committed 95360K, reserved 1179648K
  class space    used 12814K, committed 13120K, reserved 1048576K
}
Event: 10.927 GC heap after
{Heap after GC invocations=34 (full 0):
 garbage-first heap   total 192512K, used 104559K [0x0000000700000000, 0x0000000800000000)
  region size 2048K, 4 young (8192K), 4 survivors (8192K)
 Metaspace       used 94720K, committed 95360K, reserved 1179648K
  class space    used 12814K, committed 13120K, reserved 1048576K
}
Event: 11.551 GC heap before
{Heap before GC invocations=34 (full 0):
 garbage-first heap   total 192512K, used 153711K [0x0000000700000000, 0x0000000800000000)
  region size 2048K, 29 young (59392K), 4 survivors (8192K)
 Metaspace       used 99431K, committed 100160K, reserved 1179648K
  class space    used 13373K, committed 13696K, reserved 1048576K
}
Event: 11.555 GC heap after
{Heap after GC invocations=35 (full 0):
 garbage-first heap   total 192512K, used 108518K [0x0000000700000000, 0x0000000800000000)
  region size 2048K, 4 young (8192K), 4 survivors (8192K)
 Metaspace       used 99431K, committed 100160K, reserved 1179648K
  class space    used 13373K, committed 13696K, reserved 1048576K
}
Event: 11.784 GC heap before
{Heap before GC invocations=36 (full 0):
 garbage-first heap   total 192512K, used 157670K [0x0000000700000000, 0x0000000800000000)
  region size 2048K, 28 young (57344K), 4 survivors (8192K)
 Metaspace       used 99596K, committed 100288K, reserved 1179648K
  class space    used 13385K, committed 13696K, reserved 1048576K
}
Event: 11.788 GC heap after
{Heap after GC invocations=37 (full 0):
 garbage-first heap   total 192512K, used 111756K [0x0000000700000000, 0x0000000800000000)
  region size 2048K, 4 young (8192K), 4 survivors (8192K)
 Metaspace       used 99596K, committed 100288K, reserved 1179648K
  class space    used 13385K, committed 13696K, reserved 1048576K
}
Event: 11.901 GC heap before
{Heap before GC invocations=37 (full 0):
 garbage-first heap   total 192512K, used 154764K [0x0000000700000000, 0x0000000800000000)
  region size 2048K, 26 young (53248K), 4 survivors (8192K)
 Metaspace       used 99655K, committed 100352K, reserved 1179648K
  class space    used 13388K, committed 13696K, reserved 1048576K
}
Event: 11.905 GC heap after
{Heap after GC invocations=38 (full 0):
 garbage-first heap   total 192512K, used 114036K [0x0000000700000000, 0x0000000800000000)
  region size 2048K, 3 young (6144K), 3 survivors (6144K)
 Metaspace       used 99655K, committed 100352K, reserved 1179648K
  class space    used 13388K, committed 13696K, reserved 1048576K
}

