# JRE version: OpenJDK Runtime Environment (17.0.7) (build 17.0.7+0-b2043.56-10550314)
# Java VM: OpenJDK 64-Bit Server VM (17.0.7+0-b2043.56-10550314, mixed mode, tiered, compressed oops, compressed class ptrs, g1 gc, windows-amd64)
GC Precious Log:
 CPUs: 20 total, 20 available
 Memory: 16110M
 Large Page Support: Disabled
 NUMA Support: Disabled
 Compressed Oops: Enabled (Zero based)
 Heap Region Size: 2M
 Heap Min Capacity: 8M
 Heap Initial Capacity: 252M
 Heap Max Capacity: 4G
 Pre-touch: Disabled
 Parallel Workers: 15
 Concurrent Workers: 4
 Concurrent Refinement Workers: 15
 Periodic GC: Disabled
Heap:
 garbage-first heap   total 258048K, used 110948K [0x0000000700000000, 0x0000000800000000)
  region size 2048K, 1 young (2048K), 1 survivors (2048K)
 Metaspace       used 100219K, committed 100864K, reserved 1179648K
  class space    used 13534K, committed 13824K, reserved 1048576K
GC Heap History (20 events):
Event: 7.315 GC heap after
{Heap after GC invocations=29 (full 0):
 garbage-first heap   total 135168K, used 85001K [0x0000000700000000, 0x0000000800000000)
  region size 2048K, 3 young (6144K), 3 survivors (6144K)
 Metaspace       used 87145K, committed 87744K, reserved 1179648K
  class space    used 11742K, committed 12032K, reserved 1048576K
}
Event: 7.573 GC heap before
{Heap before GC invocations=30 (full 0):
 garbage-first heap   total 151552K, used 107529K [0x0000000700000000, 0x0000000800000000)
  region size 2048K, 15 young (30720K), 3 survivors (6144K)
 Metaspace       used 89461K, committed 90048K, reserved 1179648K
  class space    used 12016K, committed 12288K, reserved 1048576K
}
Event: 7.576 GC heap after
{Heap after GC invocations=31 (full 0):
 garbage-first heap   total 151552K, used 89494K [0x0000000700000000, 0x0000000800000000)
  region size 2048K, 2 young (4096K), 2 survivors (4096K)
 Metaspace       used 89461K, committed 90048K, reserved 1179648K
  class space    used 12016K, committed 12288K, reserved 1048576K
}
Event: 7.881 GC heap before
{Heap before GC invocations=31 (full 0):
 garbage-first heap   total 151552K, used 118166K [0x0000000700000000, 0x0000000800000000)
  region size 2048K, 17 young (34816K), 2 survivors (4096K)
 Metaspace       used 91517K, committed 92096K, reserved 1179648K
  class space    used 12428K, committed 12672K, reserved 1048576K
}
Event: 7.884 GC heap after
{Heap after GC invocations=32 (full 0):
 garbage-first heap   total 151552K, used 92801K [0x0000000700000000, 0x0000000800000000)
  region size 2048K, 2 young (4096K), 2 survivors (4096K)
 Metaspace       used 91517K, committed 92096K, reserved 1179648K
  class space    used 12428K, committed 12672K, reserved 1048576K
}
Event: 7.957 GC heap before
{Heap before GC invocations=33 (full 0):
 garbage-first heap   total 167936K, used 119425K [0x0000000700000000, 0x0000000800000000)
  region size 2048K, 16 young (32768K), 2 survivors (4096K)
 Metaspace       used 91774K, committed 92416K, reserved 1179648K
  class space    used 12494K, committed 12800K, reserved 1048576K
}
Event: 7.959 GC heap after
{Heap after GC invocations=34 (full 0):
 garbage-first heap   total 167936K, used 95266K [0x0000000700000000, 0x0000000800000000)
  region size 2048K, 2 young (4096K), 2 survivors (4096K)
 Metaspace       used 91774K, committed 92416K, reserved 1179648K
  class space    used 12494K, committed 12800K, reserved 1048576K
}
Event: 7.966 GC heap before
{Heap before GC invocations=34 (full 0):
 garbage-first heap   total 167936K, used 99362K [0x0000000700000000, 0x0000000800000000)
  region size 2048K, 4 young (8192K), 2 survivors (4096K)
 Metaspace       used 91790K, committed 92416K, reserved 1179648K
  class space    used 12494K, committed 12800K, reserved 1048576K
}
Event: 7.969 GC heap after
{Heap after GC invocations=35 (full 0):
 garbage-first heap   total 208896K, used 95094K [0x0000000700000000, 0x0000000800000000)
  region size 2048K, 1 young (2048K), 1 survivors (2048K)
 Metaspace       used 91790K, committed 92416K, reserved 1179648K
  class space    used 12494K, committed 12800K, reserved 1048576K
}
Event: 8.217 GC heap before
{Heap before GC invocations=35 (full 0):
 garbage-first heap   total 208896K, used 158582K [0x0000000700000000, 0x0000000800000000)
  region size 2048K, 33 young (67584K), 1 survivors (2048K)
 Metaspace       used 92285K, committed 92928K, reserved 1179648K
  class space    used 12531K, committed 12800K, reserved 1048576K
}
Event: 8.220 GC heap after
{Heap after GC invocations=36 (full 0):
 garbage-first heap   total 208896K, used 99100K [0x0000000700000000, 0x0000000800000000)
  region size 2048K, 3 young (6144K), 3 survivors (6144K)
 Metaspace       used 92285K, committed 92928K, reserved 1179648K
  class space    used 12531K, committed 12800K, reserved 1048576K
}
Event: 8.390 GC heap before
{Heap before GC invocations=37 (full 0):
 garbage-first heap   total 208896K, used 162588K [0x0000000700000000, 0x0000000800000000)
  region size 2048K, 35 young (71680K), 3 survivors (6144K)
 Metaspace       used 92633K, committed 93248K, reserved 1179648K
  class space    used 12538K, committed 12800K, reserved 1048576K
}
Event: 8.393 GC heap after
{Heap after GC invocations=38 (full 0):
 garbage-first heap   total 208896K, used 103100K [0x0000000700000000, 0x0000000800000000)
  region size 2048K, 5 young (10240K), 5 survivors (10240K)
 Metaspace       used 92633K, committed 93248K, reserved 1179648K
  class space    used 12538K, committed 12800K, reserved 1048576K
}
Event: 8.400 GC heap before
{Heap before GC invocations=38 (full 0):
 garbage-first heap   total 208896K, used 103100K [0x0000000700000000, 0x0000000800000000)
  region size 2048K, 6 young (12288K), 5 survivors (10240K)
 Metaspace       used 92633K, committed 93248K, reserved 1179648K
  class space    used 12538K, committed 12800K, reserved 1048576K
}
Event: 8.404 GC heap after
{Heap after GC invocations=39 (full 0):
 garbage-first heap   total 208896K, used 103657K [0x0000000700000000, 0x0000000800000000)
  region size 2048K, 1 young (2048K), 1 survivors (2048K)
 Metaspace       used 92633K, committed 93248K, reserved 1179648K
  class space    used 12538K, committed 12800K, reserved 1048576K
}
Event: 8.887 GC heap before
{Heap before GC invocations=39 (full 0):
 garbage-first heap   total 208896K, used 165097K [0x0000000700000000, 0x0000000800000000)
  region size 2048K, 32 young (65536K), 1 survivors (2048K)
 Metaspace       used 97835K, committed 98432K, reserved 1179648K
  class space    used 13233K, committed 13504K, reserved 1048576K
}
Event: 8.890 GC heap after
{Heap after GC invocations=40 (full 0):
 garbage-first heap   total 208896K, used 106347K [0x0000000700000000, 0x0000000800000000)
  region size 2048K, 2 young (4096K), 2 survivors (4096K)
 Metaspace       used 97835K, committed 98432K, reserved 1179648K
  class space    used 13233K, committed 13504K, reserved 1048576K
}
Event: 9.294 GC heap before
{Heap before GC invocations=41 (full 0):
 garbage-first heap   total 208896K, used 167787K [0x0000000700000000, 0x0000000800000000)
  region size 2048K, 33 young (67584K), 2 survivors (4096K)
 Metaspace       used 100195K, committed 100864K, reserved 1179648K
  class space    used 13530K, committed 13824K, reserved 1048576K
}
Event: 9.299 GC heap after
{Heap after GC invocations=42 (full 0):
 garbage-first heap   total 208896K, used 110209K [0x0000000700000000, 0x0000000800000000)
  region size 2048K, 4 young (8192K), 4 survivors (8192K)
 Metaspace       used 100195K, committed 100864K, reserved 1179648K
  class space    used 13530K, committed 13824K, reserved 1048576K
}
Event: 9.307 GC heap before
{Heap before GC invocations=42 (full 0):
 garbage-first heap   total 208896K, used 110209K [0x0000000700000000, 0x0000000800000000)
  region size 2048K, 5 young (10240K), 4 survivors (8192K)
 Metaspace       used 100219K, committed 100864K, reserved 1179648K
  class space    used 13534K, committed 13824K, reserved 1048576K
}

