# JRE version: OpenJDK Runtime Environment (17.0.7) (build 17.0.7+0-b2043.56-10550314)
# Java VM: OpenJDK 64-Bit Server VM (17.0.7+0-b2043.56-10550314, mixed mode, tiered, compressed oops, compressed class ptrs, g1 gc, windows-amd64)
GC Precious Log:
 CPUs: 20 total, 20 available
 Memory: 16110M
 Large Page Support: Disabled
 NUMA Support: Disabled
 Compressed Oops: Enabled (Zero based)
 Heap Region Size: 2M
 Heap Min Capacity: 8M
 Heap Initial Capacity: 252M
 Heap Max Capacity: 4G
 Pre-touch: Disabled
 Parallel Workers: 15
 Concurrent Workers: 4
 Concurrent Refinement Workers: 15
 Periodic GC: Disabled
Heap:
 garbage-first heap   total 131072K, used 50390K [0x0000000700000000, 0x0000000800000000)
  region size 2048K, 12 young (24576K), 4 survivors (8192K)
 Metaspace       used 57509K, committed 57920K, reserved 1114112K
  class space    used 7525K, committed 7680K, reserved 1048576K
GC Heap History (20 events):
Event: 1.114 GC heap before
{Heap before GC invocations=1 (full 0):
 garbage-first heap   total 258048K, used 34492K [0x0000000700000000, 0x0000000800000000)
  region size 2048K, 15 young (30720K), 2 survivors (4096K)
 Metaspace       used 11211K, committed 11392K, reserved 1114112K
  class space    used 1164K, committed 1280K, reserved 1048576K
}
Event: 1.118 GC heap after
{Heap after GC invocations=2 (full 0):
 garbage-first heap   total 258048K, used 11335K [0x0000000700000000, 0x0000000800000000)
  region size 2048K, 1 young (2048K), 1 survivors (2048K)
 Metaspace       used 11211K, committed 11392K, reserved 1114112K
  class space    used 1164K, committed 1280K, reserved 1048576K
}
Event: 2.518 GC heap before
{Heap before GC invocations=2 (full 0):
 garbage-first heap   total 258048K, used 60487K [0x0000000700000000, 0x0000000800000000)
  region size 2048K, 27 young (55296K), 1 survivors (2048K)
 Metaspace       used 21331K, committed 21504K, reserved 1114112K
  class space    used 2577K, committed 2624K, reserved 1048576K
}
Event: 2.543 GC heap after
{Heap after GC invocations=3 (full 0):
 garbage-first heap   total 258048K, used 18382K [0x0000000700000000, 0x0000000800000000)
  region size 2048K, 5 young (10240K), 5 survivors (10240K)
 Metaspace       used 21331K, committed 21504K, reserved 1114112K
  class space    used 2577K, committed 2624K, reserved 1048576K
}
Event: 3.236 GC heap before
{Heap before GC invocations=4 (full 0):
 garbage-first heap   total 75776K, used 53198K [0x0000000700000000, 0x0000000800000000)
  region size 2048K, 22 young (45056K), 5 survivors (10240K)
 Metaspace       used 26799K, committed 27072K, reserved 1114112K
  class space    used 3531K, committed 3648K, reserved 1048576K
}
Event: 3.260 GC heap after
{Heap after GC invocations=5 (full 0):
 garbage-first heap   total 75776K, used 20320K [0x0000000700000000, 0x0000000800000000)
  region size 2048K, 2 young (4096K), 2 survivors (4096K)
 Metaspace       used 26799K, committed 27072K, reserved 1114112K
  class space    used 3531K, committed 3648K, reserved 1048576K
}
Event: 3.345 GC heap before
{Heap before GC invocations=5 (full 0):
 garbage-first heap   total 75776K, used 22368K [0x0000000700000000, 0x0000000800000000)
  region size 2048K, 3 young (6144K), 2 survivors (4096K)
 Metaspace       used 27185K, committed 27456K, reserved 1114112K
  class space    used 3595K, committed 3712K, reserved 1048576K
}
Event: 3.357 GC heap after
{Heap after GC invocations=6 (full 0):
 garbage-first heap   total 75776K, used 20567K [0x0000000700000000, 0x0000000800000000)
  region size 2048K, 1 young (2048K), 1 survivors (2048K)
 Metaspace       used 27185K, committed 27456K, reserved 1114112K
  class space    used 3595K, committed 3712K, reserved 1048576K
}
Event: 4.174 GC heap before
{Heap before GC invocations=6 (full 0):
 garbage-first heap   total 75776K, used 53335K [0x0000000700000000, 0x0000000800000000)
  region size 2048K, 17 young (34816K), 1 survivors (2048K)
 Metaspace       used 31966K, committed 32256K, reserved 1114112K
  class space    used 4383K, committed 4480K, reserved 1048576K
}
Event: 4.176 GC heap after
{Heap after GC invocations=7 (full 0):
 garbage-first heap   total 75776K, used 21678K [0x0000000700000000, 0x0000000800000000)
  region size 2048K, 1 young (2048K), 1 survivors (2048K)
 Metaspace       used 31966K, committed 32256K, reserved 1114112K
  class space    used 4383K, committed 4480K, reserved 1048576K
}
Event: 4.668 GC heap before
{Heap before GC invocations=7 (full 0):
 garbage-first heap   total 75776K, used 38062K [0x0000000700000000, 0x0000000800000000)
  region size 2048K, 10 young (20480K), 1 survivors (2048K)
 Metaspace       used 35684K, committed 35968K, reserved 1114112K
  class space    used 4853K, committed 4992K, reserved 1048576K
}
Event: 4.672 GC heap after
{Heap after GC invocations=8 (full 0):
 garbage-first heap   total 75776K, used 23390K [0x0000000700000000, 0x0000000800000000)
  region size 2048K, 2 young (4096K), 2 survivors (4096K)
 Metaspace       used 35684K, committed 35968K, reserved 1114112K
  class space    used 4853K, committed 4992K, reserved 1048576K
}
Event: 5.234 GC heap before
{Heap before GC invocations=9 (full 0):
 garbage-first heap   total 75776K, used 56158K [0x0000000700000000, 0x0000000800000000)
  region size 2048K, 18 young (36864K), 2 survivors (4096K)
 Metaspace       used 40336K, committed 40704K, reserved 1114112K
  class space    used 5334K, committed 5504K, reserved 1048576K
}
Event: 5.238 GC heap after
{Heap after GC invocations=10 (full 0):
 garbage-first heap   total 75776K, used 27172K [0x0000000700000000, 0x0000000800000000)
  region size 2048K, 3 young (6144K), 3 survivors (6144K)
 Metaspace       used 40336K, committed 40704K, reserved 1114112K
  class space    used 5334K, committed 5504K, reserved 1048576K
}
Event: 5.742 GC heap before
{Heap before GC invocations=10 (full 0):
 garbage-first heap   total 75776K, used 57892K [0x0000000700000000, 0x0000000800000000)
  region size 2048K, 17 young (34816K), 3 survivors (6144K)
 Metaspace       used 43068K, committed 43456K, reserved 1114112K
  class space    used 5620K, committed 5760K, reserved 1048576K
}
Event: 5.760 GC heap after
{Heap after GC invocations=11 (full 0):
 garbage-first heap   total 75776K, used 29758K [0x0000000700000000, 0x0000000800000000)
  region size 2048K, 2 young (4096K), 2 survivors (4096K)
 Metaspace       used 43068K, committed 43456K, reserved 1114112K
  class space    used 5620K, committed 5760K, reserved 1048576K
}
Event: 6.268 GC heap before
{Heap before GC invocations=11 (full 0):
 garbage-first heap   total 75776K, used 56382K [0x0000000700000000, 0x0000000800000000)
  region size 2048K, 15 young (30720K), 2 survivors (4096K)
 Metaspace       used 47076K, committed 47424K, reserved 1114112K
  class space    used 6172K, committed 6336K, reserved 1048576K
}
Event: 6.274 GC heap after
{Heap after GC invocations=12 (full 0):
 garbage-first heap   total 131072K, used 31205K [0x0000000700000000, 0x0000000800000000)
  region size 2048K, 1 young (2048K), 1 survivors (2048K)
 Metaspace       used 47076K, committed 47424K, reserved 1114112K
  class space    used 6172K, committed 6336K, reserved 1048576K
}
Event: 8.430 GC heap before
{Heap before GC invocations=12 (full 0):
 garbage-first heap   total 131072K, used 92645K [0x0000000700000000, 0x0000000800000000)
  region size 2048K, 31 young (63488K), 1 survivors (2048K)
 Metaspace       used 57347K, committed 57728K, reserved 1114112K
  class space    used 7516K, committed 7680K, reserved 1048576K
}
Event: 8.458 GC heap after
{Heap after GC invocations=13 (full 0):
 garbage-first heap   total 131072K, used 36054K [0x0000000700000000, 0x0000000800000000)
  region size 2048K, 4 young (8192K), 4 survivors (8192K)
 Metaspace       used 57347K, committed 57728K, reserved 1114112K
  class space    used 7516K, committed 7680K, reserved 1048576K
}

