# JRE version: OpenJDK Runtime Environment (17.0.7) (build 17.0.7+0-b2043.56-10550314)
# Java VM: OpenJDK 64-Bit Server VM (17.0.7+0-b2043.56-10550314, mixed mode, tiered, compressed oops, compressed class ptrs, g1 gc, windows-amd64)
GC Precious Log:
 CPUs: 20 total, 20 available
 Memory: 16110M
 Large Page Support: Disabled
 NUMA Support: Disabled
 Compressed Oops: Enabled (32-bit)
 Heap Region Size: 1M
 Heap Min Capacity: 8M
 Heap Initial Capacity: 252M
 Heap Max Capacity: 2G
 Pre-touch: Disabled
 Parallel Workers: 15
 Concurrent Workers: 4
 Concurrent Refinement Workers: 15
 Periodic GC: Disabled
Heap:
 garbage-first heap   total 99328K, used 75535K [0x0000000080000000, 0x0000000100000000)
  region size 1024K, 26 young (26624K), 2 survivors (2048K)
 Metaspace       used 60669K, committed 61120K, reserved 1114112K
  class space    used 7913K, committed 8128K, reserved 1048576K
GC Heap History (20 events):
Event: 2.789 GC heap before
{Heap before GC invocations=4 (full 0):
 garbage-first heap   total 65536K, used 47596K [0x0000000080000000, 0x0000000100000000)
  region size 1024K, 38 young (38912K), 9 survivors (9216K)
 Metaspace       used 26145K, committed 26496K, reserved 1114112K
  class space    used 3423K, committed 3584K, reserved 1048576K
}
Event: 2.794 GC heap after
{Heap after GC invocations=5 (full 0):
 garbage-first heap   total 65536K, used 19437K [0x0000000080000000, 0x0000000100000000)
  region size 1024K, 3 young (3072K), 3 survivors (3072K)
 Metaspace       used 26145K, committed 26496K, reserved 1114112K
  class space    used 3423K, committed 3584K, reserved 1048576K
}
Event: 2.823 GC heap before
{Heap before GC invocations=5 (full 0):
 garbage-first heap   total 65536K, used 20461K [0x0000000080000000, 0x0000000100000000)
  region size 1024K, 4 young (4096K), 3 survivors (3072K)
 Metaspace       used 26316K, committed 26560K, reserved 1114112K
  class space    used 3446K, committed 3584K, reserved 1048576K
}
Event: 2.826 GC heap after
{Heap after GC invocations=6 (full 0):
 garbage-first heap   total 65536K, used 19627K [0x0000000080000000, 0x0000000100000000)
  region size 1024K, 1 young (1024K), 1 survivors (1024K)
 Metaspace       used 26316K, committed 26560K, reserved 1114112K
  class space    used 3446K, committed 3584K, reserved 1048576K
}
Event: 3.354 GC heap before
{Heap before GC invocations=6 (full 0):
 garbage-first heap   total 65536K, used 45227K [0x0000000080000000, 0x0000000100000000)
  region size 1024K, 26 young (26624K), 1 survivors (1024K)
 Metaspace       used 30270K, committed 30592K, reserved 1114112K
  class space    used 4077K, committed 4224K, reserved 1048576K
}
Event: 3.356 GC heap after
{Heap after GC invocations=7 (full 0):
 garbage-first heap   total 65536K, used 20626K [0x0000000080000000, 0x0000000100000000)
  region size 1024K, 2 young (2048K), 2 survivors (2048K)
 Metaspace       used 30270K, committed 30592K, reserved 1114112K
  class space    used 4077K, committed 4224K, reserved 1048576K
}
Event: 3.908 GC heap before
{Heap before GC invocations=7 (full 0):
 garbage-first heap   total 65536K, used 45202K [0x0000000080000000, 0x0000000100000000)
  region size 1024K, 28 young (28672K), 2 survivors (2048K)
 Metaspace       used 35682K, committed 35968K, reserved 1114112K
  class space    used 4771K, committed 4928K, reserved 1048576K
}
Event: 3.911 GC heap after
{Heap after GC invocations=8 (full 0):
 garbage-first heap   total 65536K, used 22945K [0x0000000080000000, 0x0000000100000000)
  region size 1024K, 4 young (4096K), 4 survivors (4096K)
 Metaspace       used 35682K, committed 35968K, reserved 1114112K
  class space    used 4771K, committed 4928K, reserved 1048576K
}
Event: 4.244 GC heap before
{Heap before GC invocations=9 (full 0):
 garbage-first heap   total 65536K, used 47521K [0x0000000080000000, 0x0000000100000000)
  region size 1024K, 29 young (29696K), 4 survivors (4096K)
 Metaspace       used 39326K, committed 39616K, reserved 1114112K
  class space    used 5166K, committed 5312K, reserved 1048576K
}
Event: 4.248 GC heap after
{Heap after GC invocations=10 (full 0):
 garbage-first heap   total 65536K, used 26538K [0x0000000080000000, 0x0000000100000000)
  region size 1024K, 4 young (4096K), 4 survivors (4096K)
 Metaspace       used 39326K, committed 39616K, reserved 1114112K
  class space    used 5166K, committed 5312K, reserved 1048576K
}
Event: 4.590 GC heap before
{Heap before GC invocations=10 (full 0):
 garbage-first heap   total 65536K, used 51114K [0x0000000080000000, 0x0000000100000000)
  region size 1024K, 25 young (25600K), 4 survivors (4096K)
 Metaspace       used 41464K, committed 41792K, reserved 1114112K
  class space    used 5365K, committed 5504K, reserved 1048576K
}
Event: 4.595 GC heap after
{Heap after GC invocations=11 (full 0):
 garbage-first heap   total 98304K, used 28018K [0x0000000080000000, 0x0000000100000000)
  region size 1024K, 3 young (3072K), 3 survivors (3072K)
 Metaspace       used 41464K, committed 41792K, reserved 1114112K
  class space    used 5365K, committed 5504K, reserved 1048576K
}
Event: 5.527 GC heap before
{Heap before GC invocations=11 (full 0):
 garbage-first heap   total 98304K, used 70002K [0x0000000080000000, 0x0000000100000000)
  region size 1024K, 44 young (45056K), 3 survivors (3072K)
 Metaspace       used 46833K, committed 47232K, reserved 1114112K
  class space    used 6122K, committed 6336K, reserved 1048576K
}
Event: 5.531 GC heap after
{Heap after GC invocations=12 (full 0):
 garbage-first heap   total 98304K, used 30841K [0x0000000080000000, 0x0000000100000000)
  region size 1024K, 6 young (6144K), 6 survivors (6144K)
 Metaspace       used 46833K, committed 47232K, reserved 1114112K
  class space    used 6122K, committed 6336K, reserved 1048576K
}
Event: 6.246 GC heap before
{Heap before GC invocations=12 (full 0):
 garbage-first heap   total 98304K, used 71801K [0x0000000080000000, 0x0000000100000000)
  region size 1024K, 46 young (47104K), 6 survivors (6144K)
 Metaspace       used 50307K, committed 50688K, reserved 1114112K
  class space    used 6620K, committed 6784K, reserved 1048576K
}
Event: 6.249 GC heap after
{Heap after GC invocations=13 (full 0):
 garbage-first heap   total 98304K, used 33787K [0x0000000080000000, 0x0000000100000000)
  region size 1024K, 6 young (6144K), 6 survivors (6144K)
 Metaspace       used 50307K, committed 50688K, reserved 1114112K
  class space    used 6620K, committed 6784K, reserved 1048576K
}
Event: 6.776 GC heap before
{Heap before GC invocations=13 (full 0):
 garbage-first heap   total 98304K, used 81915K [0x0000000080000000, 0x0000000100000000)
  region size 1024K, 45 young (46080K), 6 survivors (6144K)
 Metaspace       used 52554K, committed 52928K, reserved 1114112K
  class space    used 6898K, committed 7040K, reserved 1048576K
}
Event: 6.782 GC heap after
{Heap after GC invocations=14 (full 0):
 garbage-first heap   total 99328K, used 51415K [0x0000000080000000, 0x0000000100000000)
  region size 1024K, 6 young (6144K), 6 survivors (6144K)
 Metaspace       used 52554K, committed 52928K, reserved 1114112K
  class space    used 6898K, committed 7040K, reserved 1048576K
}
Event: 7.299 GC heap before
{Heap before GC invocations=14 (full 0):
 garbage-first heap   total 99328K, used 74967K [0x0000000080000000, 0x0000000100000000)
  region size 1024K, 29 young (29696K), 6 survivors (6144K)
 Metaspace       used 56496K, committed 56960K, reserved 1114112K
  class space    used 7435K, committed 7680K, reserved 1048576K
}
Event: 7.302 GC heap after
{Heap after GC invocations=15 (full 0):
 garbage-first heap   total 99328K, used 51983K [0x0000000080000000, 0x0000000100000000)
  region size 1024K, 2 young (2048K), 2 survivors (2048K)
 Metaspace       used 56496K, committed 56960K, reserved 1114112K
  class space    used 7435K, committed 7680K, reserved 1048576K
}

