# JRE version: OpenJDK Runtime Environment (17.0.7) (build 17.0.7+0-b2043.56-10550314)
# Java VM: OpenJDK 64-Bit Server VM (17.0.7+0-b2043.56-10550314, mixed mode, tiered, compressed oops, compressed class ptrs, g1 gc, windows-amd64)
GC Precious Log:
 CPUs: 20 total, 20 available
 Memory: 16110M
 Large Page Support: Disabled
 NUMA Support: Disabled
 Compressed Oops: Enabled (Zero based)
 Heap Region Size: 2M
 Heap Min Capacity: 8M
 Heap Initial Capacity: 252M
 Heap Max Capacity: 4G
 Pre-touch: Disabled
 Parallel Workers: 15
 Concurrent Workers: 4
 Concurrent Refinement Workers: 15
 Periodic GC: Disabled
Heap:
 garbage-first heap   total 288768K, used 171506K [0x0000000700000000, 0x0000000800000000)
  region size 2048K, 22 young (45056K), 6 survivors (12288K)
 Metaspace       used 106834K, committed 107520K, reserved 1179648K
  class space    used 14239K, committed 14592K, reserved 1048576K
GC Heap History (20 events):
Event: 7.990 GC heap before
{Heap before GC invocations=31 (full 0):
 garbage-first heap   total 141312K, used 116002K [0x0000000700000000, 0x0000000800000000)
  region size 2048K, 22 young (45056K), 3 survivors (6144K)
 Metaspace       used 87169K, committed 87744K, reserved 1179648K
  class space    used 11743K, committed 12032K, reserved 1048576K
}
Event: 7.994 GC heap after
{Heap after GC invocations=32 (full 0):
 garbage-first heap   total 141312K, used 83834K [0x0000000700000000, 0x0000000800000000)
  region size 2048K, 3 young (6144K), 3 survivors (6144K)
 Metaspace       used 87169K, committed 87744K, reserved 1179648K
  class space    used 11743K, committed 12032K, reserved 1048576K
}
Event: 8.340 GC heap before
{Heap before GC invocations=33 (full 0):
 garbage-first heap   total 147456K, used 114554K [0x0000000700000000, 0x0000000800000000)
  region size 2048K, 18 young (36864K), 3 survivors (6144K)
 Metaspace       used 89671K, committed 90240K, reserved 1179648K
  class space    used 12059K, committed 12288K, reserved 1048576K
}
Event: 8.343 GC heap after
{Heap after GC invocations=34 (full 0):
 garbage-first heap   total 147456K, used 90286K [0x0000000700000000, 0x0000000800000000)
  region size 2048K, 3 young (6144K), 3 survivors (6144K)
 Metaspace       used 89671K, committed 90240K, reserved 1179648K
  class space    used 12059K, committed 12288K, reserved 1048576K
}
Event: 8.654 GC heap before
{Heap before GC invocations=34 (full 0):
 garbage-first heap   total 147456K, used 114862K [0x0000000700000000, 0x0000000800000000)
  region size 2048K, 16 young (32768K), 3 survivors (6144K)
 Metaspace       used 91429K, committed 92032K, reserved 1179648K
  class space    used 12409K, committed 12672K, reserved 1048576K
}
Event: 8.657 GC heap after
{Heap after GC invocations=35 (full 0):
 garbage-first heap   total 147456K, used 92969K [0x0000000700000000, 0x0000000800000000)
  region size 2048K, 2 young (4096K), 2 survivors (4096K)
 Metaspace       used 91429K, committed 92032K, reserved 1179648K
  class space    used 12409K, committed 12672K, reserved 1048576K
}
Event: 8.781 GC heap before
{Heap before GC invocations=36 (full 0):
 garbage-first heap   total 167936K, used 115497K [0x0000000700000000, 0x0000000800000000)
  region size 2048K, 14 young (28672K), 2 survivors (4096K)
 Metaspace       used 91783K, committed 92416K, reserved 1179648K
  class space    used 12497K, committed 12800K, reserved 1048576K
}
Event: 8.787 GC heap after
{Heap after GC invocations=37 (full 0):
 garbage-first heap   total 167936K, used 95451K [0x0000000700000000, 0x0000000800000000)
  region size 2048K, 2 young (4096K), 2 survivors (4096K)
 Metaspace       used 91783K, committed 92416K, reserved 1179648K
  class space    used 12497K, committed 12800K, reserved 1048576K
}
Event: 8.797 GC heap before
{Heap before GC invocations=37 (full 0):
 garbage-first heap   total 167936K, used 99547K [0x0000000700000000, 0x0000000800000000)
  region size 2048K, 4 young (8192K), 2 survivors (4096K)
 Metaspace       used 91801K, committed 92480K, reserved 1179648K
  class space    used 12497K, committed 12800K, reserved 1048576K
}
Event: 8.799 GC heap after
{Heap after GC invocations=38 (full 0):
 garbage-first heap   total 167936K, used 95272K [0x0000000700000000, 0x0000000800000000)
  region size 2048K, 1 young (2048K), 1 survivors (2048K)
 Metaspace       used 91801K, committed 92480K, reserved 1179648K
  class space    used 12497K, committed 12800K, reserved 1048576K
}
Event: 8.958 GC heap before
{Heap before GC invocations=38 (full 0):
 garbage-first heap   total 167936K, used 130088K [0x0000000700000000, 0x0000000800000000)
  region size 2048K, 19 young (38912K), 1 survivors (2048K)
 Metaspace       used 92028K, committed 92672K, reserved 1179648K
  class space    used 12504K, committed 12800K, reserved 1048576K
}
Event: 8.961 GC heap after
{Heap after GC invocations=39 (full 0):
 garbage-first heap   total 288768K, used 97329K [0x0000000700000000, 0x0000000800000000)
  region size 2048K, 2 young (4096K), 2 survivors (4096K)
 Metaspace       used 92028K, committed 92672K, reserved 1179648K
  class space    used 12504K, committed 12800K, reserved 1048576K
}
Event: 9.855 GC heap before
{Heap before GC invocations=40 (full 0):
 garbage-first heap   total 288768K, used 220209K [0x0000000700000000, 0x0000000800000000)
  region size 2048K, 63 young (129024K), 2 survivors (4096K)
 Metaspace       used 95111K, committed 95744K, reserved 1179648K
  class space    used 12894K, committed 13184K, reserved 1048576K
}
Event: 9.863 GC heap after
{Heap after GC invocations=41 (full 0):
 garbage-first heap   total 288768K, used 104691K [0x0000000700000000, 0x0000000800000000)
  region size 2048K, 5 young (10240K), 5 survivors (10240K)
 Metaspace       used 95111K, committed 95744K, reserved 1179648K
  class space    used 12894K, committed 13184K, reserved 1048576K
}
Event: 9.910 GC heap before
{Heap before GC invocations=41 (full 0):
 garbage-first heap   total 288768K, used 108787K [0x0000000700000000, 0x0000000800000000)
  region size 2048K, 7 young (14336K), 5 survivors (10240K)
 Metaspace       used 95810K, committed 96384K, reserved 1179648K
  class space    used 12986K, committed 13248K, reserved 1048576K
}
Event: 9.914 GC heap after
{Heap after GC invocations=42 (full 0):
 garbage-first heap   total 288768K, used 105392K [0x0000000700000000, 0x0000000800000000)
  region size 2048K, 1 young (2048K), 1 survivors (2048K)
 Metaspace       used 95810K, committed 96384K, reserved 1179648K
  class space    used 12986K, committed 13248K, reserved 1048576K
}
Event: 10.600 GC heap before
{Heap before GC invocations=42 (full 0):
 garbage-first heap   total 288768K, used 220080K [0x0000000700000000, 0x0000000800000000)
  region size 2048K, 58 young (118784K), 1 survivors (2048K)
 Metaspace       used 99517K, committed 100096K, reserved 1179648K
  class space    used 13390K, committed 13632K, reserved 1048576K
}
Event: 10.605 GC heap after
{Heap after GC invocations=43 (full 0):
 garbage-first heap   total 288768K, used 111885K [0x0000000700000000, 0x0000000800000000)
  region size 2048K, 4 young (8192K), 4 survivors (8192K)
 Metaspace       used 99517K, committed 100096K, reserved 1179648K
  class space    used 13390K, committed 13632K, reserved 1048576K
}
Event: 11.337 GC heap before
{Heap before GC invocations=43 (full 0):
 garbage-first heap   total 288768K, used 191757K [0x0000000700000000, 0x0000000800000000)
  region size 2048K, 27 young (55296K), 4 survivors (8192K)
 Metaspace       used 102488K, committed 103232K, reserved 1179648K
  class space    used 13797K, committed 14144K, reserved 1048576K
}
Event: 11.341 GC heap after
{Heap after GC invocations=44 (full 0):
 garbage-first heap   total 288768K, used 140786K [0x0000000700000000, 0x0000000800000000)
  region size 2048K, 6 young (12288K), 6 survivors (12288K)
 Metaspace       used 102488K, committed 103232K, reserved 1179648K
  class space    used 13797K, committed 14144K, reserved 1048576K
}

