# JRE version: OpenJDK Runtime Environment (17.0.7) (build 17.0.7+0-b2043.56-10550314)
# Java VM: OpenJDK 64-Bit Server VM (17.0.7+0-b2043.56-10550314, mixed mode, tiered, compressed oops, compressed class ptrs, g1 gc, windows-amd64)
GC Precious Log:
 CPUs: 20 total, 20 available
 Memory: 16110M
 Large Page Support: Disabled
 NUMA Support: Disabled
 Compressed Oops: Enabled (Zero based)
 Heap Region Size: 2M
 Heap Min Capacity: 8M
 Heap Initial Capacity: 252M
 Heap Max Capacity: 4028M
 Pre-touch: Disabled
 Parallel Workers: 15
 Concurrent Workers: 4
 Concurrent Refinement Workers: 15
 Periodic GC: Disabled
Heap:
 garbage-first heap   total 159744K, used 87348K [0x0000000704400000, 0x0000000800000000)
  region size 2048K, 4 young (8192K), 2 survivors (4096K)
 Metaspace       used 87759K, committed 88064K, reserved 1179648K
  class space    used 9613K, committed 9728K, reserved 1048576K
GC Heap History (20 events):
Event: 12.520 GC heap before
{Heap before GC invocations=20 (full 0):
 garbage-first heap   total 116736K, used 89621K [0x0000000704400000, 0x0000000800000000)
  region size 2048K, 16 young (32768K), 3 survivors (6144K)
 Metaspace       used 66680K, committed 67008K, reserved 1114112K
  class space    used 7635K, committed 7744K, reserved 1048576K
}
Event: 12.535 GC heap after
{Heap after GC invocations=21 (full 0):
 garbage-first heap   total 116736K, used 66007K [0x0000000704400000, 0x0000000800000000)
  region size 2048K, 2 young (4096K), 2 survivors (4096K)
 Metaspace       used 66680K, committed 67008K, reserved 1114112K
  class space    used 7635K, committed 7744K, reserved 1048576K
}
Event: 13.248 GC heap before
{Heap before GC invocations=21 (full 0):
 garbage-first heap   total 116736K, used 88535K [0x0000000704400000, 0x0000000800000000)
  region size 2048K, 14 young (28672K), 2 survivors (4096K)
 Metaspace       used 69546K, committed 69888K, reserved 1114112K
  class space    used 7930K, committed 8064K, reserved 1048576K
}
Event: 13.260 GC heap after
{Heap after GC invocations=22 (full 0):
 garbage-first heap   total 116736K, used 67834K [0x0000000704400000, 0x0000000800000000)
  region size 2048K, 1 young (2048K), 1 survivors (2048K)
 Metaspace       used 69546K, committed 69888K, reserved 1114112K
  class space    used 7930K, committed 8064K, reserved 1048576K
}
Event: 14.033 GC heap before
{Heap before GC invocations=23 (full 0):
 garbage-first heap   total 120832K, used 90362K [0x0000000704400000, 0x0000000800000000)
  region size 2048K, 13 young (26624K), 1 survivors (2048K)
 Metaspace       used 73174K, committed 73472K, reserved 1114112K
  class space    used 8263K, committed 8384K, reserved 1048576K
}
Event: 14.045 GC heap after
{Heap after GC invocations=24 (full 0):
 garbage-first heap   total 120832K, used 70305K [0x0000000704400000, 0x0000000800000000)
  region size 2048K, 2 young (4096K), 2 survivors (4096K)
 Metaspace       used 73174K, committed 73472K, reserved 1114112K
  class space    used 8263K, committed 8384K, reserved 1048576K
}
Event: 14.813 GC heap before
{Heap before GC invocations=24 (full 0):
 garbage-first heap   total 120832K, used 96929K [0x0000000704400000, 0x0000000800000000)
  region size 2048K, 15 young (30720K), 2 survivors (4096K)
 Metaspace       used 75162K, committed 75456K, reserved 1179648K
  class space    used 8494K, committed 8640K, reserved 1048576K
}
Event: 14.833 GC heap after
{Heap after GC invocations=25 (full 0):
 garbage-first heap   total 159744K, used 75730K [0x0000000704400000, 0x0000000800000000)
  region size 2048K, 2 young (4096K), 2 survivors (4096K)
 Metaspace       used 75162K, committed 75456K, reserved 1179648K
  class space    used 8494K, committed 8640K, reserved 1048576K
}
Event: 16.421 GC heap before
{Heap before GC invocations=26 (full 0):
 garbage-first heap   total 159744K, used 120786K [0x0000000704400000, 0x0000000800000000)
  region size 2048K, 24 young (49152K), 2 survivors (4096K)
 Metaspace       used 82003K, committed 82304K, reserved 1179648K
  class space    used 9202K, committed 9344K, reserved 1048576K
}
Event: 16.435 GC heap after
{Heap after GC invocations=27 (full 0):
 garbage-first heap   total 159744K, used 81284K [0x0000000704400000, 0x0000000800000000)
  region size 2048K, 3 young (6144K), 3 survivors (6144K)
 Metaspace       used 82003K, committed 82304K, reserved 1179648K
  class space    used 9202K, committed 9344K, reserved 1048576K
}
Event: 16.443 GC heap before
{Heap before GC invocations=27 (full 0):
 garbage-first heap   total 159744K, used 83332K [0x0000000704400000, 0x0000000800000000)
  region size 2048K, 4 young (8192K), 3 survivors (6144K)
 Metaspace       used 82004K, committed 82304K, reserved 1179648K
  class space    used 9202K, committed 9344K, reserved 1048576K
}
Event: 16.454 GC heap after
{Heap after GC invocations=28 (full 0):
 garbage-first heap   total 159744K, used 81852K [0x0000000704400000, 0x0000000800000000)
  region size 2048K, 1 young (2048K), 1 survivors (2048K)
 Metaspace       used 82004K, committed 82304K, reserved 1179648K
  class space    used 9202K, committed 9344K, reserved 1048576K
}
Event: 16.815 GC heap before
{Heap before GC invocations=28 (full 0):
 garbage-first heap   total 159744K, used 122812K [0x0000000704400000, 0x0000000800000000)
  region size 2048K, 21 young (43008K), 1 survivors (2048K)
 Metaspace       used 82381K, committed 82752K, reserved 1179648K
  class space    used 9208K, committed 9344K, reserved 1048576K
}
Event: 16.824 GC heap after
{Heap after GC invocations=29 (full 0):
 garbage-first heap   total 159744K, used 82519K [0x0000000704400000, 0x0000000800000000)
  region size 2048K, 1 young (2048K), 1 survivors (2048K)
 Metaspace       used 82381K, committed 82752K, reserved 1179648K
  class space    used 9208K, committed 9344K, reserved 1048576K
}
Event: 18.161 GC heap before
{Heap before GC invocations=30 (full 0):
 garbage-first heap   total 159744K, used 125527K [0x0000000704400000, 0x0000000800000000)
  region size 2048K, 22 young (45056K), 1 survivors (2048K)
 Metaspace       used 86942K, committed 87296K, reserved 1179648K
  class space    used 9593K, committed 9728K, reserved 1048576K
}
Event: 18.169 GC heap after
{Heap after GC invocations=31 (full 0):
 garbage-first heap   total 159744K, used 83707K [0x0000000704400000, 0x0000000800000000)
  region size 2048K, 2 young (4096K), 2 survivors (4096K)
 Metaspace       used 86942K, committed 87296K, reserved 1179648K
  class space    used 9593K, committed 9728K, reserved 1048576K
}
Event: 18.232 GC heap before
{Heap before GC invocations=31 (full 0):
 garbage-first heap   total 159744K, used 85755K [0x0000000704400000, 0x0000000800000000)
  region size 2048K, 3 young (6144K), 2 survivors (4096K)
 Metaspace       used 87019K, committed 87360K, reserved 1179648K
  class space    used 9594K, committed 9728K, reserved 1048576K
}
Event: 18.241 GC heap after
{Heap after GC invocations=32 (full 0):
 garbage-first heap   total 159744K, used 82813K [0x0000000704400000, 0x0000000800000000)
  region size 2048K, 1 young (2048K), 1 survivors (2048K)
 Metaspace       used 87019K, committed 87360K, reserved 1179648K
  class space    used 9594K, committed 9728K, reserved 1048576K
}
Event: 18.890 GC heap before
{Heap before GC invocations=32 (full 0):
 garbage-first heap   total 159744K, used 127869K [0x0000000704400000, 0x0000000800000000)
  region size 2048K, 23 young (47104K), 1 survivors (2048K)
 Metaspace       used 87728K, committed 88000K, reserved 1179648K
  class space    used 9613K, committed 9728K, reserved 1048576K
}
Event: 18.896 GC heap after
{Heap after GC invocations=33 (full 0):
 garbage-first heap   total 159744K, used 85300K [0x0000000704400000, 0x0000000800000000)
  region size 2048K, 2 young (4096K), 2 survivors (4096K)
 Metaspace       used 87728K, committed 88000K, reserved 1179648K
  class space    used 9613K, committed 9728K, reserved 1048576K
}

