# JRE version: OpenJDK Runtime Environment (17.0.7) (build 17.0.7+0-b2043.56-10550314)
# Java VM: OpenJDK 64-Bit Server VM (17.0.7+0-b2043.56-10550314, mixed mode, tiered, compressed oops, compressed class ptrs, g1 gc, windows-amd64)
GC Precious Log:
 CPUs: 20 total, 20 available
 Memory: 16110M
 Large Page Support: Disabled
 NUMA Support: Disabled
 Compressed Oops: Enabled (Zero based)
 Heap Region Size: 2M
 Heap Min Capacity: 8M
 Heap Initial Capacity: 252M
 Heap Max Capacity: 4G
 Pre-touch: Disabled
 Parallel Workers: 15
 Concurrent Workers: 4
 Concurrent Refinement Workers: 15
 Periodic GC: Disabled
Heap:
 garbage-first heap   total 323584K, used 157109K [0x0000000700000000, 0x0000000800000000)
  region size 2048K, 31 young (63488K), 8 survivors (16384K)
 Metaspace       used 98664K, committed 99392K, reserved 1179648K
  class space    used 13122K, committed 13440K, reserved 1048576K
GC Heap History (20 events):
Event: 96.250 GC heap before
{Heap before GC invocations=27 (full 0):
 garbage-first heap   total 143360K, used 106970K [0x0000000700000000, 0x0000000800000000)
  region size 2048K, 17 young (34816K), 3 survivors (6144K)
 Metaspace       used 85332K, committed 85888K, reserved 1179648K
  class space    used 11155K, committed 11392K, reserved 1048576K
}
Event: 96.264 GC heap after
{Heap after GC invocations=28 (full 0):
 garbage-first heap   total 143360K, used 82595K [0x0000000700000000, 0x0000000800000000)
  region size 2048K, 2 young (4096K), 2 survivors (4096K)
 Metaspace       used 85332K, committed 85888K, reserved 1179648K
  class space    used 11155K, committed 11392K, reserved 1048576K
}
Event: 96.715 GC heap before
{Heap before GC invocations=28 (full 0):
 garbage-first heap   total 143360K, used 113315K [0x0000000700000000, 0x0000000800000000)
  region size 2048K, 17 young (34816K), 2 survivors (4096K)
 Metaspace       used 86169K, committed 86784K, reserved 1179648K
  class space    used 11228K, committed 11520K, reserved 1048576K
}
Event: 96.718 GC heap after
{Heap after GC invocations=29 (full 0):
 garbage-first heap   total 143360K, used 85315K [0x0000000700000000, 0x0000000800000000)
  region size 2048K, 3 young (6144K), 3 survivors (6144K)
 Metaspace       used 86169K, committed 86784K, reserved 1179648K
  class space    used 11228K, committed 11520K, reserved 1048576K
}
Event: 97.364 GC heap before
{Heap before GC invocations=30 (full 0):
 garbage-first heap   total 153600K, used 113987K [0x0000000700000000, 0x0000000800000000)
  region size 2048K, 17 young (34816K), 3 survivors (6144K)
 Metaspace       used 87951K, committed 88512K, reserved 1179648K
  class space    used 11443K, committed 11712K, reserved 1048576K
}
Event: 97.370 GC heap after
{Heap after GC invocations=31 (full 0):
 garbage-first heap   total 153600K, used 88710K [0x0000000700000000, 0x0000000800000000)
  region size 2048K, 3 young (6144K), 3 survivors (6144K)
 Metaspace       used 87951K, committed 88512K, reserved 1179648K
  class space    used 11443K, committed 11712K, reserved 1048576K
}
Event: 97.394 GC heap before
{Heap before GC invocations=31 (full 0):
 garbage-first heap   total 153600K, used 90758K [0x0000000700000000, 0x0000000800000000)
  region size 2048K, 4 young (8192K), 3 survivors (6144K)
 Metaspace       used 88029K, committed 88640K, reserved 1179648K
  class space    used 11458K, committed 11712K, reserved 1048576K
}
Event: 97.399 GC heap after
{Heap after GC invocations=32 (full 0):
 garbage-first heap   total 153600K, used 89501K [0x0000000700000000, 0x0000000800000000)
  region size 2048K, 1 young (2048K), 1 survivors (2048K)
 Metaspace       used 88029K, committed 88640K, reserved 1179648K
  class space    used 11458K, committed 11712K, reserved 1048576K
}
Event: 98.049 GC heap before
{Heap before GC invocations=32 (full 0):
 garbage-first heap   total 153600K, used 122269K [0x0000000700000000, 0x0000000800000000)
  region size 2048K, 17 young (34816K), 1 survivors (2048K)
 Metaspace       used 92776K, committed 93376K, reserved 1179648K
  class space    used 12159K, committed 12416K, reserved 1048576K
}
Event: 98.053 GC heap after
{Heap after GC invocations=33 (full 0):
 garbage-first heap   total 153600K, used 91102K [0x0000000700000000, 0x0000000800000000)
  region size 2048K, 2 young (4096K), 2 survivors (4096K)
 Metaspace       used 92776K, committed 93376K, reserved 1179648K
  class space    used 12159K, committed 12416K, reserved 1048576K
}
Event: 98.600 GC heap before
{Heap before GC invocations=34 (full 0):
 garbage-first heap   total 161792K, used 123870K [0x0000000700000000, 0x0000000800000000)
  region size 2048K, 18 young (36864K), 2 survivors (4096K)
 Metaspace       used 94327K, committed 94912K, reserved 1179648K
  class space    used 12347K, committed 12608K, reserved 1048576K
}
Event: 98.605 GC heap after
{Heap after GC invocations=35 (full 0):
 garbage-first heap   total 161792K, used 94431K [0x0000000700000000, 0x0000000800000000)
  region size 2048K, 3 young (6144K), 3 survivors (6144K)
 Metaspace       used 94327K, committed 94912K, reserved 1179648K
  class space    used 12347K, committed 12608K, reserved 1048576K
}
Event: 98.631 GC heap before
{Heap before GC invocations=35 (full 0):
 garbage-first heap   total 161792K, used 96479K [0x0000000700000000, 0x0000000800000000)
  region size 2048K, 4 young (8192K), 3 survivors (6144K)
 Metaspace       used 94385K, committed 95040K, reserved 1179648K
  class space    used 12357K, committed 12672K, reserved 1048576K
}
Event: 98.636 GC heap after
{Heap after GC invocations=36 (full 0):
 garbage-first heap   total 161792K, used 93490K [0x0000000700000000, 0x0000000800000000)
  region size 2048K, 1 young (2048K), 1 survivors (2048K)
 Metaspace       used 94385K, committed 95040K, reserved 1179648K
  class space    used 12357K, committed 12672K, reserved 1048576K
}
Event: 98.975 GC heap before
{Heap before GC invocations=36 (full 0):
 garbage-first heap   total 161792K, used 130354K [0x0000000700000000, 0x0000000800000000)
  region size 2048K, 19 young (38912K), 1 survivors (2048K)
 Metaspace       used 94870K, committed 95552K, reserved 1179648K
  class space    used 12419K, committed 12736K, reserved 1048576K
}
Event: 98.980 GC heap after
{Heap after GC invocations=37 (full 0):
 garbage-first heap   total 161792K, used 99013K [0x0000000700000000, 0x0000000800000000)
  region size 2048K, 3 young (6144K), 3 survivors (6144K)
 Metaspace       used 94870K, committed 95552K, reserved 1179648K
  class space    used 12419K, committed 12736K, reserved 1048576K
}
Event: 99.320 GC heap before
{Heap before GC invocations=37 (full 0):
 garbage-first heap   total 161792K, used 131781K [0x0000000700000000, 0x0000000800000000)
  region size 2048K, 19 young (38912K), 3 survivors (6144K)
 Metaspace       used 95812K, committed 96384K, reserved 1179648K
  class space    used 12607K, committed 12864K, reserved 1048576K
}
Event: 99.326 GC heap after
{Heap after GC invocations=38 (full 0):
 garbage-first heap   total 323584K, used 103992K [0x0000000700000000, 0x0000000800000000)
  region size 2048K, 3 young (6144K), 3 survivors (6144K)
 Metaspace       used 95812K, committed 96384K, reserved 1179648K
  class space    used 12607K, committed 12864K, reserved 1048576K
}
Event: 100.453 GC heap before
{Heap before GC invocations=38 (full 0):
 garbage-first heap   total 323584K, used 237112K [0x0000000700000000, 0x0000000800000000)
  region size 2048K, 69 young (141312K), 3 survivors (6144K)
 Metaspace       used 98505K, committed 99264K, reserved 1179648K
  class space    used 13109K, committed 13440K, reserved 1048576K
}
Event: 100.462 GC heap after
{Heap after GC invocations=39 (full 0):
 garbage-first heap   total 323584K, used 114101K [0x0000000700000000, 0x0000000800000000)
  region size 2048K, 8 young (16384K), 8 survivors (16384K)
 Metaspace       used 98505K, committed 99264K, reserved 1179648K
  class space    used 13109K, committed 13440K, reserved 1048576K
}

