# JRE version: OpenJDK Runtime Environment (17.0.7) (build 17.0.7+0-b2043.56-10550314)
# Java VM: OpenJDK 64-Bit Server VM (17.0.7+0-b2043.56-10550314, mixed mode, tiered, compressed oops, compressed class ptrs, g1 gc, windows-amd64)
GC Precious Log:
 CPUs: 20 total, 20 available
 Memory: 16110M
 Large Page Support: Disabled
 NUMA Support: Disabled
 Compressed Oops: Enabled (Zero based)
 Heap Region Size: 2M
 Heap Min Capacity: 8M
 Heap Initial Capacity: 252M
 Heap Max Capacity: 4G
 Pre-touch: Disabled
 Parallel Workers: 15
 Concurrent Workers: 4
 Concurrent Refinement Workers: 15
 Periodic GC: Disabled
Heap:
 garbage-first heap   total 356352K, used 265463K [0x0000000700000000, 0x0000000800000000)
  region size 2048K, 4 young (8192K), 4 survivors (8192K)
 Metaspace       used 160453K, committed 161600K, reserved 1245184K
  class space    used 21977K, committed 22528K, reserved 1048576K
GC Heap History (20 events):
Event: 121.952 GC heap after
{Heap after GC invocations=55 (full 0):
 garbage-first heap   total 356352K, used 167012K [0x0000000700000000, 0x0000000800000000)
  region size 2048K, 6 young (12288K), 6 survivors (12288K)
 Metaspace       used 157078K, committed 158400K, reserved 1245184K
  class space    used 21769K, committed 22400K, reserved 1048576K
}
Event: 122.650 GC heap before
{Heap before GC invocations=55 (full 0):
 garbage-first heap   total 356352K, used 285796K [0x0000000700000000, 0x0000000800000000)
  region size 2048K, 64 young (131072K), 6 survivors (12288K)
 Metaspace       used 158148K, committed 159424K, reserved 1245184K
  class space    used 21877K, committed 22464K, reserved 1048576K
}
Event: 122.658 GC heap after
{Heap after GC invocations=56 (full 0):
 garbage-first heap   total 356352K, used 184270K [0x0000000700000000, 0x0000000800000000)
  region size 2048K, 8 young (16384K), 8 survivors (16384K)
 Metaspace       used 158148K, committed 159424K, reserved 1245184K
  class space    used 21877K, committed 22464K, reserved 1048576K
}
Event: 134.686 GC heap before
{Heap before GC invocations=56 (full 0):
 garbage-first heap   total 356352K, used 282574K [0x0000000700000000, 0x0000000800000000)
  region size 2048K, 57 young (116736K), 8 survivors (16384K)
 Metaspace       used 158297K, committed 159488K, reserved 1245184K
  class space    used 21880K, committed 22464K, reserved 1048576K
}
Event: 134.689 GC heap after
{Heap after GC invocations=57 (full 0):
 garbage-first heap   total 356352K, used 172865K [0x0000000700000000, 0x0000000800000000)
  region size 2048K, 2 young (4096K), 2 survivors (4096K)
 Metaspace       used 158297K, committed 159488K, reserved 1245184K
  class space    used 21880K, committed 22464K, reserved 1048576K
}
Event: 138.857 GC heap before
{Heap before GC invocations=57 (full 0):
 garbage-first heap   total 356352K, used 277313K [0x0000000700000000, 0x0000000800000000)
  region size 2048K, 55 young (112640K), 2 survivors (4096K)
 Metaspace       used 158883K, committed 160128K, reserved 1245184K
  class space    used 21919K, committed 22528K, reserved 1048576K
}
Event: 138.861 GC heap after
{Heap after GC invocations=58 (full 0):
 garbage-first heap   total 356352K, used 179338K [0x0000000700000000, 0x0000000800000000)
  region size 2048K, 5 young (10240K), 5 survivors (10240K)
 Metaspace       used 158883K, committed 160128K, reserved 1245184K
  class space    used 21919K, committed 22528K, reserved 1048576K
}
Event: 139.917 GC heap before
{Heap before GC invocations=59 (full 0):
 garbage-first heap   total 356352K, used 300170K [0x0000000700000000, 0x0000000800000000)
  region size 2048K, 59 young (120832K), 5 survivors (10240K)
 Metaspace       used 156883K, committed 158400K, reserved 1245184K
  class space    used 21702K, committed 22464K, reserved 1048576K
}
Event: 139.927 GC heap after
{Heap after GC invocations=60 (full 0):
 garbage-first heap   total 356352K, used 210588K [0x0000000700000000, 0x0000000800000000)
  region size 2048K, 8 young (16384K), 8 survivors (16384K)
 Metaspace       used 156883K, committed 158400K, reserved 1245184K
  class space    used 21702K, committed 22464K, reserved 1048576K
}
Event: 139.946 GC heap before
{Heap before GC invocations=60 (full 0):
 garbage-first heap   total 356352K, used 210588K [0x0000000700000000, 0x0000000800000000)
  region size 2048K, 9 young (18432K), 8 survivors (16384K)
 Metaspace       used 156888K, committed 158400K, reserved 1245184K
  class space    used 21702K, committed 22464K, reserved 1048576K
}
Event: 139.955 GC heap after
{Heap after GC invocations=61 (full 0):
 garbage-first heap   total 356352K, used 200888K [0x0000000700000000, 0x0000000800000000)
  region size 2048K, 1 young (2048K), 1 survivors (2048K)
 Metaspace       used 156888K, committed 158400K, reserved 1245184K
  class space    used 21702K, committed 22464K, reserved 1048576K
}
Event: 140.230 GC heap before
{Heap before GC invocations=61 (full 0):
 garbage-first heap   total 356352K, used 293048K [0x0000000700000000, 0x0000000800000000)
  region size 2048K, 39 young (79872K), 1 survivors (2048K)
 Metaspace       used 158455K, committed 159680K, reserved 1245184K
  class space    used 21833K, committed 22464K, reserved 1048576K
}
Event: 140.233 GC heap after
{Heap after GC invocations=62 (full 0):
 garbage-first heap   total 356352K, used 210048K [0x0000000700000000, 0x0000000800000000)
  region size 2048K, 5 young (10240K), 5 survivors (10240K)
 Metaspace       used 158455K, committed 159680K, reserved 1245184K
  class space    used 21833K, committed 22464K, reserved 1048576K
}
Event: 140.372 GC heap before
{Heap before GC invocations=62 (full 0):
 garbage-first heap   total 356352K, used 283776K [0x0000000700000000, 0x0000000800000000)
  region size 2048K, 41 young (83968K), 5 survivors (10240K)
 Metaspace       used 159457K, committed 160640K, reserved 1245184K
  class space    used 21906K, committed 22464K, reserved 1048576K
}
Event: 140.376 GC heap after
{Heap after GC invocations=63 (full 0):
 garbage-first heap   total 356352K, used 212349K [0x0000000700000000, 0x0000000800000000)
  region size 2048K, 3 young (6144K), 3 survivors (6144K)
 Metaspace       used 159457K, committed 160640K, reserved 1245184K
  class space    used 21906K, committed 22464K, reserved 1048576K
}
Event: 140.566 GC heap before
{Heap before GC invocations=63 (full 0):
 garbage-first heap   total 356352K, used 284029K [0x0000000700000000, 0x0000000800000000)
  region size 2048K, 39 young (79872K), 3 survivors (6144K)
 Metaspace       used 160340K, committed 161472K, reserved 1245184K
  class space    used 21969K, committed 22528K, reserved 1048576K
}
Event: 140.569 GC heap after
{Heap after GC invocations=64 (full 0):
 garbage-first heap   total 356352K, used 213770K [0x0000000700000000, 0x0000000800000000)
  region size 2048K, 3 young (6144K), 3 survivors (6144K)
 Metaspace       used 160340K, committed 161472K, reserved 1245184K
  class space    used 21969K, committed 22528K, reserved 1048576K
}
Event: 140.712 GC heap before
{Heap before GC invocations=64 (full 0):
 garbage-first heap   total 356352K, used 322314K [0x0000000700000000, 0x0000000800000000)
  region size 2048K, 41 young (83968K), 3 survivors (6144K)
 Metaspace       used 160381K, committed 161536K, reserved 1245184K
  class space    used 21971K, committed 22528K, reserved 1048576K
}
Event: 140.716 GC heap after
{Heap after GC invocations=65 (full 0):
 garbage-first heap   total 356352K, used 252805K [0x0000000700000000, 0x0000000800000000)
  region size 2048K, 6 young (12288K), 6 survivors (12288K)
 Metaspace       used 160381K, committed 161536K, reserved 1245184K
  class space    used 21971K, committed 22528K, reserved 1048576K
}
Event: 140.825 GC heap before
{Heap before GC invocations=65 (full 0):
 garbage-first heap   total 356352K, used 293765K [0x0000000700000000, 0x0000000800000000)
  region size 2048K, 27 young (55296K), 6 survivors (12288K)
 Metaspace       used 160453K, committed 161600K, reserved 1245184K
  class space    used 21977K, committed 22528K, reserved 1048576K
}

