# JRE version: OpenJDK Runtime Environment (17.0.7) (build 17.0.7+0-b2043.56-10550314)
# Java VM: OpenJDK 64-Bit Server VM (17.0.7+0-b2043.56-10550314, mixed mode, tiered, compressed oops, compressed class ptrs, g1 gc, windows-amd64)
GC Precious Log:
 CPUs: 20 total, 20 available
 Memory: 16110M
 Large Page Support: Disabled
 NUMA Support: Disabled
 Compressed Oops: Enabled (Zero based)
 Heap Region Size: 2M
 Heap Min Capacity: 8M
 Heap Initial Capacity: 252M
 Heap Max Capacity: 4G
 Pre-touch: Disabled
 Parallel Workers: 15
 Concurrent Workers: 4
 Concurrent Refinement Workers: 15
 Periodic GC: Disabled
Heap:
 garbage-first heap   total 258048K, used 119774K [0x0000000700000000, 0x0000000800000000)
  region size 2048K, 6 young (12288K), 6 survivors (12288K)
 Metaspace       used 104124K, committed 104768K, reserved 1179648K
  class space    used 13811K, committed 14144K, reserved 1048576K
GC Heap History (20 events):
Event: 7.783 GC heap after
{Heap after GC invocations=32 (full 0):
 garbage-first heap   total 143360K, used 86107K [0x0000000700000000, 0x0000000800000000)
  region size 2048K, 3 young (6144K), 3 survivors (6144K)
 Metaspace       used 87245K, committed 87872K, reserved 1179648K
  class space    used 11744K, committed 12032K, reserved 1048576K
}
Event: 8.180 GC heap before
{Heap before GC invocations=32 (full 0):
 garbage-first heap   total 143360K, used 112731K [0x0000000700000000, 0x0000000800000000)
  region size 2048K, 17 young (34816K), 3 survivors (6144K)
 Metaspace       used 90404K, committed 91008K, reserved 1179648K
  class space    used 12176K, committed 12480K, reserved 1048576K
}
Event: 8.183 GC heap after
{Heap after GC invocations=33 (full 0):
 garbage-first heap   total 143360K, used 91533K [0x0000000700000000, 0x0000000800000000)
  region size 2048K, 3 young (6144K), 3 survivors (6144K)
 Metaspace       used 90404K, committed 91008K, reserved 1179648K
  class space    used 12176K, committed 12480K, reserved 1048576K
}
Event: 8.452 GC heap before
{Heap before GC invocations=34 (full 0):
 garbage-first heap   total 163840K, used 112013K [0x0000000700000000, 0x0000000800000000)
  region size 2048K, 14 young (28672K), 3 survivors (6144K)
 Metaspace       used 91634K, committed 92224K, reserved 1179648K
  class space    used 12442K, committed 12736K, reserved 1048576K
}
Event: 8.455 GC heap after
{Heap after GC invocations=35 (full 0):
 garbage-first heap   total 196608K, used 93532K [0x0000000700000000, 0x0000000800000000)
  region size 2048K, 2 young (4096K), 2 survivors (4096K)
 Metaspace       used 91634K, committed 92224K, reserved 1179648K
  class space    used 12442K, committed 12736K, reserved 1048576K
}
Event: 8.633 GC heap before
{Heap before GC invocations=35 (full 0):
 garbage-first heap   total 196608K, used 150876K [0x0000000700000000, 0x0000000800000000)
  region size 2048K, 31 young (63488K), 2 survivors (4096K)
 Metaspace       used 92112K, committed 92736K, reserved 1179648K
  class space    used 12504K, committed 12800K, reserved 1048576K
}
Event: 8.636 GC heap after
{Heap after GC invocations=36 (full 0):
 garbage-first heap   total 196608K, used 96810K [0x0000000700000000, 0x0000000800000000)
  region size 2048K, 3 young (6144K), 3 survivors (6144K)
 Metaspace       used 92112K, committed 92736K, reserved 1179648K
  class space    used 12504K, committed 12800K, reserved 1048576K
}
Event: 8.909 GC heap before
{Heap before GC invocations=37 (full 0):
 garbage-first heap   total 196608K, used 154154K [0x0000000700000000, 0x0000000800000000)
  region size 2048K, 32 young (65536K), 3 survivors (6144K)
 Metaspace       used 92527K, committed 93120K, reserved 1179648K
  class space    used 12542K, committed 12800K, reserved 1048576K
}
Event: 8.913 GC heap after
{Heap after GC invocations=38 (full 0):
 garbage-first heap   total 196608K, used 100729K [0x0000000700000000, 0x0000000800000000)
  region size 2048K, 4 young (8192K), 4 survivors (8192K)
 Metaspace       used 92527K, committed 93120K, reserved 1179648K
  class space    used 12542K, committed 12800K, reserved 1048576K
}
Event: 9.130 GC heap before
{Heap before GC invocations=38 (full 0):
 garbage-first heap   total 196608K, used 156025K [0x0000000700000000, 0x0000000800000000)
  region size 2048K, 32 young (65536K), 4 survivors (8192K)
 Metaspace       used 93131K, committed 93824K, reserved 1179648K
  class space    used 12611K, committed 12928K, reserved 1048576K
}
Event: 9.134 GC heap after
{Heap after GC invocations=39 (full 0):
 garbage-first heap   total 196608K, used 104448K [0x0000000700000000, 0x0000000800000000)
  region size 2048K, 4 young (8192K), 4 survivors (8192K)
 Metaspace       used 93131K, committed 93824K, reserved 1179648K
  class space    used 12611K, committed 12928K, reserved 1048576K
}
Event: 9.676 GC heap before
{Heap before GC invocations=40 (full 0):
 garbage-first heap   total 198656K, used 157696K [0x0000000700000000, 0x0000000800000000)
  region size 2048K, 31 young (63488K), 4 survivors (8192K)
 Metaspace       used 98239K, committed 98816K, reserved 1179648K
  class space    used 13271K, committed 13504K, reserved 1048576K
}
Event: 9.680 GC heap after
{Heap after GC invocations=41 (full 0):
 garbage-first heap   total 198656K, used 107764K [0x0000000700000000, 0x0000000800000000)
  region size 2048K, 4 young (8192K), 4 survivors (8192K)
 Metaspace       used 98239K, committed 98816K, reserved 1179648K
  class space    used 13271K, committed 13504K, reserved 1048576K
}
Event: 9.715 GC heap before
{Heap before GC invocations=41 (full 0):
 garbage-first heap   total 198656K, used 107764K [0x0000000700000000, 0x0000000800000000)
  region size 2048K, 5 young (10240K), 4 survivors (8192K)
 Metaspace       used 98521K, committed 99136K, reserved 1179648K
  class space    used 13298K, committed 13568K, reserved 1048576K
}
Event: 9.718 GC heap after
{Heap after GC invocations=42 (full 0):
 garbage-first heap   total 198656K, used 108416K [0x0000000700000000, 0x0000000800000000)
  region size 2048K, 1 young (2048K), 1 survivors (2048K)
 Metaspace       used 98521K, committed 99136K, reserved 1179648K
  class space    used 13298K, committed 13568K, reserved 1048576K
}
Event: 10.014 GC heap before
{Heap before GC invocations=42 (full 0):
 garbage-first heap   total 198656K, used 159616K [0x0000000700000000, 0x0000000800000000)
  region size 2048K, 27 young (55296K), 1 survivors (2048K)
 Metaspace       used 99454K, committed 100096K, reserved 1179648K
  class space    used 13394K, committed 13696K, reserved 1048576K
}
Event: 10.017 GC heap after
{Heap after GC invocations=43 (full 0):
 garbage-first heap   total 198656K, used 110899K [0x0000000700000000, 0x0000000800000000)
  region size 2048K, 2 young (4096K), 2 survivors (4096K)
 Metaspace       used 99454K, committed 100096K, reserved 1179648K
  class space    used 13394K, committed 13696K, reserved 1048576K
}
Event: 10.110 GC heap before
{Heap before GC invocations=44 (full 0):
 garbage-first heap   total 243712K, used 162099K [0x0000000700000000, 0x0000000800000000)
  region size 2048K, 28 young (57344K), 2 survivors (4096K)
 Metaspace       used 99506K, committed 100160K, reserved 1179648K
  class space    used 13396K, committed 13696K, reserved 1048576K
}
Event: 10.114 GC heap after
{Heap after GC invocations=45 (full 0):
 garbage-first heap   total 243712K, used 113445K [0x0000000700000000, 0x0000000800000000)
  region size 2048K, 4 young (8192K), 4 survivors (8192K)
 Metaspace       used 99506K, committed 100160K, reserved 1179648K
  class space    used 13396K, committed 13696K, reserved 1048576K
}
Event: 23.169 GC heap before
{Heap before GC invocations=45 (full 0):
 garbage-first heap   total 243712K, used 195365K [0x0000000700000000, 0x0000000800000000)
  region size 2048K, 45 young (92160K), 4 survivors (8192K)
 Metaspace       used 104124K, committed 104768K, reserved 1179648K
  class space    used 13811K, committed 14144K, reserved 1048576K
}

