# JRE version: OpenJDK Runtime Environment (17.0.7) (build 17.0.7+0-b2043.56-10550314)
# Java VM: OpenJDK 64-Bit Server VM (17.0.7+0-b2043.56-10550314, mixed mode, tiered, compressed oops, compressed class ptrs, g1 gc, windows-amd64)
GC Precious Log:
 CPUs: 20 total, 20 available
 Memory: 16110M
 Large Page Support: Disabled
 NUMA Support: Disabled
 Compressed Oops: Enabled (Zero based)
 Heap Region Size: 2M
 Heap Min Capacity: 8M
 Heap Initial Capacity: 252M
 Heap Max Capacity: 4G
 Pre-touch: Disabled
 Parallel Workers: 15
 Concurrent Workers: 4
 Concurrent Refinement Workers: 15
 Periodic GC: Disabled
Heap:
 garbage-first heap   total 206848K, used 125909K [0x0000000700000000, 0x0000000800000000)
  region size 2048K, 4 young (8192K), 4 survivors (8192K)
 Metaspace       used 95687K, committed 96320K, reserved 1179648K
  class space    used 12874K, committed 13184K, reserved 1048576K
GC Heap History (20 events):
Event: 5.741 GC heap after
{Heap after GC invocations=21 (full 0):
 garbage-first heap   total 120832K, used 61042K [0x0000000700000000, 0x0000000800000000)
  region size 2048K, 3 young (6144K), 3 survivors (6144K)
 Metaspace       used 69637K, committed 70208K, reserved 1114112K
  class space    used 9073K, committed 9344K, reserved 1048576K
}
Event: 5.998 GC heap before
{Heap before GC invocations=21 (full 0):
 garbage-first heap   total 120832K, used 97906K [0x0000000700000000, 0x0000000800000000)
  region size 2048K, 21 young (43008K), 3 survivors (6144K)
 Metaspace       used 71640K, committed 72192K, reserved 1114112K
  class space    used 9328K, committed 9600K, reserved 1048576K
}
Event: 6.001 GC heap after
{Heap after GC invocations=22 (full 0):
 garbage-first heap   total 120832K, used 63780K [0x0000000700000000, 0x0000000800000000)
  region size 2048K, 3 young (6144K), 3 survivors (6144K)
 Metaspace       used 71640K, committed 72192K, reserved 1114112K
  class space    used 9328K, committed 9600K, reserved 1048576K
}
Event: 6.348 GC heap before
{Heap before GC invocations=23 (full 0):
 garbage-first heap   total 120832K, used 96548K [0x0000000700000000, 0x0000000800000000)
  region size 2048K, 19 young (38912K), 3 survivors (6144K)
 Metaspace       used 75710K, committed 76224K, reserved 1179648K
  class space    used 10090K, committed 10368K, reserved 1048576K
}
Event: 6.351 GC heap after
{Heap after GC invocations=24 (full 0):
 garbage-first heap   total 120832K, used 65729K [0x0000000700000000, 0x0000000800000000)
  region size 2048K, 3 young (6144K), 3 survivors (6144K)
 Metaspace       used 75710K, committed 76224K, reserved 1179648K
  class space    used 10090K, committed 10368K, reserved 1048576K
}
Event: 6.682 GC heap before
{Heap before GC invocations=24 (full 0):
 garbage-first heap   total 120832K, used 98497K [0x0000000700000000, 0x0000000800000000)
  region size 2048K, 19 young (38912K), 3 survivors (6144K)
 Metaspace       used 78939K, committed 79488K, reserved 1179648K
  class space    used 10566K, committed 10816K, reserved 1048576K
}
Event: 6.684 GC heap after
{Heap after GC invocations=25 (full 0):
 garbage-first heap   total 120832K, used 68065K [0x0000000700000000, 0x0000000800000000)
  region size 2048K, 3 young (6144K), 3 survivors (6144K)
 Metaspace       used 78939K, committed 79488K, reserved 1179648K
  class space    used 10566K, committed 10816K, reserved 1048576K
}
Event: 6.943 GC heap before
{Heap before GC invocations=26 (full 0):
 garbage-first heap   total 122880K, used 96737K [0x0000000700000000, 0x0000000800000000)
  region size 2048K, 17 young (34816K), 3 survivors (6144K)
 Metaspace       used 81830K, committed 82368K, reserved 1179648K
  class space    used 10994K, committed 11264K, reserved 1048576K
}
Event: 6.946 GC heap after
{Heap after GC invocations=27 (full 0):
 garbage-first heap   total 122880K, used 70109K [0x0000000700000000, 0x0000000800000000)
  region size 2048K, 3 young (6144K), 3 survivors (6144K)
 Metaspace       used 81830K, committed 82368K, reserved 1179648K
  class space    used 10994K, committed 11264K, reserved 1048576K
}
Event: 7.237 GC heap before
{Heap before GC invocations=27 (full 0):
 garbage-first heap   total 122880K, used 98781K [0x0000000700000000, 0x0000000800000000)
  region size 2048K, 17 young (34816K), 3 survivors (6144K)
 Metaspace       used 85742K, committed 86336K, reserved 1179648K
  class space    used 11547K, committed 11840K, reserved 1048576K
}
Event: 7.241 GC heap after
{Heap after GC invocations=28 (full 0):
 garbage-first heap   total 206848K, used 72406K [0x0000000700000000, 0x0000000800000000)
  region size 2048K, 3 young (6144K), 3 survivors (6144K)
 Metaspace       used 85742K, committed 86336K, reserved 1179648K
  class space    used 11547K, committed 11840K, reserved 1048576K
}
Event: 7.788 GC heap before
{Heap before GC invocations=29 (full 0):
 garbage-first heap   total 206848K, used 160470K [0x0000000700000000, 0x0000000800000000)
  region size 2048K, 46 young (94208K), 3 survivors (6144K)
 Metaspace       used 87747K, committed 88320K, reserved 1179648K
  class space    used 11775K, committed 12032K, reserved 1048576K
}
Event: 7.794 GC heap after
{Heap after GC invocations=30 (full 0):
 garbage-first heap   total 206848K, used 86772K [0x0000000700000000, 0x0000000800000000)
  region size 2048K, 6 young (12288K), 6 survivors (12288K)
 Metaspace       used 87747K, committed 88320K, reserved 1179648K
  class space    used 11775K, committed 12032K, reserved 1048576K
}
Event: 8.309 GC heap before
{Heap before GC invocations=30 (full 0):
 garbage-first heap   total 206848K, used 154356K [0x0000000700000000, 0x0000000800000000)
  region size 2048K, 40 young (81920K), 6 survivors (12288K)
 Metaspace       used 92012K, committed 92672K, reserved 1179648K
  class space    used 12486K, committed 12800K, reserved 1048576K
}
Event: 8.316 GC heap after
{Heap after GC invocations=31 (full 0):
 garbage-first heap   total 206848K, used 93042K [0x0000000700000000, 0x0000000800000000)
  region size 2048K, 4 young (8192K), 4 survivors (8192K)
 Metaspace       used 92012K, committed 92672K, reserved 1179648K
  class space    used 12486K, committed 12800K, reserved 1048576K
}
Event: 8.543 GC heap before
{Heap before GC invocations=31 (full 0):
 garbage-first heap   total 206848K, used 156530K [0x0000000700000000, 0x0000000800000000)
  region size 2048K, 36 young (73728K), 4 survivors (8192K)
 Metaspace       used 93272K, committed 93952K, reserved 1179648K
  class space    used 12639K, committed 12928K, reserved 1048576K
}
Event: 8.546 GC heap after
{Heap after GC invocations=32 (full 0):
 garbage-first heap   total 206848K, used 96779K [0x0000000700000000, 0x0000000800000000)
  region size 2048K, 2 young (4096K), 2 survivors (4096K)
 Metaspace       used 93272K, committed 93952K, reserved 1179648K
  class space    used 12639K, committed 12928K, reserved 1048576K
}
Event: 8.989 GC heap before
{Heap before GC invocations=32 (full 0):
 garbage-first heap   total 206848K, used 141835K [0x0000000700000000, 0x0000000800000000)
  region size 2048K, 26 young (53248K), 2 survivors (4096K)
 Metaspace       used 95217K, committed 95872K, reserved 1179648K
  class space    used 12836K, committed 13184K, reserved 1048576K
}
Event: 8.993 GC heap after
{Heap after GC invocations=33 (full 0):
 garbage-first heap   total 206848K, used 107636K [0x0000000700000000, 0x0000000800000000)
  region size 2048K, 5 young (10240K), 5 survivors (10240K)
 Metaspace       used 95217K, committed 95872K, reserved 1179648K
  class space    used 12836K, committed 13184K, reserved 1048576K
}
Event: 9.330 GC heap before
{Heap before GC invocations=34 (full 0):
 garbage-first heap   total 206848K, used 158836K [0x0000000700000000, 0x0000000800000000)
  region size 2048K, 28 young (57344K), 5 survivors (10240K)
 Metaspace       used 95687K, committed 96320K, reserved 1179648K
  class space    used 12874K, committed 13184K, reserved 1048576K
}

