# JRE version: OpenJDK Runtime Environment (17.0.7) (build 17.0.7+0-b2043.56-10550314)
# Java VM: OpenJDK 64-Bit Server VM (17.0.7+0-b2043.56-10550314, mixed mode, tiered, compressed oops, compressed class ptrs, g1 gc, windows-amd64)
GC Precious Log:
 CPUs: 20 total, 20 available
 Memory: 16110M
 Large Page Support: Disabled
 NUMA Support: Disabled
 Compressed Oops: Enabled (Zero based)
 Heap Region Size: 2M
 Heap Min Capacity: 8M
 Heap Initial Capacity: 252M
 Heap Max Capacity: 4G
 Pre-touch: Disabled
 Parallel Workers: 15
 Concurrent Workers: 4
 Concurrent Refinement Workers: 15
 Periodic GC: Disabled
Heap:
 garbage-first heap   total 382976K, used 242522K [0x0000000700000000, 0x0000000800000000)
  region size 2048K, 1 young (2048K), 1 survivors (2048K)
 Metaspace       used 109257K, committed 109952K, reserved 1179648K
  class space    used 15099K, committed 15424K, reserved 1048576K
GC Heap History (20 events):
Event: 8.655 GC heap after
{Heap after GC invocations=39 (full 0):
 garbage-first heap   total 184320K, used 101583K [0x0000000700000000, 0x0000000800000000)
  region size 2048K, 2 young (4096K), 2 survivors (4096K)
 Metaspace       used 95952K, committed 96576K, reserved 1179648K
  class space    used 13011K, committed 13312K, reserved 1048576K
}
Event: 9.017 GC heap before
{Heap before GC invocations=39 (full 0):
 garbage-first heap   total 184320K, used 152783K [0x0000000700000000, 0x0000000800000000)
  region size 2048K, 28 young (57344K), 2 survivors (4096K)
 Metaspace       used 99399K, committed 100096K, reserved 1179648K
  class space    used 13469K, committed 13824K, reserved 1048576K
}
Event: 9.020 GC heap after
{Heap after GC invocations=40 (full 0):
 garbage-first heap   total 184320K, used 105410K [0x0000000700000000, 0x0000000800000000)
  region size 2048K, 4 young (8192K), 4 survivors (8192K)
 Metaspace       used 99399K, committed 100096K, reserved 1179648K
  class space    used 13469K, committed 13824K, reserved 1048576K
}
Event: 9.150 GC heap before
{Heap before GC invocations=41 (full 0):
 garbage-first heap   total 219136K, used 152514K [0x0000000700000000, 0x0000000800000000)
  region size 2048K, 28 young (57344K), 4 survivors (8192K)
 Metaspace       used 99534K, committed 100288K, reserved 1179648K
  class space    used 13472K, committed 13824K, reserved 1048576K
}
Event: 9.153 GC heap after
{Heap after GC invocations=42 (full 0):
 garbage-first heap   total 219136K, used 107492K [0x0000000700000000, 0x0000000800000000)
  region size 2048K, 4 young (8192K), 4 survivors (8192K)
 Metaspace       used 99534K, committed 100288K, reserved 1179648K
  class space    used 13472K, committed 13824K, reserved 1048576K
}
Event: 9.261 GC heap before
{Heap before GC invocations=42 (full 0):
 garbage-first heap   total 219136K, used 127972K [0x0000000700000000, 0x0000000800000000)
  region size 2048K, 16 young (32768K), 4 survivors (8192K)
 Metaspace       used 100023K, committed 100800K, reserved 1179648K
  class space    used 13527K, committed 13888K, reserved 1048576K
}
Event: 9.265 GC heap after
{Heap after GC invocations=43 (full 0):
 garbage-first heap   total 292864K, used 109531K [0x0000000700000000, 0x0000000800000000)
  region size 2048K, 3 young (6144K), 3 survivors (6144K)
 Metaspace       used 100023K, committed 100800K, reserved 1179648K
  class space    used 13527K, committed 13888K, reserved 1048576K
}
Event: 9.666 GC heap before
{Heap before GC invocations=43 (full 0):
 garbage-first heap   total 292864K, used 197595K [0x0000000700000000, 0x0000000800000000)
  region size 2048K, 36 young (73728K), 3 survivors (6144K)
 Metaspace       used 103634K, committed 104384K, reserved 1179648K
  class space    used 14044K, committed 14400K, reserved 1048576K
}
Event: 9.670 GC heap after
{Heap after GC invocations=44 (full 0):
 garbage-first heap   total 292864K, used 145245K [0x0000000700000000, 0x0000000800000000)
  region size 2048K, 9 young (18432K), 9 survivors (18432K)
 Metaspace       used 103634K, committed 104384K, reserved 1179648K
  class space    used 14044K, committed 14400K, reserved 1048576K
}
Event: 9.671 GC heap before
{Heap before GC invocations=44 (full 0):
 garbage-first heap   total 292864K, used 149341K [0x0000000700000000, 0x0000000800000000)
  region size 2048K, 9 young (18432K), 9 survivors (18432K)
 Metaspace       used 103634K, committed 104384K, reserved 1179648K
  class space    used 14044K, committed 14400K, reserved 1048576K
}
Event: 9.673 GC heap after
{Heap after GC invocations=45 (full 0):
 garbage-first heap   total 292864K, used 149003K [0x0000000700000000, 0x0000000800000000)
  region size 2048K, 0 young (0K), 0 survivors (0K)
 Metaspace       used 103634K, committed 104384K, reserved 1179648K
  class space    used 14044K, committed 14400K, reserved 1048576K
}
Event: 9.975 GC heap before
{Heap before GC invocations=46 (full 0):
 garbage-first heap   total 292864K, used 218635K [0x0000000700000000, 0x0000000800000000)
  region size 2048K, 33 young (67584K), 0 survivors (0K)
 Metaspace       used 104423K, committed 105152K, reserved 1179648K
  class space    used 14203K, committed 14528K, reserved 1048576K
}
Event: 9.983 GC heap after
{Heap after GC invocations=47 (full 0):
 garbage-first heap   total 292864K, used 173631K [0x0000000700000000, 0x0000000800000000)
  region size 2048K, 5 young (10240K), 5 survivors (10240K)
 Metaspace       used 104423K, committed 105152K, reserved 1179648K
  class space    used 14203K, committed 14528K, reserved 1048576K
}
Event: 10.143 GC heap before
{Heap before GC invocations=47 (full 0):
 garbage-first heap   total 292864K, used 226879K [0x0000000700000000, 0x0000000800000000)
  region size 2048K, 32 young (65536K), 5 survivors (10240K)
 Metaspace       used 106596K, committed 107328K, reserved 1179648K
  class space    used 14693K, committed 15040K, reserved 1048576K
}
Event: 10.156 GC heap after
{Heap after GC invocations=48 (full 0):
 garbage-first heap   total 292864K, used 194560K [0x0000000700000000, 0x0000000800000000)
  region size 2048K, 4 young (8192K), 4 survivors (8192K)
 Metaspace       used 106596K, committed 107328K, reserved 1179648K
  class space    used 14693K, committed 15040K, reserved 1048576K
}
Event: 10.237 GC heap before
{Heap before GC invocations=48 (full 0):
 garbage-first heap   total 382976K, used 231424K [0x0000000700000000, 0x0000000800000000)
  region size 2048K, 22 young (45056K), 4 survivors (8192K)
 Metaspace       used 106639K, committed 107392K, reserved 1179648K
  class space    used 14693K, committed 15040K, reserved 1048576K
}
Event: 10.248 GC heap after
{Heap after GC invocations=49 (full 0):
 garbage-first heap   total 382976K, used 213901K [0x0000000700000000, 0x0000000800000000)
  region size 2048K, 3 young (6144K), 3 survivors (6144K)
 Metaspace       used 106639K, committed 107392K, reserved 1179648K
  class space    used 14693K, committed 15040K, reserved 1048576K
}
Event: 10.715 GC heap before
{Heap before GC invocations=50 (full 0):
 garbage-first heap   total 382976K, used 279437K [0x0000000700000000, 0x0000000800000000)
  region size 2048K, 35 young (71680K), 3 survivors (6144K)
 Metaspace       used 109081K, committed 109760K, reserved 1179648K
  class space    used 15075K, committed 15424K, reserved 1048576K
}
Event: 10.723 GC heap after
{Heap after GC invocations=51 (full 0):
 garbage-first heap   total 382976K, used 239808K [0x0000000700000000, 0x0000000800000000)
  region size 2048K, 5 young (10240K), 5 survivors (10240K)
 Metaspace       used 109081K, committed 109760K, reserved 1179648K
  class space    used 15075K, committed 15424K, reserved 1048576K
}
Event: 10.804 GC heap before
{Heap before GC invocations=51 (full 0):
 garbage-first heap   total 382976K, used 248000K [0x0000000700000000, 0x0000000800000000)
  region size 2048K, 9 young (18432K), 5 survivors (10240K)
 Metaspace       used 109257K, committed 109952K, reserved 1179648K
  class space    used 15099K, committed 15424K, reserved 1048576K
}

