# JRE version: OpenJDK Runtime Environment (17.0.7) (build 17.0.7+0-b2043.56-10550314)
# Java VM: OpenJDK 64-Bit Server VM (17.0.7+0-b2043.56-10550314, mixed mode, tiered, compressed oops, compressed class ptrs, g1 gc, windows-amd64)
GC Precious Log:
 CPUs: 20 total, 20 available
 Memory: 16110M
 Large Page Support: Disabled
 NUMA Support: Disabled
 Compressed Oops: Enabled (Zero based)
 Heap Region Size: 2M
 Heap Min Capacity: 8M
 Heap Initial Capacity: 252M
 Heap Max Capacity: 4G
 Pre-touch: Disabled
 Parallel Workers: 15
 Concurrent Workers: 4
 Concurrent Refinement Workers: 15
 Periodic GC: Disabled
Heap:
 garbage-first heap   total 417792K, used 245716K [0x0000000700000000, 0x0000000800000000)
  region size 2048K, 63 young (129024K), 2 survivors (4096K)
 Metaspace       used 115180K, committed 115968K, reserved 1179648K
  class space    used 15093K, committed 15488K, reserved 1048576K
GC Heap History (20 events):
Event: 11.747 GC heap before
{Heap before GC invocations=34 (full 0):
 garbage-first heap   total 145408K, used 114349K [0x0000000700000000, 0x0000000800000000)
  region size 2048K, 19 young (38912K), 3 survivors (6144K)
 Metaspace       used 89477K, committed 90048K, reserved 1179648K
  class space    used 11994K, committed 12224K, reserved 1048576K
}
Event: 11.754 GC heap after
{Heap after GC invocations=35 (full 0):
 garbage-first heap   total 208896K, used 90178K [0x0000000700000000, 0x0000000800000000)
  region size 2048K, 3 young (6144K), 3 survivors (6144K)
 Metaspace       used 89477K, committed 90048K, reserved 1179648K
  class space    used 11994K, committed 12224K, reserved 1048576K
}
Event: 12.458 GC heap before
{Heap before GC invocations=36 (full 0):
 garbage-first heap   total 208896K, used 155714K [0x0000000700000000, 0x0000000800000000)
  region size 2048K, 36 young (73728K), 3 survivors (6144K)
 Metaspace       used 92116K, committed 92800K, reserved 1179648K
  class space    used 12530K, committed 12864K, reserved 1048576K
}
Event: 12.463 GC heap after
{Heap after GC invocations=37 (full 0):
 garbage-first heap   total 208896K, used 95973K [0x0000000700000000, 0x0000000800000000)
  region size 2048K, 3 young (6144K), 3 survivors (6144K)
 Metaspace       used 92116K, committed 92800K, reserved 1179648K
  class space    used 12530K, committed 12864K, reserved 1048576K
}
Event: 12.938 GC heap before
{Heap before GC invocations=37 (full 0):
 garbage-first heap   total 208896K, used 159461K [0x0000000700000000, 0x0000000800000000)
  region size 2048K, 35 young (71680K), 3 survivors (6144K)
 Metaspace       used 92582K, committed 93248K, reserved 1179648K
  class space    used 12567K, committed 12864K, reserved 1048576K
}
Event: 12.943 GC heap after
{Heap after GC invocations=38 (full 0):
 garbage-first heap   total 208896K, used 100312K [0x0000000700000000, 0x0000000800000000)
  region size 2048K, 3 young (6144K), 3 survivors (6144K)
 Metaspace       used 92582K, committed 93248K, reserved 1179648K
  class space    used 12567K, committed 12864K, reserved 1048576K
}
Event: 13.195 GC heap before
{Heap before GC invocations=38 (full 0):
 garbage-first heap   total 208896K, used 161752K [0x0000000700000000, 0x0000000800000000)
  region size 2048K, 34 young (69632K), 3 survivors (6144K)
 Metaspace       used 92928K, committed 93632K, reserved 1179648K
  class space    used 12584K, committed 12928K, reserved 1048576K
}
Event: 13.199 GC heap after
{Heap after GC invocations=39 (full 0):
 garbage-first heap   total 208896K, used 103905K [0x0000000700000000, 0x0000000800000000)
  region size 2048K, 5 young (10240K), 5 survivors (10240K)
 Metaspace       used 92928K, committed 93632K, reserved 1179648K
  class space    used 12584K, committed 12928K, reserved 1048576K
}
Event: 14.030 GC heap before
{Heap before GC invocations=40 (full 0):
 garbage-first heap   total 208896K, used 163297K [0x0000000700000000, 0x0000000800000000)
  region size 2048K, 35 young (71680K), 5 survivors (10240K)
 Metaspace       used 97797K, committed 98432K, reserved 1179648K
  class space    used 13250K, committed 13568K, reserved 1048576K
}
Event: 14.043 GC heap after
{Heap after GC invocations=41 (full 0):
 garbage-first heap   total 208896K, used 106867K [0x0000000700000000, 0x0000000800000000)
  region size 2048K, 4 young (8192K), 4 survivors (8192K)
 Metaspace       used 97797K, committed 98432K, reserved 1179648K
  class space    used 13250K, committed 13568K, reserved 1048576K
}
Event: 14.109 GC heap before
{Heap before GC invocations=41 (full 0):
 garbage-first heap   total 208896K, used 108915K [0x0000000700000000, 0x0000000800000000)
  region size 2048K, 5 young (10240K), 4 survivors (8192K)
 Metaspace       used 98015K, committed 98624K, reserved 1179648K
  class space    used 13266K, committed 13568K, reserved 1048576K
}
Event: 14.115 GC heap after
{Heap after GC invocations=42 (full 0):
 garbage-first heap   total 208896K, used 106712K [0x0000000700000000, 0x0000000800000000)
  region size 2048K, 1 young (2048K), 1 survivors (2048K)
 Metaspace       used 98015K, committed 98624K, reserved 1179648K
  class space    used 13266K, committed 13568K, reserved 1048576K
}
Event: 14.782 GC heap before
{Heap before GC invocations=42 (full 0):
 garbage-first heap   total 208896K, used 166104K [0x0000000700000000, 0x0000000800000000)
  region size 2048K, 31 young (63488K), 1 survivors (2048K)
 Metaspace       used 100479K, committed 101184K, reserved 1179648K
  class space    used 13565K, committed 13888K, reserved 1048576K
}
Event: 14.786 GC heap after
{Heap after GC invocations=43 (full 0):
 garbage-first heap   total 208896K, used 110365K [0x0000000700000000, 0x0000000800000000)
  region size 2048K, 3 young (6144K), 3 survivors (6144K)
 Metaspace       used 100479K, committed 101184K, reserved 1179648K
  class space    used 13565K, committed 13888K, reserved 1048576K
}
Event: 16.253 GC heap before
{Heap before GC invocations=44 (full 0):
 garbage-first heap   total 208896K, used 167709K [0x0000000700000000, 0x0000000800000000)
  region size 2048K, 32 young (65536K), 3 survivors (6144K)
 Metaspace       used 102164K, committed 102912K, reserved 1179648K
  class space    used 13818K, committed 14208K, reserved 1048576K
}
Event: 16.257 GC heap after
{Heap after GC invocations=45 (full 0):
 garbage-first heap   total 208896K, used 113575K [0x0000000700000000, 0x0000000800000000)
  region size 2048K, 4 young (8192K), 4 survivors (8192K)
 Metaspace       used 102164K, committed 102912K, reserved 1179648K
  class space    used 13818K, committed 14208K, reserved 1048576K
}
Event: 16.264 GC heap before
{Heap before GC invocations=45 (full 0):
 garbage-first heap   total 208896K, used 115623K [0x0000000700000000, 0x0000000800000000)
  region size 2048K, 5 young (10240K), 4 survivors (8192K)
 Metaspace       used 102172K, committed 102912K, reserved 1179648K
  class space    used 13819K, committed 14208K, reserved 1048576K
}
Event: 16.268 GC heap after
{Heap after GC invocations=46 (full 0):
 garbage-first heap   total 208896K, used 113753K [0x0000000700000000, 0x0000000800000000)
  region size 2048K, 1 young (2048K), 1 survivors (2048K)
 Metaspace       used 102172K, committed 102912K, reserved 1179648K
  class space    used 13819K, committed 14208K, reserved 1048576K
}
Event: 17.132 GC heap before
{Heap before GC invocations=46 (full 0):
 garbage-first heap   total 208896K, used 177241K [0x0000000700000000, 0x0000000800000000)
  region size 2048K, 30 young (61440K), 1 survivors (2048K)
 Metaspace       used 105414K, committed 106240K, reserved 1179648K
  class space    used 14140K, committed 14528K, reserved 1048576K
}
Event: 17.135 GC heap after
{Heap after GC invocations=47 (full 0):
 garbage-first heap   total 417792K, used 118740K [0x0000000700000000, 0x0000000800000000)
  region size 2048K, 2 young (4096K), 2 survivors (4096K)
 Metaspace       used 105414K, committed 106240K, reserved 1179648K
  class space    used 14140K, committed 14528K, reserved 1048576K
}

