# JRE version: OpenJDK Runtime Environment (17.0.7) (build 17.0.7+0-b2043.56-10550314)
# Java VM: OpenJDK 64-Bit Server VM (17.0.7+0-b2043.56-10550314, mixed mode, tiered, compressed oops, compressed class ptrs, g1 gc, windows-amd64)
GC Precious Log:
 CPUs: 20 total, 20 available
 Memory: 16110M
 Large Page Support: Disabled
 NUMA Support: Disabled
 Compressed Oops: Enabled (Zero based)
 Heap Region Size: 2M
 Heap Min Capacity: 8M
 Heap Initial Capacity: 252M
 Heap Max Capacity: 4G
 Pre-touch: Disabled
 Parallel Workers: 15
 Concurrent Workers: 4
 Concurrent Refinement Workers: 15
 Periodic GC: Disabled
Heap:
 garbage-first heap   total 301056K, used 197558K [0x0000000700000000, 0x0000000800000000)
  region size 2048K, 1 young (2048K), 1 survivors (2048K)
 Metaspace       used 102767K, committed 103424K, reserved 1179648K
  class space    used 14213K, committed 14528K, reserved 1048576K
GC Heap History (20 events):
Event: 7.993 GC heap after
{Heap after GC invocations=41 (full 0):
 garbage-first heap   total 159744K, used 95928K [0x0000000700000000, 0x0000000800000000)
  region size 2048K, 2 young (4096K), 2 survivors (4096K)
 Metaspace       used 91725K, committed 92288K, reserved 1179648K
  class space    used 12491K, committed 12736K, reserved 1048576K
}
Event: 8.094 GC heap before
{Heap before GC invocations=42 (full 0):
 garbage-first heap   total 194560K, used 126648K [0x0000000700000000, 0x0000000800000000)
  region size 2048K, 18 young (36864K), 2 survivors (4096K)
 Metaspace       used 91857K, committed 92416K, reserved 1179648K
  class space    used 12492K, committed 12736K, reserved 1048576K
}
Event: 8.097 GC heap after
{Heap after GC invocations=43 (full 0):
 garbage-first heap   total 194560K, used 97028K [0x0000000700000000, 0x0000000800000000)
  region size 2048K, 3 young (6144K), 3 survivors (6144K)
 Metaspace       used 91857K, committed 92416K, reserved 1179648K
  class space    used 12492K, committed 12736K, reserved 1048576K
}
Event: 8.328 GC heap before
{Heap before GC invocations=43 (full 0):
 garbage-first heap   total 194560K, used 152324K [0x0000000700000000, 0x0000000800000000)
  region size 2048K, 31 young (63488K), 3 survivors (6144K)
 Metaspace       used 92254K, committed 92864K, reserved 1179648K
  class space    used 12530K, committed 12800K, reserved 1048576K
}
Event: 8.330 GC heap after
{Heap after GC invocations=44 (full 0):
 garbage-first heap   total 194560K, used 100879K [0x0000000700000000, 0x0000000800000000)
  region size 2048K, 4 young (8192K), 4 survivors (8192K)
 Metaspace       used 92254K, committed 92864K, reserved 1179648K
  class space    used 12530K, committed 12800K, reserved 1048576K
}
Event: 8.587 GC heap before
{Heap before GC invocations=45 (full 0):
 garbage-first heap   total 194560K, used 156175K [0x0000000700000000, 0x0000000800000000)
  region size 2048K, 32 young (65536K), 4 survivors (8192K)
 Metaspace       used 92854K, committed 93504K, reserved 1179648K
  class space    used 12597K, committed 12864K, reserved 1048576K
}
Event: 8.591 GC heap after
{Heap after GC invocations=46 (full 0):
 garbage-first heap   total 194560K, used 104429K [0x0000000700000000, 0x0000000800000000)
  region size 2048K, 4 young (8192K), 4 survivors (8192K)
 Metaspace       used 92854K, committed 93504K, reserved 1179648K
  class space    used 12597K, committed 12864K, reserved 1048576K
}
Event: 8.731 GC heap before
{Heap before GC invocations=46 (full 0):
 garbage-first heap   total 194560K, used 155629K [0x0000000700000000, 0x0000000800000000)
  region size 2048K, 30 young (61440K), 4 survivors (8192K)
 Metaspace       used 93324K, committed 93952K, reserved 1179648K
  class space    used 12646K, committed 12928K, reserved 1048576K
}
Event: 8.735 GC heap after
{Heap after GC invocations=47 (full 0):
 garbage-first heap   total 194560K, used 107810K [0x0000000700000000, 0x0000000800000000)
  region size 2048K, 4 young (8192K), 4 survivors (8192K)
 Metaspace       used 93324K, committed 93952K, reserved 1179648K
  class space    used 12646K, committed 12928K, reserved 1048576K
}
Event: 8.902 GC heap before
{Heap before GC invocations=48 (full 0):
 garbage-first heap   total 225280K, used 150818K [0x0000000700000000, 0x0000000800000000)
  region size 2048K, 27 young (55296K), 4 survivors (8192K)
 Metaspace       used 93968K, committed 94592K, reserved 1179648K
  class space    used 12720K, committed 12992K, reserved 1048576K
}
Event: 8.905 GC heap after
{Heap after GC invocations=49 (full 0):
 garbage-first heap   total 225280K, used 110213K [0x0000000700000000, 0x0000000800000000)
  region size 2048K, 3 young (6144K), 3 survivors (6144K)
 Metaspace       used 93968K, committed 94592K, reserved 1179648K
  class space    used 12720K, committed 12992K, reserved 1048576K
}
Event: 9.135 GC heap before
{Heap before GC invocations=50 (full 0):
 garbage-first heap   total 225280K, used 145029K [0x0000000700000000, 0x0000000800000000)
  region size 2048K, 17 young (34816K), 3 survivors (6144K)
 Metaspace       used 98565K, committed 99264K, reserved 1179648K
  class space    used 13398K, committed 13696K, reserved 1048576K
}
Event: 9.138 GC heap after
{Heap after GC invocations=51 (full 0):
 garbage-first heap   total 225280K, used 129120K [0x0000000700000000, 0x0000000800000000)
  region size 2048K, 6 young (12288K), 6 survivors (12288K)
 Metaspace       used 98565K, committed 99264K, reserved 1179648K
  class space    used 13398K, committed 13696K, reserved 1048576K
}
Event: 9.247 GC heap before
{Heap before GC invocations=52 (full 0):
 garbage-first heap   total 296960K, used 190560K [0x0000000700000000, 0x0000000800000000)
  region size 2048K, 26 young (53248K), 6 survivors (12288K)
 Metaspace       used 99309K, committed 99904K, reserved 1179648K
  class space    used 13509K, committed 13760K, reserved 1048576K
}
Event: 9.252 GC heap after
{Heap after GC invocations=53 (full 0):
 garbage-first heap   total 296960K, used 153139K [0x0000000700000000, 0x0000000800000000)
  region size 2048K, 4 young (8192K), 4 survivors (8192K)
 Metaspace       used 99309K, committed 99904K, reserved 1179648K
  class space    used 13509K, committed 13760K, reserved 1048576K
}
Event: 9.520 GC heap before
{Heap before GC invocations=53 (full 0):
 garbage-first heap   total 296960K, used 208435K [0x0000000700000000, 0x0000000800000000)
  region size 2048K, 32 young (65536K), 4 survivors (8192K)
 Metaspace       used 102195K, committed 102848K, reserved 1179648K
  class space    used 14143K, committed 14464K, reserved 1048576K
}
Event: 9.528 GC heap after
{Heap after GC invocations=54 (full 0):
 garbage-first heap   total 296960K, used 170682K [0x0000000700000000, 0x0000000800000000)
  region size 2048K, 4 young (8192K), 4 survivors (8192K)
 Metaspace       used 102195K, committed 102848K, reserved 1179648K
  class space    used 14143K, committed 14464K, reserved 1048576K
}
Event: 9.679 GC heap before
{Heap before GC invocations=55 (full 0):
 garbage-first heap   total 301056K, used 217786K [0x0000000700000000, 0x0000000800000000)
  region size 2048K, 28 young (57344K), 4 survivors (8192K)
 Metaspace       used 102723K, committed 103360K, reserved 1179648K
  class space    used 14211K, committed 14528K, reserved 1048576K
}
Event: 9.691 GC heap after
{Heap after GC invocations=56 (full 0):
 garbage-first heap   total 301056K, used 193591K [0x0000000700000000, 0x0000000800000000)
  region size 2048K, 4 young (8192K), 4 survivors (8192K)
 Metaspace       used 102723K, committed 103360K, reserved 1179648K
  class space    used 14211K, committed 14528K, reserved 1048576K
}
Event: 9.704 GC heap before
{Heap before GC invocations=56 (full 0):
 garbage-first heap   total 301056K, used 199735K [0x0000000700000000, 0x0000000800000000)
  region size 2048K, 7 young (14336K), 4 survivors (8192K)
 Metaspace       used 102767K, committed 103424K, reserved 1179648K
  class space    used 14213K, committed 14528K, reserved 1048576K
}

