# JRE version: OpenJDK Runtime Environment (17.0.7) (build 17.0.7+0-b2043.56-10550314)
# Java VM: OpenJDK 64-Bit Server VM (17.0.7+0-b2043.56-10550314, mixed mode, tiered, compressed oops, compressed class ptrs, g1 gc, windows-amd64)
GC Precious Log:
 CPUs: 20 total, 20 available
 Memory: 16110M
 Large Page Support: Disabled
 NUMA Support: Disabled
 Compressed Oops: Enabled (Zero based)
 Heap Region Size: 2M
 Heap Min Capacity: 8M
 Heap Initial Capacity: 252M
 Heap Max Capacity: 4G
 Pre-touch: Disabled
 Parallel Workers: 15
 Concurrent Workers: 4
 Concurrent Refinement Workers: 15
 Periodic GC: Disabled
Heap:
 garbage-first heap   total 315392K, used 236777K [0x0000000700000000, 0x0000000800000000)
  region size 2048K, 3 young (6144K), 3 survivors (6144K)
 Metaspace       used 103255K, committed 103936K, reserved 1179648K
  class space    used 14266K, committed 14592K, reserved 1048576K
GC Heap History (20 events):
Event: 7.883 GC heap after
{Heap after GC invocations=39 (full 0):
 garbage-first heap   total 198656K, used 103352K [0x0000000700000000, 0x0000000800000000)
  region size 2048K, 3 young (6144K), 3 survivors (6144K)
 Metaspace       used 92270K, committed 92992K, reserved 1179648K
  class space    used 12535K, committed 12864K, reserved 1048576K
}
Event: 8.101 GC heap before
{Heap before GC invocations=40 (full 0):
 garbage-first heap   total 198656K, used 154552K [0x0000000700000000, 0x0000000800000000)
  region size 2048K, 29 young (59392K), 3 survivors (6144K)
 Metaspace       used 92730K, committed 93376K, reserved 1179648K
  class space    used 12579K, committed 12864K, reserved 1048576K
}
Event: 8.104 GC heap after
{Heap after GC invocations=41 (full 0):
 garbage-first heap   total 198656K, used 106727K [0x0000000700000000, 0x0000000800000000)
  region size 2048K, 4 young (8192K), 4 survivors (8192K)
 Metaspace       used 92730K, committed 93376K, reserved 1179648K
  class space    used 12579K, committed 12864K, reserved 1048576K
}
Event: 8.118 GC heap before
{Heap before GC invocations=41 (full 0):
 garbage-first heap   total 198656K, used 108775K [0x0000000700000000, 0x0000000800000000)
  region size 2048K, 5 young (10240K), 4 survivors (8192K)
 Metaspace       used 92898K, committed 93504K, reserved 1179648K
  class space    used 12608K, committed 12864K, reserved 1048576K
}
Event: 8.121 GC heap after
{Heap after GC invocations=42 (full 0):
 garbage-first heap   total 198656K, used 106316K [0x0000000700000000, 0x0000000800000000)
  region size 2048K, 1 young (2048K), 1 survivors (2048K)
 Metaspace       used 92898K, committed 93504K, reserved 1179648K
  class space    used 12608K, committed 12864K, reserved 1048576K
}
Event: 8.226 GC heap before
{Heap before GC invocations=42 (full 0):
 garbage-first heap   total 198656K, used 155468K [0x0000000700000000, 0x0000000800000000)
  region size 2048K, 26 young (53248K), 1 survivors (2048K)
 Metaspace       used 93367K, committed 94016K, reserved 1179648K
  class space    used 12650K, committed 12928K, reserved 1048576K
}
Event: 8.228 GC heap after
{Heap after GC invocations=43 (full 0):
 garbage-first heap   total 290816K, used 108046K [0x0000000700000000, 0x0000000800000000)
  region size 2048K, 2 young (4096K), 2 survivors (4096K)
 Metaspace       used 93367K, committed 94016K, reserved 1179648K
  class space    used 12650K, committed 12928K, reserved 1048576K
}
Event: 8.759 GC heap before
{Heap before GC invocations=44 (full 0):
 garbage-first heap   total 290816K, used 251406K [0x0000000700000000, 0x0000000800000000)
  region size 2048K, 57 young (116736K), 2 survivors (4096K)
 Metaspace       used 99243K, committed 99904K, reserved 1179648K
  class space    used 13487K, committed 13760K, reserved 1048576K
}
Event: 8.763 GC heap after
{Heap after GC invocations=45 (full 0):
 garbage-first heap   total 290816K, used 152963K [0x0000000700000000, 0x0000000800000000)
  region size 2048K, 8 young (16384K), 8 survivors (16384K)
 Metaspace       used 99243K, committed 99904K, reserved 1179648K
  class space    used 13487K, committed 13760K, reserved 1048576K
}
Event: 8.771 GC heap before
{Heap before GC invocations=45 (full 0):
 garbage-first heap   total 290816K, used 155011K [0x0000000700000000, 0x0000000800000000)
  region size 2048K, 9 young (18432K), 8 survivors (16384K)
 Metaspace       used 99253K, committed 99904K, reserved 1179648K
  class space    used 13489K, committed 13760K, reserved 1048576K
}
Event: 8.775 GC heap after
{Heap after GC invocations=46 (full 0):
 garbage-first heap   total 290816K, used 153506K [0x0000000700000000, 0x0000000800000000)
  region size 2048K, 1 young (2048K), 1 survivors (2048K)
 Metaspace       used 99253K, committed 99904K, reserved 1179648K
  class space    used 13489K, committed 13760K, reserved 1048576K
}
Event: 9.037 GC heap before
{Heap before GC invocations=46 (full 0):
 garbage-first heap   total 290816K, used 214946K [0x0000000700000000, 0x0000000800000000)
  region size 2048K, 31 young (63488K), 1 survivors (2048K)
 Metaspace       used 102354K, committed 103040K, reserved 1179648K
  class space    used 14171K, committed 14528K, reserved 1048576K
}
Event: 9.045 GC heap after
{Heap after GC invocations=47 (full 0):
 garbage-first heap   total 290816K, used 173303K [0x0000000700000000, 0x0000000800000000)
  region size 2048K, 4 young (8192K), 4 survivors (8192K)
 Metaspace       used 102354K, committed 103040K, reserved 1179648K
  class space    used 14171K, committed 14528K, reserved 1048576K
}
Event: 9.187 GC heap before
{Heap before GC invocations=48 (full 0):
 garbage-first heap   total 315392K, used 226551K [0x0000000700000000, 0x0000000800000000)
  region size 2048K, 30 young (61440K), 4 survivors (8192K)
 Metaspace       used 102846K, committed 103488K, reserved 1179648K
  class space    used 14218K, committed 14528K, reserved 1048576K
}
Event: 9.198 GC heap after
{Heap after GC invocations=49 (full 0):
 garbage-first heap   total 315392K, used 197355K [0x0000000700000000, 0x0000000800000000)
  region size 2048K, 4 young (8192K), 4 survivors (8192K)
 Metaspace       used 102846K, committed 103488K, reserved 1179648K
  class space    used 14218K, committed 14528K, reserved 1048576K
}
Event: 9.209 GC heap before
{Heap before GC invocations=49 (full 0):
 garbage-first heap   total 315392K, used 203499K [0x0000000700000000, 0x0000000800000000)
  region size 2048K, 7 young (14336K), 4 survivors (8192K)
 Metaspace       used 102891K, committed 103616K, reserved 1179648K
  class space    used 14226K, committed 14592K, reserved 1048576K
}
Event: 9.213 GC heap after
{Heap after GC invocations=50 (full 0):
 garbage-first heap   total 315392K, used 200607K [0x0000000700000000, 0x0000000800000000)
  region size 2048K, 1 young (2048K), 1 survivors (2048K)
 Metaspace       used 102891K, committed 103616K, reserved 1179648K
  class space    used 14226K, committed 14592K, reserved 1048576K
}
Event: 9.296 GC heap before
{Heap before GC invocations=50 (full 0):
 garbage-first heap   total 315392K, used 241567K [0x0000000700000000, 0x0000000800000000)
  region size 2048K, 22 young (45056K), 1 survivors (2048K)
 Metaspace       used 103132K, committed 103808K, reserved 1179648K
  class space    used 14247K, committed 14592K, reserved 1048576K
}
Event: 9.303 GC heap after
{Heap after GC invocations=51 (full 0):
 garbage-first heap   total 315392K, used 221724K [0x0000000700000000, 0x0000000800000000)
  region size 2048K, 3 young (6144K), 3 survivors (6144K)
 Metaspace       used 103132K, committed 103808K, reserved 1179648K
  class space    used 14247K, committed 14592K, reserved 1048576K
}
Event: 9.358 GC heap before
{Heap before GC invocations=51 (full 0):
 garbage-first heap   total 315392K, used 250396K [0x0000000700000000, 0x0000000800000000)
  region size 2048K, 17 young (34816K), 3 survivors (6144K)
 Metaspace       used 103255K, committed 103936K, reserved 1179648K
  class space    used 14266K, committed 14592K, reserved 1048576K
}

