# JRE version: OpenJDK Runtime Environment (17.0.7) (build 17.0.7+0-b2043.56-10550314)
# Java VM: OpenJDK 64-Bit Server VM (17.0.7+0-b2043.56-10550314, mixed mode, tiered, compressed oops, compressed class ptrs, g1 gc, windows-amd64)
GC Precious Log:
 CPUs: 20 total, 20 available
 Memory: 16110M
 Large Page Support: Disabled
 NUMA Support: Disabled
 Compressed Oops: Enabled (Zero based)
 Heap Region Size: 2M
 Heap Min Capacity: 8M
 Heap Initial Capacity: 252M
 Heap Max Capacity: 4G
 Pre-touch: Disabled
 Parallel Workers: 15
 Concurrent Workers: 4
 Concurrent Refinement Workers: 15
 Periodic GC: Disabled
Heap:
 garbage-first heap   total 382976K, used 224932K [0x0000000700000000, 0x0000000800000000)
  region size 2048K, 44 young (90112K), 7 survivors (14336K)
 Metaspace       used 123889K, committed 124928K, reserved 1179648K
  class space    used 16564K, committed 17088K, reserved 1048576K
GC Heap History (20 events):
Event: 10.273 GC heap before
{Heap before GC invocations=37 (full 0):
 garbage-first heap   total 215040K, used 174943K [0x0000000700000000, 0x0000000800000000)
  region size 2048K, 36 young (73728K), 3 survivors (6144K)
 Metaspace       used 98720K, committed 99392K, reserved 1179648K
  class space    used 13362K, committed 13696K, reserved 1048576K
}
Event: 10.277 GC heap after
{Heap after GC invocations=38 (full 0):
 garbage-first heap   total 215040K, used 117807K [0x0000000700000000, 0x0000000800000000)
  region size 2048K, 5 young (10240K), 5 survivors (10240K)
 Metaspace       used 98720K, committed 99392K, reserved 1179648K
  class space    used 13362K, committed 13696K, reserved 1048576K
}
Event: 10.881 GC heap before
{Heap before GC invocations=39 (full 0):
 garbage-first heap   total 215040K, used 171055K [0x0000000700000000, 0x0000000800000000)
  region size 2048K, 32 young (65536K), 5 survivors (10240K)
 Metaspace       used 101765K, committed 102464K, reserved 1179648K
  class space    used 13721K, committed 14080K, reserved 1048576K
}
Event: 10.885 GC heap after
{Heap after GC invocations=40 (full 0):
 garbage-first heap   total 215040K, used 120959K [0x0000000700000000, 0x0000000800000000)
  region size 2048K, 3 young (6144K), 3 survivors (6144K)
 Metaspace       used 101765K, committed 102464K, reserved 1179648K
  class space    used 13721K, committed 14080K, reserved 1048576K
}
Event: 11.438 GC heap before
{Heap before GC invocations=40 (full 0):
 garbage-first heap   total 215040K, used 166015K [0x0000000700000000, 0x0000000800000000)
  region size 2048K, 27 young (55296K), 3 survivors (6144K)
 Metaspace       used 103963K, committed 104640K, reserved 1179648K
  class space    used 14005K, committed 14336K, reserved 1048576K
}
Event: 11.441 GC heap after
{Heap after GC invocations=41 (full 0):
 garbage-first heap   total 215040K, used 124129K [0x0000000700000000, 0x0000000800000000)
  region size 2048K, 2 young (4096K), 2 survivors (4096K)
 Metaspace       used 103963K, committed 104640K, reserved 1179648K
  class space    used 14005K, committed 14336K, reserved 1048576K
}
Event: 14.547 GC heap before
{Heap before GC invocations=42 (full 0):
 garbage-first heap   total 260096K, used 204001K [0x0000000700000000, 0x0000000800000000)
  region size 2048K, 28 young (57344K), 2 survivors (4096K)
 Metaspace       used 108425K, committed 109184K, reserved 1179648K
  class space    used 14430K, committed 14784K, reserved 1048576K
}
Event: 14.550 GC heap after
{Heap after GC invocations=43 (full 0):
 garbage-first heap   total 260096K, used 127805K [0x0000000700000000, 0x0000000800000000)
  region size 2048K, 4 young (8192K), 4 survivors (8192K)
 Metaspace       used 108425K, committed 109184K, reserved 1179648K
  class space    used 14430K, committed 14784K, reserved 1048576K
}
Event: 14.586 GC heap before
{Heap before GC invocations=43 (full 0):
 garbage-first heap   total 260096K, used 131901K [0x0000000700000000, 0x0000000800000000)
  region size 2048K, 6 young (12288K), 4 survivors (8192K)
 Metaspace       used 108487K, committed 109248K, reserved 1179648K
  class space    used 14433K, committed 14784K, reserved 1048576K
}
Event: 14.589 GC heap after
{Heap after GC invocations=44 (full 0):
 garbage-first heap   total 260096K, used 128444K [0x0000000700000000, 0x0000000800000000)
  region size 2048K, 1 young (2048K), 1 survivors (2048K)
 Metaspace       used 108487K, committed 109248K, reserved 1179648K
  class space    used 14433K, committed 14784K, reserved 1048576K
}
Event: 276.251 GC heap before
{Heap before GC invocations=44 (full 0):
 garbage-first heap   total 260096K, used 212412K [0x0000000700000000, 0x0000000800000000)
  region size 2048K, 43 young (88064K), 1 survivors (2048K)
 Metaspace       used 109219K, committed 109952K, reserved 1179648K
  class space    used 14469K, committed 14848K, reserved 1048576K
}
Event: 276.254 GC heap after
{Heap after GC invocations=45 (full 0):
 garbage-first heap   total 382976K, used 133979K [0x0000000700000000, 0x0000000800000000)
  region size 2048K, 4 young (8192K), 4 survivors (8192K)
 Metaspace       used 109219K, committed 109952K, reserved 1179648K
  class space    used 14469K, committed 14848K, reserved 1048576K
}
Event: 281.137 GC heap before
{Heap before GC invocations=46 (full 0):
 garbage-first heap   total 382976K, used 275291K [0x0000000700000000, 0x0000000800000000)
  region size 2048K, 74 young (151552K), 4 survivors (8192K)
 Metaspace       used 111495K, committed 112320K, reserved 1179648K
  class space    used 14757K, committed 15168K, reserved 1048576K
}
Event: 281.140 GC heap after
{Heap after GC invocations=47 (full 0):
 garbage-first heap   total 382976K, used 135245K [0x0000000700000000, 0x0000000800000000)
  region size 2048K, 5 young (10240K), 5 survivors (10240K)
 Metaspace       used 111495K, committed 112320K, reserved 1179648K
  class space    used 14757K, committed 15168K, reserved 1048576K
}
Event: 281.182 GC heap before
{Heap before GC invocations=47 (full 0):
 garbage-first heap   total 382976K, used 143437K [0x0000000700000000, 0x0000000800000000)
  region size 2048K, 9 young (18432K), 5 survivors (10240K)
 Metaspace       used 111533K, committed 112384K, reserved 1179648K
  class space    used 14759K, committed 15168K, reserved 1048576K
}
Event: 281.186 GC heap after
{Heap after GC invocations=48 (full 0):
 garbage-first heap   total 382976K, used 133217K [0x0000000700000000, 0x0000000800000000)
  region size 2048K, 2 young (4096K), 2 survivors (4096K)
 Metaspace       used 111533K, committed 112384K, reserved 1179648K
  class space    used 14759K, committed 15168K, reserved 1048576K
}
Event: 283.931 GC heap before
{Heap before GC invocations=48 (full 0):
 garbage-first heap   total 382976K, used 319585K [0x0000000700000000, 0x0000000800000000)
  region size 2048K, 94 young (192512K), 2 survivors (4096K)
 Metaspace       used 112301K, committed 113216K, reserved 1179648K
  class space    used 14813K, committed 15232K, reserved 1048576K
}
Event: 283.936 GC heap after
{Heap after GC invocations=49 (full 0):
 garbage-first heap   total 382976K, used 147909K [0x0000000700000000, 0x0000000800000000)
  region size 2048K, 9 young (18432K), 9 survivors (18432K)
 Metaspace       used 112301K, committed 113216K, reserved 1179648K
  class space    used 14813K, committed 15232K, reserved 1048576K
}
Event: 287.028 GC heap before
{Heap before GC invocations=49 (full 0):
 garbage-first heap   total 382976K, used 309701K [0x0000000700000000, 0x0000000800000000)
  region size 2048K, 89 young (182272K), 9 survivors (18432K)
 Metaspace       used 116398K, committed 117376K, reserved 1179648K
  class space    used 15277K, committed 15744K, reserved 1048576K
}
Event: 287.034 GC heap after
{Heap after GC invocations=50 (full 0):
 garbage-first heap   total 382976K, used 153252K [0x0000000700000000, 0x0000000800000000)
  region size 2048K, 7 young (14336K), 7 survivors (14336K)
 Metaspace       used 116398K, committed 117376K, reserved 1179648K
  class space    used 15277K, committed 15744K, reserved 1048576K
}

