# JRE version: OpenJDK Runtime Environment (17.0.7) (build 17.0.7+0-b2043.56-10550314)
# Java VM: OpenJDK 64-Bit Server VM (17.0.7+0-b2043.56-10550314, mixed mode, tiered, compressed oops, compressed class ptrs, g1 gc, windows-amd64)
GC Precious Log:
 CPUs: 20 total, 20 available
 Memory: 16110M
 Large Page Support: Disabled
 NUMA Support: Disabled
 Compressed Oops: Enabled (Zero based)
 Heap Region Size: 2M
 Heap Min Capacity: 8M
 Heap Initial Capacity: 252M
 Heap Max Capacity: 4G
 Pre-touch: Disabled
 Parallel Workers: 15
 Concurrent Workers: 4
 Concurrent Refinement Workers: 15
 Periodic GC: Disabled
Heap:
 garbage-first heap   total 258048K, used 106727K [0x0000000700000000, 0x0000000800000000)
  region size 2048K, 2 young (4096K), 2 survivors (4096K)
 Metaspace       used 96314K, committed 97024K, reserved 1179648K
  class space    used 13061K, committed 13376K, reserved 1048576K
GC Heap History (20 events):
Event: 6.557 GC heap after
{Heap after GC invocations=32 (full 0):
 garbage-first heap   total 129024K, used 75528K [0x0000000700000000, 0x0000000800000000)
  region size 2048K, 3 young (6144K), 3 survivors (6144K)
 Metaspace       used 85611K, committed 86144K, reserved 1179648K
  class space    used 11544K, committed 11776K, reserved 1048576K
}
Event: 6.819 GC heap before
{Heap before GC invocations=33 (full 0):
 garbage-first heap   total 133120K, used 104200K [0x0000000700000000, 0x0000000800000000)
  region size 2048K, 17 young (34816K), 3 survivors (6144K)
 Metaspace       used 86847K, committed 87424K, reserved 1179648K
  class space    used 11705K, committed 11968K, reserved 1048576K
}
Event: 6.821 GC heap after
{Heap after GC invocations=34 (full 0):
 garbage-first heap   total 133120K, used 78698K [0x0000000700000000, 0x0000000800000000)
  region size 2048K, 3 young (6144K), 3 survivors (6144K)
 Metaspace       used 86847K, committed 87424K, reserved 1179648K
  class space    used 11705K, committed 11968K, reserved 1048576K
}
Event: 7.023 GC heap before
{Heap before GC invocations=34 (full 0):
 garbage-first heap   total 133120K, used 109418K [0x0000000700000000, 0x0000000800000000)
  region size 2048K, 18 young (36864K), 3 survivors (6144K)
 Metaspace       used 87136K, committed 87744K, reserved 1179648K
  class space    used 11738K, committed 11968K, reserved 1048576K
}
Event: 7.026 GC heap after
{Heap after GC invocations=35 (full 0):
 garbage-first heap   total 159744K, used 83855K [0x0000000700000000, 0x0000000800000000)
  region size 2048K, 3 young (6144K), 3 survivors (6144K)
 Metaspace       used 87136K, committed 87744K, reserved 1179648K
  class space    used 11738K, committed 11968K, reserved 1048576K
}
Event: 7.439 GC heap before
{Heap before GC invocations=36 (full 0):
 garbage-first heap   total 159744K, used 124815K [0x0000000700000000, 0x0000000800000000)
  region size 2048K, 24 young (49152K), 3 survivors (6144K)
 Metaspace       used 89540K, committed 90112K, reserved 1179648K
  class space    used 12028K, committed 12288K, reserved 1048576K
}
Event: 7.442 GC heap after
{Heap after GC invocations=37 (full 0):
 garbage-first heap   total 159744K, used 91236K [0x0000000700000000, 0x0000000800000000)
  region size 2048K, 3 young (6144K), 3 survivors (6144K)
 Metaspace       used 89540K, committed 90112K, reserved 1179648K
  class space    used 12028K, committed 12288K, reserved 1048576K
}
Event: 7.819 GC heap before
{Heap before GC invocations=37 (full 0):
 garbage-first heap   total 159744K, used 128100K [0x0000000700000000, 0x0000000800000000)
  region size 2048K, 21 young (43008K), 3 survivors (6144K)
 Metaspace       used 91675K, committed 92352K, reserved 1179648K
  class space    used 12495K, committed 12864K, reserved 1048576K
}
Event: 7.823 GC heap after
{Heap after GC invocations=38 (full 0):
 garbage-first heap   total 159744K, used 96024K [0x0000000700000000, 0x0000000800000000)
  region size 2048K, 3 young (6144K), 3 survivors (6144K)
 Metaspace       used 91675K, committed 92352K, reserved 1179648K
  class space    used 12495K, committed 12864K, reserved 1048576K
}
Event: 7.907 GC heap before
{Heap before GC invocations=39 (full 0):
 garbage-first heap   total 194560K, used 126744K [0x0000000700000000, 0x0000000800000000)
  region size 2048K, 19 young (38912K), 3 survivors (6144K)
 Metaspace       used 91782K, committed 92544K, reserved 1179648K
  class space    used 12498K, committed 12864K, reserved 1048576K
}
Event: 7.909 GC heap after
{Heap after GC invocations=40 (full 0):
 garbage-first heap   total 194560K, used 97781K [0x0000000700000000, 0x0000000800000000)
  region size 2048K, 2 young (4096K), 2 survivors (4096K)
 Metaspace       used 91782K, committed 92544K, reserved 1179648K
  class space    used 12498K, committed 12864K, reserved 1048576K
}
Event: 7.916 GC heap before
{Heap before GC invocations=40 (full 0):
 garbage-first heap   total 194560K, used 99829K [0x0000000700000000, 0x0000000800000000)
  region size 2048K, 4 young (8192K), 2 survivors (4096K)
 Metaspace       used 91792K, committed 92544K, reserved 1179648K
  class space    used 12498K, committed 12864K, reserved 1048576K
}
Event: 7.918 GC heap after
{Heap after GC invocations=41 (full 0):
 garbage-first heap   total 194560K, used 97145K [0x0000000700000000, 0x0000000800000000)
  region size 2048K, 1 young (2048K), 1 survivors (2048K)
 Metaspace       used 91792K, committed 92544K, reserved 1179648K
  class space    used 12498K, committed 12864K, reserved 1048576K
}
Event: 8.175 GC heap before
{Heap before GC invocations=41 (full 0):
 garbage-first heap   total 194560K, used 152441K [0x0000000700000000, 0x0000000800000000)
  region size 2048K, 29 young (59392K), 1 survivors (2048K)
 Metaspace       used 92231K, committed 92928K, reserved 1179648K
  class space    used 12535K, committed 12864K, reserved 1048576K
}
Event: 8.178 GC heap after
{Heap after GC invocations=42 (full 0):
 garbage-first heap   total 194560K, used 100670K [0x0000000700000000, 0x0000000800000000)
  region size 2048K, 2 young (4096K), 2 survivors (4096K)
 Metaspace       used 92231K, committed 92928K, reserved 1179648K
  class space    used 12535K, committed 12864K, reserved 1048576K
}
Event: 8.340 GC heap before
{Heap before GC invocations=43 (full 0):
 garbage-first heap   total 202752K, used 153918K [0x0000000700000000, 0x0000000800000000)
  region size 2048K, 29 young (59392K), 2 survivors (4096K)
 Metaspace       used 92559K, committed 93184K, reserved 1179648K
  class space    used 12541K, committed 12864K, reserved 1048576K
}
Event: 8.342 GC heap after
{Heap after GC invocations=44 (full 0):
 garbage-first heap   total 202752K, used 104459K [0x0000000700000000, 0x0000000800000000)
  region size 2048K, 4 young (8192K), 4 survivors (8192K)
 Metaspace       used 92559K, committed 93184K, reserved 1179648K
  class space    used 12541K, committed 12864K, reserved 1048576K
}
Event: 8.344 GC heap before
{Heap before GC invocations=44 (full 0):
 garbage-first heap   total 202752K, used 106507K [0x0000000700000000, 0x0000000800000000)
  region size 2048K, 5 young (10240K), 4 survivors (8192K)
 Metaspace       used 92569K, committed 93248K, reserved 1179648K
  class space    used 12541K, committed 12864K, reserved 1048576K
}
Event: 8.347 GC heap after
{Heap after GC invocations=45 (full 0):
 garbage-first heap   total 202752K, used 104868K [0x0000000700000000, 0x0000000800000000)
  region size 2048K, 1 young (2048K), 1 survivors (2048K)
 Metaspace       used 92569K, committed 93248K, reserved 1179648K
  class space    used 12541K, committed 12864K, reserved 1048576K
}
Event: 8.760 GC heap before
{Heap before GC invocations=45 (full 0):
 garbage-first heap   total 202752K, used 164260K [0x0000000700000000, 0x0000000800000000)
  region size 2048K, 31 young (63488K), 1 survivors (2048K)
 Metaspace       used 96314K, committed 97024K, reserved 1179648K
  class space    used 13061K, committed 13376K, reserved 1048576K
}

