# JRE version: OpenJDK Runtime Environment (17.0.7) (build 17.0.7+0-b2043.56-10550314)
# Java VM: OpenJDK 64-Bit Server VM (17.0.7+0-b2043.56-10550314, mixed mode, tiered, compressed oops, compressed class ptrs, g1 gc, windows-amd64)
GC Precious Log:
 CPUs: 20 total, 20 available
 Memory: 16110M
 Large Page Support: Disabled
 NUMA Support: Disabled
 Compressed Oops: Enabled (Zero based)
 Heap Region Size: 2M
 Heap Min Capacity: 8M
 Heap Initial Capacity: 252M
 Heap Max Capacity: 4G
 Pre-touch: Disabled
 Parallel Workers: 15
 Concurrent Workers: 4
 Concurrent Refinement Workers: 15
 Periodic GC: Disabled
Heap:
 garbage-first heap   total 258048K, used 106559K [0x0000000700000000, 0x0000000800000000)
  region size 2048K, 2 young (4096K), 2 survivors (4096K)
 Metaspace       used 96639K, committed 97280K, reserved 1179648K
  class space    used 13101K, committed 13376K, reserved 1048576K
GC Heap History (20 events):
Event: 7.439 GC heap after
{Heap after GC invocations=30 (full 0):
 garbage-first heap   total 131072K, used 75398K [0x0000000700000000, 0x0000000800000000)
  region size 2048K, 3 young (6144K), 3 survivors (6144K)
 Metaspace       used 86573K, committed 87104K, reserved 1179648K
  class space    used 11665K, committed 11904K, reserved 1048576K
}
Event: 7.764 GC heap before
{Heap before GC invocations=31 (full 0):
 garbage-first heap   total 133120K, used 108166K [0x0000000700000000, 0x0000000800000000)
  region size 2048K, 19 young (38912K), 3 survivors (6144K)
 Metaspace       used 87426K, committed 88064K, reserved 1179648K
  class space    used 11779K, committed 12096K, reserved 1048576K
}
Event: 7.768 GC heap after
{Heap after GC invocations=32 (full 0):
 garbage-first heap   total 133120K, used 80671K [0x0000000700000000, 0x0000000800000000)
  region size 2048K, 3 young (6144K), 3 survivors (6144K)
 Metaspace       used 87426K, committed 88064K, reserved 1179648K
  class space    used 11779K, committed 12096K, reserved 1048576K
}
Event: 7.928 GC heap before
{Heap before GC invocations=32 (full 0):
 garbage-first heap   total 133120K, used 107295K [0x0000000700000000, 0x0000000800000000)
  region size 2048K, 16 young (32768K), 3 survivors (6144K)
 Metaspace       used 87463K, committed 88128K, reserved 1179648K
  class space    used 11782K, committed 12096K, reserved 1048576K
}
Event: 7.930 GC heap after
{Heap after GC invocations=33 (full 0):
 garbage-first heap   total 159744K, used 84808K [0x0000000700000000, 0x0000000800000000)
  region size 2048K, 2 young (4096K), 2 survivors (4096K)
 Metaspace       used 87463K, committed 88128K, reserved 1179648K
  class space    used 11782K, committed 12096K, reserved 1048576K
}
Event: 8.496 GC heap before
{Heap before GC invocations=34 (full 0):
 garbage-first heap   total 159744K, used 123720K [0x0000000700000000, 0x0000000800000000)
  region size 2048K, 22 young (45056K), 2 survivors (4096K)
 Metaspace       used 90692K, committed 91264K, reserved 1179648K
  class space    used 12214K, committed 12480K, reserved 1048576K
}
Event: 8.499 GC heap after
{Heap after GC invocations=35 (full 0):
 garbage-first heap   total 159744K, used 92131K [0x0000000700000000, 0x0000000800000000)
  region size 2048K, 3 young (6144K), 3 survivors (6144K)
 Metaspace       used 90692K, committed 91264K, reserved 1179648K
  class space    used 12214K, committed 12480K, reserved 1048576K
}
Event: 8.762 GC heap before
{Heap before GC invocations=35 (full 0):
 garbage-first heap   total 159744K, used 126947K [0x0000000700000000, 0x0000000800000000)
  region size 2048K, 21 young (43008K), 3 survivors (6144K)
 Metaspace       used 91993K, committed 92608K, reserved 1179648K
  class space    used 12522K, committed 12800K, reserved 1048576K
}
Event: 8.765 GC heap after
{Heap after GC invocations=36 (full 0):
 garbage-first heap   total 159744K, used 95998K [0x0000000700000000, 0x0000000800000000)
  region size 2048K, 2 young (4096K), 2 survivors (4096K)
 Metaspace       used 91993K, committed 92608K, reserved 1179648K
  class space    used 12522K, committed 12800K, reserved 1048576K
}
Event: 8.858 GC heap before
{Heap before GC invocations=37 (full 0):
 garbage-first heap   total 192512K, used 126718K [0x0000000700000000, 0x0000000800000000)
  region size 2048K, 18 young (36864K), 2 survivors (4096K)
 Metaspace       used 92120K, committed 92736K, reserved 1179648K
  class space    used 12530K, committed 12800K, reserved 1048576K
}
Event: 8.861 GC heap after
{Heap after GC invocations=38 (full 0):
 garbage-first heap   total 192512K, used 97700K [0x0000000700000000, 0x0000000800000000)
  region size 2048K, 1 young (2048K), 1 survivors (2048K)
 Metaspace       used 92120K, committed 92736K, reserved 1179648K
  class space    used 12530K, committed 12800K, reserved 1048576K
}
Event: 8.878 GC heap before
{Heap before GC invocations=38 (full 0):
 garbage-first heap   total 192512K, used 103844K [0x0000000700000000, 0x0000000800000000)
  region size 2048K, 4 young (8192K), 1 survivors (2048K)
 Metaspace       used 92144K, committed 92736K, reserved 1179648K
  class space    used 12530K, committed 12800K, reserved 1048576K
}
Event: 8.881 GC heap after
{Heap after GC invocations=39 (full 0):
 garbage-first heap   total 192512K, used 97608K [0x0000000700000000, 0x0000000800000000)
  region size 2048K, 1 young (2048K), 1 survivors (2048K)
 Metaspace       used 92144K, committed 92736K, reserved 1179648K
  class space    used 12530K, committed 12800K, reserved 1048576K
}
Event: 9.113 GC heap before
{Heap before GC invocations=39 (full 0):
 garbage-first heap   total 192512K, used 150856K [0x0000000700000000, 0x0000000800000000)
  region size 2048K, 28 young (57344K), 1 survivors (2048K)
 Metaspace       used 92563K, committed 93248K, reserved 1179648K
  class space    used 12568K, committed 12864K, reserved 1048576K
}
Event: 9.116 GC heap after
{Heap after GC invocations=40 (full 0):
 garbage-first heap   total 192512K, used 101312K [0x0000000700000000, 0x0000000800000000)
  region size 2048K, 3 young (6144K), 3 survivors (6144K)
 Metaspace       used 92563K, committed 93248K, reserved 1179648K
  class space    used 12568K, committed 12864K, reserved 1048576K
}
Event: 9.281 GC heap before
{Heap before GC invocations=41 (full 0):
 garbage-first heap   total 194560K, used 152512K [0x0000000700000000, 0x0000000800000000)
  region size 2048K, 29 young (59392K), 3 survivors (6144K)
 Metaspace       used 92832K, committed 93440K, reserved 1179648K
  class space    used 12573K, committed 12864K, reserved 1048576K
}
Event: 9.283 GC heap after
{Heap after GC invocations=42 (full 0):
 garbage-first heap   total 194560K, used 104824K [0x0000000700000000, 0x0000000800000000)
  region size 2048K, 4 young (8192K), 4 survivors (8192K)
 Metaspace       used 92832K, committed 93440K, reserved 1179648K
  class space    used 12573K, committed 12864K, reserved 1048576K
}
Event: 9.291 GC heap before
{Heap before GC invocations=42 (full 0):
 garbage-first heap   total 194560K, used 104824K [0x0000000700000000, 0x0000000800000000)
  region size 2048K, 5 young (10240K), 4 survivors (8192K)
 Metaspace       used 92832K, committed 93440K, reserved 1179648K
  class space    used 12573K, committed 12864K, reserved 1048576K
}
Event: 9.295 GC heap after
{Heap after GC invocations=43 (full 0):
 garbage-first heap   total 194560K, used 104530K [0x0000000700000000, 0x0000000800000000)
  region size 2048K, 1 young (2048K), 1 survivors (2048K)
 Metaspace       used 92832K, committed 93440K, reserved 1179648K
  class space    used 12573K, committed 12864K, reserved 1048576K
}
Event: 9.735 GC heap before
{Heap before GC invocations=43 (full 0):
 garbage-first heap   total 194560K, used 155730K [0x0000000700000000, 0x0000000800000000)
  region size 2048K, 27 young (55296K), 1 survivors (2048K)
 Metaspace       used 96639K, committed 97280K, reserved 1179648K
  class space    used 13101K, committed 13376K, reserved 1048576K
}

