# JRE version: OpenJDK Runtime Environment (17.0.7) (build 17.0.7+0-b2043.56-10550314)
# Java VM: OpenJDK 64-Bit Server VM (17.0.7+0-b2043.56-10550314, mixed mode, tiered, compressed oops, compressed class ptrs, g1 gc, windows-amd64)
GC Precious Log:
 CPUs: 20 total, 20 available
 Memory: 16110M
 Large Page Support: Disabled
 NUMA Support: Disabled
 Compressed Oops: Enabled (Zero based)
 Heap Region Size: 2M
 Heap Min Capacity: 8M
 Heap Initial Capacity: 252M
 Heap Max Capacity: 4G
 Pre-touch: Disabled
 Parallel Workers: 15
 Concurrent Workers: 4
 Concurrent Refinement Workers: 15
 Periodic GC: Disabled
Heap:
 garbage-first heap   total 307200K, used 186299K [0x0000000700000000, 0x0000000800000000)
  region size 2048K, 1 young (2048K), 1 survivors (2048K)
 Metaspace       used 106560K, committed 107264K, reserved 1179648K
  class space    used 14678K, committed 14976K, reserved 1048576K
GC Heap History (20 events):
Event: 7.638 GC heap after
{Heap after GC invocations=31 (full 0):
 garbage-first heap   total 165888K, used 95851K [0x0000000700000000, 0x0000000800000000)
  region size 2048K, 2 young (4096K), 2 survivors (4096K)
 Metaspace       used 91786K, committed 92416K, reserved 1179648K
  class space    used 12491K, committed 12800K, reserved 1048576K
}
Event: 7.790 GC heap before
{Heap before GC invocations=32 (full 0):
 garbage-first heap   total 198656K, used 130667K [0x0000000700000000, 0x0000000800000000)
  region size 2048K, 20 young (40960K), 2 survivors (4096K)
 Metaspace       used 91972K, committed 92672K, reserved 1179648K
  class space    used 12494K, committed 12800K, reserved 1048576K
}
Event: 7.792 GC heap after
{Heap after GC invocations=33 (full 0):
 garbage-first heap   total 198656K, used 97706K [0x0000000700000000, 0x0000000800000000)
  region size 2048K, 3 young (6144K), 3 survivors (6144K)
 Metaspace       used 91972K, committed 92672K, reserved 1179648K
  class space    used 12494K, committed 12800K, reserved 1048576K
}
Event: 7.999 GC heap before
{Heap before GC invocations=33 (full 0):
 garbage-first heap   total 198656K, used 157098K [0x0000000700000000, 0x0000000800000000)
  region size 2048K, 33 young (67584K), 3 survivors (6144K)
 Metaspace       used 92396K, committed 93056K, reserved 1179648K
  class space    used 12534K, committed 12864K, reserved 1048576K
}
Event: 8.003 GC heap after
{Heap after GC invocations=34 (full 0):
 garbage-first heap   total 198656K, used 101642K [0x0000000700000000, 0x0000000800000000)
  region size 2048K, 5 young (10240K), 5 survivors (10240K)
 Metaspace       used 92396K, committed 93056K, reserved 1179648K
  class space    used 12534K, committed 12864K, reserved 1048576K
}
Event: 8.527 GC heap before
{Heap before GC invocations=35 (full 0):
 garbage-first heap   total 204800K, used 158986K [0x0000000700000000, 0x0000000800000000)
  region size 2048K, 34 young (69632K), 5 survivors (10240K)
 Metaspace       used 98276K, committed 98944K, reserved 1179648K
  class space    used 13318K, committed 13632K, reserved 1048576K
}
Event: 8.530 GC heap after
{Heap after GC invocations=36 (full 0):
 garbage-first heap   total 204800K, used 104025K [0x0000000700000000, 0x0000000800000000)
  region size 2048K, 4 young (8192K), 4 survivors (8192K)
 Metaspace       used 98276K, committed 98944K, reserved 1179648K
  class space    used 13318K, committed 13632K, reserved 1048576K
}
Event: 8.750 GC heap before
{Heap before GC invocations=36 (full 0):
 garbage-first heap   total 204800K, used 165465K [0x0000000700000000, 0x0000000800000000)
  region size 2048K, 35 young (71680K), 4 survivors (8192K)
 Metaspace       used 99627K, committed 100352K, reserved 1179648K
  class space    used 13478K, committed 13824K, reserved 1048576K
}
Event: 8.754 GC heap after
{Heap after GC invocations=37 (full 0):
 garbage-first heap   total 204800K, used 108719K [0x0000000700000000, 0x0000000800000000)
  region size 2048K, 4 young (8192K), 4 survivors (8192K)
 Metaspace       used 99627K, committed 100352K, reserved 1179648K
  class space    used 13478K, committed 13824K, reserved 1048576K
}
Event: 8.904 GC heap before
{Heap before GC invocations=38 (full 0):
 garbage-first heap   total 225280K, used 151727K [0x0000000700000000, 0x0000000800000000)
  region size 2048K, 27 young (55296K), 4 survivors (8192K)
 Metaspace       used 100062K, committed 100736K, reserved 1179648K
  class space    used 13519K, committed 13824K, reserved 1048576K
}
Event: 8.907 GC heap after
{Heap after GC invocations=39 (full 0):
 garbage-first heap   total 225280K, used 111693K [0x0000000700000000, 0x0000000800000000)
  region size 2048K, 4 young (8192K), 4 survivors (8192K)
 Metaspace       used 100062K, committed 100736K, reserved 1179648K
  class space    used 13519K, committed 13824K, reserved 1048576K
}
Event: 9.166 GC heap before
{Heap before GC invocations=40 (full 0):
 garbage-first heap   total 239616K, used 218189K [0x0000000700000000, 0x0000000800000000)
  region size 2048K, 41 young (83968K), 4 survivors (8192K)
 Metaspace       used 103966K, committed 104640K, reserved 1179648K
  class space    used 14087K, committed 14400K, reserved 1048576K
}
Event: 9.172 GC heap after
{Heap after GC invocations=41 (full 0):
 garbage-first heap   total 249856K, used 152737K [0x0000000700000000, 0x0000000800000000)
  region size 2048K, 6 young (12288K), 6 survivors (12288K)
 Metaspace       used 103966K, committed 104640K, reserved 1179648K
  class space    used 14087K, committed 14400K, reserved 1048576K
}
Event: 9.183 GC heap before
{Heap before GC invocations=41 (full 0):
 garbage-first heap   total 249856K, used 152737K [0x0000000700000000, 0x0000000800000000)
  region size 2048K, 7 young (14336K), 6 survivors (12288K)
 Metaspace       used 104008K, committed 104704K, reserved 1179648K
  class space    used 14087K, committed 14400K, reserved 1048576K
}
Event: 9.186 GC heap after
{Heap after GC invocations=42 (full 0):
 garbage-first heap   total 249856K, used 154204K [0x0000000700000000, 0x0000000800000000)
  region size 2048K, 1 young (2048K), 1 survivors (2048K)
 Metaspace       used 104008K, committed 104704K, reserved 1179648K
  class space    used 14087K, committed 14400K, reserved 1048576K
}
Event: 9.394 GC heap before
{Heap before GC invocations=42 (full 0):
 garbage-first heap   total 249856K, used 203356K [0x0000000700000000, 0x0000000800000000)
  region size 2048K, 25 young (51200K), 1 survivors (2048K)
 Metaspace       used 104035K, committed 104704K, reserved 1179648K
  class space    used 14090K, committed 14400K, reserved 1048576K
}
Event: 9.400 GC heap after
{Heap after GC invocations=43 (full 0):
 garbage-first heap   total 249856K, used 173019K [0x0000000700000000, 0x0000000800000000)
  region size 2048K, 4 young (8192K), 4 survivors (8192K)
 Metaspace       used 104035K, committed 104704K, reserved 1179648K
  class space    used 14090K, committed 14400K, reserved 1048576K
}
Event: 9.529 GC heap before
{Heap before GC invocations=44 (full 0):
 garbage-first heap   total 307200K, used 199643K [0x0000000700000000, 0x0000000800000000)
  region size 2048K, 18 young (36864K), 4 survivors (8192K)
 Metaspace       used 106524K, committed 107200K, reserved 1179648K
  class space    used 14678K, committed 14976K, reserved 1048576K
}
Event: 9.537 GC heap after
{Heap after GC invocations=45 (full 0):
 garbage-first heap   total 307200K, used 182520K [0x0000000700000000, 0x0000000800000000)
  region size 2048K, 3 young (6144K), 3 survivors (6144K)
 Metaspace       used 106524K, committed 107200K, reserved 1179648K
  class space    used 14678K, committed 14976K, reserved 1048576K
}
Event: 9.550 GC heap before
{Heap before GC invocations=45 (full 0):
 garbage-first heap   total 307200K, used 190712K [0x0000000700000000, 0x0000000800000000)
  region size 2048K, 7 young (14336K), 3 survivors (6144K)
 Metaspace       used 106560K, committed 107264K, reserved 1179648K
  class space    used 14678K, committed 14976K, reserved 1048576K
}

