# JRE version: OpenJDK Runtime Environment (17.0.7) (build 17.0.7+0-b2043.56-10550314)
# Java VM: OpenJDK 64-Bit Server VM (17.0.7+0-b2043.56-10550314, mixed mode, tiered, compressed oops, compressed class ptrs, g1 gc, windows-amd64)
GC Precious Log:
 CPUs: 20 total, 20 available
 Memory: 16110M
 Large Page Support: Disabled
 NUMA Support: Disabled
 Compressed Oops: Enabled (Zero based)
 Heap Region Size: 2M
 Heap Min Capacity: 8M
 Heap Initial Capacity: 252M
 Heap Max Capacity: 4G
 Pre-touch: Disabled
 Parallel Workers: 15
 Concurrent Workers: 4
 Concurrent Refinement Workers: 15
 Periodic GC: Disabled
Heap:
 garbage-first heap   total 137216K, used 94124K [0x0000000700000000, 0x0000000800000000)
  region size 2048K, 33 young (67584K), 5 survivors (10240K)
 Metaspace       used 58770K, committed 59264K, reserved 1114112K
  class space    used 7633K, committed 7808K, reserved 1048576K
GC Heap History (20 events):
Event: 0.703 GC heap before
{Heap before GC invocations=1 (full 0):
 garbage-first heap   total 258048K, used 34455K [0x0000000700000000, 0x0000000800000000)
  region size 2048K, 15 young (30720K), 2 survivors (4096K)
 Metaspace       used 11209K, committed 11392K, reserved 1114112K
  class space    used 1164K, committed 1280K, reserved 1048576K
}
Event: 0.706 GC heap after
{Heap after GC invocations=2 (full 0):
 garbage-first heap   total 258048K, used 11344K [0x0000000700000000, 0x0000000800000000)
  region size 2048K, 1 young (2048K), 1 survivors (2048K)
 Metaspace       used 11209K, committed 11392K, reserved 1114112K
  class space    used 1164K, committed 1280K, reserved 1048576K
}
Event: 1.584 GC heap before
{Heap before GC invocations=2 (full 0):
 garbage-first heap   total 258048K, used 56400K [0x0000000700000000, 0x0000000800000000)
  region size 2048K, 25 young (51200K), 1 survivors (2048K)
 Metaspace       used 21316K, committed 21504K, reserved 1114112K
  class space    used 2575K, committed 2624K, reserved 1048576K
}
Event: 1.589 GC heap after
{Heap after GC invocations=3 (full 0):
 garbage-first heap   total 258048K, used 18389K [0x0000000700000000, 0x0000000800000000)
  region size 2048K, 5 young (10240K), 5 survivors (10240K)
 Metaspace       used 21316K, committed 21504K, reserved 1114112K
  class space    used 2575K, committed 2624K, reserved 1048576K
}
Event: 2.129 GC heap before
{Heap before GC invocations=4 (full 0):
 garbage-first heap   total 75776K, used 53205K [0x0000000700000000, 0x0000000800000000)
  region size 2048K, 22 young (45056K), 5 survivors (10240K)
 Metaspace       used 26843K, committed 27136K, reserved 1114112K
  class space    used 3533K, committed 3648K, reserved 1048576K
}
Event: 2.134 GC heap after
{Heap after GC invocations=5 (full 0):
 garbage-first heap   total 75776K, used 20345K [0x0000000700000000, 0x0000000800000000)
  region size 2048K, 2 young (4096K), 2 survivors (4096K)
 Metaspace       used 26843K, committed 27136K, reserved 1114112K
  class space    used 3533K, committed 3648K, reserved 1048576K
}
Event: 2.168 GC heap before
{Heap before GC invocations=5 (full 0):
 garbage-first heap   total 75776K, used 22393K [0x0000000700000000, 0x0000000800000000)
  region size 2048K, 3 young (6144K), 2 survivors (4096K)
 Metaspace       used 27202K, committed 27456K, reserved 1114112K
  class space    used 3598K, committed 3712K, reserved 1048576K
}
Event: 2.173 GC heap after
{Heap after GC invocations=6 (full 0):
 garbage-first heap   total 75776K, used 20526K [0x0000000700000000, 0x0000000800000000)
  region size 2048K, 1 young (2048K), 1 survivors (2048K)
 Metaspace       used 27202K, committed 27456K, reserved 1114112K
  class space    used 3598K, committed 3712K, reserved 1048576K
}
Event: 2.668 GC heap before
{Heap before GC invocations=6 (full 0):
 garbage-first heap   total 75776K, used 51246K [0x0000000700000000, 0x0000000800000000)
  region size 2048K, 16 young (32768K), 1 survivors (2048K)
 Metaspace       used 31717K, committed 32064K, reserved 1114112K
  class space    used 4336K, committed 4480K, reserved 1048576K
}
Event: 2.670 GC heap after
{Heap after GC invocations=7 (full 0):
 garbage-first heap   total 75776K, used 21781K [0x0000000700000000, 0x0000000800000000)
  region size 2048K, 1 young (2048K), 1 survivors (2048K)
 Metaspace       used 31717K, committed 32064K, reserved 1114112K
  class space    used 4336K, committed 4480K, reserved 1048576K
}
Event: 3.060 GC heap before
{Heap before GC invocations=7 (full 0):
 garbage-first heap   total 75776K, used 40213K [0x0000000700000000, 0x0000000800000000)
  region size 2048K, 11 young (22528K), 1 survivors (2048K)
 Metaspace       used 35669K, committed 35968K, reserved 1114112K
  class space    used 4850K, committed 4992K, reserved 1048576K
}
Event: 3.063 GC heap after
{Heap after GC invocations=8 (full 0):
 garbage-first heap   total 75776K, used 23592K [0x0000000700000000, 0x0000000800000000)
  region size 2048K, 2 young (4096K), 2 survivors (4096K)
 Metaspace       used 35669K, committed 35968K, reserved 1114112K
  class space    used 4850K, committed 4992K, reserved 1048576K
}
Event: 3.497 GC heap before
{Heap before GC invocations=9 (full 0):
 garbage-first heap   total 75776K, used 52264K [0x0000000700000000, 0x0000000800000000)
  region size 2048K, 17 young (34816K), 2 survivors (4096K)
 Metaspace       used 40061K, committed 40320K, reserved 1114112K
  class space    used 5284K, committed 5376K, reserved 1048576K
}
Event: 3.504 GC heap after
{Heap after GC invocations=10 (full 0):
 garbage-first heap   total 137216K, used 27233K [0x0000000700000000, 0x0000000800000000)
  region size 2048K, 3 young (6144K), 3 survivors (6144K)
 Metaspace       used 40061K, committed 40320K, reserved 1114112K
  class space    used 5284K, committed 5376K, reserved 1048576K
}
Event: 3.543 GC heap before
{Heap before GC invocations=10 (full 0):
 garbage-first heap   total 137216K, used 29281K [0x0000000700000000, 0x0000000800000000)
  region size 2048K, 4 young (8192K), 3 survivors (6144K)
 Metaspace       used 40337K, committed 40640K, reserved 1114112K
  class space    used 5330K, committed 5440K, reserved 1048576K
}
Event: 3.548 GC heap after
{Heap after GC invocations=11 (full 0):
 garbage-first heap   total 137216K, used 26699K [0x0000000700000000, 0x0000000800000000)
  region size 2048K, 1 young (2048K), 1 survivors (2048K)
 Metaspace       used 40337K, committed 40640K, reserved 1114112K
  class space    used 5330K, committed 5440K, reserved 1048576K
}
Event: 4.678 GC heap before
{Heap before GC invocations=11 (full 0):
 garbage-first heap   total 137216K, used 90187K [0x0000000700000000, 0x0000000800000000)
  region size 2048K, 32 young (65536K), 1 survivors (2048K)
 Metaspace       used 47972K, committed 48384K, reserved 1114112K
  class space    used 6310K, committed 6464K, reserved 1048576K
}
Event: 4.684 GC heap after
{Heap after GC invocations=12 (full 0):
 garbage-first heap   total 137216K, used 31379K [0x0000000700000000, 0x0000000800000000)
  region size 2048K, 3 young (6144K), 3 survivors (6144K)
 Metaspace       used 47972K, committed 48384K, reserved 1114112K
  class space    used 6310K, committed 6464K, reserved 1048576K
}
Event: 5.539 GC heap before
{Heap before GC invocations=12 (full 0):
 garbage-first heap   total 137216K, used 94867K [0x0000000700000000, 0x0000000800000000)
  region size 2048K, 34 young (69632K), 3 survivors (6144K)
 Metaspace       used 51187K, committed 51520K, reserved 1114112K
  class space    used 6726K, committed 6848K, reserved 1048576K
}
Event: 5.545 GC heap after
{Heap after GC invocations=13 (full 0):
 garbage-first heap   total 137216K, used 36780K [0x0000000700000000, 0x0000000800000000)
  region size 2048K, 5 young (10240K), 5 survivors (10240K)
 Metaspace       used 51187K, committed 51520K, reserved 1114112K
  class space    used 6726K, committed 6848K, reserved 1048576K
}

