# JRE version: OpenJDK Runtime Environment (17.0.7) (build 17.0.7+0-b2043.56-10550314)
# Java VM: OpenJDK 64-Bit Server VM (17.0.7+0-b2043.56-10550314, mixed mode, tiered, compressed oops, compressed class ptrs, g1 gc, windows-amd64)
GC Precious Log:
 CPUs: 20 total, 20 available
 Memory: 16110M
 Large Page Support: Disabled
 NUMA Support: Disabled
 Compressed Oops: Enabled (Zero based)
 Heap Region Size: 2M
 Heap Min Capacity: 8M
 Heap Initial Capacity: 252M
 Heap Max Capacity: 4G
 Pre-touch: Disabled
 Parallel Workers: 15
 Concurrent Workers: 4
 Concurrent Refinement Workers: 15
 Periodic GC: Disabled
Heap:
 garbage-first heap   total 264192K, used 160396K [0x0000000700000000, 0x0000000800000000)
  region size 2048K, 3 young (6144K), 3 survivors (6144K)
 Metaspace       used 101324K, committed 101952K, reserved 1179648K
  class space    used 13721K, committed 14016K, reserved 1048576K
GC Heap History (20 events):
Event: 8.747 GC heap after
{Heap after GC invocations=31 (full 0):
 garbage-first heap   total 167936K, used 82094K [0x0000000700000000, 0x0000000800000000)
  region size 2048K, 5 young (10240K), 5 survivors (10240K)
 Metaspace       used 87308K, committed 87808K, reserved 1179648K
  class space    used 11741K, committed 11968K, reserved 1048576K
}
Event: 9.309 GC heap before
{Heap before GC invocations=31 (full 0):
 garbage-first heap   total 167936K, used 131246K [0x0000000700000000, 0x0000000800000000)
  region size 2048K, 29 young (59392K), 5 survivors (10240K)
 Metaspace       used 90992K, committed 91648K, reserved 1179648K
  class space    used 12205K, committed 12544K, reserved 1048576K
}
Event: 9.316 GC heap after
{Heap after GC invocations=32 (full 0):
 garbage-first heap   total 167936K, used 89555K [0x0000000700000000, 0x0000000800000000)
  region size 2048K, 4 young (8192K), 4 survivors (8192K)
 Metaspace       used 90992K, committed 91648K, reserved 1179648K
  class space    used 12205K, committed 12544K, reserved 1048576K
}
Event: 9.470 GC heap before
{Heap before GC invocations=32 (full 0):
 garbage-first heap   total 167936K, used 128467K [0x0000000700000000, 0x0000000800000000)
  region size 2048K, 24 young (49152K), 4 survivors (8192K)
 Metaspace       used 91966K, committed 92672K, reserved 1179648K
  class space    used 12453K, committed 12800K, reserved 1048576K
}
Event: 9.476 GC heap after
{Heap after GC invocations=33 (full 0):
 garbage-first heap   total 167936K, used 93262K [0x0000000700000000, 0x0000000800000000)
  region size 2048K, 2 young (4096K), 2 survivors (4096K)
 Metaspace       used 91966K, committed 92672K, reserved 1179648K
  class space    used 12453K, committed 12800K, reserved 1048576K
}
Event: 9.668 GC heap before
{Heap before GC invocations=34 (full 0):
 garbage-first heap   total 184320K, used 132174K [0x0000000700000000, 0x0000000800000000)
  region size 2048K, 22 young (45056K), 2 survivors (4096K)
 Metaspace       used 92188K, committed 92864K, reserved 1179648K
  class space    used 12461K, committed 12800K, reserved 1048576K
}
Event: 9.671 GC heap after
{Heap after GC invocations=35 (full 0):
 garbage-first heap   total 184320K, used 94920K [0x0000000700000000, 0x0000000800000000)
  region size 2048K, 3 young (6144K), 3 survivors (6144K)
 Metaspace       used 92188K, committed 92864K, reserved 1179648K
  class space    used 12461K, committed 12800K, reserved 1048576K
}
Event: 9.868 GC heap before
{Heap before GC invocations=35 (full 0):
 garbage-first heap   total 184320K, used 146120K [0x0000000700000000, 0x0000000800000000)
  region size 2048K, 29 young (59392K), 3 survivors (6144K)
 Metaspace       used 92577K, committed 93248K, reserved 1179648K
  class space    used 12494K, committed 12800K, reserved 1048576K
}
Event: 9.872 GC heap after
{Heap after GC invocations=36 (full 0):
 garbage-first heap   total 221184K, used 98544K [0x0000000700000000, 0x0000000800000000)
  region size 2048K, 3 young (6144K), 3 survivors (6144K)
 Metaspace       used 92577K, committed 93248K, reserved 1179648K
  class space    used 12494K, committed 12800K, reserved 1048576K
}
Event: 10.170 GC heap before
{Heap before GC invocations=37 (full 0):
 garbage-first heap   total 221184K, used 176368K [0x0000000700000000, 0x0000000800000000)
  region size 2048K, 42 young (86016K), 3 survivors (6144K)
 Metaspace       used 93800K, committed 94464K, reserved 1179648K
  class space    used 12662K, committed 12992K, reserved 1048576K
}
Event: 10.180 GC heap after
{Heap after GC invocations=38 (full 0):
 garbage-first heap   total 221184K, used 103244K [0x0000000700000000, 0x0000000800000000)
  region size 2048K, 6 young (12288K), 6 survivors (12288K)
 Metaspace       used 93800K, committed 94464K, reserved 1179648K
  class space    used 12662K, committed 12992K, reserved 1048576K
}
Event: 10.182 GC heap before
{Heap before GC invocations=38 (full 0):
 garbage-first heap   total 221184K, used 105292K [0x0000000700000000, 0x0000000800000000)
  region size 2048K, 7 young (14336K), 6 survivors (12288K)
 Metaspace       used 93804K, committed 94464K, reserved 1179648K
  class space    used 12664K, committed 12992K, reserved 1048576K
}
Event: 10.187 GC heap after
{Heap after GC invocations=39 (full 0):
 garbage-first heap   total 221184K, used 103567K [0x0000000700000000, 0x0000000800000000)
  region size 2048K, 1 young (2048K), 1 survivors (2048K)
 Metaspace       used 93804K, committed 94464K, reserved 1179648K
  class space    used 12664K, committed 12992K, reserved 1048576K
}
Event: 10.374 GC heap before
{Heap before GC invocations=39 (full 0):
 garbage-first heap   total 221184K, used 181391K [0x0000000700000000, 0x0000000800000000)
  region size 2048K, 38 young (77824K), 1 survivors (2048K)
 Metaspace       used 95521K, committed 96192K, reserved 1179648K
  class space    used 12910K, committed 13248K, reserved 1048576K
}
Event: 10.377 GC heap after
{Heap after GC invocations=40 (full 0):
 garbage-first heap   total 221184K, used 114162K [0x0000000700000000, 0x0000000800000000)
  region size 2048K, 5 young (10240K), 5 survivors (10240K)
 Metaspace       used 95521K, committed 96192K, reserved 1179648K
  class space    used 12910K, committed 13248K, reserved 1048576K
}
Event: 10.782 GC heap before
{Heap before GC invocations=41 (full 0):
 garbage-first heap   total 221184K, used 198130K [0x0000000700000000, 0x0000000800000000)
  region size 2048K, 34 young (69632K), 5 survivors (10240K)
 Metaspace       used 100987K, committed 101632K, reserved 1179648K
  class space    used 13681K, committed 14016K, reserved 1048576K
}
Event: 10.789 GC heap after
{Heap after GC invocations=42 (full 0):
 garbage-first heap   total 229376K, used 146897K [0x0000000700000000, 0x0000000800000000)
  region size 2048K, 5 young (10240K), 5 survivors (10240K)
 Metaspace       used 100987K, committed 101632K, reserved 1179648K
  class space    used 13681K, committed 14016K, reserved 1048576K
}
Event: 10.805 GC heap before
{Heap before GC invocations=42 (full 0):
 garbage-first heap   total 229376K, used 148945K [0x0000000700000000, 0x0000000800000000)
  region size 2048K, 6 young (12288K), 5 survivors (10240K)
 Metaspace       used 101077K, committed 101760K, reserved 1179648K
  class space    used 13686K, committed 14016K, reserved 1048576K
}
Event: 10.810 GC heap after
{Heap after GC invocations=43 (full 0):
 garbage-first heap   total 229376K, used 147121K [0x0000000700000000, 0x0000000800000000)
  region size 2048K, 1 young (2048K), 1 survivors (2048K)
 Metaspace       used 101077K, committed 101760K, reserved 1179648K
  class space    used 13686K, committed 14016K, reserved 1048576K
}
Event: 10.951 GC heap before
{Heap before GC invocations=43 (full 0):
 garbage-first heap   total 229376K, used 181937K [0x0000000700000000, 0x0000000800000000)
  region size 2048K, 18 young (36864K), 1 survivors (2048K)
 Metaspace       used 101324K, committed 101952K, reserved 1179648K
  class space    used 13721K, committed 14016K, reserved 1048576K
}

