# JRE version: OpenJDK Runtime Environment (17.0.7) (build 17.0.7+0-b2043.56-10550314)
# Java VM: OpenJDK 64-Bit Server VM (17.0.7+0-b2043.56-10550314, mixed mode, tiered, compressed oops, compressed class ptrs, g1 gc, windows-amd64)
GC Precious Log:
 CPUs: 20 total, 20 available
 Memory: 16110M
 Large Page Support: Disabled
 NUMA Support: Disabled
 Compressed Oops: Enabled (Zero based)
 Heap Region Size: 2M
 Heap Min Capacity: 8M
 Heap Initial Capacity: 252M
 Heap Max Capacity: 4G
 Pre-touch: Disabled
 Parallel Workers: 15
 Concurrent Workers: 4
 Concurrent Refinement Workers: 15
 Periodic GC: Disabled
Heap:
 garbage-first heap   total 178176K, used 129861K [0x0000000700000000, 0x0000000800000000)
  region size 2048K, 19 young (38912K), 3 survivors (6144K)
 Metaspace       used 98207K, committed 98816K, reserved 1179648K
  class space    used 13303K, committed 13568K, reserved 1048576K
GC Heap History (20 events):
Event: 10.694 GC heap before
{Heap before GC invocations=27 (full 0):
 garbage-first heap   total 133120K, used 104733K [0x0000000700000000, 0x0000000800000000)
  region size 2048K, 21 young (43008K), 3 survivors (6144K)
 Metaspace       used 81607K, committed 82176K, reserved 1179648K
  class space    used 10920K, committed 11200K, reserved 1048576K
}
Event: 10.701 GC heap after
{Heap after GC invocations=28 (full 0):
 garbage-first heap   total 133120K, used 69886K [0x0000000700000000, 0x0000000800000000)
  region size 2048K, 3 young (6144K), 3 survivors (6144K)
 Metaspace       used 81607K, committed 82176K, reserved 1179648K
  class space    used 10920K, committed 11200K, reserved 1048576K
}
Event: 11.439 GC heap before
{Heap before GC invocations=29 (full 0):
 garbage-first heap   total 133120K, used 106750K [0x0000000700000000, 0x0000000800000000)
  region size 2048K, 21 young (43008K), 3 survivors (6144K)
 Metaspace       used 85394K, committed 85888K, reserved 1179648K
  class space    used 11481K, committed 11712K, reserved 1048576K
}
Event: 11.445 GC heap after
{Heap after GC invocations=30 (full 0):
 garbage-first heap   total 133120K, used 72957K [0x0000000700000000, 0x0000000800000000)
  region size 2048K, 3 young (6144K), 3 survivors (6144K)
 Metaspace       used 85394K, committed 85888K, reserved 1179648K
  class space    used 11481K, committed 11712K, reserved 1048576K
}
Event: 11.900 GC heap before
{Heap before GC invocations=30 (full 0):
 garbage-first heap   total 133120K, used 105725K [0x0000000700000000, 0x0000000800000000)
  region size 2048K, 19 young (38912K), 3 survivors (6144K)
 Metaspace       used 88849K, committed 89472K, reserved 1179648K
  class space    used 12029K, committed 12288K, reserved 1048576K
}
Event: 11.907 GC heap after
{Heap after GC invocations=31 (full 0):
 garbage-first heap   total 133120K, used 74899K [0x0000000700000000, 0x0000000800000000)
  region size 2048K, 3 young (6144K), 3 survivors (6144K)
 Metaspace       used 88849K, committed 89472K, reserved 1179648K
  class space    used 12029K, committed 12288K, reserved 1048576K
}
Event: 12.389 GC heap before
{Heap before GC invocations=32 (full 0):
 garbage-first heap   total 133120K, used 107667K [0x0000000700000000, 0x0000000800000000)
  region size 2048K, 19 young (38912K), 3 survivors (6144K)
 Metaspace       used 91987K, committed 92544K, reserved 1179648K
  class space    used 12420K, committed 12672K, reserved 1048576K
}
Event: 12.394 GC heap after
{Heap after GC invocations=33 (full 0):
 garbage-first heap   total 133120K, used 78252K [0x0000000700000000, 0x0000000800000000)
  region size 2048K, 3 young (6144K), 3 survivors (6144K)
 Metaspace       used 91987K, committed 92544K, reserved 1179648K
  class space    used 12420K, committed 12672K, reserved 1048576K
}
Event: 12.791 GC heap before
{Heap before GC invocations=33 (full 0):
 garbage-first heap   total 133120K, used 108972K [0x0000000700000000, 0x0000000800000000)
  region size 2048K, 18 young (36864K), 3 survivors (6144K)
 Metaspace       used 92830K, committed 93440K, reserved 1179648K
  class space    used 12529K, committed 12800K, reserved 1048576K
}
Event: 12.798 GC heap after
{Heap after GC invocations=34 (full 0):
 garbage-first heap   total 133120K, used 82258K [0x0000000700000000, 0x0000000800000000)
  region size 2048K, 3 young (6144K), 3 survivors (6144K)
 Metaspace       used 92830K, committed 93440K, reserved 1179648K
  class space    used 12529K, committed 12800K, reserved 1048576K
}
Event: 13.015 GC heap before
{Heap before GC invocations=35 (full 0):
 garbage-first heap   total 143360K, used 108882K [0x0000000700000000, 0x0000000800000000)
  region size 2048K, 16 young (32768K), 3 survivors (6144K)
 Metaspace       used 92880K, committed 93440K, reserved 1179648K
  class space    used 12535K, committed 12800K, reserved 1048576K
}
Event: 13.020 GC heap after
{Heap after GC invocations=36 (full 0):
 garbage-first heap   total 143360K, used 86689K [0x0000000700000000, 0x0000000800000000)
  region size 2048K, 2 young (4096K), 2 survivors (4096K)
 Metaspace       used 92880K, committed 93440K, reserved 1179648K
  class space    used 12535K, committed 12800K, reserved 1048576K
}
Event: 13.452 GC heap before
{Heap before GC invocations=36 (full 0):
 garbage-first heap   total 143360K, used 115361K [0x0000000700000000, 0x0000000800000000)
  region size 2048K, 16 young (32768K), 2 survivors (4096K)
 Metaspace       used 95309K, committed 95936K, reserved 1179648K
  class space    used 12837K, committed 13120K, reserved 1048576K
}
Event: 13.457 GC heap after
{Heap after GC invocations=37 (full 0):
 garbage-first heap   total 172032K, used 91985K [0x0000000700000000, 0x0000000800000000)
  region size 2048K, 2 young (4096K), 2 survivors (4096K)
 Metaspace       used 95309K, committed 95936K, reserved 1179648K
  class space    used 12837K, committed 13120K, reserved 1048576K
}
Event: 13.998 GC heap before
{Heap before GC invocations=38 (full 0):
 garbage-first heap   total 172032K, used 132945K [0x0000000700000000, 0x0000000800000000)
  region size 2048K, 23 young (47104K), 2 survivors (4096K)
 Metaspace       used 97426K, committed 98112K, reserved 1179648K
  class space    used 13262K, committed 13568K, reserved 1048576K
}
Event: 14.004 GC heap after
{Heap after GC invocations=39 (full 0):
 garbage-first heap   total 172032K, used 96841K [0x0000000700000000, 0x0000000800000000)
  region size 2048K, 3 young (6144K), 3 survivors (6144K)
 Metaspace       used 97426K, committed 98112K, reserved 1179648K
  class space    used 13262K, committed 13568K, reserved 1048576K
}
Event: 14.157 GC heap before
{Heap before GC invocations=39 (full 0):
 garbage-first heap   total 172032K, used 133705K [0x0000000700000000, 0x0000000800000000)
  region size 2048K, 22 young (45056K), 3 survivors (6144K)
 Metaspace       used 97658K, committed 98368K, reserved 1179648K
  class space    used 13263K, committed 13568K, reserved 1048576K
}
Event: 14.161 GC heap after
{Heap after GC invocations=40 (full 0):
 garbage-first heap   total 172032K, used 98369K [0x0000000700000000, 0x0000000800000000)
  region size 2048K, 1 young (2048K), 1 survivors (2048K)
 Metaspace       used 97658K, committed 98368K, reserved 1179648K
  class space    used 13263K, committed 13568K, reserved 1048576K
}
Event: 14.440 GC heap before
{Heap before GC invocations=41 (full 0):
 garbage-first heap   total 178176K, used 135233K [0x0000000700000000, 0x0000000800000000)
  region size 2048K, 20 young (40960K), 1 survivors (2048K)
 Metaspace       used 98075K, committed 98752K, reserved 1179648K
  class space    used 13299K, committed 13568K, reserved 1048576K
}
Event: 14.443 GC heap after
{Heap after GC invocations=42 (full 0):
 garbage-first heap   total 178176K, used 101189K [0x0000000700000000, 0x0000000800000000)
  region size 2048K, 3 young (6144K), 3 survivors (6144K)
 Metaspace       used 98075K, committed 98752K, reserved 1179648K
  class space    used 13299K, committed 13568K, reserved 1048576K
}

