# JRE version: OpenJDK Runtime Environment (17.0.7) (build 17.0.7+0-b2043.56-10550314)
# Java VM: OpenJDK 64-Bit Server VM (17.0.7+0-b2043.56-10550314, mixed mode, tiered, compressed oops, compressed class ptrs, g1 gc, windows-amd64)
GC Precious Log:
 CPUs: 20 total, 20 available
 Memory: 16110M
 Large Page Support: Disabled
 NUMA Support: Disabled
 Compressed Oops: Enabled (Zero based)
 Heap Region Size: 2M
 Heap Min Capacity: 8M
 Heap Initial Capacity: 252M
 Heap Max Capacity: 4G
 Pre-touch: Disabled
 Parallel Workers: 15
 Concurrent Workers: 4
 Concurrent Refinement Workers: 15
 Periodic GC: Disabled
Heap:
 garbage-first heap   total 329728K, used 246964K [0x0000000700000000, 0x0000000800000000)
  region size 2048K, 3 young (6144K), 3 survivors (6144K)
 Metaspace       used 117781K, committed 118592K, reserved 1179648K
  class space    used 15805K, committed 16192K, reserved 1048576K
GC Heap History (20 events):
Event: 10.664 GC heap after
{Heap after GC invocations=52 (full 0):
 garbage-first heap   total 229376K, used 138845K [0x0000000700000000, 0x0000000800000000)
  region size 2048K, 3 young (6144K), 3 survivors (6144K)
 Metaspace       used 98140K, committed 98880K, reserved 1179648K
  class space    used 13265K, committed 13632K, reserved 1048576K
}
Event: 10.932 GC heap before
{Heap before GC invocations=53 (full 0):
 garbage-first heap   total 266240K, used 196189K [0x0000000700000000, 0x0000000800000000)
  region size 2048K, 23 young (47104K), 3 survivors (6144K)
 Metaspace       used 98680K, committed 99328K, reserved 1179648K
  class space    used 13304K, committed 13632K, reserved 1048576K
}
Event: 10.936 GC heap after
{Heap after GC invocations=54 (full 0):
 garbage-first heap   total 266240K, used 145579K [0x0000000700000000, 0x0000000800000000)
  region size 2048K, 3 young (6144K), 3 survivors (6144K)
 Metaspace       used 98680K, committed 99328K, reserved 1179648K
  class space    used 13304K, committed 13632K, reserved 1048576K
}
Event: 11.004 GC heap before
{Heap before GC invocations=54 (full 0):
 garbage-first heap   total 266240K, used 149675K [0x0000000700000000, 0x0000000800000000)
  region size 2048K, 6 young (12288K), 3 survivors (6144K)
 Metaspace       used 99184K, committed 99904K, reserved 1179648K
  class space    used 13355K, committed 13696K, reserved 1048576K
}
Event: 11.007 GC heap after
{Heap after GC invocations=55 (full 0):
 garbage-first heap   total 319488K, used 147345K [0x0000000700000000, 0x0000000800000000)
  region size 2048K, 1 young (2048K), 1 survivors (2048K)
 Metaspace       used 99184K, committed 99904K, reserved 1179648K
  class space    used 13355K, committed 13696K, reserved 1048576K
}
Event: 11.565 GC heap before
{Heap before GC invocations=55 (full 0):
 garbage-first heap   total 319488K, used 245649K [0x0000000700000000, 0x0000000800000000)
  region size 2048K, 50 young (102400K), 1 survivors (2048K)
 Metaspace       used 102423K, committed 103168K, reserved 1179648K
  class space    used 13621K, committed 13952K, reserved 1048576K
}
Event: 11.569 GC heap after
{Heap after GC invocations=56 (full 0):
 garbage-first heap   total 319488K, used 156341K [0x0000000700000000, 0x0000000800000000)
  region size 2048K, 6 young (12288K), 6 survivors (12288K)
 Metaspace       used 102423K, committed 103168K, reserved 1179648K
  class space    used 13621K, committed 13952K, reserved 1048576K
}
Event: 11.904 GC heap before
{Heap before GC invocations=57 (full 0):
 garbage-first heap   total 319488K, used 228021K [0x0000000700000000, 0x0000000800000000)
  region size 2048K, 48 young (98304K), 6 survivors (12288K)
 Metaspace       used 104442K, committed 105152K, reserved 1179648K
  class space    used 13814K, committed 14144K, reserved 1048576K
}
Event: 11.907 GC heap after
{Heap after GC invocations=58 (full 0):
 garbage-first heap   total 319488K, used 136870K [0x0000000700000000, 0x0000000800000000)
  region size 2048K, 2 young (4096K), 2 survivors (4096K)
 Metaspace       used 104442K, committed 105152K, reserved 1179648K
  class space    used 13814K, committed 14144K, reserved 1048576K
}
Event: 11.921 GC heap before
{Heap before GC invocations=58 (full 0):
 garbage-first heap   total 319488K, used 147110K [0x0000000700000000, 0x0000000800000000)
  region size 2048K, 7 young (14336K), 2 survivors (4096K)
 Metaspace       used 104468K, committed 105152K, reserved 1179648K
  class space    used 13814K, committed 14144K, reserved 1048576K
}
Event: 11.923 GC heap after
{Heap after GC invocations=59 (full 0):
 garbage-first heap   total 319488K, used 123028K [0x0000000700000000, 0x0000000800000000)
  region size 2048K, 1 young (2048K), 1 survivors (2048K)
 Metaspace       used 104468K, committed 105152K, reserved 1179648K
  class space    used 13814K, committed 14144K, reserved 1048576K
}
Event: 13.182 GC heap before
{Heap before GC invocations=59 (full 0):
 garbage-first heap   total 319488K, used 245908K [0x0000000700000000, 0x0000000800000000)
  region size 2048K, 62 young (126976K), 1 survivors (2048K)
 Metaspace       used 110369K, committed 111104K, reserved 1179648K
  class space    used 14567K, committed 14912K, reserved 1048576K
}
Event: 13.186 GC heap after
{Heap after GC invocations=60 (full 0):
 garbage-first heap   total 319488K, used 132132K [0x0000000700000000, 0x0000000800000000)
  region size 2048K, 5 young (10240K), 5 survivors (10240K)
 Metaspace       used 110369K, committed 111104K, reserved 1179648K
  class space    used 14567K, committed 14912K, reserved 1048576K
}
Event: 13.665 GC heap before
{Heap before GC invocations=60 (full 0):
 garbage-first heap   total 319488K, used 244772K [0x0000000700000000, 0x0000000800000000)
  region size 2048K, 60 young (122880K), 5 survivors (10240K)
 Metaspace       used 111842K, committed 112576K, reserved 1179648K
  class space    used 14736K, committed 15104K, reserved 1048576K
}
Event: 13.670 GC heap after
{Heap after GC invocations=61 (full 0):
 garbage-first heap   total 319488K, used 142197K [0x0000000700000000, 0x0000000800000000)
  region size 2048K, 4 young (8192K), 4 survivors (8192K)
 Metaspace       used 111842K, committed 112576K, reserved 1179648K
  class space    used 14736K, committed 15104K, reserved 1048576K
}
Event: 14.365 GC heap before
{Heap before GC invocations=61 (full 0):
 garbage-first heap   total 319488K, used 281461K [0x0000000700000000, 0x0000000800000000)
  region size 2048K, 58 young (118784K), 4 survivors (8192K)
 Metaspace       used 117450K, committed 118272K, reserved 1179648K
  class space    used 15793K, committed 16192K, reserved 1048576K
}
Event: 14.376 GC heap after
{Heap after GC invocations=62 (full 0):
 garbage-first heap   total 329728K, used 198051K [0x0000000700000000, 0x0000000800000000)
  region size 2048K, 8 young (16384K), 8 survivors (16384K)
 Metaspace       used 117450K, committed 118272K, reserved 1179648K
  class space    used 15793K, committed 16192K, reserved 1048576K
}
Event: 14.504 GC heap before
{Heap before GC invocations=62 (full 0):
 garbage-first heap   total 329728K, used 257443K [0x0000000700000000, 0x0000000800000000)
  region size 2048K, 38 young (77824K), 8 survivors (16384K)
 Metaspace       used 117773K, committed 118528K, reserved 1179648K
  class space    used 15805K, committed 16192K, reserved 1048576K
}
Event: 14.519 GC heap after
{Heap after GC invocations=63 (full 0):
 garbage-first heap   total 329728K, used 226521K [0x0000000700000000, 0x0000000800000000)
  region size 2048K, 5 young (10240K), 5 survivors (10240K)
 Metaspace       used 117773K, committed 118528K, reserved 1179648K
  class space    used 15805K, committed 16192K, reserved 1048576K
}
Event: 14.590 GC heap before
{Heap before GC invocations=63 (full 0):
 garbage-first heap   total 329728K, used 263385K [0x0000000700000000, 0x0000000800000000)
  region size 2048K, 23 young (47104K), 5 survivors (10240K)
 Metaspace       used 117781K, committed 118592K, reserved 1179648K
  class space    used 15805K, committed 16192K, reserved 1048576K
}

