# JRE version: OpenJDK Runtime Environment (17.0.7) (build 17.0.7+0-b2043.56-10550314)
# Java VM: OpenJDK 64-Bit Server VM (17.0.7+0-b2043.56-10550314, mixed mode, tiered, compressed oops, compressed class ptrs, g1 gc, windows-amd64)
GC Precious Log:
 CPUs: 20 total, 20 available
 Memory: 16110M
 Large Page Support: Disabled
 NUMA Support: Disabled
 Compressed Oops: Enabled (Zero based)
 Heap Region Size: 2M
 Heap Min Capacity: 8M
 Heap Initial Capacity: 252M
 Heap Max Capacity: 4G
 Pre-touch: Disabled
 Parallel Workers: 15
 Concurrent Workers: 4
 Concurrent Refinement Workers: 15
 Periodic GC: Disabled
Heap:
 garbage-first heap   total 114688K, used 49932K [0x0000000700000000, 0x0000000800000000)
  region size 2048K, 1 young (2048K), 1 survivors (2048K)
 Metaspace       used 53972K, committed 54464K, reserved 1114112K
  class space    used 7075K, committed 7296K, reserved 1048576K
GC Heap History (20 events):
Event: 2.482 GC heap after
{Heap after GC invocations=3 (full 0):
 garbage-first heap   total 258048K, used 18178K [0x0000000700000000, 0x0000000800000000)
  region size 2048K, 4 young (8192K), 4 survivors (8192K)
 Metaspace       used 21339K, committed 21504K, reserved 1114112K
  class space    used 2576K, committed 2624K, reserved 1048576K
}
Event: 3.030 GC heap before
{Heap before GC invocations=4 (full 0):
 garbage-first heap   total 69632K, used 50946K [0x0000000700000000, 0x0000000800000000)
  region size 2048K, 20 young (40960K), 4 survivors (8192K)
 Metaspace       used 26456K, committed 26688K, reserved 1114112K
  class space    used 3481K, committed 3584K, reserved 1048576K
}
Event: 3.053 GC heap after
{Heap after GC invocations=5 (full 0):
 garbage-first heap   total 69632K, used 20172K [0x0000000700000000, 0x0000000800000000)
  region size 2048K, 2 young (4096K), 2 survivors (4096K)
 Metaspace       used 26456K, committed 26688K, reserved 1114112K
  class space    used 3481K, committed 3584K, reserved 1048576K
}
Event: 3.106 GC heap before
{Heap before GC invocations=5 (full 0):
 garbage-first heap   total 69632K, used 22220K [0x0000000700000000, 0x0000000800000000)
  region size 2048K, 3 young (6144K), 2 survivors (4096K)
 Metaspace       used 26807K, committed 27072K, reserved 1114112K
  class space    used 3530K, committed 3648K, reserved 1048576K
}
Event: 3.116 GC heap after
{Heap after GC invocations=6 (full 0):
 garbage-first heap   total 69632K, used 20519K [0x0000000700000000, 0x0000000800000000)
  region size 2048K, 1 young (2048K), 1 survivors (2048K)
 Metaspace       used 26807K, committed 27072K, reserved 1114112K
  class space    used 3530K, committed 3648K, reserved 1048576K
}
Event: 3.666 GC heap before
{Heap before GC invocations=6 (full 0):
 garbage-first heap   total 69632K, used 47143K [0x0000000700000000, 0x0000000800000000)
  region size 2048K, 14 young (28672K), 1 survivors (2048K)
 Metaspace       used 30900K, committed 31168K, reserved 1114112K
  class space    used 4193K, committed 4288K, reserved 1048576K
}
Event: 3.670 GC heap after
{Heap after GC invocations=7 (full 0):
 garbage-first heap   total 139264K, used 21468K [0x0000000700000000, 0x0000000800000000)
  region size 2048K, 1 young (2048K), 1 survivors (2048K)
 Metaspace       used 30900K, committed 31168K, reserved 1114112K
  class space    used 4193K, committed 4288K, reserved 1048576K
}
Event: 4.244 GC heap before
{Heap before GC invocations=7 (full 0):
 garbage-first heap   total 139264K, used 46044K [0x0000000700000000, 0x0000000800000000)
  region size 2048K, 14 young (28672K), 1 survivors (2048K)
 Metaspace       used 35687K, committed 35968K, reserved 1114112K
  class space    used 4855K, committed 4992K, reserved 1048576K
}
Event: 4.253 GC heap after
{Heap after GC invocations=8 (full 0):
 garbage-first heap   total 139264K, used 23539K [0x0000000700000000, 0x0000000800000000)
  region size 2048K, 2 young (4096K), 2 survivors (4096K)
 Metaspace       used 35687K, committed 35968K, reserved 1114112K
  class space    used 4855K, committed 4992K, reserved 1048576K
}
Event: 4.897 GC heap before
{Heap before GC invocations=9 (full 0):
 garbage-first heap   total 90112K, used 74739K [0x0000000700000000, 0x0000000800000000)
  region size 2048K, 26 young (53248K), 2 survivors (4096K)
 Metaspace       used 42092K, committed 42496K, reserved 1114112K
  class space    used 5473K, committed 5632K, reserved 1048576K
}
Event: 4.904 GC heap after
{Heap after GC invocations=10 (full 0):
 garbage-first heap   total 90112K, used 28860K [0x0000000700000000, 0x0000000800000000)
  region size 2048K, 4 young (8192K), 4 survivors (8192K)
 Metaspace       used 42092K, committed 42496K, reserved 1114112K
  class space    used 5473K, committed 5632K, reserved 1048576K
}
Event: 4.913 GC heap before
{Heap before GC invocations=10 (full 0):
 garbage-first heap   total 90112K, used 30908K [0x0000000700000000, 0x0000000800000000)
  region size 2048K, 5 young (10240K), 4 survivors (8192K)
 Metaspace       used 42099K, committed 42496K, reserved 1114112K
  class space    used 5475K, committed 5632K, reserved 1048576K
}
Event: 4.931 GC heap after
{Heap after GC invocations=11 (full 0):
 garbage-first heap   total 90112K, used 29328K [0x0000000700000000, 0x0000000800000000)
  region size 2048K, 1 young (2048K), 1 survivors (2048K)
 Metaspace       used 42099K, committed 42496K, reserved 1114112K
  class space    used 5475K, committed 5632K, reserved 1048576K
}
Event: 5.573 GC heap before
{Heap before GC invocations=11 (full 0):
 garbage-first heap   total 90112K, used 64144K [0x0000000700000000, 0x0000000800000000)
  region size 2048K, 19 young (38912K), 1 survivors (2048K)
 Metaspace       used 46976K, committed 47360K, reserved 1114112K
  class space    used 6153K, committed 6336K, reserved 1048576K
}
Event: 5.577 GC heap after
{Heap after GC invocations=12 (full 0):
 garbage-first heap   total 90112K, used 31398K [0x0000000700000000, 0x0000000800000000)
  region size 2048K, 2 young (4096K), 2 survivors (4096K)
 Metaspace       used 46976K, committed 47360K, reserved 1114112K
  class space    used 6153K, committed 6336K, reserved 1048576K
}
Event: 6.275 GC heap before
{Heap before GC invocations=12 (full 0):
 garbage-first heap   total 90112K, used 68262K [0x0000000700000000, 0x0000000800000000)
  region size 2048K, 20 young (40960K), 2 survivors (4096K)
 Metaspace       used 50715K, committed 51136K, reserved 1114112K
  class space    used 6672K, committed 6848K, reserved 1048576K
}
Event: 6.280 GC heap after
{Heap after GC invocations=13 (full 0):
 garbage-first heap   total 90112K, used 33758K [0x0000000700000000, 0x0000000800000000)
  region size 2048K, 3 young (6144K), 3 survivors (6144K)
 Metaspace       used 50715K, committed 51136K, reserved 1114112K
  class space    used 6672K, committed 6848K, reserved 1048576K
}
Event: 6.636 GC heap before
{Heap before GC invocations=13 (full 0):
 garbage-first heap   total 90112K, used 70622K [0x0000000700000000, 0x0000000800000000)
  region size 2048K, 20 young (40960K), 3 survivors (6144K)
 Metaspace       used 51594K, committed 52096K, reserved 1114112K
  class space    used 6766K, committed 6976K, reserved 1048576K
}
Event: 6.641 GC heap after
{Heap after GC invocations=14 (full 0):
 garbage-first heap   total 90112K, used 48700K [0x0000000700000000, 0x0000000800000000)
  region size 2048K, 3 young (6144K), 3 survivors (6144K)
 Metaspace       used 51594K, committed 52096K, reserved 1114112K
  class space    used 6766K, committed 6976K, reserved 1048576K
}
Event: 6.894 GC heap before
{Heap before GC invocations=14 (full 0):
 garbage-first heap   total 90112K, used 65084K [0x0000000700000000, 0x0000000800000000)
  region size 2048K, 11 young (22528K), 3 survivors (6144K)
 Metaspace       used 53972K, committed 54464K, reserved 1114112K
  class space    used 7075K, committed 7296K, reserved 1048576K
}

