# JRE version: OpenJDK Runtime Environment (17.0.7) (build 17.0.7+0-b2043.56-10550314)
# Java VM: OpenJDK 64-Bit Server VM (17.0.7+0-b2043.56-10550314, mixed mode, tiered, compressed oops, compressed class ptrs, g1 gc, windows-amd64)
GC Precious Log:
 CPUs: 20 total, 20 available
 Memory: 16110M
 Large Page Support: Disabled
 NUMA Support: Disabled
 Compressed Oops: Enabled (Zero based)
 Heap Region Size: 2M
 Heap Min Capacity: 8M
 Heap Initial Capacity: 252M
 Heap Max Capacity: 4G
 Pre-touch: Disabled
 Parallel Workers: 15
 Concurrent Workers: 4
 Concurrent Refinement Workers: 15
 Periodic GC: Disabled
Heap:
 garbage-first heap   total 339968K, used 253744K [0x0000000700000000, 0x0000000800000000)
  region size 2048K, 47 young (96256K), 4 survivors (8192K)
 Metaspace       used 119991K, committed 120832K, reserved 1179648K
  class space    used 16478K, committed 16896K, reserved 1048576K
GC Heap History (20 events):
Event: 8.560 GC heap before
{Heap before GC invocations=32 (full 0):
 garbage-first heap   total 157696K, used 125776K [0x0000000700000000, 0x0000000800000000)
  region size 2048K, 20 young (40960K), 3 survivors (6144K)
 Metaspace       used 92019K, committed 92736K, reserved 1179648K
  class space    used 12526K, committed 12864K, reserved 1048576K
}
Event: 8.564 GC heap after
{Heap after GC invocations=33 (full 0):
 garbage-first heap   total 157696K, used 95321K [0x0000000700000000, 0x0000000800000000)
  region size 2048K, 2 young (4096K), 2 survivors (4096K)
 Metaspace       used 92019K, committed 92736K, reserved 1179648K
  class space    used 12526K, committed 12864K, reserved 1048576K
}
Event: 8.676 GC heap before
{Heap before GC invocations=34 (full 0):
 garbage-first heap   total 184320K, used 126041K [0x0000000700000000, 0x0000000800000000)
  region size 2048K, 18 young (36864K), 2 survivors (4096K)
 Metaspace       used 92148K, committed 92800K, reserved 1179648K
  class space    used 12529K, committed 12864K, reserved 1048576K
}
Event: 8.678 GC heap after
{Heap after GC invocations=35 (full 0):
 garbage-first heap   total 184320K, used 97082K [0x0000000700000000, 0x0000000800000000)
  region size 2048K, 1 young (2048K), 1 survivors (2048K)
 Metaspace       used 92148K, committed 92800K, reserved 1179648K
  class space    used 12529K, committed 12864K, reserved 1048576K
}
Event: 8.703 GC heap before
{Heap before GC invocations=35 (full 0):
 garbage-first heap   total 184320K, used 103226K [0x0000000700000000, 0x0000000800000000)
  region size 2048K, 4 young (8192K), 1 survivors (2048K)
 Metaspace       used 92176K, committed 92864K, reserved 1179648K
  class space    used 12529K, committed 12864K, reserved 1048576K
}
Event: 8.705 GC heap after
{Heap after GC invocations=36 (full 0):
 garbage-first heap   total 184320K, used 97229K [0x0000000700000000, 0x0000000800000000)
  region size 2048K, 1 young (2048K), 1 survivors (2048K)
 Metaspace       used 92176K, committed 92864K, reserved 1179648K
  class space    used 12529K, committed 12864K, reserved 1048576K
}
Event: 8.947 GC heap before
{Heap before GC invocations=36 (full 0):
 garbage-first heap   total 184320K, used 144333K [0x0000000700000000, 0x0000000800000000)
  region size 2048K, 25 young (51200K), 1 survivors (2048K)
 Metaspace       used 92585K, committed 93248K, reserved 1179648K
  class space    used 12567K, committed 12864K, reserved 1048576K
}
Event: 8.949 GC heap after
{Heap after GC invocations=37 (full 0):
 garbage-first heap   total 184320K, used 100585K [0x0000000700000000, 0x0000000800000000)
  region size 2048K, 2 young (4096K), 2 survivors (4096K)
 Metaspace       used 92585K, committed 93248K, reserved 1179648K
  class space    used 12567K, committed 12864K, reserved 1048576K
}
Event: 9.396 GC heap before
{Heap before GC invocations=38 (full 0):
 garbage-first heap   total 188416K, used 147689K [0x0000000700000000, 0x0000000800000000)
  region size 2048K, 26 young (53248K), 2 survivors (4096K)
 Metaspace       used 95131K, committed 95744K, reserved 1179648K
  class space    used 12864K, committed 13120K, reserved 1048576K
}
Event: 9.399 GC heap after
{Heap after GC invocations=39 (full 0):
 garbage-first heap   total 188416K, used 103111K [0x0000000700000000, 0x0000000800000000)
  region size 2048K, 4 young (8192K), 4 survivors (8192K)
 Metaspace       used 95131K, committed 95744K, reserved 1179648K
  class space    used 12864K, committed 13120K, reserved 1048576K
}
Event: 9.414 GC heap before
{Heap before GC invocations=39 (full 0):
 garbage-first heap   total 188416K, used 105159K [0x0000000700000000, 0x0000000800000000)
  region size 2048K, 5 young (10240K), 4 survivors (8192K)
 Metaspace       used 95266K, committed 95936K, reserved 1179648K
  class space    used 12877K, committed 13184K, reserved 1048576K
}
Event: 9.417 GC heap after
{Heap after GC invocations=40 (full 0):
 garbage-first heap   total 188416K, used 102799K [0x0000000700000000, 0x0000000800000000)
  region size 2048K, 1 young (2048K), 1 survivors (2048K)
 Metaspace       used 95266K, committed 95936K, reserved 1179648K
  class space    used 12877K, committed 13184K, reserved 1048576K
}
Event: 9.790 GC heap before
{Heap before GC invocations=40 (full 0):
 garbage-first heap   total 188416K, used 151951K [0x0000000700000000, 0x0000000800000000)
  region size 2048K, 26 young (53248K), 1 survivors (2048K)
 Metaspace       used 99639K, committed 100352K, reserved 1179648K
  class space    used 13496K, committed 13824K, reserved 1048576K
}
Event: 9.793 GC heap after
{Heap after GC invocations=41 (full 0):
 garbage-first heap   total 339968K, used 105887K [0x0000000700000000, 0x0000000800000000)
  region size 2048K, 2 young (4096K), 2 survivors (4096K)
 Metaspace       used 99639K, committed 100352K, reserved 1179648K
  class space    used 13496K, committed 13824K, reserved 1048576K
}
Event: 10.968 GC heap before
{Heap before GC invocations=42 (full 0):
 garbage-first heap   total 339968K, used 269727K [0x0000000700000000, 0x0000000800000000)
  region size 2048K, 83 young (169984K), 2 survivors (4096K)
 Metaspace       used 106834K, committed 107520K, reserved 1179648K
  class space    used 14666K, committed 14976K, reserved 1048576K
}
Event: 10.975 GC heap after
{Heap after GC invocations=43 (full 0):
 garbage-first heap   total 339968K, used 124517K [0x0000000700000000, 0x0000000800000000)
  region size 2048K, 11 young (22528K), 11 survivors (22528K)
 Metaspace       used 106834K, committed 107520K, reserved 1179648K
  class space    used 14666K, committed 14976K, reserved 1048576K
}
Event: 10.987 GC heap before
{Heap before GC invocations=43 (full 0):
 garbage-first heap   total 339968K, used 124517K [0x0000000700000000, 0x0000000800000000)
  region size 2048K, 12 young (24576K), 11 survivors (22528K)
 Metaspace       used 106859K, committed 107520K, reserved 1179648K
  class space    used 14667K, committed 14976K, reserved 1048576K
}
Event: 10.993 GC heap after
{Heap after GC invocations=44 (full 0):
 garbage-first heap   total 339968K, used 127152K [0x0000000700000000, 0x0000000800000000)
  region size 2048K, 2 young (4096K), 2 survivors (4096K)
 Metaspace       used 106859K, committed 107520K, reserved 1179648K
  class space    used 14667K, committed 14976K, reserved 1048576K
}
Event: 12.657 GC heap before
{Heap before GC invocations=44 (full 0):
 garbage-first heap   total 339968K, used 262320K [0x0000000700000000, 0x0000000800000000)
  region size 2048K, 68 young (139264K), 2 survivors (4096K)
 Metaspace       used 114055K, committed 114816K, reserved 1179648K
  class space    used 15682K, committed 16064K, reserved 1048576K
}
Event: 12.660 GC heap after
{Heap after GC invocations=45 (full 0):
 garbage-first heap   total 339968K, used 130864K [0x0000000700000000, 0x0000000800000000)
  region size 2048K, 4 young (8192K), 4 survivors (8192K)
 Metaspace       used 114055K, committed 114816K, reserved 1179648K
  class space    used 15682K, committed 16064K, reserved 1048576K
}

