# JRE version: OpenJDK Runtime Environment (17.0.7) (build 17.0.7+0-b2043.56-10550314)
# Java VM: OpenJDK 64-Bit Server VM (17.0.7+0-b2043.56-10550314, mixed mode, tiered, compressed oops, compressed class ptrs, g1 gc, windows-amd64)
GC Precious Log:
 CPUs: 20 total, 20 available
 Memory: 16110M
 Large Page Support: Disabled
 NUMA Support: Disabled
 Compressed Oops: Enabled (Zero based)
 Heap Region Size: 2M
 Heap Min Capacity: 8M
 Heap Initial Capacity: 252M
 Heap Max Capacity: 4028M
 Pre-touch: Disabled
 Parallel Workers: 15
 Concurrent Workers: 4
 Concurrent Refinement Workers: 15
 Periodic GC: Disabled
Heap:
 garbage-first heap   total 126976K, used 69330K [0x0000000704400000, 0x0000000800000000)
  region size 2048K, 10 young (20480K), 3 survivors (6144K)
 Metaspace       used 62186K, committed 62528K, reserved 1114112K
  class space    used 7064K, committed 7232K, reserved 1048576K
GC Heap History (20 events):
Event: 2.472 GC heap before
{Heap before GC invocations=5 (full 0):
 garbage-first heap   total 55296K, used 19523K [0x0000000704400000, 0x0000000800000000)
  region size 2048K, 3 young (6144K), 2 survivors (4096K)
 Metaspace       used 28595K, committed 28800K, reserved 1114112K
  class space    used 3123K, committed 3200K, reserved 1048576K
}
Event: 2.476 GC heap after
{Heap after GC invocations=6 (full 0):
 garbage-first heap   total 55296K, used 17712K [0x0000000704400000, 0x0000000800000000)
  region size 2048K, 1 young (2048K), 1 survivors (2048K)
 Metaspace       used 28595K, committed 28800K, reserved 1114112K
  class space    used 3123K, committed 3200K, reserved 1048576K
}
Event: 2.942 GC heap before
{Heap before GC invocations=6 (full 0):
 garbage-first heap   total 55296K, used 38192K [0x0000000704400000, 0x0000000800000000)
  region size 2048K, 11 young (22528K), 1 survivors (2048K)
 Metaspace       used 32524K, committed 32704K, reserved 1114112K
  class space    used 3960K, committed 4032K, reserved 1048576K
}
Event: 2.949 GC heap after
{Heap after GC invocations=7 (full 0):
 garbage-first heap   total 55296K, used 22704K [0x0000000704400000, 0x0000000800000000)
  region size 2048K, 2 young (4096K), 2 survivors (4096K)
 Metaspace       used 32524K, committed 32704K, reserved 1114112K
  class space    used 3960K, committed 4032K, reserved 1048576K
}
Event: 3.391 GC heap before
{Heap before GC invocations=7 (full 0):
 garbage-first heap   total 55296K, used 37040K [0x0000000704400000, 0x0000000800000000)
  region size 2048K, 10 young (20480K), 2 survivors (4096K)
 Metaspace       used 35862K, committed 36096K, reserved 1114112K
  class space    used 4554K, committed 4608K, reserved 1048576K
}
Event: 3.401 GC heap after
{Heap after GC invocations=8 (full 0):
 garbage-first heap   total 157696K, used 25024K [0x0000000704400000, 0x0000000800000000)
  region size 2048K, 2 young (4096K), 2 survivors (4096K)
 Metaspace       used 35862K, committed 36096K, reserved 1114112K
  class space    used 4554K, committed 4608K, reserved 1048576K
}
Event: 5.097 GC heap before
{Heap before GC invocations=9 (full 0):
 garbage-first heap   total 102400K, used 80320K [0x0000000704400000, 0x0000000800000000)
  region size 2048K, 30 young (61440K), 2 survivors (4096K)
 Metaspace       used 47544K, committed 47808K, reserved 1114112K
  class space    used 5783K, committed 5952K, reserved 1048576K
}
Event: 5.110 GC heap after
{Heap after GC invocations=10 (full 0):
 garbage-first heap   total 102400K, used 29359K [0x0000000704400000, 0x0000000800000000)
  region size 2048K, 4 young (8192K), 4 survivors (8192K)
 Metaspace       used 47544K, committed 47808K, reserved 1114112K
  class space    used 5783K, committed 5952K, reserved 1048576K
}
Event: 6.005 GC heap before
{Heap before GC invocations=10 (full 0):
 garbage-first heap   total 102400K, used 72367K [0x0000000704400000, 0x0000000800000000)
  region size 2048K, 24 young (49152K), 4 survivors (8192K)
 Metaspace       used 50751K, committed 51072K, reserved 1114112K
  class space    used 6137K, committed 6272K, reserved 1048576K
}
Event: 6.023 GC heap after
{Heap after GC invocations=11 (full 0):
 garbage-first heap   total 102400K, used 35549K [0x0000000704400000, 0x0000000800000000)
  region size 2048K, 2 young (4096K), 2 survivors (4096K)
 Metaspace       used 50751K, committed 51072K, reserved 1114112K
  class space    used 6137K, committed 6272K, reserved 1048576K
}
Event: 7.526 GC heap before
{Heap before GC invocations=11 (full 0):
 garbage-first heap   total 102400K, used 72413K [0x0000000704400000, 0x0000000800000000)
  region size 2048K, 20 young (40960K), 2 survivors (4096K)
 Metaspace       used 54748K, committed 54976K, reserved 1114112K
  class space    used 6538K, committed 6656K, reserved 1048576K
}
Event: 7.543 GC heap after
{Heap after GC invocations=12 (full 0):
 garbage-first heap   total 102400K, used 41651K [0x0000000704400000, 0x0000000800000000)
  region size 2048K, 3 young (6144K), 3 survivors (6144K)
 Metaspace       used 54748K, committed 54976K, reserved 1114112K
  class space    used 6538K, committed 6656K, reserved 1048576K
}
Event: 8.609 GC heap before
{Heap before GC invocations=12 (full 0):
 garbage-first heap   total 102400K, used 74419K [0x0000000704400000, 0x0000000800000000)
  region size 2048K, 19 young (38912K), 3 survivors (6144K)
 Metaspace       used 55861K, committed 56192K, reserved 1114112K
  class space    used 6577K, committed 6720K, reserved 1048576K
}
Event: 8.633 GC heap after
{Heap after GC invocations=13 (full 0):
 garbage-first heap   total 102400K, used 47705K [0x0000000704400000, 0x0000000800000000)
  region size 2048K, 3 young (6144K), 3 survivors (6144K)
 Metaspace       used 55861K, committed 56192K, reserved 1114112K
  class space    used 6577K, committed 6720K, reserved 1048576K
}
Event: 9.020 GC heap before
{Heap before GC invocations=13 (full 0):
 garbage-first heap   total 102400K, used 74329K [0x0000000704400000, 0x0000000800000000)
  region size 2048K, 16 young (32768K), 3 survivors (6144K)
 Metaspace       used 56277K, committed 56576K, reserved 1114112K
  class space    used 6599K, committed 6720K, reserved 1048576K
}
Event: 9.044 GC heap after
{Heap after GC invocations=14 (full 0):
 garbage-first heap   total 102400K, used 51896K [0x0000000704400000, 0x0000000800000000)
  region size 2048K, 2 young (4096K), 2 survivors (4096K)
 Metaspace       used 56277K, committed 56576K, reserved 1114112K
  class space    used 6599K, committed 6720K, reserved 1048576K
}
Event: 9.110 GC heap before
{Heap before GC invocations=14 (full 0):
 garbage-first heap   total 102400K, used 76472K [0x0000000704400000, 0x0000000800000000)
  region size 2048K, 14 young (28672K), 2 survivors (4096K)
 Metaspace       used 56280K, committed 56576K, reserved 1114112K
  class space    used 6599K, committed 6720K, reserved 1048576K
}
Event: 9.119 GC heap after
{Heap after GC invocations=15 (full 0):
 garbage-first heap   total 126976K, used 53384K [0x0000000704400000, 0x0000000800000000)
  region size 2048K, 1 young (2048K), 1 survivors (2048K)
 Metaspace       used 56280K, committed 56576K, reserved 1114112K
  class space    used 6599K, committed 6720K, reserved 1048576K
}
Event: 12.084 GC heap before
{Heap before GC invocations=16 (full 0):
 garbage-first heap   total 126976K, used 94344K [0x0000000704400000, 0x0000000800000000)
  region size 2048K, 21 young (43008K), 1 survivors (2048K)
 Metaspace       used 61630K, committed 61952K, reserved 1114112K
  class space    used 7053K, committed 7168K, reserved 1048576K
}
Event: 12.097 GC heap after
{Heap after GC invocations=17 (full 0):
 garbage-first heap   total 126976K, used 57042K [0x0000000704400000, 0x0000000800000000)
  region size 2048K, 3 young (6144K), 3 survivors (6144K)
 Metaspace       used 61630K, committed 61952K, reserved 1114112K
  class space    used 7053K, committed 7168K, reserved 1048576K
}

