# JRE version: OpenJDK Runtime Environment (17.0.7) (build 17.0.7+0-b2043.56-10550314)
# Java VM: OpenJDK 64-Bit Server VM (17.0.7+0-b2043.56-10550314, mixed mode, tiered, compressed oops, compressed class ptrs, g1 gc, windows-amd64)
GC Precious Log:
 CPUs: 20 total, 20 available
 Memory: 16110M
 Large Page Support: Disabled
 NUMA Support: Disabled
 Compressed Oops: Enabled (Zero based)
 Heap Region Size: 2M
 Heap Min Capacity: 8M
 Heap Initial Capacity: 252M
 Heap Max Capacity: 4G
 Pre-touch: Disabled
 Parallel Workers: 15
 Concurrent Workers: 4
 Concurrent Refinement Workers: 15
 Periodic GC: Disabled
Heap:
 garbage-first heap   total 380928K, used 264408K [0x0000000700000000, 0x0000000800000000)
  region size 2048K, 65 young (133120K), 7 survivors (14336K)
 Metaspace       used 112757K, committed 113408K, reserved 1179648K
  class space    used 14797K, committed 15104K, reserved 1048576K
GC Heap History (20 events):
Event: 17.364 GC heap before
{Heap before GC invocations=43 (full 0):
 garbage-first heap   total 178176K, used 139748K [0x0000000700000000, 0x0000000800000000)
  region size 2048K, 24 young (49152K), 2 survivors (4096K)
 Metaspace       used 92542K, committed 93184K, reserved 1179648K
  class space    used 12543K, committed 12800K, reserved 1048576K
}
Event: 17.368 GC heap after
{Heap after GC invocations=44 (full 0):
 garbage-first heap   total 178176K, used 99070K [0x0000000700000000, 0x0000000800000000)
  region size 2048K, 3 young (6144K), 3 survivors (6144K)
 Metaspace       used 92542K, committed 93184K, reserved 1179648K
  class space    used 12543K, committed 12800K, reserved 1048576K
}
Event: 18.387 GC heap before
{Heap before GC invocations=45 (full 0):
 garbage-first heap   total 178176K, used 142078K [0x0000000700000000, 0x0000000800000000)
  region size 2048K, 25 young (51200K), 3 survivors (6144K)
 Metaspace       used 95460K, committed 96256K, reserved 1179648K
  class space    used 12874K, committed 13248K, reserved 1048576K
}
Event: 18.393 GC heap after
{Heap after GC invocations=46 (full 0):
 garbage-first heap   total 178176K, used 106957K [0x0000000700000000, 0x0000000800000000)
  region size 2048K, 4 young (8192K), 4 survivors (8192K)
 Metaspace       used 95460K, committed 96256K, reserved 1179648K
  class space    used 12874K, committed 13248K, reserved 1048576K
}
Event: 18.422 GC heap before
{Heap before GC invocations=46 (full 0):
 garbage-first heap   total 178176K, used 106957K [0x0000000700000000, 0x0000000800000000)
  region size 2048K, 5 young (10240K), 4 survivors (8192K)
 Metaspace       used 95465K, committed 96256K, reserved 1179648K
  class space    used 12874K, committed 13248K, reserved 1048576K
}
Event: 18.426 GC heap after
{Heap after GC invocations=47 (full 0):
 garbage-first heap   total 178176K, used 108105K [0x0000000700000000, 0x0000000800000000)
  region size 2048K, 1 young (2048K), 1 survivors (2048K)
 Metaspace       used 95465K, committed 96256K, reserved 1179648K
  class space    used 12874K, committed 13248K, reserved 1048576K
}
Event: 18.797 GC heap before
{Heap before GC invocations=47 (full 0):
 garbage-first heap   total 178176K, used 149065K [0x0000000700000000, 0x0000000800000000)
  region size 2048K, 19 young (38912K), 1 survivors (2048K)
 Metaspace       used 95620K, committed 96320K, reserved 1179648K
  class space    used 12882K, committed 13248K, reserved 1048576K
}
Event: 18.802 GC heap after
{Heap after GC invocations=48 (full 0):
 garbage-first heap   total 178176K, used 125624K [0x0000000700000000, 0x0000000800000000)
  region size 2048K, 3 young (6144K), 3 survivors (6144K)
 Metaspace       used 95620K, committed 96320K, reserved 1179648K
  class space    used 12882K, committed 13248K, reserved 1048576K
}
Event: 19.230 GC heap before
{Heap before GC invocations=49 (full 0):
 garbage-first heap   total 215040K, used 148152K [0x0000000700000000, 0x0000000800000000)
  region size 2048K, 11 young (22528K), 3 survivors (6144K)
 Metaspace       used 96077K, committed 96768K, reserved 1179648K
  class space    used 12924K, committed 13248K, reserved 1048576K
}
Event: 19.233 GC heap after
{Heap after GC invocations=50 (full 0):
 garbage-first heap   total 215040K, used 128379K [0x0000000700000000, 0x0000000800000000)
  region size 2048K, 1 young (2048K), 1 survivors (2048K)
 Metaspace       used 96077K, committed 96768K, reserved 1179648K
  class space    used 12924K, committed 13248K, reserved 1048576K
}
Event: 19.344 GC heap before
{Heap before GC invocations=50 (full 0):
 garbage-first heap   total 215040K, used 134523K [0x0000000700000000, 0x0000000800000000)
  region size 2048K, 5 young (10240K), 1 survivors (2048K)
 Metaspace       used 96112K, committed 96768K, reserved 1179648K
  class space    used 12924K, committed 13248K, reserved 1048576K
}
Event: 19.347 GC heap after
{Heap after GC invocations=51 (full 0):
 garbage-first heap   total 215040K, used 129800K [0x0000000700000000, 0x0000000800000000)
  region size 2048K, 1 young (2048K), 1 survivors (2048K)
 Metaspace       used 96112K, committed 96768K, reserved 1179648K
  class space    used 12924K, committed 13248K, reserved 1048576K
}
Event: 20.055 GC heap before
{Heap before GC invocations=51 (full 0):
 garbage-first heap   total 215040K, used 168712K [0x0000000700000000, 0x0000000800000000)
  region size 2048K, 20 young (40960K), 1 survivors (2048K)
 Metaspace       used 98995K, committed 99712K, reserved 1179648K
  class space    used 13273K, committed 13568K, reserved 1048576K
}
Event: 20.072 GC heap after
{Heap after GC invocations=52 (full 0):
 garbage-first heap   total 380928K, used 132761K [0x0000000700000000, 0x0000000800000000)
  region size 2048K, 3 young (6144K), 3 survivors (6144K)
 Metaspace       used 98995K, committed 99712K, reserved 1179648K
  class space    used 13273K, committed 13568K, reserved 1048576K
}
Event: 21.291 GC heap before
{Heap before GC invocations=52 (full 0):
 garbage-first heap   total 380928K, used 288409K [0x0000000700000000, 0x0000000800000000)
  region size 2048K, 72 young (147456K), 3 survivors (6144K)
 Metaspace       used 103410K, committed 104128K, reserved 1179648K
  class space    used 13689K, committed 14016K, reserved 1048576K
}
Event: 21.344 GC heap after
{Heap after GC invocations=53 (full 0):
 garbage-first heap   total 380928K, used 147791K [0x0000000700000000, 0x0000000800000000)
  region size 2048K, 9 young (18432K), 9 survivors (18432K)
 Metaspace       used 103410K, committed 104128K, reserved 1179648K
  class space    used 13689K, committed 14016K, reserved 1048576K
}
Event: 22.050 GC heap before
{Heap before GC invocations=53 (full 0):
 garbage-first heap   total 380928K, used 270671K [0x0000000700000000, 0x0000000800000000)
  region size 2048K, 70 young (143360K), 9 survivors (18432K)
 Metaspace       used 105567K, committed 106304K, reserved 1179648K
  class space    used 13904K, committed 14272K, reserved 1048576K
}
Event: 22.054 GC heap after
{Heap after GC invocations=54 (full 0):
 garbage-first heap   total 380928K, used 140141K [0x0000000700000000, 0x0000000800000000)
  region size 2048K, 2 young (4096K), 2 survivors (4096K)
 Metaspace       used 105567K, committed 106304K, reserved 1179648K
  class space    used 13904K, committed 14272K, reserved 1048576K
}
Event: 24.030 GC heap before
{Heap before GC invocations=54 (full 0):
 garbage-first heap   total 380928K, used 289645K [0x0000000700000000, 0x0000000800000000)
  region size 2048K, 76 young (155648K), 2 survivors (4096K)
 Metaspace       used 111518K, committed 112256K, reserved 1179648K
  class space    used 14647K, committed 14976K, reserved 1048576K
}
Event: 24.040 GC heap after
{Heap after GC invocations=55 (full 0):
 garbage-first heap   total 380928K, used 149720K [0x0000000700000000, 0x0000000800000000)
  region size 2048K, 7 young (14336K), 7 survivors (14336K)
 Metaspace       used 111518K, committed 112256K, reserved 1179648K
  class space    used 14647K, committed 14976K, reserved 1048576K
}

