# JRE version: OpenJDK Runtime Environment (17.0.7) (build 17.0.7+0-b2043.56-10550314)
# Java VM: OpenJDK 64-Bit Server VM (17.0.7+0-b2043.56-10550314, mixed mode, tiered, compressed oops, compressed class ptrs, g1 gc, windows-amd64)
GC Precious Log:
 CPUs: 20 total, 20 available
 Memory: 16110M
 Large Page Support: Disabled
 NUMA Support: Disabled
 Compressed Oops: Enabled (Zero based)
 Heap Region Size: 2M
 Heap Min Capacity: 8M
 Heap Initial Capacity: 252M
 Heap Max Capacity: 4G
 Pre-touch: Disabled
 Parallel Workers: 15
 Concurrent Workers: 4
 Concurrent Refinement Workers: 15
 Periodic GC: Disabled
Heap:
 garbage-first heap   total 376832K, used 241335K [0x0000000700000000, 0x0000000800000000)
  region size 2048K, 70 young (143360K), 3 survivors (6144K)
 Metaspace       used 105779K, committed 106560K, reserved 1179648K
  class space    used 14158K, committed 14528K, reserved 1048576K
GC Heap History (20 events):
Event: 7.730 GC heap before
{Heap before GC invocations=37 (full 0):
 garbage-first heap   total 141312K, used 107029K [0x0000000700000000, 0x0000000800000000)
  region size 2048K, 17 young (34816K), 3 survivors (6144K)
 Metaspace       used 87238K, committed 87808K, reserved 1179648K
  class space    used 11767K, committed 12032K, reserved 1048576K
}
Event: 7.733 GC heap after
{Heap after GC invocations=38 (full 0):
 garbage-first heap   total 141312K, used 83030K [0x0000000700000000, 0x0000000800000000)
  region size 2048K, 3 young (6144K), 3 survivors (6144K)
 Metaspace       used 87238K, committed 87808K, reserved 1179648K
  class space    used 11767K, committed 12032K, reserved 1048576K
}
Event: 7.960 GC heap before
{Heap before GC invocations=38 (full 0):
 garbage-first heap   total 141312K, used 113750K [0x0000000700000000, 0x0000000800000000)
  region size 2048K, 18 young (36864K), 3 survivors (6144K)
 Metaspace       used 87732K, committed 88320K, reserved 1179648K
  class space    used 11804K, committed 12096K, reserved 1048576K
}
Event: 7.963 GC heap after
{Heap after GC invocations=39 (full 0):
 garbage-first heap   total 169984K, used 89963K [0x0000000700000000, 0x0000000800000000)
  region size 2048K, 3 young (6144K), 3 survivors (6144K)
 Metaspace       used 87732K, committed 88320K, reserved 1179648K
  class space    used 11804K, committed 12096K, reserved 1048576K
}
Event: 8.434 GC heap before
{Heap before GC invocations=40 (full 0):
 garbage-first heap   total 169984K, used 132971K [0x0000000700000000, 0x0000000800000000)
  region size 2048K, 24 young (49152K), 3 survivors (6144K)
 Metaspace       used 91149K, committed 91712K, reserved 1179648K
  class space    used 12279K, committed 12544K, reserved 1048576K
}
Event: 8.437 GC heap after
{Heap after GC invocations=41 (full 0):
 garbage-first heap   total 169984K, used 94208K [0x0000000700000000, 0x0000000800000000)
  region size 2048K, 2 young (4096K), 2 survivors (4096K)
 Metaspace       used 91149K, committed 91712K, reserved 1179648K
  class space    used 12279K, committed 12544K, reserved 1048576K
}
Event: 8.554 GC heap before
{Heap before GC invocations=41 (full 0):
 garbage-first heap   total 169984K, used 133120K [0x0000000700000000, 0x0000000800000000)
  region size 2048K, 22 young (45056K), 2 survivors (4096K)
 Metaspace       used 91938K, committed 92544K, reserved 1179648K
  class space    used 12513K, committed 12800K, reserved 1048576K
}
Event: 8.557 GC heap after
{Heap after GC invocations=42 (full 0):
 garbage-first heap   total 169984K, used 96906K [0x0000000700000000, 0x0000000800000000)
  region size 2048K, 2 young (4096K), 2 survivors (4096K)
 Metaspace       used 91938K, committed 92544K, reserved 1179648K
  class space    used 12513K, committed 12800K, reserved 1048576K
}
Event: 8.730 GC heap before
{Heap before GC invocations=43 (full 0):
 garbage-first heap   total 194560K, used 133770K [0x0000000700000000, 0x0000000800000000)
  region size 2048K, 21 young (43008K), 2 survivors (4096K)
 Metaspace       used 92126K, committed 92736K, reserved 1179648K
  class space    used 12522K, committed 12800K, reserved 1048576K
}
Event: 8.733 GC heap after
{Heap after GC invocations=44 (full 0):
 garbage-first heap   total 194560K, used 99174K [0x0000000700000000, 0x0000000800000000)
  region size 2048K, 3 young (6144K), 3 survivors (6144K)
 Metaspace       used 92126K, committed 92736K, reserved 1179648K
  class space    used 12522K, committed 12800K, reserved 1048576K
}
Event: 8.738 GC heap before
{Heap before GC invocations=44 (full 0):
 garbage-first heap   total 194560K, used 101222K [0x0000000700000000, 0x0000000800000000)
  region size 2048K, 4 young (8192K), 3 survivors (6144K)
 Metaspace       used 92136K, committed 92800K, reserved 1179648K
  class space    used 12522K, committed 12800K, reserved 1048576K
}
Event: 8.740 GC heap after
{Heap after GC invocations=45 (full 0):
 garbage-first heap   total 194560K, used 98451K [0x0000000700000000, 0x0000000800000000)
  region size 2048K, 1 young (2048K), 1 survivors (2048K)
 Metaspace       used 92136K, committed 92800K, reserved 1179648K
  class space    used 12522K, committed 12800K, reserved 1048576K
}
Event: 8.979 GC heap before
{Heap before GC invocations=45 (full 0):
 garbage-first heap   total 194560K, used 153747K [0x0000000700000000, 0x0000000800000000)
  region size 2048K, 29 young (59392K), 1 survivors (2048K)
 Metaspace       used 92560K, committed 93184K, reserved 1179648K
  class space    used 12554K, committed 12864K, reserved 1048576K
}
Event: 8.982 GC heap after
{Heap after GC invocations=46 (full 0):
 garbage-first heap   total 194560K, used 101395K [0x0000000700000000, 0x0000000800000000)
  region size 2048K, 2 young (4096K), 2 survivors (4096K)
 Metaspace       used 92560K, committed 93184K, reserved 1179648K
  class space    used 12554K, committed 12864K, reserved 1048576K
}
Event: 9.268 GC heap before
{Heap before GC invocations=47 (full 0):
 garbage-first heap   total 198656K, used 156691K [0x0000000700000000, 0x0000000800000000)
  region size 2048K, 30 young (61440K), 2 survivors (4096K)
 Metaspace       used 93146K, committed 93760K, reserved 1179648K
  class space    used 12619K, committed 12928K, reserved 1048576K
}
Event: 9.271 GC heap after
{Heap after GC invocations=48 (full 0):
 garbage-first heap   total 198656K, used 105063K [0x0000000700000000, 0x0000000800000000)
  region size 2048K, 4 young (8192K), 4 survivors (8192K)
 Metaspace       used 93146K, committed 93760K, reserved 1179648K
  class space    used 12619K, committed 12928K, reserved 1048576K
}
Event: 9.276 GC heap before
{Heap before GC invocations=48 (full 0):
 garbage-first heap   total 198656K, used 107111K [0x0000000700000000, 0x0000000800000000)
  region size 2048K, 5 young (10240K), 4 survivors (8192K)
 Metaspace       used 93153K, committed 93760K, reserved 1179648K
  class space    used 12619K, committed 12928K, reserved 1048576K
}
Event: 9.279 GC heap after
{Heap after GC invocations=49 (full 0):
 garbage-first heap   total 198656K, used 105199K [0x0000000700000000, 0x0000000800000000)
  region size 2048K, 1 young (2048K), 1 survivors (2048K)
 Metaspace       used 93153K, committed 93760K, reserved 1179648K
  class space    used 12619K, committed 12928K, reserved 1048576K
}
Event: 10.128 GC heap before
{Heap before GC invocations=49 (full 0):
 garbage-first heap   total 198656K, used 162543K [0x0000000700000000, 0x0000000800000000)
  region size 2048K, 29 young (59392K), 1 survivors (2048K)
 Metaspace       used 99364K, committed 99968K, reserved 1179648K
  class space    used 13431K, committed 13696K, reserved 1048576K
}
Event: 10.132 GC heap after
{Heap after GC invocations=50 (full 0):
 garbage-first heap   total 456704K, used 108215K [0x0000000700000000, 0x0000000800000000)
  region size 2048K, 3 young (6144K), 3 survivors (6144K)
 Metaspace       used 99364K, committed 99968K, reserved 1179648K
  class space    used 13431K, committed 13696K, reserved 1048576K
}

