# JRE version: OpenJDK Runtime Environment (17.0.7) (build 17.0.7+0-b2043.56-10550314)
# Java VM: OpenJDK 64-Bit Server VM (17.0.7+0-b2043.56-10550314, mixed mode, tiered, compressed oops, compressed class ptrs, g1 gc, windows-amd64)
GC Precious Log:
 CPUs: 20 total, 20 available
 Memory: 16110M
 Large Page Support: Disabled
 NUMA Support: Disabled
 Compressed Oops: Enabled (Zero based)
 Heap Region Size: 2M
 Heap Min Capacity: 8M
 Heap Initial Capacity: 252M
 Heap Max Capacity: 4G
 Pre-touch: Disabled
 Parallel Workers: 15
 Concurrent Workers: 4
 Concurrent Refinement Workers: 15
 Periodic GC: Disabled
Heap:
 garbage-first heap   total 352256K, used 204275K [0x0000000700000000, 0x0000000800000000)
  region size 2048K, 3 young (6144K), 3 survivors (6144K)
 Metaspace       used 103116K, committed 103808K, reserved 1179648K
  class space    used 14234K, committed 14592K, reserved 1048576K
GC Heap History (20 events):
Event: 12.782 GC heap after
{Heap after GC invocations=40 (full 0):
 garbage-first heap   total 157696K, used 97217K [0x0000000700000000, 0x0000000800000000)
  region size 2048K, 3 young (6144K), 3 survivors (6144K)
 Metaspace       used 92127K, committed 92736K, reserved 1179648K
  class space    used 12519K, committed 12800K, reserved 1048576K
}
Event: 12.912 GC heap before
{Heap before GC invocations=41 (full 0):
 garbage-first heap   total 182272K, used 125889K [0x0000000700000000, 0x0000000800000000)
  region size 2048K, 18 young (36864K), 3 survivors (6144K)
 Metaspace       used 92261K, committed 92864K, reserved 1179648K
  class space    used 12522K, committed 12800K, reserved 1048576K
}
Event: 12.916 GC heap after
{Heap after GC invocations=42 (full 0):
 garbage-first heap   total 182272K, used 98458K [0x0000000700000000, 0x0000000800000000)
  region size 2048K, 2 young (4096K), 2 survivors (4096K)
 Metaspace       used 92261K, committed 92864K, reserved 1179648K
  class space    used 12522K, committed 12800K, reserved 1048576K
}
Event: 12.944 GC heap before
{Heap before GC invocations=42 (full 0):
 garbage-first heap   total 182272K, used 100506K [0x0000000700000000, 0x0000000800000000)
  region size 2048K, 4 young (8192K), 2 survivors (4096K)
 Metaspace       used 92264K, committed 92864K, reserved 1179648K
  class space    used 12522K, committed 12800K, reserved 1048576K
}
Event: 12.947 GC heap after
{Heap after GC invocations=43 (full 0):
 garbage-first heap   total 182272K, used 98139K [0x0000000700000000, 0x0000000800000000)
  region size 2048K, 1 young (2048K), 1 survivors (2048K)
 Metaspace       used 92264K, committed 92864K, reserved 1179648K
  class space    used 12522K, committed 12800K, reserved 1048576K
}
Event: 13.474 GC heap before
{Heap before GC invocations=43 (full 0):
 garbage-first heap   total 182272K, used 143195K [0x0000000700000000, 0x0000000800000000)
  region size 2048K, 24 young (49152K), 1 survivors (2048K)
 Metaspace       used 92636K, committed 93312K, reserved 1179648K
  class space    used 12560K, committed 12864K, reserved 1048576K
}
Event: 13.479 GC heap after
{Heap after GC invocations=44 (full 0):
 garbage-first heap   total 270336K, used 100796K [0x0000000700000000, 0x0000000800000000)
  region size 2048K, 2 young (4096K), 2 survivors (4096K)
 Metaspace       used 92636K, committed 93312K, reserved 1179648K
  class space    used 12560K, committed 12864K, reserved 1048576K
}
Event: 14.301 GC heap before
{Heap before GC invocations=45 (full 0):
 garbage-first heap   total 270336K, used 207292K [0x0000000700000000, 0x0000000800000000)
  region size 2048K, 55 young (112640K), 2 survivors (4096K)
 Metaspace       used 93587K, committed 94208K, reserved 1179648K
  class space    used 12660K, committed 12928K, reserved 1048576K
}
Event: 14.307 GC heap after
{Heap after GC invocations=46 (full 0):
 garbage-first heap   total 270336K, used 107116K [0x0000000700000000, 0x0000000800000000)
  region size 2048K, 5 young (10240K), 5 survivors (10240K)
 Metaspace       used 93587K, committed 94208K, reserved 1179648K
  class space    used 12660K, committed 12928K, reserved 1048576K
}
Event: 14.315 GC heap before
{Heap before GC invocations=46 (full 0):
 garbage-first heap   total 270336K, used 109164K [0x0000000700000000, 0x0000000800000000)
  region size 2048K, 6 young (12288K), 5 survivors (10240K)
 Metaspace       used 93592K, committed 94208K, reserved 1179648K
  class space    used 12661K, committed 12928K, reserved 1048576K
}
Event: 14.321 GC heap after
{Heap after GC invocations=47 (full 0):
 garbage-first heap   total 270336K, used 107456K [0x0000000700000000, 0x0000000800000000)
  region size 2048K, 1 young (2048K), 1 survivors (2048K)
 Metaspace       used 93592K, committed 94208K, reserved 1179648K
  class space    used 12661K, committed 12928K, reserved 1048576K
}
Event: 15.084 GC heap before
{Heap before GC invocations=47 (full 0):
 garbage-first heap   total 270336K, used 222144K [0x0000000700000000, 0x0000000800000000)
  region size 2048K, 52 young (106496K), 1 survivors (2048K)
 Metaspace       used 99112K, committed 99712K, reserved 1179648K
  class space    used 13450K, committed 13696K, reserved 1048576K
}
Event: 15.089 GC heap after
{Heap after GC invocations=48 (full 0):
 garbage-first heap   total 270336K, used 136548K [0x0000000700000000, 0x0000000800000000)
  region size 2048K, 7 young (14336K), 7 survivors (14336K)
 Metaspace       used 99112K, committed 99712K, reserved 1179648K
  class space    used 13450K, committed 13696K, reserved 1048576K
}
Event: 15.676 GC heap before
{Heap before GC invocations=49 (full 0):
 garbage-first heap   total 276480K, used 226660K [0x0000000700000000, 0x0000000800000000)
  region size 2048K, 43 young (88064K), 7 survivors (14336K)
 Metaspace       used 100109K, committed 100800K, reserved 1179648K
  class space    used 13595K, committed 13952K, reserved 1048576K
}
Event: 15.693 GC heap after
{Heap after GC invocations=50 (full 0):
 garbage-first heap   total 276480K, used 169832K [0x0000000700000000, 0x0000000800000000)
  region size 2048K, 6 young (12288K), 6 survivors (12288K)
 Metaspace       used 100109K, committed 100800K, reserved 1179648K
  class space    used 13595K, committed 13952K, reserved 1048576K
}
Event: 15.786 GC heap before
{Heap before GC invocations=50 (full 0):
 garbage-first heap   total 276480K, used 171880K [0x0000000700000000, 0x0000000800000000)
  region size 2048K, 7 young (14336K), 6 survivors (12288K)
 Metaspace       used 100543K, committed 101248K, reserved 1179648K
  class space    used 13671K, committed 14016K, reserved 1048576K
}
Event: 15.797 GC heap after
{Heap after GC invocations=51 (full 0):
 garbage-first heap   total 276480K, used 170753K [0x0000000700000000, 0x0000000800000000)
  region size 2048K, 1 young (2048K), 1 survivors (2048K)
 Metaspace       used 100543K, committed 101248K, reserved 1179648K
  class space    used 13671K, committed 14016K, reserved 1048576K
}
Event: 16.207 GC heap before
{Heap before GC invocations=51 (full 0):
 garbage-first heap   total 276480K, used 213761K [0x0000000700000000, 0x0000000800000000)
  region size 2048K, 22 young (45056K), 1 survivors (2048K)
 Metaspace       used 102987K, committed 103616K, reserved 1179648K
  class space    used 14223K, committed 14528K, reserved 1048576K
}
Event: 16.219 GC heap after
{Heap after GC invocations=52 (full 0):
 garbage-first heap   total 276480K, used 188233K [0x0000000700000000, 0x0000000800000000)
  region size 2048K, 3 young (6144K), 3 survivors (6144K)
 Metaspace       used 102987K, committed 103616K, reserved 1179648K
  class space    used 14223K, committed 14528K, reserved 1048576K
}
Event: 16.379 GC heap before
{Heap before GC invocations=52 (full 0):
 garbage-first heap   total 352256K, used 218953K [0x0000000700000000, 0x0000000800000000)
  region size 2048K, 18 young (36864K), 3 survivors (6144K)
 Metaspace       used 103116K, committed 103808K, reserved 1179648K
  class space    used 14234K, committed 14592K, reserved 1048576K
}

