# JRE version: OpenJDK Runtime Environment (17.0.7) (build 17.0.7+0-b2043.56-10550314)
# Java VM: OpenJDK 64-Bit Server VM (17.0.7+0-b2043.56-10550314, mixed mode, tiered, compressed oops, compressed class ptrs, g1 gc, windows-amd64)
GC Precious Log:
 CPUs: 20 total, 20 available
 Memory: 16110M
 Large Page Support: Disabled
 NUMA Support: Disabled
 Compressed Oops: Enabled (Zero based)
 Heap Region Size: 2M
 Heap Min Capacity: 8M
 Heap Initial Capacity: 252M
 Heap Max Capacity: 4028M
 Pre-touch: Disabled
 Parallel Workers: 15
 Concurrent Workers: 4
 Concurrent Refinement Workers: 15
 Periodic GC: Disabled
Heap:
 garbage-first heap   total 129024K, used 53635K [0x0000000704400000, 0x0000000800000000)
  region size 2048K, 3 young (6144K), 2 survivors (4096K)
 Metaspace       used 59929K, committed 60224K, reserved 1114112K
  class space    used 7026K, committed 7168K, reserved 1048576K
GC Heap History (20 events):
Event: 1.027 GC heap before
{Heap before GC invocations=5 (full 0):
 garbage-first heap   total 55296K, used 19057K [0x0000000704400000, 0x0000000800000000)
  region size 2048K, 6 young (12288K), 5 survivors (10240K)
 Metaspace       used 28982K, committed 29184K, reserved 1114112K
  class space    used 3197K, committed 3264K, reserved 1048576K
}
Event: 1.033 GC heap after
{Heap after GC invocations=6 (full 0):
 garbage-first heap   total 55296K, used 18000K [0x0000000704400000, 0x0000000800000000)
  region size 2048K, 1 young (2048K), 1 survivors (2048K)
 Metaspace       used 28982K, committed 29184K, reserved 1114112K
  class space    used 3197K, committed 3264K, reserved 1048576K
}
Event: 1.204 GC heap before
{Heap before GC invocations=6 (full 0):
 garbage-first heap   total 55296K, used 40528K [0x0000000704400000, 0x0000000800000000)
  region size 2048K, 11 young (22528K), 1 survivors (2048K)
 Metaspace       used 32407K, committed 32640K, reserved 1114112K
  class space    used 3958K, committed 4032K, reserved 1048576K
}
Event: 1.209 GC heap after
{Heap after GC invocations=7 (full 0):
 garbage-first heap   total 55296K, used 22717K [0x0000000704400000, 0x0000000800000000)
  region size 2048K, 2 young (4096K), 2 survivors (4096K)
 Metaspace       used 32407K, committed 32640K, reserved 1114112K
  class space    used 3958K, committed 4032K, reserved 1048576K
}
Event: 1.507 GC heap before
{Heap before GC invocations=7 (full 0):
 garbage-first heap   total 55296K, used 35005K [0x0000000704400000, 0x0000000800000000)
  region size 2048K, 9 young (18432K), 2 survivors (4096K)
 Metaspace       used 35736K, committed 35968K, reserved 1114112K
  class space    used 4560K, committed 4672K, reserved 1048576K
}
Event: 1.513 GC heap after
{Heap after GC invocations=8 (full 0):
 garbage-first heap   total 157696K, used 24695K [0x0000000704400000, 0x0000000800000000)
  region size 2048K, 1 young (2048K), 1 survivors (2048K)
 Metaspace       used 35736K, committed 35968K, reserved 1114112K
  class space    used 4560K, committed 4672K, reserved 1048576K
}
Event: 2.255 GC heap before
{Heap before GC invocations=9 (full 0):
 garbage-first heap   total 96256K, used 77943K [0x0000000704400000, 0x0000000800000000)
  region size 2048K, 28 young (57344K), 1 survivors (2048K)
 Metaspace       used 46832K, committed 47168K, reserved 1114112K
  class space    used 5741K, committed 5888K, reserved 1048576K
}
Event: 2.263 GC heap after
{Heap after GC invocations=10 (full 0):
 garbage-first heap   total 96256K, used 28090K [0x0000000704400000, 0x0000000800000000)
  region size 2048K, 4 young (8192K), 4 survivors (8192K)
 Metaspace       used 46832K, committed 47168K, reserved 1114112K
  class space    used 5741K, committed 5888K, reserved 1048576K
}
Event: 2.326 GC heap before
{Heap before GC invocations=10 (full 0):
 garbage-first heap   total 96256K, used 30138K [0x0000000704400000, 0x0000000800000000)
  region size 2048K, 5 young (10240K), 4 survivors (8192K)
 Metaspace       used 47310K, committed 47680K, reserved 1114112K
  class space    used 5781K, committed 5952K, reserved 1048576K
}
Event: 2.332 GC heap after
{Heap after GC invocations=11 (full 0):
 garbage-first heap   total 96256K, used 29192K [0x0000000704400000, 0x0000000800000000)
  region size 2048K, 1 young (2048K), 1 survivors (2048K)
 Metaspace       used 47310K, committed 47680K, reserved 1114112K
  class space    used 5781K, committed 5952K, reserved 1048576K
}
Event: 2.688 GC heap before
{Heap before GC invocations=11 (full 0):
 garbage-first heap   total 96256K, used 68104K [0x0000000704400000, 0x0000000800000000)
  region size 2048K, 19 young (38912K), 1 survivors (2048K)
 Metaspace       used 50288K, committed 50560K, reserved 1114112K
  class space    used 6120K, committed 6272K, reserved 1048576K
}
Event: 2.692 GC heap after
{Heap after GC invocations=12 (full 0):
 garbage-first heap   total 96256K, used 34322K [0x0000000704400000, 0x0000000800000000)
  region size 2048K, 3 young (6144K), 3 survivors (6144K)
 Metaspace       used 50288K, committed 50560K, reserved 1114112K
  class space    used 6120K, committed 6272K, reserved 1048576K
}
Event: 3.453 GC heap before
{Heap before GC invocations=12 (full 0):
 garbage-first heap   total 96256K, used 69138K [0x0000000704400000, 0x0000000800000000)
  region size 2048K, 20 young (40960K), 3 survivors (6144K)
 Metaspace       used 54626K, committed 54912K, reserved 1114112K
  class space    used 6539K, committed 6656K, reserved 1048576K
}
Event: 3.462 GC heap after
{Heap after GC invocations=13 (full 0):
 garbage-first heap   total 96256K, used 39881K [0x0000000704400000, 0x0000000800000000)
  region size 2048K, 3 young (6144K), 3 survivors (6144K)
 Metaspace       used 54626K, committed 54912K, reserved 1114112K
  class space    used 6539K, committed 6656K, reserved 1048576K
}
Event: 3.838 GC heap before
{Heap before GC invocations=13 (full 0):
 garbage-first heap   total 96256K, used 70601K [0x0000000704400000, 0x0000000800000000)
  region size 2048K, 18 young (36864K), 3 survivors (6144K)
 Metaspace       used 55398K, committed 55680K, reserved 1114112K
  class space    used 6562K, committed 6720K, reserved 1048576K
}
Event: 3.851 GC heap after
{Heap after GC invocations=14 (full 0):
 garbage-first heap   total 129024K, used 45334K [0x0000000704400000, 0x0000000800000000)
  region size 2048K, 3 young (6144K), 3 survivors (6144K)
 Metaspace       used 55398K, committed 55680K, reserved 1114112K
  class space    used 6562K, committed 6720K, reserved 1048576K
}
Event: 4.359 GC heap before
{Heap before GC invocations=14 (full 0):
 garbage-first heap   total 129024K, used 92438K [0x0000000704400000, 0x0000000800000000)
  region size 2048K, 26 young (53248K), 3 survivors (6144K)
 Metaspace       used 56739K, committed 57024K, reserved 1114112K
  class space    used 6720K, committed 6848K, reserved 1048576K
}
Event: 4.371 GC heap after
{Heap after GC invocations=15 (full 0):
 garbage-first heap   total 129024K, used 49465K [0x0000000704400000, 0x0000000800000000)
  region size 2048K, 2 young (4096K), 2 survivors (4096K)
 Metaspace       used 56739K, committed 57024K, reserved 1114112K
  class space    used 6720K, committed 6848K, reserved 1048576K
}
Event: 5.636 GC heap before
{Heap before GC invocations=15 (full 0):
 garbage-first heap   total 129024K, used 80185K [0x0000000704400000, 0x0000000800000000)
  region size 2048K, 18 young (36864K), 2 survivors (4096K)
 Metaspace       used 59844K, committed 60096K, reserved 1114112K
  class space    used 7023K, committed 7168K, reserved 1048576K
}
Event: 5.646 GC heap after
{Heap after GC invocations=16 (full 0):
 garbage-first heap   total 129024K, used 53635K [0x0000000704400000, 0x0000000800000000)
  region size 2048K, 2 young (4096K), 2 survivors (4096K)
 Metaspace       used 59844K, committed 60096K, reserved 1114112K
  class space    used 7023K, committed 7168K, reserved 1048576K
}

