# JRE version: OpenJDK Runtime Environment (17.0.7) (build 17.0.7+0-b2043.56-10550314)
# Java VM: OpenJDK 64-Bit Server VM (17.0.7+0-b2043.56-10550314, mixed mode, tiered, compressed oops, compressed class ptrs, g1 gc, windows-amd64)
GC Precious Log:
 CPUs: 20 total, 20 available
 Memory: 16110M
 Large Page Support: Disabled
 NUMA Support: Disabled
 Compressed Oops: Enabled (Zero based)
 Heap Region Size: 2M
 Heap Min Capacity: 8M
 Heap Initial Capacity: 252M
 Heap Max Capacity: 4G
 Pre-touch: Disabled
 Parallel Workers: 15
 Concurrent Workers: 4
 Concurrent Refinement Workers: 15
 Periodic GC: Disabled
Heap:
 garbage-first heap   total 313344K, used 226540K [0x0000000700000000, 0x0000000800000000)
  region size 2048K, 20 young (40960K), 5 survivors (10240K)
 Metaspace       used 142144K, committed 143040K, reserved 1179648K
  class space    used 21082K, committed 21504K, reserved 1048576K
GC Heap History (20 events):
Event: 9.953 GC heap before
{Heap before GC invocations=43 (full 0):
 garbage-first heap   total 198656K, used 154204K [0x0000000700000000, 0x0000000800000000)
  region size 2048K, 26 young (53248K), 4 survivors (8192K)
 Metaspace       used 99954K, committed 100608K, reserved 1179648K
  class space    used 13514K, committed 13824K, reserved 1048576K
}
Event: 9.956 GC heap after
{Heap after GC invocations=44 (full 0):
 garbage-first heap   total 198656K, used 110405K [0x0000000700000000, 0x0000000800000000)
  region size 2048K, 3 young (6144K), 3 survivors (6144K)
 Metaspace       used 99954K, committed 100608K, reserved 1179648K
  class space    used 13514K, committed 13824K, reserved 1048576K
}
Event: 9.967 GC heap before
{Heap before GC invocations=44 (full 0):
 garbage-first heap   total 198656K, used 110405K [0x0000000700000000, 0x0000000800000000)
  region size 2048K, 4 young (8192K), 3 survivors (6144K)
 Metaspace       used 99993K, committed 100672K, reserved 1179648K
  class space    used 13517K, committed 13824K, reserved 1048576K
}
Event: 9.969 GC heap after
{Heap after GC invocations=45 (full 0):
 garbage-first heap   total 198656K, used 110884K [0x0000000700000000, 0x0000000800000000)
  region size 2048K, 1 young (2048K), 1 survivors (2048K)
 Metaspace       used 99993K, committed 100672K, reserved 1179648K
  class space    used 13517K, committed 13824K, reserved 1048576K
}
Event: 10.092 GC heap before
{Heap before GC invocations=46 (full 0):
 garbage-first heap   total 243712K, used 168228K [0x0000000700000000, 0x0000000800000000)
  region size 2048K, 28 young (57344K), 1 survivors (2048K)
 Metaspace       used 100436K, committed 101056K, reserved 1179648K
  class space    used 13591K, committed 13888K, reserved 1048576K
}
Event: 10.095 GC heap after
{Heap after GC invocations=47 (full 0):
 garbage-first heap   total 243712K, used 117731K [0x0000000700000000, 0x0000000800000000)
  region size 2048K, 3 young (6144K), 3 survivors (6144K)
 Metaspace       used 100436K, committed 101056K, reserved 1179648K
  class space    used 13591K, committed 13888K, reserved 1048576K
}
Event: 10.422 GC heap before
{Heap before GC invocations=47 (full 0):
 garbage-first heap   total 243712K, used 144355K [0x0000000700000000, 0x0000000800000000)
  region size 2048K, 18 young (36864K), 3 survivors (6144K)
 Metaspace       used 103286K, committed 103936K, reserved 1179648K
  class space    used 13863K, committed 14144K, reserved 1048576K
}
Event: 10.424 GC heap after
{Heap after GC invocations=48 (full 0):
 garbage-first heap   total 313344K, used 118954K [0x0000000700000000, 0x0000000800000000)
  region size 2048K, 3 young (6144K), 3 survivors (6144K)
 Metaspace       used 103286K, committed 103936K, reserved 1179648K
  class space    used 13863K, committed 14144K, reserved 1048576K
}
Event: 11.883 GC heap before
{Heap before GC invocations=48 (full 0):
 garbage-first heap   total 313344K, used 219306K [0x0000000700000000, 0x0000000800000000)
  region size 2048K, 50 young (102400K), 3 survivors (6144K)
 Metaspace       used 112331K, committed 113024K, reserved 1179648K
  class space    used 14756K, committed 15104K, reserved 1048576K
}
Event: 11.887 GC heap after
{Heap after GC invocations=49 (full 0):
 garbage-first heap   total 313344K, used 125182K [0x0000000700000000, 0x0000000800000000)
  region size 2048K, 5 young (10240K), 5 survivors (10240K)
 Metaspace       used 112331K, committed 113024K, reserved 1179648K
  class space    used 14756K, committed 15104K, reserved 1048576K
}
Event: 19.265 GC heap before
{Heap before GC invocations=49 (full 0):
 garbage-first heap   total 313344K, used 248062K [0x0000000700000000, 0x0000000800000000)
  region size 2048K, 65 young (133120K), 5 survivors (10240K)
 Metaspace       used 117408K, committed 118208K, reserved 1179648K
  class space    used 15440K, committed 15808K, reserved 1048576K
}
Event: 19.270 GC heap after
{Heap after GC invocations=50 (full 0):
 garbage-first heap   total 313344K, used 131625K [0x0000000700000000, 0x0000000800000000)
  region size 2048K, 8 young (16384K), 8 survivors (16384K)
 Metaspace       used 117408K, committed 118208K, reserved 1179648K
  class space    used 15440K, committed 15808K, reserved 1048576K
}
Event: 19.897 GC heap before
{Heap before GC invocations=50 (full 0):
 garbage-first heap   total 313344K, used 258601K [0x0000000700000000, 0x0000000800000000)
  region size 2048K, 69 young (141312K), 8 survivors (16384K)
 Metaspace       used 123414K, committed 124224K, reserved 1179648K
  class space    used 16532K, committed 16896K, reserved 1048576K
}
Event: 19.905 GC heap after
{Heap after GC invocations=51 (full 0):
 garbage-first heap   total 313344K, used 142497K [0x0000000700000000, 0x0000000800000000)
  region size 2048K, 9 young (18432K), 9 survivors (18432K)
 Metaspace       used 123414K, committed 124224K, reserved 1179648K
  class space    used 16532K, committed 16896K, reserved 1048576K
}
Event: 20.362 GC heap before
{Heap before GC invocations=51 (full 0):
 garbage-first heap   total 313344K, used 253089K [0x0000000700000000, 0x0000000800000000)
  region size 2048K, 63 young (129024K), 9 survivors (18432K)
 Metaspace       used 130065K, committed 130944K, reserved 1179648K
  class space    used 18058K, committed 18496K, reserved 1048576K
}
Event: 20.368 GC heap after
{Heap after GC invocations=52 (full 0):
 garbage-first heap   total 313344K, used 147706K [0x0000000700000000, 0x0000000800000000)
  region size 2048K, 6 young (12288K), 6 survivors (12288K)
 Metaspace       used 130065K, committed 130944K, reserved 1179648K
  class space    used 18058K, committed 18496K, reserved 1048576K
}
Event: 20.932 GC heap before
{Heap before GC invocations=52 (full 0):
 garbage-first heap   total 313344K, used 250106K [0x0000000700000000, 0x0000000800000000)
  region size 2048K, 57 young (116736K), 6 survivors (12288K)
 Metaspace       used 137641K, committed 138560K, reserved 1179648K
  class space    used 19861K, committed 20288K, reserved 1048576K
}
Event: 20.936 GC heap after
{Heap after GC invocations=53 (full 0):
 garbage-first heap   total 313344K, used 149416K [0x0000000700000000, 0x0000000800000000)
  region size 2048K, 2 young (4096K), 2 survivors (4096K)
 Metaspace       used 137641K, committed 138560K, reserved 1179648K
  class space    used 19861K, committed 20288K, reserved 1048576K
}
Event: 21.421 GC heap before
{Heap before GC invocations=53 (full 0):
 garbage-first heap   total 313344K, used 253864K [0x0000000700000000, 0x0000000800000000)
  region size 2048K, 54 young (110592K), 2 survivors (4096K)
 Metaspace       used 142123K, committed 143104K, reserved 1179648K
  class space    used 20986K, committed 21440K, reserved 1048576K
}
Event: 21.425 GC heap after
{Heap after GC invocations=54 (full 0):
 garbage-first heap   total 313344K, used 154860K [0x0000000700000000, 0x0000000800000000)
  region size 2048K, 5 young (10240K), 5 survivors (10240K)
 Metaspace       used 142123K, committed 143104K, reserved 1179648K
  class space    used 20986K, committed 21440K, reserved 1048576K
}

