# JRE version: OpenJDK Runtime Environment (17.0.7) (build 17.0.7+0-b2043.56-10550314)
# Java VM: OpenJDK 64-Bit Server VM (17.0.7+0-b2043.56-10550314, mixed mode, tiered, compressed oops, compressed class ptrs, g1 gc, windows-amd64)
GC Precious Log:
 CPUs: 20 total, 20 available
 Memory: 16110M
 Large Page Support: Disabled
 NUMA Support: Disabled
 Compressed Oops: Enabled (Zero based)
 Heap Region Size: 2M
 Heap Min Capacity: 8M
 Heap Initial Capacity: 252M
 Heap Max Capacity: 4G
 Pre-touch: Disabled
 Parallel Workers: 15
 Concurrent Workers: 4
 Concurrent Refinement Workers: 15
 Periodic GC: Disabled
Heap:
 garbage-first heap   total 409600K, used 290699K [0x0000000700000000, 0x0000000800000000)
  region size 2048K, 70 young (143360K), 8 survivors (16384K)
 Metaspace       used 119454K, committed 120320K, reserved 1179648K
  class space    used 15568K, committed 16000K, reserved 1048576K
GC Heap History (20 events):
Event: 10.448 GC heap before
{Heap before GC invocations=40 (full 0):
 garbage-first heap   total 151552K, used 121351K [0x0000000700000000, 0x0000000800000000)
  region size 2048K, 18 young (36864K), 1 survivors (2048K)
 Metaspace       used 94465K, committed 95104K, reserved 1179648K
  class space    used 12491K, committed 12800K, reserved 1048576K
}
Event: 10.450 GC heap after
{Heap after GC invocations=41 (full 0):
 garbage-first heap   total 151552K, used 91635K [0x0000000700000000, 0x0000000800000000)
  region size 2048K, 3 young (6144K), 3 survivors (6144K)
 Metaspace       used 94465K, committed 95104K, reserved 1179648K
  class space    used 12491K, committed 12800K, reserved 1048576K
}
Event: 10.804 GC heap before
{Heap before GC invocations=42 (full 0):
 garbage-first heap   total 161792K, used 122355K [0x0000000700000000, 0x0000000800000000)
  region size 2048K, 18 young (36864K), 3 survivors (6144K)
 Metaspace       used 95445K, committed 96064K, reserved 1179648K
  class space    used 12673K, committed 12928K, reserved 1048576K
}
Event: 10.807 GC heap after
{Heap after GC invocations=43 (full 0):
 garbage-first heap   total 161792K, used 97024K [0x0000000700000000, 0x0000000800000000)
  region size 2048K, 3 young (6144K), 3 survivors (6144K)
 Metaspace       used 95445K, committed 96064K, reserved 1179648K
  class space    used 12673K, committed 12928K, reserved 1048576K
}
Event: 10.827 GC heap before
{Heap before GC invocations=43 (full 0):
 garbage-first heap   total 161792K, used 99072K [0x0000000700000000, 0x0000000800000000)
  region size 2048K, 4 young (8192K), 3 survivors (6144K)
 Metaspace       used 95491K, committed 96128K, reserved 1179648K
  class space    used 12676K, committed 12928K, reserved 1048576K
}
Event: 10.830 GC heap after
{Heap after GC invocations=44 (full 0):
 garbage-first heap   total 161792K, used 97338K [0x0000000700000000, 0x0000000800000000)
  region size 2048K, 1 young (2048K), 1 survivors (2048K)
 Metaspace       used 95491K, committed 96128K, reserved 1179648K
  class space    used 12676K, committed 12928K, reserved 1048576K
}
Event: 11.102 GC heap before
{Heap before GC invocations=44 (full 0):
 garbage-first heap   total 161792K, used 130106K [0x0000000700000000, 0x0000000800000000)
  region size 2048K, 17 young (34816K), 1 survivors (2048K)
 Metaspace       used 96685K, committed 97344K, reserved 1179648K
  class space    used 12970K, committed 13248K, reserved 1048576K
}
Event: 11.105 GC heap after
{Heap after GC invocations=45 (full 0):
 garbage-first heap   total 161792K, used 100441K [0x0000000700000000, 0x0000000800000000)
  region size 2048K, 3 young (6144K), 3 survivors (6144K)
 Metaspace       used 96685K, committed 97344K, reserved 1179648K
  class space    used 12970K, committed 13248K, reserved 1048576K
}
Event: 11.180 GC heap before
{Heap before GC invocations=46 (full 0):
 garbage-first heap   total 204800K, used 129113K [0x0000000700000000, 0x0000000800000000)
  region size 2048K, 18 young (36864K), 3 survivors (6144K)
 Metaspace       used 96778K, committed 97408K, reserved 1179648K
  class space    used 12974K, committed 13248K, reserved 1048576K
}
Event: 11.182 GC heap after
{Heap after GC invocations=47 (full 0):
 garbage-first heap   total 204800K, used 102035K [0x0000000700000000, 0x0000000800000000)
  region size 2048K, 1 young (2048K), 1 survivors (2048K)
 Metaspace       used 96778K, committed 97408K, reserved 1179648K
  class space    used 12974K, committed 13248K, reserved 1048576K
}
Event: 11.204 GC heap before
{Heap before GC invocations=47 (full 0):
 garbage-first heap   total 204800K, used 110227K [0x0000000700000000, 0x0000000800000000)
  region size 2048K, 5 young (10240K), 1 survivors (2048K)
 Metaspace       used 96798K, committed 97472K, reserved 1179648K
  class space    used 12974K, committed 13248K, reserved 1048576K
}
Event: 11.207 GC heap after
{Heap after GC invocations=48 (full 0):
 garbage-first heap   total 409600K, used 101843K [0x0000000700000000, 0x0000000800000000)
  region size 2048K, 1 young (2048K), 1 survivors (2048K)
 Metaspace       used 96798K, committed 97472K, reserved 1179648K
  class space    used 12974K, committed 13248K, reserved 1048576K
}
Event: 13.141 GC heap before
{Heap before GC invocations=48 (full 0):
 garbage-first heap   total 409600K, used 320979K [0x0000000700000000, 0x0000000800000000)
  region size 2048K, 95 young (194560K), 1 survivors (2048K)
 Metaspace       used 103320K, committed 104064K, reserved 1179648K
  class space    used 13725K, committed 14080K, reserved 1048576K
}
Event: 13.151 GC heap after
{Heap after GC invocations=49 (full 0):
 garbage-first heap   total 409600K, used 137174K [0x0000000700000000, 0x0000000800000000)
  region size 2048K, 12 young (24576K), 12 survivors (24576K)
 Metaspace       used 103320K, committed 104064K, reserved 1179648K
  class space    used 13725K, committed 14080K, reserved 1048576K
}
Event: 13.775 GC heap before
{Heap before GC invocations=49 (full 0):
 garbage-first heap   total 409600K, used 258006K [0x0000000700000000, 0x0000000800000000)
  region size 2048K, 72 young (147456K), 12 survivors (24576K)
 Metaspace       used 107024K, committed 107712K, reserved 1179648K
  class space    used 14031K, committed 14336K, reserved 1048576K
}
Event: 13.784 GC heap after
{Heap after GC invocations=50 (full 0):
 garbage-first heap   total 409600K, used 153677K [0x0000000700000000, 0x0000000800000000)
  region size 2048K, 8 young (16384K), 8 survivors (16384K)
 Metaspace       used 107024K, committed 107712K, reserved 1179648K
  class space    used 14031K, committed 14336K, reserved 1048576K
}
Event: 14.375 GC heap before
{Heap before GC invocations=50 (full 0):
 garbage-first heap   total 409600K, used 274509K [0x0000000700000000, 0x0000000800000000)
  region size 2048K, 68 young (139264K), 8 survivors (16384K)
 Metaspace       used 109436K, committed 110208K, reserved 1179648K
  class space    used 14262K, committed 14592K, reserved 1048576K
}
Event: 14.378 GC heap after
{Heap after GC invocations=51 (full 0):
 garbage-first heap   total 409600K, used 149707K [0x0000000700000000, 0x0000000800000000)
  region size 2048K, 4 young (8192K), 4 survivors (8192K)
 Metaspace       used 109436K, committed 110208K, reserved 1179648K
  class space    used 14262K, committed 14592K, reserved 1048576K
}
Event: 15.691 GC heap before
{Heap before GC invocations=51 (full 0):
 garbage-first heap   total 409600K, used 293067K [0x0000000700000000, 0x0000000800000000)
  region size 2048K, 75 young (153600K), 4 survivors (8192K)
 Metaspace       used 115727K, committed 116480K, reserved 1179648K
  class space    used 15057K, committed 15424K, reserved 1048576K
}
Event: 15.696 GC heap after
{Heap after GC invocations=52 (full 0):
 garbage-first heap   total 409600K, used 157579K [0x0000000700000000, 0x0000000800000000)
  region size 2048K, 8 young (16384K), 8 survivors (16384K)
 Metaspace       used 115727K, committed 116480K, reserved 1179648K
  class space    used 15057K, committed 15424K, reserved 1048576K
}

