# JRE version: OpenJDK Runtime Environment (17.0.7) (build 17.0.7+0-b2043.56-10550314)
# Java VM: OpenJDK 64-Bit Server VM (17.0.7+0-b2043.56-10550314, mixed mode, tiered, compressed oops, compressed class ptrs, g1 gc, windows-amd64)
GC Precious Log:
 CPUs: 20 total, 20 available
 Memory: 16110M
 Large Page Support: Disabled
 NUMA Support: Disabled
 Compressed Oops: Enabled (Zero based)
 Heap Region Size: 2M
 Heap Min Capacity: 8M
 Heap Initial Capacity: 252M
 Heap Max Capacity: 4G
 Pre-touch: Disabled
 Parallel Workers: 15
 Concurrent Workers: 4
 Concurrent Refinement Workers: 15
 Periodic GC: Disabled
Heap:
 garbage-first heap   total 194560K, used 112665K [0x0000000700000000, 0x0000000800000000)
  region size 2048K, 8 young (16384K), 2 survivors (4096K)
 Metaspace       used 93072K, committed 93760K, reserved 1179648K
  class space    used 12610K, committed 12928K, reserved 1048576K
GC Heap History (20 events):
Event: 6.663 GC heap before
{Heap before GC invocations=30 (full 0):
 garbage-first heap   total 145408K, used 115794K [0x0000000700000000, 0x0000000800000000)
  region size 2048K, 24 young (49152K), 1 survivors (2048K)
 Metaspace       used 80008K, committed 80576K, reserved 1179648K
  class space    used 10736K, committed 11008K, reserved 1048576K
}
Event: 6.666 GC heap after
{Heap after GC invocations=31 (full 0):
 garbage-first heap   total 145408K, used 71974K [0x0000000700000000, 0x0000000800000000)
  region size 2048K, 3 young (6144K), 3 survivors (6144K)
 Metaspace       used 80008K, committed 80576K, reserved 1179648K
  class space    used 10736K, committed 11008K, reserved 1048576K
}
Event: 7.183 GC heap before
{Heap before GC invocations=32 (full 0):
 garbage-first heap   total 145408K, used 114982K [0x0000000700000000, 0x0000000800000000)
  region size 2048K, 24 young (49152K), 3 survivors (6144K)
 Metaspace       used 85484K, committed 86016K, reserved 1179648K
  class space    used 11536K, committed 11776K, reserved 1048576K
}
Event: 7.186 GC heap after
{Heap after GC invocations=33 (full 0):
 garbage-first heap   total 145408K, used 74844K [0x0000000700000000, 0x0000000800000000)
  region size 2048K, 2 young (4096K), 2 survivors (4096K)
 Metaspace       used 85484K, committed 86016K, reserved 1179648K
  class space    used 11536K, committed 11776K, reserved 1048576K
}
Event: 7.567 GC heap before
{Heap before GC invocations=33 (full 0):
 garbage-first heap   total 145408K, used 115804K [0x0000000700000000, 0x0000000800000000)
  region size 2048K, 22 young (45056K), 2 survivors (4096K)
 Metaspace       used 87159K, committed 87744K, reserved 1179648K
  class space    used 11746K, committed 12032K, reserved 1048576K
}
Event: 7.571 GC heap after
{Heap after GC invocations=34 (full 0):
 garbage-first heap   total 145408K, used 79652K [0x0000000700000000, 0x0000000800000000)
  region size 2048K, 3 young (6144K), 3 survivors (6144K)
 Metaspace       used 87159K, committed 87744K, reserved 1179648K
  class space    used 11746K, committed 12032K, reserved 1048576K
}
Event: 7.799 GC heap before
{Heap before GC invocations=35 (full 0):
 garbage-first heap   total 145408K, used 118564K [0x0000000700000000, 0x0000000800000000)
  region size 2048K, 22 young (45056K), 3 survivors (6144K)
 Metaspace       used 87208K, committed 87808K, reserved 1179648K
  class space    used 11749K, committed 12032K, reserved 1048576K
}
Event: 7.803 GC heap after
{Heap after GC invocations=36 (full 0):
 garbage-first heap   total 145408K, used 86460K [0x0000000700000000, 0x0000000800000000)
  region size 2048K, 3 young (6144K), 3 survivors (6144K)
 Metaspace       used 87208K, committed 87808K, reserved 1179648K
  class space    used 11749K, committed 12032K, reserved 1048576K
}
Event: 8.204 GC heap before
{Heap before GC invocations=36 (full 0):
 garbage-first heap   total 145408K, used 115132K [0x0000000700000000, 0x0000000800000000)
  region size 2048K, 18 young (36864K), 3 survivors (6144K)
 Metaspace       used 90332K, committed 90944K, reserved 1179648K
  class space    used 12176K, committed 12416K, reserved 1048576K
}
Event: 8.207 GC heap after
{Heap after GC invocations=37 (full 0):
 garbage-first heap   total 145408K, used 92744K [0x0000000700000000, 0x0000000800000000)
  region size 2048K, 3 young (6144K), 3 survivors (6144K)
 Metaspace       used 90332K, committed 90944K, reserved 1179648K
  class space    used 12176K, committed 12416K, reserved 1048576K
}
Event: 8.490 GC heap before
{Heap before GC invocations=38 (full 0):
 garbage-first heap   total 161792K, used 115272K [0x0000000700000000, 0x0000000800000000)
  region size 2048K, 15 young (30720K), 3 survivors (6144K)
 Metaspace       used 91788K, committed 92416K, reserved 1179648K
  class space    used 12504K, committed 12800K, reserved 1048576K
}
Event: 8.494 GC heap after
{Heap after GC invocations=39 (full 0):
 garbage-first heap   total 161792K, used 94769K [0x0000000700000000, 0x0000000800000000)
  region size 2048K, 2 young (4096K), 2 survivors (4096K)
 Metaspace       used 91788K, committed 92416K, reserved 1179648K
  class space    used 12504K, committed 12800K, reserved 1048576K
}
Event: 8.566 GC heap before
{Heap before GC invocations=39 (full 0):
 garbage-first heap   total 161792K, used 125489K [0x0000000700000000, 0x0000000800000000)
  region size 2048K, 18 young (36864K), 2 survivors (4096K)
 Metaspace       used 91969K, committed 92608K, reserved 1179648K
  class space    used 12507K, committed 12800K, reserved 1048576K
}
Event: 8.568 GC heap after
{Heap after GC invocations=40 (full 0):
 garbage-first heap   total 194560K, used 96399K [0x0000000700000000, 0x0000000800000000)
  region size 2048K, 3 young (6144K), 3 survivors (6144K)
 Metaspace       used 91969K, committed 92608K, reserved 1179648K
  class space    used 12507K, committed 12800K, reserved 1048576K
}
Event: 8.845 GC heap before
{Heap before GC invocations=41 (full 0):
 garbage-first heap   total 194560K, used 149647K [0x0000000700000000, 0x0000000800000000)
  region size 2048K, 30 young (61440K), 3 survivors (6144K)
 Metaspace       used 92472K, committed 93056K, reserved 1179648K
  class space    used 12545K, committed 12800K, reserved 1048576K
}
Event: 8.849 GC heap after
{Heap after GC invocations=42 (full 0):
 garbage-first heap   total 194560K, used 99838K [0x0000000700000000, 0x0000000800000000)
  region size 2048K, 4 young (8192K), 4 survivors (8192K)
 Metaspace       used 92472K, committed 93056K, reserved 1179648K
  class space    used 12545K, committed 12800K, reserved 1048576K
}
Event: 8.852 GC heap before
{Heap before GC invocations=42 (full 0):
 garbage-first heap   total 194560K, used 99838K [0x0000000700000000, 0x0000000800000000)
  region size 2048K, 5 young (10240K), 4 survivors (8192K)
 Metaspace       used 92480K, committed 93120K, reserved 1179648K
  class space    used 12545K, committed 12800K, reserved 1048576K
}
Event: 8.855 GC heap after
{Heap after GC invocations=43 (full 0):
 garbage-first heap   total 194560K, used 99837K [0x0000000700000000, 0x0000000800000000)
  region size 2048K, 1 young (2048K), 1 survivors (2048K)
 Metaspace       used 92480K, committed 93120K, reserved 1179648K
  class space    used 12545K, committed 12800K, reserved 1048576K
}
Event: 8.998 GC heap before
{Heap before GC invocations=43 (full 0):
 garbage-first heap   total 194560K, used 153085K [0x0000000700000000, 0x0000000800000000)
  region size 2048K, 28 young (57344K), 1 survivors (2048K)
 Metaspace       used 92768K, committed 93376K, reserved 1179648K
  class space    used 12562K, committed 12864K, reserved 1048576K
}
Event: 9.000 GC heap after
{Heap after GC invocations=44 (full 0):
 garbage-first heap   total 194560K, used 102425K [0x0000000700000000, 0x0000000800000000)
  region size 2048K, 2 young (4096K), 2 survivors (4096K)
 Metaspace       used 92768K, committed 93376K, reserved 1179648K
  class space    used 12562K, committed 12864K, reserved 1048576K
}

