# JRE version: OpenJDK Runtime Environment (17.0.7) (build 17.0.7+0-b2043.56-10550314)
# Java VM: OpenJDK 64-Bit Server VM (17.0.7+0-b2043.56-10550314, mixed mode, tiered, compressed oops, compressed class ptrs, g1 gc, windows-amd64)
GC Precious Log:
 CPUs: 20 total, 20 available
 Memory: 16110M
 Large Page Support: Disabled
 NUMA Support: Disabled
 Compressed Oops: Enabled (Zero based)
 Heap Region Size: 2M
 Heap Min Capacity: 8M
 Heap Initial Capacity: 252M
 Heap Max Capacity: 4G
 Pre-touch: Disabled
 Parallel Workers: 15
 Concurrent Workers: 4
 Concurrent Refinement Workers: 15
 Periodic GC: Disabled
Heap:
 garbage-first heap   total 258048K, used 175419K [0x0000000700000000, 0x0000000800000000)
  region size 2048K, 17 young (34816K), 6 survivors (12288K)
 Metaspace       used 104945K, committed 105664K, reserved 1179648K
  class space    used 14276K, committed 14592K, reserved 1048576K
GC Heap History (20 events):
Event: 7.899 GC heap before
{Heap before GC invocations=38 (full 0):
 garbage-first heap   total 161792K, used 126344K [0x0000000700000000, 0x0000000800000000)
  region size 2048K, 19 young (38912K), 3 survivors (6144K)
 Metaspace       used 91720K, committed 92416K, reserved 1179648K
  class space    used 12519K, committed 12800K, reserved 1048576K
}
Event: 7.902 GC heap after
{Heap after GC invocations=39 (full 0):
 garbage-first heap   total 161792K, used 96501K [0x0000000700000000, 0x0000000800000000)
  region size 2048K, 2 young (4096K), 2 survivors (4096K)
 Metaspace       used 91720K, committed 92416K, reserved 1179648K
  class space    used 12519K, committed 12800K, reserved 1048576K
}
Event: 8.000 GC heap before
{Heap before GC invocations=39 (full 0):
 garbage-first heap   total 161792K, used 129269K [0x0000000700000000, 0x0000000800000000)
  region size 2048K, 19 young (38912K), 2 survivors (4096K)
 Metaspace       used 91854K, committed 92480K, reserved 1179648K
  class space    used 12522K, committed 12800K, reserved 1048576K
}
Event: 8.003 GC heap after
{Heap after GC invocations=40 (full 0):
 garbage-first heap   total 161792K, used 97664K [0x0000000700000000, 0x0000000800000000)
  region size 2048K, 3 young (6144K), 3 survivors (6144K)
 Metaspace       used 91854K, committed 92480K, reserved 1179648K
  class space    used 12522K, committed 12800K, reserved 1048576K
}
Event: 8.206 GC heap before
{Heap before GC invocations=41 (full 0):
 garbage-first heap   total 178176K, used 130432K [0x0000000700000000, 0x0000000800000000)
  region size 2048K, 20 young (40960K), 3 survivors (6144K)
 Metaspace       used 92195K, committed 92800K, reserved 1179648K
  class space    used 12558K, committed 12864K, reserved 1048576K
}
Event: 8.208 GC heap after
{Heap after GC invocations=42 (full 0):
 garbage-first heap   total 178176K, used 100309K [0x0000000700000000, 0x0000000800000000)
  region size 2048K, 3 young (6144K), 3 survivors (6144K)
 Metaspace       used 92195K, committed 92800K, reserved 1179648K
  class space    used 12558K, committed 12864K, reserved 1048576K
}
Event: 8.286 GC heap before
{Heap before GC invocations=42 (full 0):
 garbage-first heap   total 178176K, used 141269K [0x0000000700000000, 0x0000000800000000)
  region size 2048K, 24 young (49152K), 3 survivors (6144K)
 Metaspace       used 92377K, committed 93056K, reserved 1179648K
  class space    used 12561K, committed 12864K, reserved 1048576K
}
Event: 8.288 GC heap after
{Heap after GC invocations=43 (full 0):
 garbage-first heap   total 178176K, used 103248K [0x0000000700000000, 0x0000000800000000)
  region size 2048K, 3 young (6144K), 3 survivors (6144K)
 Metaspace       used 92377K, committed 93056K, reserved 1179648K
  class space    used 12561K, committed 12864K, reserved 1048576K
}
Event: 8.509 GC heap before
{Heap before GC invocations=44 (full 0):
 garbage-first heap   total 194560K, used 144208K [0x0000000700000000, 0x0000000800000000)
  region size 2048K, 24 young (49152K), 3 survivors (6144K)
 Metaspace       used 92953K, committed 93632K, reserved 1179648K
  class space    used 12624K, committed 12928K, reserved 1048576K
}
Event: 8.512 GC heap after
{Heap after GC invocations=45 (full 0):
 garbage-first heap   total 194560K, used 105983K [0x0000000700000000, 0x0000000800000000)
  region size 2048K, 3 young (6144K), 3 survivors (6144K)
 Metaspace       used 92953K, committed 93632K, reserved 1179648K
  class space    used 12624K, committed 12928K, reserved 1048576K
}
Event: 8.518 GC heap before
{Heap before GC invocations=45 (full 0):
 garbage-first heap   total 194560K, used 108031K [0x0000000700000000, 0x0000000800000000)
  region size 2048K, 4 young (8192K), 3 survivors (6144K)
 Metaspace       used 92960K, committed 93632K, reserved 1179648K
  class space    used 12625K, committed 12928K, reserved 1048576K
}
Event: 8.520 GC heap after
{Heap after GC invocations=46 (full 0):
 garbage-first heap   total 233472K, used 105363K [0x0000000700000000, 0x0000000800000000)
  region size 2048K, 1 young (2048K), 1 survivors (2048K)
 Metaspace       used 92960K, committed 93632K, reserved 1179648K
  class space    used 12625K, committed 12928K, reserved 1048576K
}
Event: 9.295 GC heap before
{Heap before GC invocations=46 (full 0):
 garbage-first heap   total 233472K, used 185235K [0x0000000700000000, 0x0000000800000000)
  region size 2048K, 41 young (83968K), 1 survivors (2048K)
 Metaspace       used 99952K, committed 100608K, reserved 1179648K
  class space    used 13530K, committed 13824K, reserved 1048576K
}
Event: 9.298 GC heap after
{Heap after GC invocations=47 (full 0):
 garbage-first heap   total 233472K, used 109717K [0x0000000700000000, 0x0000000800000000)
  region size 2048K, 3 young (6144K), 3 survivors (6144K)
 Metaspace       used 99952K, committed 100608K, reserved 1179648K
  class space    used 13530K, committed 13824K, reserved 1048576K
}
Event: 9.438 GC heap before
{Heap before GC invocations=47 (full 0):
 garbage-first heap   total 233472K, used 187541K [0x0000000700000000, 0x0000000800000000)
  region size 2048K, 42 young (86016K), 3 survivors (6144K)
 Metaspace       used 100886K, committed 101568K, reserved 1179648K
  class space    used 13651K, committed 13952K, reserved 1048576K
}
Event: 9.442 GC heap after
{Heap after GC invocations=48 (full 0):
 garbage-first heap   total 233472K, used 113861K [0x0000000700000000, 0x0000000800000000)
  region size 2048K, 5 young (10240K), 5 survivors (10240K)
 Metaspace       used 100886K, committed 101568K, reserved 1179648K
  class space    used 13651K, committed 13952K, reserved 1048576K
}
Event: 9.476 GC heap before
{Heap before GC invocations=48 (full 0):
 garbage-first heap   total 233472K, used 115909K [0x0000000700000000, 0x0000000800000000)
  region size 2048K, 7 young (14336K), 5 survivors (10240K)
 Metaspace       used 101216K, committed 101952K, reserved 1179648K
  class space    used 13698K, committed 14080K, reserved 1048576K
}
Event: 9.479 GC heap after
{Heap after GC invocations=49 (full 0):
 garbage-first heap   total 233472K, used 114296K [0x0000000700000000, 0x0000000800000000)
  region size 2048K, 3 young (6144K), 3 survivors (6144K)
 Metaspace       used 101216K, committed 101952K, reserved 1179648K
  class space    used 13698K, committed 14080K, reserved 1048576K
}
Event: 9.716 GC heap before
{Heap before GC invocations=50 (full 0):
 garbage-first heap   total 233472K, used 145016K [0x0000000700000000, 0x0000000800000000)
  region size 2048K, 15 young (30720K), 3 survivors (6144K)
 Metaspace       used 104699K, committed 105408K, reserved 1179648K
  class space    used 14230K, committed 14528K, reserved 1048576K
}
Event: 9.719 GC heap after
{Heap after GC invocations=51 (full 0):
 garbage-first heap   total 233472K, used 134459K [0x0000000700000000, 0x0000000800000000)
  region size 2048K, 6 young (12288K), 6 survivors (12288K)
 Metaspace       used 104699K, committed 105408K, reserved 1179648K
  class space    used 14230K, committed 14528K, reserved 1048576K
}

