# JRE version: OpenJDK Runtime Environment (17.0.7) (build 17.0.7+0-b2043.56-10550314)
# Java VM: OpenJDK 64-Bit Server VM (17.0.7+0-b2043.56-10550314, mixed mode, tiered, compressed oops, compressed class ptrs, g1 gc, windows-amd64)
GC Precious Log:
 CPUs: 20 total, 20 available
 Memory: 16110M
 Large Page Support: Disabled
 NUMA Support: Disabled
 Compressed Oops: Enabled (Zero based)
 Heap Region Size: 2M
 Heap Min Capacity: 8M
 Heap Initial Capacity: 252M
 Heap Max Capacity: 4G
 Pre-touch: Disabled
 Parallel Workers: 15
 Concurrent Workers: 4
 Concurrent Refinement Workers: 15
 Periodic GC: Disabled
Heap:
 garbage-first heap   total 346112K, used 168267K [0x0000000700000000, 0x0000000800000000)
  region size 2048K, 5 young (10240K), 5 survivors (10240K)
 Metaspace       used 157738K, committed 159488K, reserved 1245184K
  class space    used 21829K, committed 22656K, reserved 1048576K
GC Heap History (20 events):
Event: 439.004 GC heap after
{Heap after GC invocations=65 (full 0):
 garbage-first heap   total 346112K, used 160380K [0x0000000700000000, 0x0000000800000000)
  region size 2048K, 1 young (2048K), 1 survivors (2048K)
 Metaspace       used 154055K, committed 155328K, reserved 1245184K
  class space    used 21392K, committed 22016K, reserved 1048576K
}
Event: 439.149 GC heap before
{Heap before GC invocations=65 (full 0):
 garbage-first heap   total 346112K, used 174716K [0x0000000700000000, 0x0000000800000000)
  region size 2048K, 8 young (16384K), 1 survivors (2048K)
 Metaspace       used 154358K, committed 155584K, reserved 1245184K
  class space    used 21403K, committed 22016K, reserved 1048576K
}
Event: 439.154 GC heap after
{Heap after GC invocations=66 (full 0):
 garbage-first heap   total 346112K, used 157126K [0x0000000700000000, 0x0000000800000000)
  region size 2048K, 1 young (2048K), 1 survivors (2048K)
 Metaspace       used 154358K, committed 155584K, reserved 1245184K
  class space    used 21403K, committed 22016K, reserved 1048576K
}
Event: 594.067 GC heap before
{Heap before GC invocations=66 (full 0):
 garbage-first heap   total 346112K, used 314822K [0x0000000700000000, 0x0000000800000000)
  region size 2048K, 64 young (131072K), 1 survivors (2048K)
 Metaspace       used 154809K, committed 156224K, reserved 1245184K
  class space    used 21450K, committed 22144K, reserved 1048576K
}
Event: 594.072 GC heap after
{Heap after GC invocations=67 (full 0):
 garbage-first heap   total 346112K, used 159071K [0x0000000700000000, 0x0000000800000000)
  region size 2048K, 2 young (4096K), 2 survivors (4096K)
 Metaspace       used 154809K, committed 156224K, reserved 1245184K
  class space    used 21450K, committed 22144K, reserved 1048576K
}
Event: 621.526 GC heap before
{Heap before GC invocations=67 (full 0):
 garbage-first heap   total 346112K, used 288095K [0x0000000700000000, 0x0000000800000000)
  region size 2048K, 66 young (135168K), 2 survivors (4096K)
 Metaspace       used 155233K, committed 156608K, reserved 1245184K
  class space    used 21481K, committed 22144K, reserved 1048576K
}
Event: 621.534 GC heap after
{Heap after GC invocations=68 (full 0):
 garbage-first heap   total 346112K, used 161642K [0x0000000700000000, 0x0000000800000000)
  region size 2048K, 3 young (6144K), 3 survivors (6144K)
 Metaspace       used 155233K, committed 156608K, reserved 1245184K
  class space    used 21481K, committed 22144K, reserved 1048576K
}
Event: 665.062 GC heap before
{Heap before GC invocations=68 (full 0):
 garbage-first heap   total 346112K, used 292714K [0x0000000700000000, 0x0000000800000000)
  region size 2048K, 67 young (137216K), 3 survivors (6144K)
 Metaspace       used 155535K, committed 156928K, reserved 1245184K
  class space    used 21495K, committed 22208K, reserved 1048576K
}
Event: 665.068 GC heap after
{Heap after GC invocations=69 (full 0):
 garbage-first heap   total 346112K, used 165207K [0x0000000700000000, 0x0000000800000000)
  region size 2048K, 5 young (10240K), 5 survivors (10240K)
 Metaspace       used 155535K, committed 156928K, reserved 1245184K
  class space    used 21495K, committed 22208K, reserved 1048576K
}
Event: 1012.249 GC heap before
{Heap before GC invocations=70 (full 0):
 garbage-first heap   total 346112K, used 286039K [0x0000000700000000, 0x0000000800000000)
  region size 2048K, 65 young (133120K), 5 survivors (10240K)
 Metaspace       used 156405K, committed 157824K, reserved 1245184K
  class space    used 21585K, committed 22272K, reserved 1048576K
}
Event: 1012.255 GC heap after
{Heap after GC invocations=71 (full 0):
 garbage-first heap   total 346112K, used 160191K [0x0000000700000000, 0x0000000800000000)
  region size 2048K, 2 young (4096K), 2 survivors (4096K)
 Metaspace       used 156405K, committed 157824K, reserved 1245184K
  class space    used 21585K, committed 22272K, reserved 1048576K
}
Event: 1012.375 GC heap before
{Heap before GC invocations=71 (full 0):
 garbage-first heap   total 346112K, used 172479K [0x0000000700000000, 0x0000000800000000)
  region size 2048K, 8 young (16384K), 2 survivors (4096K)
 Metaspace       used 156467K, committed 157888K, reserved 1245184K
  class space    used 21589K, committed 22272K, reserved 1048576K
}
Event: 1012.385 GC heap after
{Heap after GC invocations=72 (full 0):
 garbage-first heap   total 346112K, used 158863K [0x0000000700000000, 0x0000000800000000)
  region size 2048K, 1 young (2048K), 1 survivors (2048K)
 Metaspace       used 156467K, committed 157888K, reserved 1245184K
  class space    used 21589K, committed 22272K, reserved 1048576K
}
Event: 1012.630 GC heap before
{Heap before GC invocations=72 (full 0):
 garbage-first heap   total 346112K, used 183439K [0x0000000700000000, 0x0000000800000000)
  region size 2048K, 15 young (30720K), 1 survivors (2048K)
 Metaspace       used 156679K, committed 158208K, reserved 1245184K
  class space    used 21626K, committed 22336K, reserved 1048576K
}
Event: 1012.635 GC heap after
{Heap after GC invocations=73 (full 0):
 garbage-first heap   total 346112K, used 162020K [0x0000000700000000, 0x0000000800000000)
  region size 2048K, 3 young (6144K), 3 survivors (6144K)
 Metaspace       used 156679K, committed 158208K, reserved 1245184K
  class space    used 21626K, committed 22336K, reserved 1048576K
}
Event: 1015.352 GC heap before
{Heap before GC invocations=74 (full 0):
 garbage-first heap   total 346112K, used 282852K [0x0000000700000000, 0x0000000800000000)
  region size 2048K, 55 young (112640K), 3 survivors (6144K)
 Metaspace       used 157064K, committed 158720K, reserved 1245184K
  class space    used 21713K, committed 22528K, reserved 1048576K
}
Event: 1015.364 GC heap after
{Heap after GC invocations=75 (full 0):
 garbage-first heap   total 346112K, used 168439K [0x0000000700000000, 0x0000000800000000)
  region size 2048K, 7 young (14336K), 7 survivors (14336K)
 Metaspace       used 157064K, committed 158720K, reserved 1245184K
  class space    used 21713K, committed 22528K, reserved 1048576K
}
Event: 1015.369 GC heap before
{Heap before GC invocations=75 (full 0):
 garbage-first heap   total 346112K, used 170487K [0x0000000700000000, 0x0000000800000000)
  region size 2048K, 8 young (16384K), 7 survivors (14336K)
 Metaspace       used 157064K, committed 158720K, reserved 1245184K
  class space    used 21713K, committed 22528K, reserved 1048576K
}
Event: 1015.382 GC heap after
{Heap after GC invocations=76 (full 0):
 garbage-first heap   total 346112K, used 160356K [0x0000000700000000, 0x0000000800000000)
  region size 2048K, 1 young (2048K), 1 survivors (2048K)
 Metaspace       used 157064K, committed 158720K, reserved 1245184K
  class space    used 21713K, committed 22528K, reserved 1048576K
}
Event: 1056.984 GC heap before
{Heap before GC invocations=76 (full 0):
 garbage-first heap   total 346112K, used 268900K [0x0000000700000000, 0x0000000800000000)
  region size 2048K, 55 young (112640K), 1 survivors (2048K)
 Metaspace       used 157738K, committed 159488K, reserved 1245184K
  class space    used 21829K, committed 22656K, reserved 1048576K
}

