# JRE version: OpenJDK Runtime Environment (17.0.7) (build 17.0.7+0-b2043.56-10550314)
# Java VM: OpenJDK 64-Bit Server VM (17.0.7+0-b2043.56-10550314, mixed mode, tiered, compressed oops, compressed class ptrs, g1 gc, windows-amd64)
GC Precious Log:
 CPUs: 20 total, 20 available
 Memory: 16110M
 Large Page Support: Disabled
 NUMA Support: Disabled
 Compressed Oops: Enabled (Zero based)
 Heap Region Size: 2M
 Heap Min Capacity: 8M
 Heap Initial Capacity: 252M
 Heap Max Capacity: 4G
 Pre-touch: Disabled
 Parallel Workers: 15
 Concurrent Workers: 4
 Concurrent Refinement Workers: 15
 Periodic GC: Disabled
Heap:
 garbage-first heap   total 258048K, used 136783K [0x0000000700000000, 0x0000000800000000)
  region size 2048K, 1 young (2048K), 1 survivors (2048K)
 Metaspace       used 111500K, committed 112960K, reserved 1179648K
  class space    used 14667K, committed 15360K, reserved 1048576K
GC Heap History (20 events):
Event: 113.675 GC heap after
{Heap after GC invocations=43 (full 0):
 garbage-first heap   total 256000K, used 145854K [0x0000000700000000, 0x0000000800000000)
  region size 2048K, 4 young (8192K), 4 survivors (8192K)
 Metaspace       used 109502K, committed 110464K, reserved 1179648K
  class space    used 14357K, committed 14784K, reserved 1048576K
}
Event: 113.701 GC heap before
{Heap before GC invocations=43 (full 0):
 garbage-first heap   total 256000K, used 149950K [0x0000000700000000, 0x0000000800000000)
  region size 2048K, 6 young (12288K), 4 survivors (8192K)
 Metaspace       used 109507K, committed 110464K, reserved 1179648K
  class space    used 14357K, committed 14784K, reserved 1048576K
}
Event: 113.706 GC heap after
{Heap after GC invocations=44 (full 0):
 garbage-first heap   total 256000K, used 135315K [0x0000000700000000, 0x0000000800000000)
  region size 2048K, 1 young (2048K), 1 survivors (2048K)
 Metaspace       used 109507K, committed 110464K, reserved 1179648K
  class space    used 14357K, committed 14784K, reserved 1048576K
}
Event: 145.900 GC heap before
{Heap before GC invocations=44 (full 0):
 garbage-first heap   total 256000K, used 204947K [0x0000000700000000, 0x0000000800000000)
  region size 2048K, 36 young (73728K), 1 survivors (2048K)
 Metaspace       used 109717K, committed 110656K, reserved 1179648K
  class space    used 14360K, committed 14784K, reserved 1048576K
}
Event: 145.905 GC heap after
{Heap after GC invocations=45 (full 0):
 garbage-first heap   total 256000K, used 141962K [0x0000000700000000, 0x0000000800000000)
  region size 2048K, 4 young (8192K), 4 survivors (8192K)
 Metaspace       used 109717K, committed 110656K, reserved 1179648K
  class space    used 14360K, committed 14784K, reserved 1048576K
}
Event: 194.415 GC heap before
{Heap before GC invocations=46 (full 0):
 garbage-first heap   total 256000K, used 205450K [0x0000000700000000, 0x0000000800000000)
  region size 2048K, 36 young (73728K), 4 survivors (8192K)
 Metaspace       used 109839K, committed 110848K, reserved 1179648K
  class space    used 14366K, committed 14848K, reserved 1048576K
}
Event: 194.421 GC heap after
{Heap after GC invocations=47 (full 0):
 garbage-first heap   total 256000K, used 139748K [0x0000000700000000, 0x0000000800000000)
  region size 2048K, 2 young (4096K), 2 survivors (4096K)
 Metaspace       used 109839K, committed 110848K, reserved 1179648K
  class space    used 14366K, committed 14848K, reserved 1048576K
}
Event: 194.493 GC heap before
{Heap before GC invocations=47 (full 0):
 garbage-first heap   total 256000K, used 145892K [0x0000000700000000, 0x0000000800000000)
  region size 2048K, 6 young (12288K), 2 survivors (4096K)
 Metaspace       used 109847K, committed 110848K, reserved 1179648K
  class space    used 14366K, committed 14848K, reserved 1048576K
}
Event: 194.501 GC heap after
{Heap after GC invocations=48 (full 0):
 garbage-first heap   total 256000K, used 127750K [0x0000000700000000, 0x0000000800000000)
  region size 2048K, 1 young (2048K), 1 survivors (2048K)
 Metaspace       used 109847K, committed 110848K, reserved 1179648K
  class space    used 14366K, committed 14848K, reserved 1048576K
}
Event: 195.701 GC heap before
{Heap before GC invocations=48 (full 0):
 garbage-first heap   total 256000K, used 205574K [0x0000000700000000, 0x0000000800000000)
  region size 2048K, 40 young (81920K), 1 survivors (2048K)
 Metaspace       used 111055K, committed 112448K, reserved 1179648K
  class space    used 14624K, committed 15296K, reserved 1048576K
}
Event: 195.710 GC heap after
{Heap after GC invocations=49 (full 0):
 garbage-first heap   total 256000K, used 136212K [0x0000000700000000, 0x0000000800000000)
  region size 2048K, 5 young (10240K), 5 survivors (10240K)
 Metaspace       used 111055K, committed 112448K, reserved 1179648K
  class space    used 14624K, committed 15296K, reserved 1048576K
}
Event: 207.548 GC heap before
{Heap before GC invocations=50 (full 0):
 garbage-first heap   total 256000K, used 205844K [0x0000000700000000, 0x0000000800000000)
  region size 2048K, 40 young (81920K), 5 survivors (10240K)
 Metaspace       used 111339K, committed 112768K, reserved 1179648K
  class space    used 14667K, committed 15360K, reserved 1048576K
}
Event: 207.556 GC heap after
{Heap after GC invocations=51 (full 0):
 garbage-first heap   total 256000K, used 143792K [0x0000000700000000, 0x0000000800000000)
  region size 2048K, 5 young (10240K), 5 survivors (10240K)
 Metaspace       used 111339K, committed 112768K, reserved 1179648K
  class space    used 14667K, committed 15360K, reserved 1048576K
}
Event: 207.566 GC heap before
{Heap before GC invocations=51 (full 0):
 garbage-first heap   total 256000K, used 145840K [0x0000000700000000, 0x0000000800000000)
  region size 2048K, 6 young (12288K), 5 survivors (10240K)
 Metaspace       used 111339K, committed 112768K, reserved 1179648K
  class space    used 14667K, committed 15360K, reserved 1048576K
}
Event: 207.572 GC heap after
{Heap after GC invocations=52 (full 0):
 garbage-first heap   total 256000K, used 134540K [0x0000000700000000, 0x0000000800000000)
  region size 2048K, 1 young (2048K), 1 survivors (2048K)
 Metaspace       used 111339K, committed 112768K, reserved 1179648K
  class space    used 14667K, committed 15360K, reserved 1048576K
}
Event: 212.846 GC heap before
{Heap before GC invocations=52 (full 0):
 garbage-first heap   total 256000K, used 206220K [0x0000000700000000, 0x0000000800000000)
  region size 2048K, 37 young (75776K), 1 survivors (2048K)
 Metaspace       used 111422K, committed 112960K, reserved 1179648K
  class space    used 14667K, committed 15360K, reserved 1048576K
}
Event: 212.851 GC heap after
{Heap after GC invocations=53 (full 0):
 garbage-first heap   total 256000K, used 139748K [0x0000000700000000, 0x0000000800000000)
  region size 2048K, 4 young (8192K), 4 survivors (8192K)
 Metaspace       used 111422K, committed 112960K, reserved 1179648K
  class space    used 14667K, committed 15360K, reserved 1048576K
}
Event: 213.302 GC heap before
{Heap before GC invocations=54 (full 0):
 garbage-first heap   total 256000K, used 205284K [0x0000000700000000, 0x0000000800000000)
  region size 2048K, 37 young (75776K), 4 survivors (8192K)
 Metaspace       used 111495K, committed 112960K, reserved 1179648K
  class space    used 14667K, committed 15360K, reserved 1048576K
}
Event: 213.309 GC heap after
{Heap after GC invocations=55 (full 0):
 garbage-first heap   total 256000K, used 146311K [0x0000000700000000, 0x0000000800000000)
  region size 2048K, 4 young (8192K), 4 survivors (8192K)
 Metaspace       used 111495K, committed 112960K, reserved 1179648K
  class space    used 14667K, committed 15360K, reserved 1048576K
}
Event: 213.338 GC heap before
{Heap before GC invocations=55 (full 0):
 garbage-first heap   total 256000K, used 150407K [0x0000000700000000, 0x0000000800000000)
  region size 2048K, 6 young (12288K), 4 survivors (8192K)
 Metaspace       used 111500K, committed 112960K, reserved 1179648K
  class space    used 14667K, committed 15360K, reserved 1048576K
}

