# JRE version: OpenJDK Runtime Environment (17.0.7) (build 17.0.7+0-b2043.56-10550314)
# Java VM: OpenJDK 64-Bit Server VM (17.0.7+0-b2043.56-10550314, mixed mode, tiered, compressed oops, compressed class ptrs, g1 gc, windows-amd64)
GC Precious Log:
 CPUs: 20 total, 20 available
 Memory: 16110M
 Large Page Support: Disabled
 NUMA Support: Disabled
 Compressed Oops: Enabled (Zero based)
 Heap Region Size: 2M
 Heap Min Capacity: 8M
 Heap Initial Capacity: 252M
 Heap Max Capacity: 4G
 Pre-touch: Disabled
 Parallel Workers: 15
 Concurrent Workers: 4
 Concurrent Refinement Workers: 15
 Periodic GC: Disabled
Heap:
 garbage-first heap   total 284672K, used 201406K [0x0000000700000000, 0x0000000800000000)
  region size 2048K, 3 young (6144K), 3 survivors (6144K)
 Metaspace       used 104050K, committed 104704K, reserved 1179648K
  class space    used 14353K, committed 14656K, reserved 1048576K
GC Heap History (20 events):
Event: 11.110 GC heap after
{Heap after GC invocations=35 (full 0):
 garbage-first heap   total 159744K, used 100293K [0x0000000700000000, 0x0000000800000000)
  region size 2048K, 2 young (4096K), 2 survivors (4096K)
 Metaspace       used 92241K, committed 92992K, reserved 1179648K
  class space    used 12498K, committed 12864K, reserved 1048576K
}
Event: 11.281 GC heap before
{Heap before GC invocations=35 (full 0):
 garbage-first heap   total 159744K, used 131013K [0x0000000700000000, 0x0000000800000000)
  region size 2048K, 18 young (36864K), 2 survivors (4096K)
 Metaspace       used 92546K, committed 93248K, reserved 1179648K
  class space    used 12532K, committed 12864K, reserved 1048576K
}
Event: 11.284 GC heap after
{Heap after GC invocations=36 (full 0):
 garbage-first heap   total 192512K, used 102587K [0x0000000700000000, 0x0000000800000000)
  region size 2048K, 3 young (6144K), 3 survivors (6144K)
 Metaspace       used 92546K, committed 93248K, reserved 1179648K
  class space    used 12532K, committed 12864K, reserved 1048576K
}
Event: 11.525 GC heap before
{Heap before GC invocations=36 (full 0):
 garbage-first heap   total 192512K, used 155835K [0x0000000700000000, 0x0000000800000000)
  region size 2048K, 30 young (61440K), 3 survivors (6144K)
 Metaspace       used 92932K, committed 93632K, reserved 1179648K
  class space    used 12559K, committed 12864K, reserved 1048576K
}
Event: 11.529 GC heap after
{Heap after GC invocations=37 (full 0):
 garbage-first heap   total 192512K, used 106111K [0x0000000700000000, 0x0000000800000000)
  region size 2048K, 3 young (6144K), 3 survivors (6144K)
 Metaspace       used 92932K, committed 93632K, reserved 1179648K
  class space    used 12559K, committed 12864K, reserved 1048576K
}
Event: 11.769 GC heap before
{Heap before GC invocations=37 (full 0):
 garbage-first heap   total 192512K, used 157311K [0x0000000700000000, 0x0000000800000000)
  region size 2048K, 29 young (59392K), 3 survivors (6144K)
 Metaspace       used 93930K, committed 94656K, reserved 1179648K
  class space    used 12703K, committed 13056K, reserved 1048576K
}
Event: 11.772 GC heap after
{Heap after GC invocations=38 (full 0):
 garbage-first heap   total 192512K, used 109183K [0x0000000700000000, 0x0000000800000000)
  region size 2048K, 4 young (8192K), 4 survivors (8192K)
 Metaspace       used 93930K, committed 94656K, reserved 1179648K
  class space    used 12703K, committed 13056K, reserved 1048576K
}
Event: 11.888 GC heap before
{Heap before GC invocations=38 (full 0):
 garbage-first heap   total 192512K, used 156287K [0x0000000700000000, 0x0000000800000000)
  region size 2048K, 28 young (57344K), 4 survivors (8192K)
 Metaspace       used 94486K, committed 95168K, reserved 1179648K
  class space    used 12789K, committed 13120K, reserved 1048576K
}
Event: 11.892 GC heap after
{Heap after GC invocations=39 (full 0):
 garbage-first heap   total 192512K, used 111535K [0x0000000700000000, 0x0000000800000000)
  region size 2048K, 3 young (6144K), 3 survivors (6144K)
 Metaspace       used 94486K, committed 95168K, reserved 1179648K
  class space    used 12789K, committed 13120K, reserved 1048576K
}
Event: 11.994 GC heap before
{Heap before GC invocations=39 (full 0):
 garbage-first heap   total 192512K, used 125871K [0x0000000700000000, 0x0000000800000000)
  region size 2048K, 9 young (18432K), 3 survivors (6144K)
 Metaspace       used 95093K, committed 95808K, reserved 1179648K
  class space    used 12868K, committed 13184K, reserved 1048576K
}
Event: 11.997 GC heap after
{Heap after GC invocations=40 (full 0):
 garbage-first heap   total 231424K, used 124222K [0x0000000700000000, 0x0000000800000000)
  region size 2048K, 4 young (8192K), 4 survivors (8192K)
 Metaspace       used 95093K, committed 95808K, reserved 1179648K
  class space    used 12868K, committed 13184K, reserved 1048576K
}
Event: 12.271 GC heap before
{Heap before GC invocations=40 (full 0):
 garbage-first heap   total 231424K, used 169278K [0x0000000700000000, 0x0000000800000000)
  region size 2048K, 23 young (47104K), 4 survivors (8192K)
 Metaspace       used 100141K, committed 100800K, reserved 1179648K
  class space    used 13587K, committed 13888K, reserved 1048576K
}
Event: 12.275 GC heap after
{Heap after GC invocations=41 (full 0):
 garbage-first heap   total 231424K, used 140388K [0x0000000700000000, 0x0000000800000000)
  region size 2048K, 5 young (10240K), 5 survivors (10240K)
 Metaspace       used 100141K, committed 100800K, reserved 1179648K
  class space    used 13587K, committed 13888K, reserved 1048576K
}
Event: 12.527 GC heap before
{Heap before GC invocations=42 (full 0):
 garbage-first heap   total 284672K, used 197732K [0x0000000700000000, 0x0000000800000000)
  region size 2048K, 26 young (53248K), 5 survivors (10240K)
 Metaspace       used 100792K, committed 101504K, reserved 1179648K
  class space    used 13689K, committed 14016K, reserved 1048576K
}
Event: 12.534 GC heap after
{Heap after GC invocations=43 (full 0):
 garbage-first heap   total 284672K, used 160150K [0x0000000700000000, 0x0000000800000000)
  region size 2048K, 4 young (8192K), 4 survivors (8192K)
 Metaspace       used 100792K, committed 101504K, reserved 1179648K
  class space    used 13689K, committed 14016K, reserved 1048576K
}
Event: 12.549 GC heap before
{Heap before GC invocations=43 (full 0):
 garbage-first heap   total 284672K, used 164246K [0x0000000700000000, 0x0000000800000000)
  region size 2048K, 6 young (12288K), 4 survivors (8192K)
 Metaspace       used 100827K, committed 101568K, reserved 1179648K
  class space    used 13692K, committed 14016K, reserved 1048576K
}
Event: 12.554 GC heap after
{Heap after GC invocations=44 (full 0):
 garbage-first heap   total 284672K, used 161656K [0x0000000700000000, 0x0000000800000000)
  region size 2048K, 1 young (2048K), 1 survivors (2048K)
 Metaspace       used 100827K, committed 101568K, reserved 1179648K
  class space    used 13692K, committed 14016K, reserved 1048576K
}
Event: 12.849 GC heap before
{Heap before GC invocations=44 (full 0):
 garbage-first heap   total 284672K, used 216952K [0x0000000700000000, 0x0000000800000000)
  region size 2048K, 28 young (57344K), 1 survivors (2048K)
 Metaspace       used 103888K, committed 104576K, reserved 1179648K
  class space    used 14353K, committed 14656K, reserved 1048576K
}
Event: 12.858 GC heap after
{Heap after GC invocations=45 (full 0):
 garbage-first heap   total 284672K, used 181638K [0x0000000700000000, 0x0000000800000000)
  region size 2048K, 4 young (8192K), 4 survivors (8192K)
 Metaspace       used 103888K, committed 104576K, reserved 1179648K
  class space    used 14353K, committed 14656K, reserved 1048576K
}
Event: 12.982 GC heap before
{Heap before GC invocations=45 (full 0):
 garbage-first heap   total 284672K, used 220550K [0x0000000700000000, 0x0000000800000000)
  region size 2048K, 24 young (49152K), 4 survivors (8192K)
 Metaspace       used 104050K, committed 104704K, reserved 1179648K
  class space    used 14353K, committed 14656K, reserved 1048576K
}

