# JRE version: OpenJDK Runtime Environment (17.0.7) (build 17.0.7+0-b2043.56-10550314)
# Java VM: OpenJDK 64-Bit Server VM (17.0.7+0-b2043.56-10550314, mixed mode, tiered, compressed oops, compressed class ptrs, g1 gc, windows-amd64)
GC Precious Log:
 CPUs: 20 total, 20 available
 Memory: 16110M
 Large Page Support: Disabled
 NUMA Support: Disabled
 Compressed Oops: Enabled (Zero based)
 Heap Region Size: 2M
 Heap Min Capacity: 8M
 Heap Initial Capacity: 252M
 Heap Max Capacity: 4G
 Pre-touch: Disabled
 Parallel Workers: 15
 Concurrent Workers: 4
 Concurrent Refinement Workers: 15
 Periodic GC: Disabled
Heap:
 garbage-first heap   total 280576K, used 172133K [0x0000000700000000, 0x0000000800000000)
  region size 2048K, 1 young (2048K), 1 survivors (2048K)
 Metaspace       used 104649K, committed 105280K, reserved 1179648K
  class space    used 14190K, committed 14464K, reserved 1048576K
GC Heap History (20 events):
Event: 12.912 GC heap after
{Heap after GC invocations=38 (full 0):
 garbage-first heap   total 182272K, used 97770K [0x0000000700000000, 0x0000000800000000)
  region size 2048K, 2 young (4096K), 2 survivors (4096K)
 Metaspace       used 92264K, committed 92928K, reserved 1179648K
  class space    used 12536K, committed 12864K, reserved 1048576K
}
Event: 12.952 GC heap before
{Heap before GC invocations=38 (full 0):
 garbage-first heap   total 182272K, used 101866K [0x0000000700000000, 0x0000000800000000)
  region size 2048K, 4 young (8192K), 2 survivors (4096K)
 Metaspace       used 92305K, committed 92992K, reserved 1179648K
  class space    used 12538K, committed 12864K, reserved 1048576K
}
Event: 12.955 GC heap after
{Heap after GC invocations=39 (full 0):
 garbage-first heap   total 182272K, used 98721K [0x0000000700000000, 0x0000000800000000)
  region size 2048K, 1 young (2048K), 1 survivors (2048K)
 Metaspace       used 92305K, committed 92992K, reserved 1179648K
  class space    used 12538K, committed 12864K, reserved 1048576K
}
Event: 13.465 GC heap before
{Heap before GC invocations=39 (full 0):
 garbage-first heap   total 182272K, used 145825K [0x0000000700000000, 0x0000000800000000)
  region size 2048K, 25 young (51200K), 1 survivors (2048K)
 Metaspace       used 92677K, committed 93312K, reserved 1179648K
  class space    used 12573K, committed 12864K, reserved 1048576K
}
Event: 13.470 GC heap after
{Heap after GC invocations=40 (full 0):
 garbage-first heap   total 229376K, used 101203K [0x0000000700000000, 0x0000000800000000)
  region size 2048K, 2 young (4096K), 2 survivors (4096K)
 Metaspace       used 92677K, committed 93312K, reserved 1179648K
  class space    used 12573K, committed 12864K, reserved 1048576K
}
Event: 14.730 GC heap before
{Heap before GC invocations=41 (full 0):
 garbage-first heap   total 229376K, used 176979K [0x0000000700000000, 0x0000000800000000)
  region size 2048K, 40 young (81920K), 2 survivors (4096K)
 Metaspace       used 98295K, committed 98944K, reserved 1179648K
  class space    used 13316K, committed 13632K, reserved 1048576K
}
Event: 14.737 GC heap after
{Heap after GC invocations=42 (full 0):
 garbage-first heap   total 229376K, used 104046K [0x0000000700000000, 0x0000000800000000)
  region size 2048K, 4 young (8192K), 4 survivors (8192K)
 Metaspace       used 98295K, committed 98944K, reserved 1179648K
  class space    used 13316K, committed 13632K, reserved 1048576K
}
Event: 14.770 GC heap before
{Heap before GC invocations=42 (full 0):
 garbage-first heap   total 229376K, used 106094K [0x0000000700000000, 0x0000000800000000)
  region size 2048K, 5 young (10240K), 4 survivors (8192K)
 Metaspace       used 98632K, committed 99328K, reserved 1179648K
  class space    used 13358K, committed 13696K, reserved 1048576K
}
Event: 14.778 GC heap after
{Heap after GC invocations=43 (full 0):
 garbage-first heap   total 229376K, used 103435K [0x0000000700000000, 0x0000000800000000)
  region size 2048K, 1 young (2048K), 1 survivors (2048K)
 Metaspace       used 98632K, committed 99328K, reserved 1179648K
  class space    used 13358K, committed 13696K, reserved 1048576K
}
Event: 15.350 GC heap before
{Heap before GC invocations=43 (full 0):
 garbage-first heap   total 229376K, used 181259K [0x0000000700000000, 0x0000000800000000)
  region size 2048K, 40 young (81920K), 1 survivors (2048K)
 Metaspace       used 99950K, committed 100608K, reserved 1179648K
  class space    used 13511K, committed 13824K, reserved 1048576K
}
Event: 15.355 GC heap after
{Heap after GC invocations=44 (full 0):
 garbage-first heap   total 229376K, used 108563K [0x0000000700000000, 0x0000000800000000)
  region size 2048K, 3 young (6144K), 3 survivors (6144K)
 Metaspace       used 99950K, committed 100608K, reserved 1179648K
  class space    used 13511K, committed 13824K, reserved 1048576K
}
Event: 16.143 GC heap before
{Heap before GC invocations=45 (full 0):
 garbage-first heap   total 229376K, used 192531K [0x0000000700000000, 0x0000000800000000)
  region size 2048K, 40 young (81920K), 3 survivors (6144K)
 Metaspace       used 103270K, committed 103936K, reserved 1179648K
  class space    used 13981K, committed 14272K, reserved 1048576K
}
Event: 16.150 GC heap after
{Heap after GC invocations=46 (full 0):
 garbage-first heap   total 229376K, used 130525K [0x0000000700000000, 0x0000000800000000)
  region size 2048K, 5 young (10240K), 5 survivors (10240K)
 Metaspace       used 103270K, committed 103936K, reserved 1179648K
  class space    used 13981K, committed 14272K, reserved 1048576K
}
Event: 16.188 GC heap before
{Heap before GC invocations=46 (full 0):
 garbage-first heap   total 229376K, used 132573K [0x0000000700000000, 0x0000000800000000)
  region size 2048K, 6 young (12288K), 5 survivors (10240K)
 Metaspace       used 103832K, committed 104448K, reserved 1179648K
  class space    used 14061K, committed 14336K, reserved 1048576K
}
Event: 16.192 GC heap after
{Heap after GC invocations=47 (full 0):
 garbage-first heap   total 229376K, used 130873K [0x0000000700000000, 0x0000000800000000)
  region size 2048K, 1 young (2048K), 1 survivors (2048K)
 Metaspace       used 103832K, committed 104448K, reserved 1179648K
  class space    used 14061K, committed 14336K, reserved 1048576K
}
Event: 16.482 GC heap before
{Heap before GC invocations=47 (full 0):
 garbage-first heap   total 229376K, used 204601K [0x0000000700000000, 0x0000000800000000)
  region size 2048K, 27 young (55296K), 1 survivors (2048K)
 Metaspace       used 104349K, committed 105024K, reserved 1179648K
  class space    used 14138K, committed 14464K, reserved 1048576K
}
Event: 16.492 GC heap after
{Heap after GC invocations=48 (full 0):
 garbage-first heap   total 229376K, used 160657K [0x0000000700000000, 0x0000000800000000)
  region size 2048K, 4 young (8192K), 4 survivors (8192K)
 Metaspace       used 104349K, committed 105024K, reserved 1179648K
  class space    used 14138K, committed 14464K, reserved 1048576K
}
Event: 16.732 GC heap before
{Heap before GC invocations=49 (full 0):
 garbage-first heap   total 280576K, used 187281K [0x0000000700000000, 0x0000000800000000)
  region size 2048K, 17 young (34816K), 4 survivors (8192K)
 Metaspace       used 104349K, committed 105024K, reserved 1179648K
  class space    used 14138K, committed 14464K, reserved 1048576K
}
Event: 16.742 GC heap after
{Heap after GC invocations=50 (full 0):
 garbage-first heap   total 280576K, used 170227K [0x0000000700000000, 0x0000000800000000)
  region size 2048K, 3 young (6144K), 3 survivors (6144K)
 Metaspace       used 104349K, committed 105024K, reserved 1179648K
  class space    used 14138K, committed 14464K, reserved 1048576K
}
Event: 16.794 GC heap before
{Heap before GC invocations=50 (full 0):
 garbage-first heap   total 280576K, used 176371K [0x0000000700000000, 0x0000000800000000)
  region size 2048K, 6 young (12288K), 3 survivors (6144K)
 Metaspace       used 104649K, committed 105280K, reserved 1179648K
  class space    used 14190K, committed 14464K, reserved 1048576K
}

