# JRE version: OpenJDK Runtime Environment (17.0.7) (build 17.0.7+0-b2043.56-10550314)
# Java VM: OpenJDK 64-Bit Server VM (17.0.7+0-b2043.56-10550314, mixed mode, tiered, compressed oops, compressed class ptrs, g1 gc, windows-amd64)
GC Precious Log:
 CPUs: 20 total, 20 available
 Memory: 16110M
 Large Page Support: Disabled
 NUMA Support: Disabled
 Compressed Oops: Enabled (Zero based)
 Heap Region Size: 2M
 Heap Min Capacity: 8M
 Heap Initial Capacity: 252M
 Heap Max Capacity: 4G
 Pre-touch: Disabled
 Parallel Workers: 15
 Concurrent Workers: 4
 Concurrent Refinement Workers: 15
 Periodic GC: Disabled
Heap:
 garbage-first heap   total 151552K, used 97098K [0x0000000700000000, 0x0000000800000000)
  region size 2048K, 13 young (26624K), 4 survivors (8192K)
 Metaspace       used 85127K, committed 85696K, reserved 1179648K
  class space    used 11169K, committed 11392K, reserved 1048576K
GC Heap History (20 events):
Event: 4.546 GC heap before
{Heap before GC invocations=22 (full 0):
 garbage-first heap   total 100352K, used 66745K [0x0000000700000000, 0x0000000800000000)
  region size 2048K, 9 young (18432K), 2 survivors (4096K)
 Metaspace       used 52549K, committed 52992K, reserved 1114112K
  class space    used 6921K, committed 7104K, reserved 1048576K
}
Event: 4.549 GC heap after
{Heap after GC invocations=23 (full 0):
 garbage-first heap   total 100352K, used 58053K [0x0000000700000000, 0x0000000800000000)
  region size 2048K, 2 young (4096K), 2 survivors (4096K)
 Metaspace       used 52549K, committed 52992K, reserved 1114112K
  class space    used 6921K, committed 7104K, reserved 1048576K
}
Event: 4.761 GC heap before
{Heap before GC invocations=23 (full 0):
 garbage-first heap   total 100352K, used 74437K [0x0000000700000000, 0x0000000800000000)
  region size 2048K, 10 young (20480K), 2 survivors (4096K)
 Metaspace       used 54984K, committed 55424K, reserved 1114112K
  class space    used 7231K, committed 7424K, reserved 1048576K
}
Event: 4.764 GC heap after
{Heap after GC invocations=24 (full 0):
 garbage-first heap   total 122880K, used 58523K [0x0000000700000000, 0x0000000800000000)
  region size 2048K, 1 young (2048K), 1 survivors (2048K)
 Metaspace       used 54984K, committed 55424K, reserved 1114112K
  class space    used 7231K, committed 7424K, reserved 1048576K
}
Event: 5.182 GC heap before
{Heap before GC invocations=25 (full 0):
 garbage-first heap   total 122880K, used 85147K [0x0000000700000000, 0x0000000800000000)
  region size 2048K, 15 young (30720K), 1 survivors (2048K)
 Metaspace       used 60288K, committed 60736K, reserved 1114112K
  class space    used 7892K, committed 8064K, reserved 1048576K
}
Event: 5.185 GC heap after
{Heap after GC invocations=26 (full 0):
 garbage-first heap   total 122880K, used 60008K [0x0000000700000000, 0x0000000800000000)
  region size 2048K, 2 young (4096K), 2 survivors (4096K)
 Metaspace       used 60288K, committed 60736K, reserved 1114112K
  class space    used 7892K, committed 8064K, reserved 1048576K
}
Event: 5.480 GC heap before
{Heap before GC invocations=26 (full 0):
 garbage-first heap   total 122880K, used 88680K [0x0000000700000000, 0x0000000800000000)
  region size 2048K, 17 young (34816K), 2 survivors (4096K)
 Metaspace       used 63082K, committed 63680K, reserved 1114112K
  class space    used 8242K, committed 8512K, reserved 1048576K
}
Event: 5.483 GC heap after
{Heap after GC invocations=27 (full 0):
 garbage-first heap   total 122880K, used 63348K [0x0000000700000000, 0x0000000800000000)
  region size 2048K, 3 young (6144K), 3 survivors (6144K)
 Metaspace       used 63082K, committed 63680K, reserved 1114112K
  class space    used 8242K, committed 8512K, reserved 1048576K
}
Event: 5.787 GC heap before
{Heap before GC invocations=28 (full 0):
 garbage-first heap   total 122880K, used 92020K [0x0000000700000000, 0x0000000800000000)
  region size 2048K, 17 young (34816K), 3 survivors (6144K)
 Metaspace       used 65442K, committed 65984K, reserved 1114112K
  class space    used 8530K, committed 8768K, reserved 1048576K
}
Event: 5.790 GC heap after
{Heap after GC invocations=29 (full 0):
 garbage-first heap   total 122880K, used 66121K [0x0000000700000000, 0x0000000800000000)
  region size 2048K, 2 young (4096K), 2 survivors (4096K)
 Metaspace       used 65442K, committed 65984K, reserved 1114112K
  class space    used 8530K, committed 8768K, reserved 1048576K
}
Event: 6.178 GC heap before
{Heap before GC invocations=29 (full 0):
 garbage-first heap   total 122880K, used 94793K [0x0000000700000000, 0x0000000800000000)
  region size 2048K, 16 young (32768K), 2 survivors (4096K)
 Metaspace       used 68765K, committed 69312K, reserved 1114112K
  class space    used 8956K, committed 9216K, reserved 1048576K
}
Event: 6.181 GC heap after
{Heap after GC invocations=30 (full 0):
 garbage-first heap   total 122880K, used 67455K [0x0000000700000000, 0x0000000800000000)
  region size 2048K, 1 young (2048K), 1 survivors (2048K)
 Metaspace       used 68765K, committed 69312K, reserved 1114112K
  class space    used 8956K, committed 9216K, reserved 1048576K
}
Event: 6.381 GC heap before
{Heap before GC invocations=31 (full 0):
 garbage-first heap   total 122880K, used 96127K [0x0000000700000000, 0x0000000800000000)
  region size 2048K, 15 young (30720K), 1 survivors (2048K)
 Metaspace       used 69599K, committed 70144K, reserved 1114112K
  class space    used 9074K, committed 9344K, reserved 1048576K
}
Event: 6.383 GC heap after
{Heap after GC invocations=32 (full 0):
 garbage-first heap   total 151552K, used 69930K [0x0000000700000000, 0x0000000800000000)
  region size 2048K, 2 young (4096K), 2 survivors (4096K)
 Metaspace       used 69599K, committed 70144K, reserved 1114112K
  class space    used 9074K, committed 9344K, reserved 1048576K
}
Event: 6.925 GC heap before
{Heap before GC invocations=32 (full 0):
 garbage-first heap   total 151552K, used 117034K [0x0000000700000000, 0x0000000800000000)
  region size 2048K, 25 young (51200K), 2 survivors (4096K)
 Metaspace       used 72671K, committed 73280K, reserved 1114112K
  class space    used 9512K, committed 9792K, reserved 1048576K
}
Event: 6.927 GC heap after
{Heap after GC invocations=33 (full 0):
 garbage-first heap   total 151552K, used 72921K [0x0000000700000000, 0x0000000800000000)
  region size 2048K, 4 young (8192K), 4 survivors (8192K)
 Metaspace       used 72671K, committed 73280K, reserved 1114112K
  class space    used 9512K, committed 9792K, reserved 1048576K
}
Event: 7.413 GC heap before
{Heap before GC invocations=33 (full 0):
 garbage-first heap   total 151552K, used 117977K [0x0000000700000000, 0x0000000800000000)
  region size 2048K, 26 young (53248K), 4 survivors (8192K)
 Metaspace       used 77873K, committed 78336K, reserved 1179648K
  class space    used 10406K, committed 10624K, reserved 1048576K
}
Event: 7.416 GC heap after
{Heap after GC invocations=34 (full 0):
 garbage-first heap   total 151552K, used 76107K [0x0000000700000000, 0x0000000800000000)
  region size 2048K, 4 young (8192K), 4 survivors (8192K)
 Metaspace       used 77873K, committed 78336K, reserved 1179648K
  class space    used 10406K, committed 10624K, reserved 1048576K
}
Event: 7.780 GC heap before
{Heap before GC invocations=34 (full 0):
 garbage-first heap   total 151552K, used 117067K [0x0000000700000000, 0x0000000800000000)
  region size 2048K, 25 young (51200K), 4 survivors (8192K)
 Metaspace       used 83375K, committed 83904K, reserved 1179648K
  class space    used 10976K, committed 11200K, reserved 1048576K
}
Event: 7.784 GC heap after
{Heap after GC invocations=35 (full 0):
 garbage-first heap   total 151552K, used 80714K [0x0000000700000000, 0x0000000800000000)
  region size 2048K, 4 young (8192K), 4 survivors (8192K)
 Metaspace       used 83375K, committed 83904K, reserved 1179648K
  class space    used 10976K, committed 11200K, reserved 1048576K
}

