# JRE version: OpenJDK Runtime Environment (17.0.7) (build 17.0.7+0-b2043.56-10550314)
# Java VM: OpenJDK 64-Bit Server VM (17.0.7+0-b2043.56-10550314, mixed mode, tiered, compressed oops, compressed class ptrs, g1 gc, windows-amd64)
GC Precious Log:
 CPUs: 20 total, 20 available
 Memory: 16110M
 Large Page Support: Disabled
 NUMA Support: Disabled
 Compressed Oops: Enabled (Zero based)
 Heap Region Size: 2M
 Heap Min Capacity: 8M
 Heap Initial Capacity: 252M
 Heap Max Capacity: 4G
 Pre-touch: Disabled
 Parallel Workers: 15
 Concurrent Workers: 4
 Concurrent Refinement Workers: 15
 Periodic GC: Disabled
Heap:
 garbage-first heap   total 321536K, used 206044K [0x0000000700000000, 0x0000000800000000)
  region size 2048K, 22 young (45056K), 5 survivors (10240K)
 Metaspace       used 102765K, committed 103488K, reserved 1179648K
  class space    used 14205K, committed 14528K, reserved 1048576K
GC Heap History (20 events):
Event: 7.139 GC heap before
{Heap before GC invocations=28 (full 0):
 garbage-first heap   total 141312K, used 111638K [0x0000000700000000, 0x0000000800000000)
  region size 2048K, 19 young (38912K), 3 survivors (6144K)
 Metaspace       used 87794K, committed 88384K, reserved 1179648K
  class space    used 11767K, committed 12032K, reserved 1048576K
}
Event: 7.142 GC heap after
{Heap after GC invocations=29 (full 0):
 garbage-first heap   total 141312K, used 88217K [0x0000000700000000, 0x0000000800000000)
  region size 2048K, 3 young (6144K), 3 survivors (6144K)
 Metaspace       used 87794K, committed 88384K, reserved 1179648K
  class space    used 11767K, committed 12032K, reserved 1048576K
}
Event: 7.497 GC heap before
{Heap before GC invocations=30 (full 0):
 garbage-first heap   total 153600K, used 110745K [0x0000000700000000, 0x0000000800000000)
  region size 2048K, 15 young (30720K), 3 survivors (6144K)
 Metaspace       used 90491K, committed 91072K, reserved 1179648K
  class space    used 12157K, committed 12416K, reserved 1048576K
}
Event: 7.499 GC heap after
{Heap after GC invocations=31 (full 0):
 garbage-first heap   total 153600K, used 91571K [0x0000000700000000, 0x0000000800000000)
  region size 2048K, 2 young (4096K), 2 survivors (4096K)
 Metaspace       used 90491K, committed 91072K, reserved 1179648K
  class space    used 12157K, committed 12416K, reserved 1048576K
}
Event: 7.692 GC heap before
{Heap before GC invocations=31 (full 0):
 garbage-first heap   total 153600K, used 120243K [0x0000000700000000, 0x0000000800000000)
  region size 2048K, 17 young (34816K), 2 survivors (4096K)
 Metaspace       used 91755K, committed 92416K, reserved 1179648K
  class space    used 12487K, committed 12800K, reserved 1048576K
}
Event: 7.695 GC heap after
{Heap after GC invocations=32 (full 0):
 garbage-first heap   total 153600K, used 94022K [0x0000000700000000, 0x0000000800000000)
  region size 2048K, 3 young (6144K), 3 survivors (6144K)
 Metaspace       used 91755K, committed 92416K, reserved 1179648K
  class space    used 12487K, committed 12800K, reserved 1048576K
}
Event: 7.764 GC heap before
{Heap before GC invocations=33 (full 0):
 garbage-first heap   total 188416K, used 120646K [0x0000000700000000, 0x0000000800000000)
  region size 2048K, 17 young (34816K), 3 survivors (6144K)
 Metaspace       used 91847K, committed 92480K, reserved 1179648K
  class space    used 12487K, committed 12800K, reserved 1048576K
}
Event: 7.766 GC heap after
{Heap after GC invocations=34 (full 0):
 garbage-first heap   total 227328K, used 95366K [0x0000000700000000, 0x0000000800000000)
  region size 2048K, 3 young (6144K), 3 survivors (6144K)
 Metaspace       used 91847K, committed 92480K, reserved 1179648K
  class space    used 12487K, committed 12800K, reserved 1048576K
}
Event: 8.056 GC heap before
{Heap before GC invocations=34 (full 0):
 garbage-first heap   total 227328K, used 175238K [0x0000000700000000, 0x0000000800000000)
  region size 2048K, 43 young (88064K), 3 survivors (6144K)
 Metaspace       used 92382K, committed 92992K, reserved 1179648K
  class space    used 12527K, committed 12800K, reserved 1048576K
}
Event: 8.059 GC heap after
{Heap after GC invocations=35 (full 0):
 garbage-first heap   total 227328K, used 100509K [0x0000000700000000, 0x0000000800000000)
  region size 2048K, 5 young (10240K), 5 survivors (10240K)
 Metaspace       used 92382K, committed 92992K, reserved 1179648K
  class space    used 12527K, committed 12800K, reserved 1048576K
}
Event: 8.322 GC heap before
{Heap before GC invocations=35 (full 0):
 garbage-first heap   total 227328K, used 176285K [0x0000000700000000, 0x0000000800000000)
  region size 2048K, 43 young (88064K), 5 survivors (10240K)
 Metaspace       used 93309K, committed 93952K, reserved 1179648K
  class space    used 12639K, committed 12928K, reserved 1048576K
}
Event: 8.326 GC heap after
{Heap after GC invocations=36 (full 0):
 garbage-first heap   total 227328K, used 105127K [0x0000000700000000, 0x0000000800000000)
  region size 2048K, 6 young (12288K), 6 survivors (12288K)
 Metaspace       used 93309K, committed 93952K, reserved 1179648K
  class space    used 12639K, committed 12928K, reserved 1048576K
}
Event: 8.488 GC heap before
{Heap before GC invocations=36 (full 0):
 garbage-first heap   total 227328K, used 176807K [0x0000000700000000, 0x0000000800000000)
  region size 2048K, 40 young (81920K), 6 survivors (12288K)
 Metaspace       used 94179K, committed 94848K, reserved 1179648K
  class space    used 12750K, committed 13056K, reserved 1048576K
}
Event: 8.492 GC heap after
{Heap after GC invocations=37 (full 0):
 garbage-first heap   total 227328K, used 119753K [0x0000000700000000, 0x0000000800000000)
  region size 2048K, 6 young (12288K), 6 survivors (12288K)
 Metaspace       used 94179K, committed 94848K, reserved 1179648K
  class space    used 12750K, committed 13056K, reserved 1048576K
}
Event: 8.763 GC heap before
{Heap before GC invocations=38 (full 0):
 garbage-first heap   total 227328K, used 142281K [0x0000000700000000, 0x0000000800000000)
  region size 2048K, 17 young (34816K), 6 survivors (12288K)
 Metaspace       used 98657K, committed 99328K, reserved 1179648K
  class space    used 13400K, committed 13696K, reserved 1048576K
}
Event: 8.765 GC heap after
{Heap after GC invocations=39 (full 0):
 garbage-first heap   total 227328K, used 129606K [0x0000000700000000, 0x0000000800000000)
  region size 2048K, 3 young (6144K), 3 survivors (6144K)
 Metaspace       used 98657K, committed 99328K, reserved 1179648K
  class space    used 13400K, committed 13696K, reserved 1048576K
}
Event: 8.880 GC heap before
{Heap before GC invocations=40 (full 0):
 garbage-first heap   total 296960K, used 191046K [0x0000000700000000, 0x0000000800000000)
  region size 2048K, 23 young (47104K), 3 survivors (6144K)
 Metaspace       used 99285K, committed 99904K, reserved 1179648K
  class space    used 13489K, committed 13760K, reserved 1048576K
}
Event: 8.884 GC heap after
{Heap after GC invocations=41 (full 0):
 garbage-first heap   total 296960K, used 152976K [0x0000000700000000, 0x0000000800000000)
  region size 2048K, 3 young (6144K), 3 survivors (6144K)
 Metaspace       used 99285K, committed 99904K, reserved 1179648K
  class space    used 13489K, committed 13760K, reserved 1048576K
}
Event: 9.170 GC heap before
{Heap before GC invocations=41 (full 0):
 garbage-first heap   total 296960K, used 212368K [0x0000000700000000, 0x0000000800000000)
  region size 2048K, 33 young (67584K), 3 survivors (6144K)
 Metaspace       used 102501K, committed 103168K, reserved 1179648K
  class space    used 14182K, committed 14528K, reserved 1048576K
}
Event: 9.177 GC heap after
{Heap after GC invocations=42 (full 0):
 garbage-first heap   total 296960K, used 173276K [0x0000000700000000, 0x0000000800000000)
  region size 2048K, 5 young (10240K), 5 survivors (10240K)
 Metaspace       used 102501K, committed 103168K, reserved 1179648K
  class space    used 14182K, committed 14528K, reserved 1048576K
}

